#
# There is insufficient memory for the Java Runtime Environment to continue.
# Native memory allocation (mmap) failed to map 2097152 bytes for Failed to commit area from 0x000000008da00000 to 0x000000008dc00000 of length 2097152.
# Possible reasons:
#   The system is out of physical RAM or swap space
#   The process is running with CompressedOops enabled, and the Java Heap may be blocking the growth of the native heap
# Possible solutions:
#   Reduce memory load on the system
#   Increase physical memory or swap space
#   Check if swap backing store is full
#   Decrease Java heap size (-Xmx/-Xms)
#   Decrease number of Java threads
#   Decrease Java thread stack sizes (-Xss)
#   Set larger code cache with -XX:ReservedCodeCacheSize=
#   JVM is running with Unscaled Compressed Oops mode in which the Java heap is
#     placed in the first 4GB address space. The Java Heap base address is the
#     maximum limit for the native heap growth. Please use -XX:HeapBaseMinAddress
#     to set the Java Heap base and to place the Java Heap above 4GB virtual address.
# This output file may be truncated or incomplete.
#
#  Out of Memory Error (src/hotspot/os/windows/os_windows.cpp:3627), pid=19168, tid=21024
#
# JRE version: OpenJDK Runtime Environment (11.0.15) (build 11.0.15+0-b2043.56-9505619)
# Java VM: OpenJDK 64-Bit Server VM (11.0.15+0-b2043.56-9505619, mixed mode, tiered, compressed oops, g1 gc, windows-amd64)
# No core dump will be written. Minidumps are not enabled by default on client versions of Windows
#

---------------  S U M M A R Y ------------

Command Line: --add-opens=java.base/java.util=ALL-UNNAMED --add-opens=java.base/java.lang=ALL-UNNAMED --add-opens=java.base/java.lang.invoke=ALL-UNNAMED --add-opens=java.base/java.util=ALL-UNNAMED --add-opens=java.prefs/java.util.prefs=ALL-UNNAMED --add-opens=java.prefs/java.util.prefs=ALL-UNNAMED --add-opens=java.base/java.nio.charset=ALL-UNNAMED --add-opens=java.base/java.net=ALL-UNNAMED --add-opens=java.base/java.util.concurrent.atomic=ALL-UNNAMED -Xmx2048m -Dfile.encoding=UTF-8 -Duser.country=RU -Duser.language=ru -Duser.variant org.gradle.launcher.daemon.bootstrap.GradleDaemon 7.5

Host: AMD Ryzen 3 4300U with Radeon Graphics         , 4 cores, 7G,  Windows 10 , 64 bit Build 19041 (10.0.19041.5794)
Time: Sun May 18 11:03:02 2025 RTZ 2 (s 10 , 64 bit Build 19041 (10.0.19041.5794) elapsed time: 676.689786 seconds (0d 0h 11m 16s)

---------------  T H R E A D  ---------------

Current thread (0x0000018035188000):  JavaThread "ForkJoinPool.commonPool-worker-5" daemon [_thread_in_vm, id=21024, stack(0x00000016f1000000,0x00000016f1100000)]

Stack: [0x00000016f1000000,0x00000016f1100000]
Native frames: (J=compiled Java code, j=interpreted, Vv=VM code, C=native code)
V  [jvm.dll+0x64135a]
V  [jvm.dll+0x7d39f9]
V  [jvm.dll+0x7d51b9]
V  [jvm.dll+0x7d58a3]
V  [jvm.dll+0x2691c5]
V  [jvm.dll+0x63e4e9]
V  [jvm.dll+0x632985]
V  [jvm.dll+0x3231ac]
V  [jvm.dll+0x323032]
V  [jvm.dll+0x327c06]
V  [jvm.dll+0x36ffa2]
V  [jvm.dll+0x36fa01]
V  [jvm.dll+0x2ff212]
V  [jvm.dll+0x2fadd3]
V  [jvm.dll+0x5d3562]
V  [jvm.dll+0x5d2f85]
V  [jvm.dll+0x20e42d]
V  [jvm.dll+0x7ab3b9]
V  [jvm.dll+0x6a6abd]
C  0x0000018011a72ea9

Java frames: (J=compiled Java code, j=interpreted, Vv=VM code)
v  ~RuntimeStub::_new_array_Java
J 21461 c2 java.nio.ByteBuffer.allocate(I)Ljava/nio/ByteBuffer; java.base@11.0.15 (19 bytes) @ 0x000001801a01d374 [0x000001801a01d140+0x0000000000000234]
j  com.android.apksig.internal.apk.ApkSigningBlockUtils$ChunkSupplier.get()Lcom/android/apksig/internal/apk/ApkSigningBlockUtils$ChunkSupplier$Chunk;+99
j  com.android.apksig.internal.apk.ApkSigningBlockUtils$ChunkDigester.run()V+226
j  java.util.concurrent.ForkJoinTask$AdaptedRunnableAction.exec()Z+4 java.base@11.0.15
j  java.util.concurrent.ForkJoinTask.doExec()I+10 java.base@11.0.15
j  java.util.concurrent.ForkJoinPool$WorkQueue.topLevelExec(Ljava/util/concurrent/ForkJoinTask;Ljava/util/concurrent/ForkJoinPool$WorkQueue;I)V+12 java.base@11.0.15
j  java.util.concurrent.ForkJoinPool.scan(Ljava/util/concurrent/ForkJoinPool$WorkQueue;I)Z+182 java.base@11.0.15
j  java.util.concurrent.ForkJoinPool.runWorker(Ljava/util/concurrent/ForkJoinPool$WorkQueue;)V+25 java.base@11.0.15
j  java.util.concurrent.ForkJoinWorkerThread.run()V+24 java.base@11.0.15
v  ~StubRoutines::call_stub

---------------  P R O C E S S  ---------------

Threads class SMR info:
_java_thread_list=0x0000018029d29b30, length=99, elements={
0x000001800c717800, 0x0000018028297000, 0x0000018028298800, 0x00000180282b8800,
0x00000180282ba000, 0x00000180282bd000, 0x00000180282be000, 0x00000180282bf000,
0x00000180282ed800, 0x0000018028d8d000, 0x000001802ac75800, 0x000001802af74800,
0x0000018029af0800, 0x000001802ae2e000, 0x000001802ae2c800, 0x000001802ae2a000,
0x000001802ae2f000, 0x000001802ae2b000, 0x000001802ae29800, 0x000001802b3b3000,
0x000001802b3b5000, 0x000001802b3b1000, 0x000001802b3b5800, 0x000001802b3b0000,
0x000001802ca74800, 0x0000018031ddc000, 0x0000018031de2800, 0x0000018031de3000,
0x000001802ca6e000, 0x000001802ca6c800, 0x000001802d30a000, 0x0000018035188000,
0x0000018031ddb000, 0x0000018031dd8000, 0x0000018031dd7000, 0x0000018031dd6000,
0x0000018031dd8800, 0x0000018031dd9800, 0x0000018031dda800, 0x0000018031dd4800,
0x0000018031dd5800, 0x0000018031ddd800, 0x0000018031ddf000, 0x0000018031de0000,
0x0000018031de1000, 0x0000018031ddc800, 0x0000018031dde800, 0x0000018031de1800,
0x0000018035185800, 0x0000018035186800, 0x0000018035189000, 0x0000018035183800,
0x0000018035185000, 0x0000018035184000, 0x000001803518a800, 0x000001803518b800,
0x000001803518e000, 0x000001803518f800, 0x000001803518c000, 0x000001803518d000,
0x000001803518e800, 0x000001803518a000, 0x0000018035191000, 0x0000018035190800,
0x0000018035192000, 0x000001802d30a800, 0x000001802d30c800, 0x000001802d30d000,
0x000001802d30e000, 0x000001802d30f000, 0x000001802d309000, 0x000001802d311800,
0x000001802d30f800, 0x000001802d30b800, 0x000001802d316000, 0x000001802d310800,
0x000001802d312000, 0x000001802d315800, 0x000001802d313000, 0x000001802d314800,
0x000001802d317000, 0x000001802d313800, 0x000001802ca6d000, 0x000001802ca6a000,
0x000001802ca6b800, 0x000001802ca68800, 0x000001802ca6f000, 0x000001802ca69000,
0x000001802ca6f800, 0x000001802ca70800, 0x000001802ca6a800, 0x000001802ca75800,
0x000001802ca73000, 0x000001802ca77000, 0x000001802ca76000, 0x000001802ca71800,
0x000001802ca73800, 0x000001802ca72000, 0x000001802b3b6800
}

Java Threads: ( => current thread )
  0x000001800c717800 JavaThread "main" [_thread_blocked, id=7332, stack(0x00000016ea600000,0x00000016ea700000)]
  0x0000018028297000 JavaThread "Reference Handler" daemon [_thread_blocked, id=6092, stack(0x00000016ead00000,0x00000016eae00000)]
  0x0000018028298800 JavaThread "Finalizer" daemon [_thread_blocked, id=17976, stack(0x00000016eae00000,0x00000016eaf00000)]
  0x00000180282b8800 JavaThread "Signal Dispatcher" daemon [_thread_blocked, id=14496, stack(0x00000016eaf00000,0x00000016eb000000)]
  0x00000180282ba000 JavaThread "Attach Listener" daemon [_thread_blocked, id=4312, stack(0x00000016eb000000,0x00000016eb100000)]
  0x00000180282bd000 JavaThread "Service Thread" daemon [_thread_blocked, id=21472, stack(0x00000016eb100000,0x00000016eb200000)]
  0x00000180282be000 JavaThread "C2 CompilerThread0" daemon [_thread_blocked, id=22208, stack(0x00000016eb200000,0x00000016eb300000)]
  0x00000180282bf000 JavaThread "C1 CompilerThread0" daemon [_thread_blocked, id=15812, stack(0x00000016eb300000,0x00000016eb400000)]
  0x00000180282ed800 JavaThread "Sweeper thread" daemon [_thread_blocked, id=22172, stack(0x00000016eb400000,0x00000016eb500000)]
  0x0000018028d8d000 JavaThread "Common-Cleaner" daemon [_thread_blocked, id=20916, stack(0x00000016eb500000,0x00000016eb600000)]
  0x000001802ac75800 JavaThread "Daemon health stats" [_thread_blocked, id=9176, stack(0x00000016eb800000,0x00000016eb900000)]
  0x000001802af74800 JavaThread "Incoming local TCP Connector on port 56250" [_thread_in_native, id=4672, stack(0x00000016eb900000,0x00000016eba00000)]
  0x0000018029af0800 JavaThread "Daemon periodic checks" [_thread_blocked, id=22220, stack(0x00000016eba00000,0x00000016ebb00000)]
  0x000001802ae2e000 JavaThread "Cache worker for journal cache (C:\Users\HP\.gradle\caches\journal-1)" [_thread_blocked, id=15600, stack(0x00000016ec600000,0x00000016ec700000)]
  0x000001802ae2c800 JavaThread "File lock request listener" [_thread_in_native, id=16156, stack(0x00000016ec700000,0x00000016ec800000)]
  0x000001802ae2a000 JavaThread "Cache worker for file hash cache (C:\Users\HP\.gradle\caches\7.5\fileHashes)" [_thread_blocked, id=20708, stack(0x00000016ec800000,0x00000016ec900000)]
  0x000001802ae2f000 JavaThread "File watcher server" daemon [_thread_in_native, id=12084, stack(0x00000016ec900000,0x00000016eca00000)]
  0x000001802ae2b000 JavaThread "File watcher consumer" daemon [_thread_blocked, id=12616, stack(0x00000016eca00000,0x00000016ecb00000)]
  0x000001802ae29800 JavaThread "Cache worker for file content cache (C:\Users\HP\.gradle\caches\7.5\fileContent)" [_thread_blocked, id=9324, stack(0x00000016ecd00000,0x00000016ece00000)]
  0x000001802b3b3000 JavaThread "Cache worker for execution history cache (C:\Users\HP\.gradle\caches\7.5\executionHistory)" [_thread_blocked, id=12756, stack(0x00000016ed000000,0x00000016ed100000)]
  0x000001802b3b5000 JavaThread "jar transforms" [_thread_blocked, id=8368, stack(0x00000016ed100000,0x00000016ed200000)]
  0x000001802b3b1000 JavaThread "jar transforms Thread 2" [_thread_blocked, id=1144, stack(0x00000016ed200000,0x00000016ed300000)]
  0x000001802b3b5800 JavaThread "jar transforms Thread 3" [_thread_blocked, id=10044, stack(0x00000016ed300000,0x00000016ed400000)]
  0x000001802b3b0000 JavaThread "jar transforms Thread 4" [_thread_blocked, id=480, stack(0x00000016ed400000,0x00000016ed500000)]
  0x000001802ca74800 JavaThread "Memory manager" [_thread_blocked, id=9148, stack(0x00000016f0100000,0x00000016f0200000)]
  0x0000018031ddc000 JavaThread "Cache worker for Java compile cache (C:\Users\HP\.gradle\caches\7.5\javaCompile)" [_thread_blocked, id=16636, stack(0x00000016f0400000,0x00000016f0500000)]
  0x0000018031de2800 JavaThread "ForkJoinPool.commonPool-worker-1" daemon [_thread_blocked, id=18384, stack(0x00000016ec300000,0x00000016ec400000)]
  0x0000018031de3000 JavaThread "ForkJoinPool.commonPool-worker-3" daemon [_thread_blocked, id=16216, stack(0x00000016f0e00000,0x00000016f0f00000)]
  0x000001802ca6e000 JavaThread "Daemon Thread 3" [_thread_blocked, id=2364, stack(0x00000016ea300000,0x00000016ea400000)]
  0x000001802ca6c800 JavaThread "Daemon worker Thread 3" [_thread_blocked, id=18592, stack(0x00000016ebc00000,0x00000016ebd00000)]
  0x000001802d30a000 JavaThread "included builds" [_thread_blocked, id=352, stack(0x00000016eff00000,0x00000016f0000000)]
=>0x0000018035188000 JavaThread "ForkJoinPool.commonPool-worker-5" daemon [_thread_in_vm, id=21024, stack(0x00000016f1000000,0x00000016f1100000)]
  0x0000018031ddb000 JavaThread "included builds" [_thread_blocked, id=16984, stack(0x00000016f0000000,0x00000016f0100000)]
  0x0000018031dd8000 JavaThread "Handler for socket connection from /127.0.0.1:56250 to /127.0.0.1:56545" [_thread_in_native, id=15464, stack(0x00000016ea400000,0x00000016ea500000)]
  0x0000018031dd7000 JavaThread "Cancel handler" [_thread_blocked, id=20904, stack(0x00000016ea500000,0x00000016ea600000)]
  0x0000018031dd6000 JavaThread "Asynchronous log dispatcher for DefaultDaemonConnection: socket connection from /127.0.0.1:56250 to /127.0.0.1:56545" [_thread_blocked, id=13960, stack(0x00000016ebb00000,0x00000016ebc00000)]
  0x0000018031dd8800 JavaThread "Stdin handler" [_thread_blocked, id=20864, stack(0x00000016ec100000,0x00000016ec200000)]
  0x0000018031dd9800 JavaThread "Daemon client event forwarder" [_thread_blocked, id=15016, stack(0x00000016ec200000,0x00000016ec300000)]
  0x0000018031dda800 JavaThread "Cache worker for checksums cache (F:\JavaAndriod\RoadToHeaven\.gradle\7.5\checksums)" [_thread_blocked, id=11728, stack(0x00000016ec400000,0x00000016ec500000)]
  0x0000018031dd4800 JavaThread "Cache worker for cache directory md-rule (C:\Users\HP\.gradle\caches\7.5\md-rule)" [_thread_blocked, id=18828, stack(0x00000016ec500000,0x00000016ec600000)]
  0x0000018031dd5800 JavaThread "Cache worker for file hash cache (F:\JavaAndriod\RoadToHeaven\.gradle\7.5\fileHashes)" [_thread_blocked, id=22284, stack(0x00000016ecb00000,0x00000016ecc00000)]
  0x0000018031ddd800 JavaThread "Cache worker for cache directory md-supplier (C:\Users\HP\.gradle\caches\7.5\md-supplier)" [_thread_blocked, id=13880, stack(0x00000016ecc00000,0x00000016ecd00000)]
  0x0000018031ddf000 JavaThread "Cache worker for dependencies-accessors (F:\JavaAndriod\RoadToHeaven\.gradle\7.5\dependencies-accessors)" [_thread_blocked, id=13980, stack(0x00000016ece00000,0x00000016ecf00000)]
  0x0000018031de0000 JavaThread "Cache worker for Build Output Cleanup Cache (F:\JavaAndriod\RoadToHeaven\.gradle\buildOutputCleanup)" [_thread_blocked, id=7952, stack(0x00000016ecf00000,0x00000016ed000000)]
  0x0000018031de1000 JavaThread "Unconstrained build operations" [_thread_blocked, id=22064, stack(0x00000016ed500000,0x00000016ed600000)]
  0x0000018031ddc800 JavaThread "Unconstrained build operations Thread 2" [_thread_blocked, id=9364, stack(0x00000016ed600000,0x00000016ed700000)]
  0x0000018031dde800 JavaThread "Unconstrained build operations Thread 3" [_thread_blocked, id=21808, stack(0x00000016ed700000,0x00000016ed800000)]
  0x0000018031de1800 JavaThread "Unconstrained build operations Thread 4" [_thread_blocked, id=21316, stack(0x00000016ed800000,0x00000016ed900000)]
  0x0000018035185800 JavaThread "Unconstrained build operations Thread 5" [_thread_blocked, id=10184, stack(0x00000016ed900000,0x00000016eda00000)]
  0x0000018035186800 JavaThread "Unconstrained build operations Thread 6" [_thread_blocked, id=8076, stack(0x00000016eda00000,0x00000016edb00000)]
  0x0000018035189000 JavaThread "Unconstrained build operations Thread 7" [_thread_blocked, id=11916, stack(0x00000016edb00000,0x00000016edc00000)]
  0x0000018035183800 JavaThread "Unconstrained build operations Thread 8" [_thread_blocked, id=7552, stack(0x00000016edc00000,0x00000016edd00000)]
  0x0000018035185000 JavaThread "Unconstrained build operations Thread 9" [_thread_blocked, id=19072, stack(0x00000016edd00000,0x00000016ede00000)]
  0x0000018035184000 JavaThread "Unconstrained build operations Thread 10" [_thread_blocked, id=2568, stack(0x00000016ede00000,0x00000016edf00000)]
  0x000001803518a800 JavaThread "Unconstrained build operations Thread 11" [_thread_blocked, id=19060, stack(0x00000016edf00000,0x00000016ee000000)]
  0x000001803518b800 JavaThread "Unconstrained build operations Thread 12" [_thread_blocked, id=21436, stack(0x00000016ee000000,0x00000016ee100000)]
  0x000001803518e000 JavaThread "Unconstrained build operations Thread 13" [_thread_blocked, id=17624, stack(0x00000016ee100000,0x00000016ee200000)]
  0x000001803518f800 JavaThread "Unconstrained build operations Thread 14" [_thread_blocked, id=19532, stack(0x00000016ee200000,0x00000016ee300000)]
  0x000001803518c000 JavaThread "Unconstrained build operations Thread 15" [_thread_blocked, id=7360, stack(0x00000016ee300000,0x00000016ee400000)]
  0x000001803518d000 JavaThread "Unconstrained build operations Thread 16" [_thread_blocked, id=21248, stack(0x00000016ee400000,0x00000016ee500000)]
  0x000001803518e800 JavaThread "Unconstrained build operations Thread 17" [_thread_blocked, id=11676, stack(0x00000016ee500000,0x00000016ee600000)]
  0x000001803518a000 JavaThread "Unconstrained build operations Thread 18" [_thread_blocked, id=8948, stack(0x00000016ee600000,0x00000016ee700000)]
  0x0000018035191000 JavaThread "Unconstrained build operations Thread 19" [_thread_blocked, id=11616, stack(0x00000016ee700000,0x00000016ee800000)]
  0x0000018035190800 JavaThread "Unconstrained build operations Thread 20" [_thread_blocked, id=5412, stack(0x00000016ee800000,0x00000016ee900000)]
  0x0000018035192000 JavaThread "Unconstrained build operations Thread 21" [_thread_blocked, id=12724, stack(0x00000016ee900000,0x00000016eea00000)]
  0x000001802d30a800 JavaThread "Unconstrained build operations Thread 22" [_thread_blocked, id=20940, stack(0x00000016eea00000,0x00000016eeb00000)]
  0x000001802d30c800 JavaThread "Unconstrained build operations Thread 23" [_thread_blocked, id=7244, stack(0x00000016eeb00000,0x00000016eec00000)]
  0x000001802d30d000 JavaThread "Unconstrained build operations Thread 24" [_thread_blocked, id=21068, stack(0x00000016eec00000,0x00000016eed00000)]
  0x000001802d30e000 JavaThread "Unconstrained build operations Thread 25" [_thread_blocked, id=17528, stack(0x00000016eed00000,0x00000016eee00000)]
  0x000001802d30f000 JavaThread "Unconstrained build operations Thread 26" [_thread_blocked, id=19284, stack(0x00000016eee00000,0x00000016eef00000)]
  0x000001802d309000 JavaThread "Unconstrained build operations Thread 27" [_thread_blocked, id=20572, stack(0x00000016eef00000,0x00000016ef000000)]
  0x000001802d311800 JavaThread "Unconstrained build operations Thread 28" [_thread_blocked, id=18004, stack(0x00000016ef000000,0x00000016ef100000)]
  0x000001802d30f800 JavaThread "Unconstrained build operations Thread 29" [_thread_blocked, id=12180, stack(0x00000016ef100000,0x00000016ef200000)]
  0x000001802d30b800 JavaThread "Unconstrained build operations Thread 30" [_thread_blocked, id=5920, stack(0x00000016ef200000,0x00000016ef300000)]
  0x000001802d316000 JavaThread "Unconstrained build operations Thread 31" [_thread_blocked, id=21312, stack(0x00000016ef300000,0x00000016ef400000)]
  0x000001802d310800 JavaThread "Unconstrained build operations Thread 32" [_thread_blocked, id=13740, stack(0x00000016ef400000,0x00000016ef500000)]
  0x000001802d312000 JavaThread "Unconstrained build operations Thread 33" [_thread_blocked, id=21848, stack(0x00000016ef500000,0x00000016ef600000)]
  0x000001802d315800 JavaThread "Unconstrained build operations Thread 34" [_thread_blocked, id=18780, stack(0x00000016ef600000,0x00000016ef700000)]
  0x000001802d313000 JavaThread "Unconstrained build operations Thread 35" [_thread_blocked, id=7824, stack(0x00000016ef700000,0x00000016ef800000)]
  0x000001802d314800 JavaThread "Unconstrained build operations Thread 36" [_thread_blocked, id=14120, stack(0x00000016ef800000,0x00000016ef900000)]
  0x000001802d317000 JavaThread "Unconstrained build operations Thread 37" [_thread_blocked, id=13560, stack(0x00000016ef900000,0x00000016efa00000)]
  0x000001802d313800 JavaThread "Unconstrained build operations Thread 38" [_thread_blocked, id=20020, stack(0x00000016efa00000,0x00000016efb00000)]
  0x000001802ca6d000 JavaThread "Unconstrained build operations Thread 39" [_thread_blocked, id=20596, stack(0x00000016efb00000,0x00000016efc00000)]
  0x000001802ca6a000 JavaThread "Unconstrained build operations Thread 40" [_thread_blocked, id=11536, stack(0x00000016efc00000,0x00000016efd00000)]
  0x000001802ca6b800 JavaThread "build event listener" [_thread_blocked, id=18984, stack(0x00000016efd00000,0x00000016efe00000)]
  0x000001802ca68800 JavaThread "included builds" [_thread_blocked, id=22136, stack(0x00000016efe00000,0x00000016eff00000)]
  0x000001802ca6f000 JavaThread "Execution worker" [_thread_blocked, id=8912, stack(0x00000016f0200000,0x00000016f0300000)]
  0x000001802ca69000 JavaThread "Execution worker Thread 2" [_thread_blocked, id=15864, stack(0x00000016f0300000,0x00000016f0400000)]
  0x000001802ca6f800 JavaThread "Execution worker Thread 3" [_thread_blocked, id=21296, stack(0x00000016f0500000,0x00000016f0600000)]
  0x000001802ca70800 JavaThread "Cache worker for execution history cache (F:\JavaAndriod\RoadToHeaven\.gradle\7.5\executionHistory)" [_thread_blocked, id=22352, stack(0x00000016f0600000,0x00000016f0700000)]
  0x000001802ca6a800 JavaThread "Build operations" [_thread_blocked, id=17324, stack(0x00000016f0700000,0x00000016f0800000)]
  0x000001802ca75800 JavaThread "Build operations Thread 2" [_thread_blocked, id=1512, stack(0x00000016f0800000,0x00000016f0900000)]
  0x000001802ca73000 JavaThread "Build operations Thread 3" [_thread_blocked, id=16560, stack(0x00000016f0900000,0x00000016f0a00000)]
  0x000001802ca77000 JavaThread "Build operations Thread 4" [_thread_blocked, id=11496, stack(0x00000016f0a00000,0x00000016f0b00000)]
  0x000001802ca76000 JavaThread "WorkerExecutor Queue" [_thread_blocked, id=20716, stack(0x00000016f0b00000,0x00000016f0c00000)]
  0x000001802ca71800 JavaThread "WorkerExecutor Queue Thread 2" [_thread_blocked, id=10304, stack(0x00000016f0c00000,0x00000016f0d00000)]
  0x000001802ca73800 JavaThread "WorkerExecutor Queue Thread 3" [_thread_blocked, id=12964, stack(0x00000016f0d00000,0x00000016f0e00000)]
  0x000001802ca72000 JavaThread "WorkerExecutor Queue Thread 4" [_thread_blocked, id=8676, stack(0x00000016f0f00000,0x00000016f1000000)]
  0x000001802b3b6800 JavaThread "WorkerExecutor Queue Thread 5" [_thread_blocked, id=19056, stack(0x00000016f1100000,0x00000016f1200000)]

Other Threads:
  0x0000018028293800 VMThread "VM Thread" [stack: 0x00000016eac00000,0x00000016ead00000] [id=13884]
  0x0000018028da2800 WatcherThread [stack: 0x00000016eb600000,0x00000016eb700000] [id=21012]
  0x000001800c732800 GCTaskThread "GC Thread#0" [stack: 0x00000016ea700000,0x00000016ea800000] [id=9400]
  0x0000018028f94800 GCTaskThread "GC Thread#1" [stack: 0x00000016eb700000,0x00000016eb800000] [id=21580]
  0x00000180296e5000 GCTaskThread "GC Thread#2" [stack: 0x00000016ebd00000,0x00000016ebe00000] [id=20276]
  0x00000180296e5800 GCTaskThread "GC Thread#3" [stack: 0x00000016ebe00000,0x00000016ebf00000] [id=17972]
  0x000001800c762800 ConcurrentGCThread "G1 Main Marker" [stack: 0x00000016ea800000,0x00000016ea900000] [id=252]
  0x000001800c764800 ConcurrentGCThread "G1 Conc#0" [stack: 0x00000016ea900000,0x00000016eaa00000] [id=8748]
  0x000001800c7dc800 ConcurrentGCThread "G1 Refine#0" [stack: 0x00000016eaa00000,0x00000016eab00000] [id=18908]
  0x000001802996c000 ConcurrentGCThread "G1 Refine#1" [stack: 0x00000016ebf00000,0x00000016ec000000] [id=8020]
  0x0000018029666800 ConcurrentGCThread "G1 Refine#2" [stack: 0x00000016ec000000,0x00000016ec100000] [id=3500]
  0x000001800c7dd800 ConcurrentGCThread "G1 Young RemSet Sampling" [stack: 0x00000016eab00000,0x00000016eac00000] [id=3560]

Threads with active compile tasks:

VM state:not at safepoint (normal execution)

VM Mutex/Monitor currently owned by a thread:  ([mutex/lock_event])
[0x000001800c712360] Heap_lock - owner thread: 0x0000018035188000

Heap address: 0x0000000080000000, size: 2048 MB, Compressed Oops mode: 32-bit
Narrow klass base: 0x0000000000000000, Narrow klass shift: 3
Compressed class space size: 1073741824 Address: 0x0000000100000000

Heap:
 garbage-first heap   total 225280K, used 218051K [0x0000000080000000, 0x0000000100000000)
  region size 1024K, 7 young (7168K), 6 survivors (6144K)
 Metaspace       used 130855K, capacity 135015K, committed 135164K, reserved 1167360K
  class space    used 16657K, capacity 18236K, committed 18328K, reserved 1048576K
Heap Regions: E=young(eden), S=young(survivor), O=old, HS=humongous(starts), HC=humongous(continues), CS=collection set, F=free, A=archive, TAMS=top-at-mark-start (previous, next)
|   0|0x0000000080000000, 0x0000000080100000, 0x0000000080100000|100%|HS|  |TAMS 0x0000000080100000, 0x0000000080100000| Complete 
|   1|0x0000000080100000, 0x0000000080200000, 0x0000000080200000|100%|HC|  |TAMS 0x0000000080200000, 0x0000000080200000| Complete 
|   2|0x0000000080200000, 0x0000000080300000, 0x0000000080300000|100%|HC|  |TAMS 0x0000000080300000, 0x0000000080300000| Complete 
|   3|0x0000000080300000, 0x0000000080400000, 0x0000000080400000|100%| O|  |TAMS 0x0000000080400000, 0x0000000080400000| Untracked 
|   4|0x0000000080400000, 0x0000000080500000, 0x0000000080500000|100%| O|  |TAMS 0x0000000080500000, 0x0000000080500000| Untracked 
|   5|0x0000000080500000, 0x0000000080600000, 0x0000000080600000|100%| O|  |TAMS 0x0000000080600000, 0x0000000080600000| Untracked 
|   6|0x0000000080600000, 0x0000000080700000, 0x0000000080700000|100%| O|  |TAMS 0x0000000080700000, 0x0000000080700000| Untracked 
|   7|0x0000000080700000, 0x0000000080800000, 0x0000000080800000|100%| O|  |TAMS 0x0000000080800000, 0x0000000080800000| Untracked 
|   8|0x0000000080800000, 0x0000000080900000, 0x0000000080900000|100%| O|  |TAMS 0x0000000080900000, 0x0000000080900000| Untracked 
|   9|0x0000000080900000, 0x0000000080a00000, 0x0000000080a00000|100%| O|  |TAMS 0x0000000080a00000, 0x0000000080a00000| Untracked 
|  10|0x0000000080a00000, 0x0000000080b00000, 0x0000000080b00000|100%| O|  |TAMS 0x0000000080b00000, 0x0000000080b00000| Untracked 
|  11|0x0000000080b00000, 0x0000000080c00000, 0x0000000080c00000|100%| O|  |TAMS 0x0000000080c00000, 0x0000000080c00000| Untracked 
|  12|0x0000000080c00000, 0x0000000080d00000, 0x0000000080d00000|100%| O|  |TAMS 0x0000000080d00000, 0x0000000080d00000| Untracked 
|  13|0x0000000080d00000, 0x0000000080e00000, 0x0000000080e00000|100%| O|  |TAMS 0x0000000080e00000, 0x0000000080e00000| Untracked 
|  14|0x0000000080e00000, 0x0000000080f00000, 0x0000000080f00000|100%| O|  |TAMS 0x0000000080f00000, 0x0000000080f00000| Untracked 
|  15|0x0000000080f00000, 0x0000000081000000, 0x0000000081000000|100%| O|  |TAMS 0x0000000081000000, 0x0000000081000000| Untracked 
|  16|0x0000000081000000, 0x0000000081100000, 0x0000000081100000|100%| O|  |TAMS 0x0000000081100000, 0x0000000081100000| Untracked 
|  17|0x0000000081100000, 0x0000000081200000, 0x0000000081200000|100%| O|  |TAMS 0x0000000081200000, 0x0000000081200000| Untracked 
|  18|0x0000000081200000, 0x0000000081300000, 0x0000000081300000|100%| O|  |TAMS 0x0000000081300000, 0x0000000081300000| Untracked 
|  19|0x0000000081300000, 0x0000000081400000, 0x0000000081400000|100%| O|  |TAMS 0x0000000081400000, 0x0000000081400000| Untracked 
|  20|0x0000000081400000, 0x0000000081500000, 0x0000000081500000|100%| O|  |TAMS 0x0000000081500000, 0x0000000081500000| Untracked 
|  21|0x0000000081500000, 0x0000000081600000, 0x0000000081600000|100%| O|  |TAMS 0x0000000081600000, 0x0000000081600000| Untracked 
|  22|0x0000000081600000, 0x0000000081700000, 0x0000000081700000|100%| O|  |TAMS 0x0000000081700000, 0x0000000081700000| Untracked 
|  23|0x0000000081700000, 0x0000000081800000, 0x0000000081800000|100%| O|  |TAMS 0x0000000081800000, 0x0000000081800000| Untracked 
|  24|0x0000000081800000, 0x0000000081900000, 0x0000000081900000|100%| O|  |TAMS 0x0000000081900000, 0x0000000081900000| Untracked 
|  25|0x0000000081900000, 0x0000000081a00000, 0x0000000081a00000|100%| O|  |TAMS 0x0000000081a00000, 0x0000000081a00000| Untracked 
|  26|0x0000000081a00000, 0x0000000081b00000, 0x0000000081b00000|100%| O|  |TAMS 0x0000000081b00000, 0x0000000081b00000| Untracked 
|  27|0x0000000081b00000, 0x0000000081c00000, 0x0000000081c00000|100%| O|  |TAMS 0x0000000081c00000, 0x0000000081c00000| Untracked 
|  28|0x0000000081c00000, 0x0000000081d00000, 0x0000000081d00000|100%| O|  |TAMS 0x0000000081d00000, 0x0000000081d00000| Untracked 
|  29|0x0000000081d00000, 0x0000000081e00000, 0x0000000081e00000|100%| O|  |TAMS 0x0000000081e00000, 0x0000000081e00000| Untracked 
|  30|0x0000000081e00000, 0x0000000081f00000, 0x0000000081f00000|100%|HS|  |TAMS 0x0000000081f00000, 0x0000000081f00000| Complete 
|  31|0x0000000081f00000, 0x0000000082000000, 0x0000000082000000|100%|HS|  |TAMS 0x0000000082000000, 0x0000000082000000| Complete 
|  32|0x0000000082000000, 0x0000000082100000, 0x0000000082100000|100%| O|  |TAMS 0x0000000082100000, 0x0000000082100000| Untracked 
|  33|0x0000000082100000, 0x0000000082200000, 0x0000000082200000|100%| O|  |TAMS 0x0000000082200000, 0x0000000082200000| Untracked 
|  34|0x0000000082200000, 0x0000000082300000, 0x0000000082300000|100%| O|  |TAMS 0x0000000082300000, 0x0000000082300000| Untracked 
|  35|0x0000000082300000, 0x0000000082400000, 0x0000000082400000|100%| O|  |TAMS 0x0000000082400000, 0x0000000082400000| Untracked 
|  36|0x0000000082400000, 0x0000000082500000, 0x0000000082500000|100%| O|  |TAMS 0x0000000082500000, 0x0000000082500000| Untracked 
|  37|0x0000000082500000, 0x0000000082600000, 0x0000000082600000|100%| O|  |TAMS 0x0000000082600000, 0x0000000082600000| Untracked 
|  38|0x0000000082600000, 0x0000000082600000, 0x0000000082700000|  0%| F|  |TAMS 0x0000000082600000, 0x0000000082600000| Untracked 
|  39|0x0000000082700000, 0x0000000082800000, 0x0000000082800000|100%| O|  |TAMS 0x0000000082800000, 0x0000000082800000| Untracked 
|  40|0x0000000082800000, 0x0000000082900000, 0x0000000082900000|100%| O|  |TAMS 0x0000000082900000, 0x0000000082900000| Untracked 
|  41|0x0000000082900000, 0x0000000082a00000, 0x0000000082a00000|100%| O|  |TAMS 0x0000000082a00000, 0x0000000082a00000| Untracked 
|  42|0x0000000082a00000, 0x0000000082b00000, 0x0000000082b00000|100%| O|  |TAMS 0x0000000082b00000, 0x0000000082b00000| Untracked 
|  43|0x0000000082b00000, 0x0000000082c00000, 0x0000000082c00000|100%| O|  |TAMS 0x0000000082c00000, 0x0000000082c00000| Untracked 
|  44|0x0000000082c00000, 0x0000000082d00000, 0x0000000082d00000|100%| O|  |TAMS 0x0000000082d00000, 0x0000000082d00000| Untracked 
|  45|0x0000000082d00000, 0x0000000082e00000, 0x0000000082e00000|100%| O|  |TAMS 0x0000000082e00000, 0x0000000082e00000| Untracked 
|  46|0x0000000082e00000, 0x0000000082f00000, 0x0000000082f00000|100%| O|  |TAMS 0x0000000082f00000, 0x0000000082f00000| Untracked 
|  47|0x0000000082f00000, 0x0000000083000000, 0x0000000083000000|100%| O|  |TAMS 0x0000000083000000, 0x0000000083000000| Untracked 
|  48|0x0000000083000000, 0x0000000083100000, 0x0000000083100000|100%| O|  |TAMS 0x0000000083100000, 0x0000000083100000| Untracked 
|  49|0x0000000083100000, 0x0000000083200000, 0x0000000083200000|100%| O|  |TAMS 0x0000000083200000, 0x0000000083200000| Untracked 
|  50|0x0000000083200000, 0x0000000083300000, 0x0000000083300000|100%| O|  |TAMS 0x0000000083300000, 0x0000000083300000| Untracked 
|  51|0x0000000083300000, 0x0000000083400000, 0x0000000083400000|100%| O|  |TAMS 0x0000000083400000, 0x0000000083400000| Untracked 
|  52|0x0000000083400000, 0x0000000083500000, 0x0000000083500000|100%| O|  |TAMS 0x0000000083500000, 0x0000000083500000| Untracked 
|  53|0x0000000083500000, 0x0000000083600000, 0x0000000083600000|100%| O|  |TAMS 0x0000000083600000, 0x0000000083600000| Untracked 
|  54|0x0000000083600000, 0x0000000083700000, 0x0000000083700000|100%| O|  |TAMS 0x0000000083700000, 0x0000000083700000| Untracked 
|  55|0x0000000083700000, 0x0000000083800000, 0x0000000083800000|100%| O|  |TAMS 0x0000000083800000, 0x0000000083800000| Untracked 
|  56|0x0000000083800000, 0x0000000083900000, 0x0000000083900000|100%| O|  |TAMS 0x0000000083900000, 0x0000000083900000| Untracked 
|  57|0x0000000083900000, 0x0000000083a00000, 0x0000000083a00000|100%| O|  |TAMS 0x0000000083a00000, 0x0000000083a00000| Untracked 
|  58|0x0000000083a00000, 0x0000000083b00000, 0x0000000083b00000|100%| O|  |TAMS 0x0000000083b00000, 0x0000000083b00000| Untracked 
|  59|0x0000000083b00000, 0x0000000083c00000, 0x0000000083c00000|100%| O|  |TAMS 0x0000000083c00000, 0x0000000083c00000| Untracked 
|  60|0x0000000083c00000, 0x0000000083d00000, 0x0000000083d00000|100%| O|  |TAMS 0x0000000083d00000, 0x0000000083d00000| Untracked 
|  61|0x0000000083d00000, 0x0000000083e00000, 0x0000000083e00000|100%| O|  |TAMS 0x0000000083e00000, 0x0000000083e00000| Untracked 
|  62|0x0000000083e00000, 0x0000000083f00000, 0x0000000083f00000|100%| O|  |TAMS 0x0000000083f00000, 0x0000000083f00000| Untracked 
|  63|0x0000000083f00000, 0x0000000084000000, 0x0000000084000000|100%| O|  |TAMS 0x0000000084000000, 0x0000000084000000| Untracked 
|  64|0x0000000084000000, 0x0000000084100000, 0x0000000084100000|100%| O|  |TAMS 0x0000000084100000, 0x0000000084100000| Untracked 
|  65|0x0000000084100000, 0x0000000084200000, 0x0000000084200000|100%| O|  |TAMS 0x0000000084200000, 0x0000000084200000| Untracked 
|  66|0x0000000084200000, 0x0000000084300000, 0x0000000084300000|100%| O|  |TAMS 0x0000000084300000, 0x0000000084300000| Untracked 
|  67|0x0000000084300000, 0x0000000084400000, 0x0000000084400000|100%| O|  |TAMS 0x0000000084400000, 0x0000000084400000| Untracked 
|  68|0x0000000084400000, 0x0000000084500000, 0x0000000084500000|100%| O|  |TAMS 0x0000000084500000, 0x0000000084500000| Untracked 
|  69|0x0000000084500000, 0x0000000084600000, 0x0000000084600000|100%| O|  |TAMS 0x0000000084600000, 0x0000000084600000| Untracked 
|  70|0x0000000084600000, 0x0000000084700000, 0x0000000084700000|100%| O|  |TAMS 0x00000000846a5200, 0x0000000084700000| Untracked 
|  71|0x0000000084700000, 0x0000000084800000, 0x0000000084800000|100%| O|  |TAMS 0x0000000084800000, 0x0000000084800000| Untracked 
|  72|0x0000000084800000, 0x0000000084900000, 0x0000000084900000|100%| O|  |TAMS 0x0000000084900000, 0x0000000084900000| Untracked 
|  73|0x0000000084900000, 0x0000000084a00000, 0x0000000084a00000|100%| O|  |TAMS 0x0000000084a00000, 0x0000000084a00000| Untracked 
|  74|0x0000000084a00000, 0x0000000084b00000, 0x0000000084b00000|100%| O|  |TAMS 0x0000000084b00000, 0x0000000084b00000| Untracked 
|  75|0x0000000084b00000, 0x0000000084c00000, 0x0000000084c00000|100%| O|  |TAMS 0x0000000084c00000, 0x0000000084c00000| Untracked 
|  76|0x0000000084c00000, 0x0000000084d00000, 0x0000000084d00000|100%| O|  |TAMS 0x0000000084d00000, 0x0000000084d00000| Untracked 
|  77|0x0000000084d00000, 0x0000000084e00000, 0x0000000084e00000|100%| O|  |TAMS 0x0000000084d00000, 0x0000000084e00000| Untracked 
|  78|0x0000000084e00000, 0x0000000084f00000, 0x0000000084f00000|100%| O|  |TAMS 0x0000000084f00000, 0x0000000084f00000| Untracked 
|  79|0x0000000084f00000, 0x0000000085000000, 0x0000000085000000|100%| O|  |TAMS 0x0000000085000000, 0x0000000085000000| Untracked 
|  80|0x0000000085000000, 0x0000000085100000, 0x0000000085100000|100%| O|  |TAMS 0x0000000085100000, 0x0000000085100000| Untracked 
|  81|0x0000000085100000, 0x0000000085200000, 0x0000000085200000|100%| O|  |TAMS 0x0000000085200000, 0x0000000085200000| Untracked 
|  82|0x0000000085200000, 0x0000000085300000, 0x0000000085300000|100%| O|  |TAMS 0x0000000085300000, 0x0000000085300000| Untracked 
|  83|0x0000000085300000, 0x0000000085400000, 0x0000000085400000|100%| O|  |TAMS 0x0000000085400000, 0x0000000085400000| Untracked 
|  84|0x0000000085400000, 0x0000000085500000, 0x0000000085500000|100%| O|  |TAMS 0x0000000085500000, 0x0000000085500000| Untracked 
|  85|0x0000000085500000, 0x0000000085600000, 0x0000000085600000|100%| O|  |TAMS 0x0000000085600000, 0x0000000085600000| Untracked 
|  86|0x0000000085600000, 0x0000000085700000, 0x0000000085700000|100%| O|  |TAMS 0x0000000085700000, 0x0000000085700000| Untracked 
|  87|0x0000000085700000, 0x0000000085800000, 0x0000000085800000|100%| O|  |TAMS 0x0000000085800000, 0x0000000085800000| Untracked 
|  88|0x0000000085800000, 0x0000000085900000, 0x0000000085900000|100%| O|  |TAMS 0x0000000085900000, 0x0000000085900000| Untracked 
|  89|0x0000000085900000, 0x0000000085a00000, 0x0000000085a00000|100%| O|  |TAMS 0x0000000085a00000, 0x0000000085a00000| Untracked 
|  90|0x0000000085a00000, 0x0000000085b00000, 0x0000000085b00000|100%| O|  |TAMS 0x0000000085b00000, 0x0000000085b00000| Untracked 
|  91|0x0000000085b00000, 0x0000000085c00000, 0x0000000085c00000|100%|HS|  |TAMS 0x0000000085b00000, 0x0000000085c00000| Complete 
|  92|0x0000000085c00000, 0x0000000085d00000, 0x0000000085d00000|100%|HC|  |TAMS 0x0000000085c00000, 0x0000000085d00000| Complete 
|  93|0x0000000085d00000, 0x0000000085e00000, 0x0000000085e00000|100%| O|  |TAMS 0x0000000085d00000, 0x0000000085e00000| Untracked 
|  94|0x0000000085e00000, 0x0000000085f00000, 0x0000000085f00000|100%| O|  |TAMS 0x0000000085e00000, 0x0000000085f00000| Untracked 
|  95|0x0000000085f00000, 0x0000000086000000, 0x0000000086000000|100%| O|  |TAMS 0x0000000085f00000, 0x0000000086000000| Untracked 
|  96|0x0000000086000000, 0x0000000086100000, 0x0000000086100000|100%| O|  |TAMS 0x0000000086000000, 0x0000000086100000| Untracked 
|  97|0x0000000086100000, 0x0000000086200000, 0x0000000086200000|100%| O|  |TAMS 0x0000000086100000, 0x0000000086200000| Untracked 
|  98|0x0000000086200000, 0x0000000086300000, 0x0000000086300000|100%| O|  |TAMS 0x0000000086200000, 0x0000000086300000| Untracked 
|  99|0x0000000086300000, 0x0000000086400000, 0x0000000086400000|100%| O|  |TAMS 0x0000000086300000, 0x0000000086400000| Untracked 
| 100|0x0000000086400000, 0x0000000086500000, 0x0000000086500000|100%| O|  |TAMS 0x0000000086500000, 0x0000000086500000| Untracked 
| 101|0x0000000086500000, 0x0000000086600000, 0x0000000086600000|100%| O|  |TAMS 0x0000000086600000, 0x0000000086600000| Untracked 
| 102|0x0000000086600000, 0x0000000086700000, 0x0000000086700000|100%| O|  |TAMS 0x0000000086700000, 0x0000000086700000| Untracked 
| 103|0x0000000086700000, 0x0000000086800000, 0x0000000086800000|100%| O|  |TAMS 0x0000000086800000, 0x0000000086800000| Untracked 
| 104|0x0000000086800000, 0x0000000086900000, 0x0000000086900000|100%| O|  |TAMS 0x0000000086900000, 0x0000000086900000| Untracked 
| 105|0x0000000086900000, 0x0000000086a00000, 0x0000000086a00000|100%| O|  |TAMS 0x0000000086a00000, 0x0000000086a00000| Untracked 
| 106|0x0000000086a00000, 0x0000000086b00000, 0x0000000086b00000|100%| O|  |TAMS 0x0000000086a00000, 0x0000000086b00000| Untracked 
| 107|0x0000000086b00000, 0x0000000086c00000, 0x0000000086c00000|100%| O|  |TAMS 0x0000000086b00000, 0x0000000086c00000| Untracked 
| 108|0x0000000086c00000, 0x0000000086d00000, 0x0000000086d00000|100%| O|  |TAMS 0x0000000086d00000, 0x0000000086d00000| Untracked 
| 109|0x0000000086d00000, 0x0000000086e00000, 0x0000000086e00000|100%| O|  |TAMS 0x0000000086d00000, 0x0000000086e00000| Untracked 
| 110|0x0000000086e00000, 0x0000000086f00000, 0x0000000086f00000|100%| O|  |TAMS 0x0000000086f00000, 0x0000000086f00000| Untracked 
| 111|0x0000000086f00000, 0x0000000087000000, 0x0000000087000000|100%| O|  |TAMS 0x0000000086f00000, 0x0000000087000000| Untracked 
| 112|0x0000000087000000, 0x0000000087100000, 0x0000000087100000|100%| O|  |TAMS 0x0000000087000000, 0x0000000087100000| Untracked 
| 113|0x0000000087100000, 0x0000000087200000, 0x0000000087200000|100%| O|  |TAMS 0x0000000087100000, 0x0000000087200000| Untracked 
| 114|0x0000000087200000, 0x0000000087300000, 0x0000000087300000|100%| O|  |TAMS 0x0000000087200000, 0x0000000087300000| Untracked 
| 115|0x0000000087300000, 0x0000000087400000, 0x0000000087400000|100%| O|  |TAMS 0x0000000087300000, 0x0000000087400000| Untracked 
| 116|0x0000000087400000, 0x0000000087500000, 0x0000000087500000|100%| O|  |TAMS 0x0000000087400000, 0x0000000087500000| Untracked 
| 117|0x0000000087500000, 0x0000000087600000, 0x0000000087600000|100%| O|  |TAMS 0x0000000087600000, 0x0000000087600000| Untracked 
| 118|0x0000000087600000, 0x0000000087700000, 0x0000000087700000|100%| O|  |TAMS 0x0000000087700000, 0x0000000087700000| Untracked 
| 119|0x0000000087700000, 0x0000000087800000, 0x0000000087800000|100%| O|  |TAMS 0x0000000087800000, 0x0000000087800000| Untracked 
| 120|0x0000000087800000, 0x0000000087900000, 0x0000000087900000|100%| O|  |TAMS 0x0000000087900000, 0x0000000087900000| Untracked 
| 121|0x0000000087900000, 0x0000000087a00000, 0x0000000087a00000|100%| O|  |TAMS 0x0000000087a00000, 0x0000000087a00000| Untracked 
| 122|0x0000000087a00000, 0x0000000087b00000, 0x0000000087b00000|100%| O|  |TAMS 0x0000000087b00000, 0x0000000087b00000| Untracked 
| 123|0x0000000087b00000, 0x0000000087c00000, 0x0000000087c00000|100%| O|  |TAMS 0x0000000087c00000, 0x0000000087c00000| Untracked 
| 124|0x0000000087c00000, 0x0000000087d00000, 0x0000000087d00000|100%| O|  |TAMS 0x0000000087d00000, 0x0000000087d00000| Untracked 
| 125|0x0000000087d00000, 0x0000000087e00000, 0x0000000087e00000|100%| O|  |TAMS 0x0000000087e00000, 0x0000000087e00000| Untracked 
| 126|0x0000000087e00000, 0x0000000087ebc000, 0x0000000087f00000| 73%| O|  |TAMS 0x0000000087e00000, 0x0000000087ebc000| Untracked 
| 127|0x0000000087f00000, 0x0000000088000000, 0x0000000088000000|100%|HS|  |TAMS 0x0000000087f00000, 0x0000000087f00000| Complete 
| 128|0x0000000088000000, 0x0000000088100000, 0x0000000088100000|100%|HC|  |TAMS 0x0000000088000000, 0x0000000088000000| Complete 
| 129|0x0000000088100000, 0x0000000088200000, 0x0000000088200000|100%|HS|  |TAMS 0x0000000088100000, 0x0000000088100000| Complete 
| 130|0x0000000088200000, 0x0000000088300000, 0x0000000088300000|100%|HC|  |TAMS 0x0000000088200000, 0x0000000088200000| Complete 
| 131|0x0000000088300000, 0x0000000088400000, 0x0000000088400000|100%|HS|  |TAMS 0x0000000088300000, 0x0000000088300000| Complete 
| 132|0x0000000088400000, 0x0000000088500000, 0x0000000088500000|100%|HC|  |TAMS 0x0000000088400000, 0x0000000088400000| Complete 
| 133|0x0000000088500000, 0x0000000088600000, 0x0000000088600000|100%|HS|  |TAMS 0x0000000088500000, 0x0000000088500000| Complete 
| 134|0x0000000088600000, 0x0000000088700000, 0x0000000088700000|100%|HC|  |TAMS 0x0000000088600000, 0x0000000088600000| Complete 
| 135|0x0000000088700000, 0x0000000088800000, 0x0000000088800000|100%|HS|  |TAMS 0x0000000088700000, 0x0000000088700000| Complete 
| 136|0x0000000088800000, 0x0000000088900000, 0x0000000088900000|100%|HC|  |TAMS 0x0000000088800000, 0x0000000088800000| Complete 
| 137|0x0000000088900000, 0x0000000088a00000, 0x0000000088a00000|100%|HS|  |TAMS 0x0000000088900000, 0x0000000088900000| Complete 
| 138|0x0000000088a00000, 0x0000000088b00000, 0x0000000088b00000|100%|HC|  |TAMS 0x0000000088a00000, 0x0000000088a00000| Complete 
| 139|0x0000000088b00000, 0x0000000088c00000, 0x0000000088c00000|100%|HS|  |TAMS 0x0000000088b00000, 0x0000000088b00000| Complete 
| 140|0x0000000088c00000, 0x0000000088d00000, 0x0000000088d00000|100%|HC|  |TAMS 0x0000000088c00000, 0x0000000088c00000| Complete 
| 141|0x0000000088d00000, 0x0000000088e00000, 0x0000000088e00000|100%|HS|  |TAMS 0x0000000088d00000, 0x0000000088d00000| Complete 
| 142|0x0000000088e00000, 0x0000000088f00000, 0x0000000088f00000|100%|HC|  |TAMS 0x0000000088e00000, 0x0000000088e00000| Complete 
| 143|0x0000000088f00000, 0x0000000089000000, 0x0000000089000000|100%|HS|  |TAMS 0x0000000088f00000, 0x0000000088f00000| Complete 
| 144|0x0000000089000000, 0x0000000089100000, 0x0000000089100000|100%|HC|  |TAMS 0x0000000089000000, 0x0000000089000000| Complete 
| 145|0x0000000089100000, 0x0000000089200000, 0x0000000089200000|100%|HS|  |TAMS 0x0000000089100000, 0x0000000089100000| Complete 
| 146|0x0000000089200000, 0x0000000089300000, 0x0000000089300000|100%|HC|  |TAMS 0x0000000089200000, 0x0000000089200000| Complete 
| 147|0x0000000089300000, 0x0000000089400000, 0x0000000089400000|100%|HS|  |TAMS 0x0000000089300000, 0x0000000089300000| Complete 
| 148|0x0000000089400000, 0x0000000089500000, 0x0000000089500000|100%|HC|  |TAMS 0x0000000089400000, 0x0000000089400000| Complete 
| 149|0x0000000089500000, 0x0000000089600000, 0x0000000089600000|100%|HS|  |TAMS 0x0000000089500000, 0x0000000089500000| Complete 
| 150|0x0000000089600000, 0x0000000089700000, 0x0000000089700000|100%|HC|  |TAMS 0x0000000089600000, 0x0000000089600000| Complete 
| 151|0x0000000089700000, 0x0000000089800000, 0x0000000089800000|100%|HS|  |TAMS 0x0000000089700000, 0x0000000089700000| Complete 
| 152|0x0000000089800000, 0x0000000089900000, 0x0000000089900000|100%|HC|  |TAMS 0x0000000089800000, 0x0000000089800000| Complete 
| 153|0x0000000089900000, 0x0000000089a00000, 0x0000000089a00000|100%|HS|  |TAMS 0x0000000089900000, 0x0000000089900000| Complete 
| 154|0x0000000089a00000, 0x0000000089b00000, 0x0000000089b00000|100%|HC|  |TAMS 0x0000000089a00000, 0x0000000089a00000| Complete 
| 155|0x0000000089b00000, 0x0000000089c00000, 0x0000000089c00000|100%|HS|  |TAMS 0x0000000089b00000, 0x0000000089b00000| Complete 
| 156|0x0000000089c00000, 0x0000000089d00000, 0x0000000089d00000|100%|HC|  |TAMS 0x0000000089c00000, 0x0000000089c00000| Complete 
| 157|0x0000000089d00000, 0x0000000089e00000, 0x0000000089e00000|100%|HS|  |TAMS 0x0000000089d00000, 0x0000000089d00000| Complete 
| 158|0x0000000089e00000, 0x0000000089f00000, 0x0000000089f00000|100%|HC|  |TAMS 0x0000000089e00000, 0x0000000089e00000| Complete 
| 159|0x0000000089f00000, 0x000000008a000000, 0x000000008a000000|100%|HS|  |TAMS 0x0000000089f00000, 0x0000000089f00000| Complete 
| 160|0x000000008a000000, 0x000000008a100000, 0x000000008a100000|100%|HC|  |TAMS 0x000000008a000000, 0x000000008a000000| Complete 
| 161|0x000000008a100000, 0x000000008a200000, 0x000000008a200000|100%|HS|  |TAMS 0x000000008a100000, 0x000000008a100000| Complete 
| 162|0x000000008a200000, 0x000000008a300000, 0x000000008a300000|100%|HC|  |TAMS 0x000000008a200000, 0x000000008a200000| Complete 
| 163|0x000000008a300000, 0x000000008a400000, 0x000000008a400000|100%|HS|  |TAMS 0x000000008a300000, 0x000000008a300000| Complete 
| 164|0x000000008a400000, 0x000000008a500000, 0x000000008a500000|100%|HC|  |TAMS 0x000000008a400000, 0x000000008a400000| Complete 
| 165|0x000000008a500000, 0x000000008a600000, 0x000000008a600000|100%|HS|  |TAMS 0x000000008a500000, 0x000000008a500000| Complete 
| 166|0x000000008a600000, 0x000000008a700000, 0x000000008a700000|100%|HC|  |TAMS 0x000000008a600000, 0x000000008a600000| Complete 
| 167|0x000000008a700000, 0x000000008a700000, 0x000000008a800000|  0%| F|  |TAMS 0x000000008a700000, 0x000000008a700000| Untracked 
| 168|0x000000008a800000, 0x000000008a834eb0, 0x000000008a900000| 20%| S|CS|TAMS 0x000000008a800000, 0x000000008a800000| Complete 
| 169|0x000000008a900000, 0x000000008aa00000, 0x000000008aa00000|100%| S|CS|TAMS 0x000000008a900000, 0x000000008a900000| Complete 
| 170|0x000000008aa00000, 0x000000008ab00000, 0x000000008ab00000|100%| S|CS|TAMS 0x000000008aa00000, 0x000000008aa00000| Complete 
| 171|0x000000008ab00000, 0x000000008ac00000, 0x000000008ac00000|100%| S|CS|TAMS 0x000000008ab00000, 0x000000008ab00000| Complete 
| 172|0x000000008ac00000, 0x000000008ad00000, 0x000000008ad00000|100%| S|CS|TAMS 0x000000008ac00000, 0x000000008ac00000| Complete 
| 173|0x000000008ad00000, 0x000000008ae00000, 0x000000008ae00000|100%| S|CS|TAMS 0x000000008ad00000, 0x000000008ad00000| Complete 
| 174|0x000000008ae00000, 0x000000008af00000, 0x000000008af00000|100%|HS|  |TAMS 0x000000008ae00000, 0x000000008ae00000| Complete 
| 175|0x000000008af00000, 0x000000008b000000, 0x000000008b000000|100%|HC|  |TAMS 0x000000008af00000, 0x000000008af00000| Complete 
| 176|0x000000008b000000, 0x000000008b100000, 0x000000008b100000|100%|HS|  |TAMS 0x000000008b000000, 0x000000008b000000| Complete 
| 177|0x000000008b100000, 0x000000008b200000, 0x000000008b200000|100%|HC|  |TAMS 0x000000008b100000, 0x000000008b100000| Complete 
| 178|0x000000008b200000, 0x000000008b300000, 0x000000008b300000|100%|HS|  |TAMS 0x000000008b200000, 0x000000008b200000| Complete 
| 179|0x000000008b300000, 0x000000008b400000, 0x000000008b400000|100%|HC|  |TAMS 0x000000008b300000, 0x000000008b300000| Complete 
| 180|0x000000008b400000, 0x000000008b500000, 0x000000008b500000|100%|HS|  |TAMS 0x000000008b400000, 0x000000008b400000| Complete 
| 181|0x000000008b500000, 0x000000008b600000, 0x000000008b600000|100%|HC|  |TAMS 0x000000008b500000, 0x000000008b500000| Complete 
| 182|0x000000008b600000, 0x000000008b700000, 0x000000008b700000|100%|HS|  |TAMS 0x000000008b600000, 0x000000008b600000| Complete 
| 183|0x000000008b700000, 0x000000008b800000, 0x000000008b800000|100%|HC|  |TAMS 0x000000008b700000, 0x000000008b700000| Complete 
| 184|0x000000008b800000, 0x000000008b900000, 0x000000008b900000|100%|HS|  |TAMS 0x000000008b800000, 0x000000008b800000| Complete 
| 185|0x000000008b900000, 0x000000008ba00000, 0x000000008ba00000|100%|HC|  |TAMS 0x000000008b900000, 0x000000008b900000| Complete 
| 186|0x000000008ba00000, 0x000000008bb00000, 0x000000008bb00000|100%|HS|  |TAMS 0x000000008ba00000, 0x000000008ba00000| Complete 
| 187|0x000000008bb00000, 0x000000008bc00000, 0x000000008bc00000|100%|HC|  |TAMS 0x000000008bb00000, 0x000000008bb00000| Complete 
| 188|0x000000008bc00000, 0x000000008bd00000, 0x000000008bd00000|100%|HS|  |TAMS 0x000000008bc00000, 0x000000008bc00000| Complete 
| 189|0x000000008bd00000, 0x000000008be00000, 0x000000008be00000|100%|HC|  |TAMS 0x000000008bd00000, 0x000000008bd00000| Complete 
| 190|0x000000008be00000, 0x000000008bf00000, 0x000000008bf00000|100%|HS|  |TAMS 0x000000008be00000, 0x000000008be00000| Complete 
| 191|0x000000008bf00000, 0x000000008c000000, 0x000000008c000000|100%|HC|  |TAMS 0x000000008bf00000, 0x000000008bf00000| Complete 
| 192|0x000000008c000000, 0x000000008c100000, 0x000000008c100000|100%|HS|  |TAMS 0x000000008c000000, 0x000000008c000000| Complete 
| 193|0x000000008c100000, 0x000000008c200000, 0x000000008c200000|100%|HC|  |TAMS 0x000000008c100000, 0x000000008c100000| Complete 
| 194|0x000000008c200000, 0x000000008c300000, 0x000000008c300000|100%|HS|  |TAMS 0x000000008c200000, 0x000000008c200000| Complete 
| 195|0x000000008c300000, 0x000000008c400000, 0x000000008c400000|100%|HC|  |TAMS 0x000000008c300000, 0x000000008c300000| Complete 
| 196|0x000000008c400000, 0x000000008c500000, 0x000000008c500000|100%|HS|  |TAMS 0x000000008c400000, 0x000000008c400000| Complete 
| 197|0x000000008c500000, 0x000000008c600000, 0x000000008c600000|100%|HC|  |TAMS 0x000000008c500000, 0x000000008c500000| Complete 
| 198|0x000000008c600000, 0x000000008c700000, 0x000000008c700000|100%|HS|  |TAMS 0x000000008c600000, 0x000000008c600000| Complete 
| 199|0x000000008c700000, 0x000000008c800000, 0x000000008c800000|100%|HC|  |TAMS 0x000000008c700000, 0x000000008c700000| Complete 
| 200|0x000000008c800000, 0x000000008c900000, 0x000000008c900000|100%|HS|  |TAMS 0x000000008c800000, 0x000000008c800000| Complete 
| 201|0x000000008c900000, 0x000000008ca00000, 0x000000008ca00000|100%|HC|  |TAMS 0x000000008c900000, 0x000000008c900000| Complete 
| 202|0x000000008ca00000, 0x000000008cb00000, 0x000000008cb00000|100%|HS|  |TAMS 0x000000008ca00000, 0x000000008ca00000| Complete 
| 203|0x000000008cb00000, 0x000000008cc00000, 0x000000008cc00000|100%|HC|  |TAMS 0x000000008cb00000, 0x000000008cb00000| Complete 
| 204|0x000000008cc00000, 0x000000008cd00000, 0x000000008cd00000|100%|HS|  |TAMS 0x000000008cc00000, 0x000000008cc00000| Complete 
| 205|0x000000008cd00000, 0x000000008ce00000, 0x000000008ce00000|100%|HC|  |TAMS 0x000000008cd00000, 0x000000008cd00000| Complete 
| 206|0x000000008ce00000, 0x000000008cf00000, 0x000000008cf00000|100%|HS|  |TAMS 0x000000008ce00000, 0x000000008ce00000| Complete 
| 207|0x000000008cf00000, 0x000000008d000000, 0x000000008d000000|100%|HC|  |TAMS 0x000000008cf00000, 0x000000008cf00000| Complete 
| 208|0x000000008d000000, 0x000000008d100000, 0x000000008d100000|100%|HS|  |TAMS 0x000000008d000000, 0x000000008d000000| Complete 
| 209|0x000000008d100000, 0x000000008d200000, 0x000000008d200000|100%|HC|  |TAMS 0x000000008d100000, 0x000000008d100000| Complete 
| 210|0x000000008d200000, 0x000000008d300000, 0x000000008d300000|100%|HS|  |TAMS 0x000000008d200000, 0x000000008d200000| Complete 
| 211|0x000000008d300000, 0x000000008d400000, 0x000000008d400000|100%|HC|  |TAMS 0x000000008d300000, 0x000000008d300000| Complete 
| 212|0x000000008d400000, 0x000000008d400000, 0x000000008d500000|  0%| F|  |TAMS 0x000000008d400000, 0x000000008d400000| Untracked 
| 213|0x000000008d500000, 0x000000008d538308, 0x000000008d600000| 21%| E|  |TAMS 0x000000008d500000, 0x000000008d500000| Complete 
| 214|0x000000008d600000, 0x000000008d700000, 0x000000008d700000|100%|HS|  |TAMS 0x000000008d600000, 0x000000008d600000| Complete 
| 215|0x000000008d700000, 0x000000008d800000, 0x000000008d800000|100%|HC|  |TAMS 0x000000008d700000, 0x000000008d700000| Complete 
| 216|0x000000008d800000, 0x000000008d900000, 0x000000008d900000|100%|HS|  |TAMS 0x000000008d800000, 0x000000008d800000| Complete 
| 217|0x000000008d900000, 0x000000008da00000, 0x000000008da00000|100%|HC|  |TAMS 0x000000008d900000, 0x000000008d900000| Complete 

Card table byte_map: [0x0000018021440000,0x0000018021840000] _byte_map_base: 0x0000018021040000

Marking Bits (Prev, Next): (CMBitMap*) 0x000001800c759bc8, (CMBitMap*) 0x000001800c759c00
 Prev Bits: [0x0000018021c40000, 0x0000018023c40000)
 Next Bits: [0x0000018023c40000, 0x0000018025c40000)

Polling page: 0x000001800c7f0000

Metaspace:

Usage:
  Non-class:    114.04 MB capacity,   111.52 MB ( 98%) used,     2.02 MB (  2%) free+waste,   509.38 KB ( <1%) overhead. 
      Class:     17.81 MB capacity,    16.27 MB ( 91%) used,     1.32 MB (  7%) free+waste,   228.81 KB (  1%) overhead. 
       Both:    131.85 MB capacity,   127.79 MB ( 97%) used,     3.34 MB (  3%) free+waste,   738.19 KB ( <1%) overhead. 

Virtual space:
  Non-class space:      116.00 MB reserved,     114.10 MB ( 98%) committed 
      Class space:        1.00 GB reserved,      17.90 MB (  2%) committed 
             Both:        1.11 GB reserved,     132.00 MB ( 12%) committed 

Chunk freelists:
   Non-Class:  1.00 KB
       Class:  36.00 KB
        Both:  37.00 KB

MaxMetaspaceSize: 17179869184.00 GB
CompressedClassSpaceSize: 1.00 GB
Initial GC threshold: 20.80 MB
Current GC threshold: 219.58 MB
CDS: off

CodeHeap 'non-profiled nmethods': size=120064Kb used=11573Kb max_used=11573Kb free=108490Kb
 bounds [0x00000180194d0000, 0x000001801a020000, 0x0000018020a10000]
CodeHeap 'profiled nmethods': size=120000Kb used=45614Kb max_used=45614Kb free=74385Kb
 bounds [0x0000018011fa0000, 0x0000018014c30000, 0x00000180194d0000]
CodeHeap 'non-nmethods': size=5696Kb used=2490Kb max_used=2534Kb free=3205Kb
 bounds [0x0000018011a10000, 0x0000018011ca0000, 0x0000018011fa0000]
 total_blobs=22169 nmethods=21141 adapters=937
 compilation: enabled
              stopped_count=0, restarted_count=0
 full_count=0

Compilation events (20 events):
Event: 676.541 Thread 0x00000180282be000 21280       4       org.gradle.internal.vfs.impl.DefaultFileSystemAccess$$Lambda$306/0x000000010043b440::<init> (26 bytes)
Event: 676.543 Thread 0x00000180282be000 nmethod 21280 0x000001801a018110 code [0x000001801a0182a0, 0x000001801a018618]
Event: 676.543 Thread 0x00000180282be000 21423       4       com.android.tools.r8.internal.w60::a (62 bytes)
Event: 676.543 Thread 0x00000180282be000 nmethod 21423 0x000001801a018690 code [0x000001801a018840, 0x000001801a0188e8]
Event: 676.543 Thread 0x00000180282be000 21435       4       com.android.tools.r8.internal.pk::hashCode (12 bytes)
Event: 676.544 Thread 0x00000180282be000 nmethod 21435 0x000001801a018a10 code [0x000001801a018ba0, 0x000001801a018c58]
Event: 676.544 Thread 0x00000180282be000 21329       4       com.android.tools.r8.internal.w10$$Lambda$1794/0x000000010106b040::test (9 bytes)
Event: 676.544 Thread 0x00000180282be000 nmethod 21329 0x000001801a018d90 code [0x000001801a018f20, 0x000001801a018fb8]
Event: 676.544 Thread 0x00000180282be000 21390       4       com.android.tools.r8.dex.code.u1::c (45 bytes)
Event: 676.545 Thread 0x00000180282be000 nmethod 21390 0x000001801a019090 code [0x000001801a019240, 0x000001801a0193b8]
Event: 676.545 Thread 0x00000180282be000 21285   !   4       jdk.internal.reflect.GeneratedConstructorAccessor76::newInstance (49 bytes)
Event: 676.546 Thread 0x00000180282be000 nmethod 21285 0x000001801a019590 code [0x000001801a019740, 0x000001801a0198a8]
Event: 676.546 Thread 0x00000180282be000 21300       4       org.gradle.api.internal.provider.AbstractMinimalProvider::calculateValue (15 bytes)
Event: 676.547 Thread 0x00000180282be000 nmethod 21300 0x000001801a019a10 code [0x000001801a019bc0, 0x000001801a019c98]
Event: 676.547 Thread 0x00000180282be000 21289       4       org.gradle.internal.execution.fingerprint.impl.DefaultInputFingerprinter$InputCollectingVisitor::complete (37 bytes)
Event: 676.558 Thread 0x00000180282be000 nmethod 21289 0x000001801a019e10 code [0x000001801a01a020, 0x000001801a01ad88]
Event: 676.558 Thread 0x00000180282be000 21279       4       org.gradle.internal.execution.steps.IdentifyStep$$Lambda$858/0x0000000100bc9440::accept (14 bytes)
Event: 676.577 Thread 0x00000180282be000 nmethod 21279 0x000001801a01b290 code [0x000001801a01b520, 0x000001801a01c500]
Event: 676.680 Thread 0x00000180282be000 21461       4       java.nio.ByteBuffer::allocate (19 bytes)
Event: 676.682 Thread 0x00000180282be000 nmethod 21461 0x000001801a01cf90 code [0x000001801a01d140, 0x000001801a01d3d8]

GC Heap History (20 events):
Event: 645.863 GC heap before
{Heap before GC invocations=60 (full 0):
 garbage-first heap   total 216064K, used 170871K [0x0000000080000000, 0x0000000100000000)
  region size 1024K, 52 young (53248K), 2 survivors (2048K)
 Metaspace       used 128695K, capacity 132772K, committed 133116K, reserved 1165312K
  class space    used 16597K, capacity 18135K, committed 18328K, reserved 1048576K
}
Event: 645.878 GC heap after
{Heap after GC invocations=61 (full 0):
 garbage-first heap   total 216064K, used 125880K [0x0000000080000000, 0x0000000100000000)
  region size 1024K, 7 young (7168K), 7 survivors (7168K)
 Metaspace       used 128695K, capacity 132772K, committed 133116K, reserved 1165312K
  class space    used 16597K, capacity 18135K, committed 18328K, reserved 1048576K
}
Event: 646.292 GC heap before
{Heap before GC invocations=62 (full 0):
 garbage-first heap   total 216064K, used 175032K [0x0000000080000000, 0x0000000100000000)
  region size 1024K, 55 young (56320K), 7 survivors (7168K)
 Metaspace       used 129474K, capacity 133497K, committed 133884K, reserved 1165312K
  class space    used 16607K, capacity 18146K, committed 18328K, reserved 1048576K
}
Event: 646.296 GC heap after
{Heap after GC invocations=63 (full 0):
 garbage-first heap   total 216064K, used 121824K [0x0000000080000000, 0x0000000100000000)
  region size 1024K, 2 young (2048K), 2 survivors (2048K)
 Metaspace       used 129474K, capacity 133497K, committed 133884K, reserved 1165312K
  class space    used 16607K, capacity 18146K, committed 18328K, reserved 1048576K
}
Event: 646.315 GC heap before
{Heap before GC invocations=63 (full 0):
 garbage-first heap   total 216064K, used 130016K [0x0000000080000000, 0x0000000100000000)
  region size 1024K, 10 young (10240K), 2 survivors (2048K)
 Metaspace       used 129475K, capacity 133497K, committed 133884K, reserved 1165312K
  class space    used 16607K, capacity 18146K, committed 18328K, reserved 1048576K
}
Event: 646.323 GC heap after
{Heap after GC invocations=64 (full 0):
 garbage-first heap   total 216064K, used 115676K [0x0000000080000000, 0x0000000100000000)
  region size 1024K, 2 young (2048K), 2 survivors (2048K)
 Metaspace       used 129475K, capacity 133497K, committed 133884K, reserved 1165312K
  class space    used 16607K, capacity 18146K, committed 18328K, reserved 1048576K
}
Event: 646.702 GC heap before
{Heap before GC invocations=64 (full 0):
 garbage-first heap   total 216064K, used 165852K [0x0000000080000000, 0x0000000100000000)
  region size 1024K, 53 young (54272K), 2 survivors (2048K)
 Metaspace       used 129755K, capacity 133791K, committed 134140K, reserved 1165312K
  class space    used 16610K, capacity 18150K, committed 18328K, reserved 1048576K
}
Event: 646.706 GC heap after
{Heap after GC invocations=65 (full 0):
 garbage-first heap   total 216064K, used 116470K [0x0000000080000000, 0x0000000100000000)
  region size 1024K, 3 young (3072K), 3 survivors (3072K)
 Metaspace       used 129755K, capacity 133791K, committed 134140K, reserved 1165312K
  class space    used 16610K, capacity 18150K, committed 18328K, reserved 1048576K
}
Event: 657.081 GC heap before
{Heap before GC invocations=66 (full 0):
 garbage-first heap   total 216064K, used 214774K [0x0000000080000000, 0x0000000100000000)
  region size 1024K, 11 young (11264K), 3 survivors (3072K)
 Metaspace       used 129813K, capacity 133797K, committed 134140K, reserved 1165312K
  class space    used 16611K, capacity 18151K, committed 18328K, reserved 1048576K
}
Event: 657.085 GC heap after
{Heap after GC invocations=67 (full 0):
 garbage-first heap   total 219136K, used 114207K [0x0000000080000000, 0x0000000100000000)
  region size 1024K, 3 young (3072K), 3 survivors (3072K)
 Metaspace       used 129813K, capacity 133797K, committed 134140K, reserved 1165312K
  class space    used 16611K, capacity 18151K, committed 18328K, reserved 1048576K
}
Event: 657.241 GC heap before
{Heap before GC invocations=67 (full 0):
 garbage-first heap   total 219136K, used 121375K [0x0000000080000000, 0x0000000100000000)
  region size 1024K, 10 young (10240K), 3 survivors (3072K)
 Metaspace       used 129833K, capacity 133876K, committed 134140K, reserved 1165312K
  class space    used 16612K, capacity 18154K, committed 18328K, reserved 1048576K
}
Event: 657.248 GC heap after
{Heap after GC invocations=68 (full 0):
 garbage-first heap   total 219136K, used 110455K [0x0000000080000000, 0x0000000100000000)
  region size 1024K, 2 young (2048K), 2 survivors (2048K)
 Metaspace       used 129833K, capacity 133876K, committed 134140K, reserved 1165312K
  class space    used 16612K, capacity 18154K, committed 18328K, reserved 1048576K
}
Event: 674.808 GC heap before
{Heap before GC invocations=68 (full 0):
 garbage-first heap   total 219136K, used 171895K [0x0000000080000000, 0x0000000100000000)
  region size 1024K, 63 young (64512K), 2 survivors (2048K)
 Metaspace       used 130314K, capacity 134436K, committed 134652K, reserved 1165312K
  class space    used 16654K, capacity 18231K, committed 18328K, reserved 1048576K
}
Event: 674.829 GC heap after
{Heap after GC invocations=69 (full 0):
 garbage-first heap   total 219136K, used 117396K [0x0000000080000000, 0x0000000100000000)
  region size 1024K, 8 young (8192K), 8 survivors (8192K)
 Metaspace       used 130314K, capacity 134436K, committed 134652K, reserved 1165312K
  class space    used 16654K, capacity 18231K, committed 18328K, reserved 1048576K
}
Event: 675.877 GC heap before
{Heap before GC invocations=70 (full 0):
 garbage-first heap   total 219136K, used 176788K [0x0000000080000000, 0x0000000100000000)
  region size 1024K, 65 young (66560K), 8 survivors (8192K)
 Metaspace       used 130601K, capacity 134655K, committed 134908K, reserved 1165312K
  class space    used 16654K, capacity 18231K, committed 18328K, reserved 1048576K
}
Event: 675.892 GC heap after
{Heap after GC invocations=71 (full 0):
 garbage-first heap   total 219136K, used 128711K [0x0000000080000000, 0x0000000100000000)
  region size 1024K, 9 young (9216K), 9 survivors (9216K)
 Metaspace       used 130601K, capacity 134655K, committed 134908K, reserved 1165312K
  class space    used 16654K, capacity 18231K, committed 18328K, reserved 1048576K
}
Event: 675.912 GC heap before
{Heap before GC invocations=71 (full 0):
 garbage-first heap   total 219136K, used 129735K [0x0000000080000000, 0x0000000100000000)
  region size 1024K, 10 young (10240K), 9 survivors (9216K)
 Metaspace       used 130602K, capacity 134655K, committed 134908K, reserved 1165312K
  class space    used 16654K, capacity 18231K, committed 18328K, reserved 1048576K
}
Event: 675.931 GC heap after
{Heap after GC invocations=72 (full 0):
 garbage-first heap   total 219136K, used 129776K [0x0000000080000000, 0x0000000100000000)
  region size 1024K, 1 young (1024K), 1 survivors (1024K)
 Metaspace       used 130602K, capacity 134655K, committed 134908K, reserved 1165312K
  class space    used 16654K, capacity 18231K, committed 18328K, reserved 1048576K
}
Event: 676.596 GC heap before
{Heap before GC invocations=72 (full 0):
 garbage-first heap   total 219136K, used 167664K [0x0000000080000000, 0x0000000100000000)
  region size 1024K, 40 young (40960K), 1 survivors (1024K)
 Metaspace       used 130855K, capacity 135015K, committed 135164K, reserved 1167360K
  class space    used 16657K, capacity 18236K, committed 18328K, reserved 1048576K
}
Event: 676.604 GC heap after
{Heap after GC invocations=73 (full 0):
 garbage-first heap   total 219136K, used 134083K [0x0000000080000000, 0x0000000100000000)
  region size 1024K, 6 young (6144K), 6 survivors (6144K)
 Metaspace       used 130855K, capacity 135015K, committed 135164K, reserved 1167360K
  class space    used 16657K, capacity 18236K, committed 18328K, reserved 1048576K
}

Deoptimization events (20 events):
Event: 674.944 Thread 0x000001802ca6c800 DEOPT PACKING pc=0x0000018013abe830 sp=0x00000016ebcf8ce0
Event: 674.944 Thread 0x000001802ca6c800 DEOPT UNPACKING pc=0x0000018011a5a95e sp=0x00000016ebcf8200 mode 0
Event: 674.944 Thread 0x000001802ca6c800 DEOPT PACKING pc=0x0000018012f30924 sp=0x00000016ebcf8dd0
Event: 674.944 Thread 0x000001802ca6c800 DEOPT UNPACKING pc=0x0000018011a5a95e sp=0x00000016ebcf82a0 mode 0
Event: 675.226 Thread 0x0000018031ddc800 Uncommon trap: trap_request=0xffffff4d fr.pc=0x0000018019d6ec0c relative=0x000000000000144c
Event: 675.226 Thread 0x0000018031ddc800 Uncommon trap: reason=unstable_if action=reinterpret pc=0x0000018019d6ec0c method=java.util.concurrent.ConcurrentHashMap.sumCount()J @ 41 c2
Event: 675.226 Thread 0x0000018031ddc800 DEOPT PACKING pc=0x0000018019d6ec0c sp=0x00000016ed6fe380
Event: 675.226 Thread 0x0000018031ddc800 DEOPT UNPACKING pc=0x0000018011a5a1af sp=0x00000016ed6fe1c8 mode 2
Event: 676.042 Thread 0x000001802ca68800 DEOPT PACKING pc=0x0000018013d9bda7 sp=0x00000016efef5760
Event: 676.042 Thread 0x000001802ca68800 DEOPT UNPACKING pc=0x0000018011a5a95e sp=0x00000016efef4c18 mode 0
Event: 676.267 Thread 0x000001802ca69000 Uncommon trap: trap_request=0xffffffde fr.pc=0x0000018019baaee0 relative=0x00000000000023e0
Event: 676.267 Thread 0x000001802ca69000 Uncommon trap: reason=class_check action=maybe_recompile pc=0x0000018019baaee0 method=org.gradle.internal.snapshot.impl.AbstractValueProcessor.processValue(Ljava/lang/Object;Lorg/gradle/internal/snapshot/impl/AbstractValueProcessor$ValueVisitor;)Ljava/lan
Event: 676.267 Thread 0x000001802ca69000 DEOPT PACKING pc=0x0000018019baaee0 sp=0x00000016f03fa5e0
Event: 676.267 Thread 0x000001802ca69000 DEOPT UNPACKING pc=0x0000018011a5a1af sp=0x00000016f03fa5d0 mode 2
Event: 676.368 Thread 0x000001802ca72000 Uncommon trap: trap_request=0xffffffc6 fr.pc=0x000001801973d464 relative=0x00000000000009c4
Event: 676.368 Thread 0x000001802ca72000 Uncommon trap: reason=bimorphic_or_optimized_type_check action=maybe_recompile pc=0x000001801973d464 method=sun.security.util.DerInputStream.getLength(ILjava/io/InputStream;)I @ 109 c2
Event: 676.368 Thread 0x000001802ca72000 DEOPT PACKING pc=0x000001801973d464 sp=0x00000016f0ffdac0
Event: 676.368 Thread 0x000001802ca72000 DEOPT UNPACKING pc=0x0000018011a5a1af sp=0x00000016f0ffda70 mode 2
Event: 676.417 Thread 0x000001802ca72000 DEOPT PACKING pc=0x0000018012372d91 sp=0x00000016f0ffdbf0
Event: 676.417 Thread 0x000001802ca72000 DEOPT UNPACKING pc=0x0000018011a5a95e sp=0x00000016f0ffd0c8 mode 0

Classes redefined (0 events):
No events

Internal exceptions (20 events):
Event: 676.014 Thread 0x000001802ca68800 Exception <a 'sun/nio/fs/WindowsException'{0x000000008cc64b60}> (0x000000008cc64b60) thrown at [src/hotspot/share/prims/jni.cpp, line 617]
Event: 676.016 Thread 0x000001802ca68800 Exception <a 'sun/nio/fs/WindowsException'{0x000000008cb10700}> (0x000000008cb10700) thrown at [src/hotspot/share/prims/jni.cpp, line 617]
Event: 676.016 Thread 0x000001802ca68800 Exception <a 'sun/nio/fs/WindowsException'{0x000000008cb10840}> (0x000000008cb10840) thrown at [src/hotspot/share/prims/jni.cpp, line 617]
Event: 676.023 Thread 0x000001802ca68800 Exception <a 'sun/nio/fs/WindowsException'{0x000000008ca0bb88}> (0x000000008ca0bb88) thrown at [src/hotspot/share/prims/jni.cpp, line 617]
Event: 676.023 Thread 0x000001802ca68800 Exception <a 'sun/nio/fs/WindowsException'{0x000000008ca0bcf0}> (0x000000008ca0bcf0) thrown at [src/hotspot/share/prims/jni.cpp, line 617]
Event: 676.029 Thread 0x000001802ca68800 Exception <a 'sun/nio/fs/WindowsException'{0x000000008ca39088}> (0x000000008ca39088) thrown at [src/hotspot/share/prims/jni.cpp, line 617]
Event: 676.029 Thread 0x000001802ca68800 Exception <a 'sun/nio/fs/WindowsException'{0x000000008ca391d8}> (0x000000008ca391d8) thrown at [src/hotspot/share/prims/jni.cpp, line 617]
Event: 676.031 Thread 0x000001802ca68800 Exception <a 'sun/nio/fs/WindowsException'{0x000000008ca94830}> (0x000000008ca94830) thrown at [src/hotspot/share/prims/jni.cpp, line 617]
Event: 676.031 Thread 0x000001802ca68800 Exception <a 'sun/nio/fs/WindowsException'{0x000000008ca94980}> (0x000000008ca94980) thrown at [src/hotspot/share/prims/jni.cpp, line 617]
Event: 676.032 Thread 0x000001802ca68800 Exception <a 'sun/nio/fs/WindowsException'{0x000000008caadf48}> (0x000000008caadf48) thrown at [src/hotspot/share/prims/jni.cpp, line 617]
Event: 676.032 Thread 0x000001802ca68800 Exception <a 'sun/nio/fs/WindowsException'{0x000000008caae0a0}> (0x000000008caae0a0) thrown at [src/hotspot/share/prims/jni.cpp, line 617]
Event: 676.034 Thread 0x000001802ca68800 Exception <a 'sun/nio/fs/WindowsException'{0x000000008cad4e38}> (0x000000008cad4e38) thrown at [src/hotspot/share/prims/jni.cpp, line 617]
Event: 676.034 Thread 0x000001802ca68800 Exception <a 'sun/nio/fs/WindowsException'{0x000000008cad4f90}> (0x000000008cad4f90) thrown at [src/hotspot/share/prims/jni.cpp, line 617]
Event: 676.037 Thread 0x000001802ca68800 Exception <a 'sun/nio/fs/WindowsException'{0x000000008c9407b0}> (0x000000008c9407b0) thrown at [src/hotspot/share/prims/jni.cpp, line 617]
Event: 676.037 Thread 0x000001802ca68800 Exception <a 'sun/nio/fs/WindowsException'{0x000000008c940900}> (0x000000008c940900) thrown at [src/hotspot/share/prims/jni.cpp, line 617]
Event: 676.053 Thread 0x000001802ca68800 Exception <a 'sun/nio/fs/WindowsException'{0x000000008c75d2e8}> (0x000000008c75d2e8) thrown at [src/hotspot/share/prims/jni.cpp, line 617]
Event: 676.224 Thread 0x000001802ca76000 Exception <a 'sun/nio/fs/WindowsException'{0x000000008bce8338}> (0x000000008bce8338) thrown at [src/hotspot/share/prims/jni.cpp, line 617]
Event: 676.240 Thread 0x000001802ca76000 Exception <a 'sun/nio/fs/WindowsException'{0x000000008baae970}> (0x000000008baae970) thrown at [src/hotspot/share/prims/jni.cpp, line 617]
Event: 676.284 Thread 0x000001802b3b6800 Exception <a 'sun/nio/fs/WindowsException'{0x000000008b8a7470}> (0x000000008b8a7470) thrown at [src/hotspot/share/prims/jni.cpp, line 617]
Event: 676.307 Thread 0x000001802b3b6800 Exception <a 'sun/nio/fs/WindowsException'{0x000000008b573ea8}> (0x000000008b573ea8) thrown at [src/hotspot/share/prims/jni.cpp, line 617]

Events (20 events):
Event: 676.226 Executing VM operation: RevokeBias
Event: 676.226 Executing VM operation: RevokeBias done
Event: 676.226 Executing VM operation: RevokeBias
Event: 676.226 Executing VM operation: RevokeBias done
Event: 676.276 Executing VM operation: RevokeBias
Event: 676.276 Executing VM operation: RevokeBias done
Event: 676.472 Executing VM operation: RevokeBias
Event: 676.472 Executing VM operation: RevokeBias done
Event: 676.528 Executing VM operation: RevokeBias
Event: 676.528 Executing VM operation: RevokeBias done
Event: 676.571 Executing VM operation: RevokeBias
Event: 676.571 Executing VM operation: RevokeBias done
Event: 676.595 Executing VM operation: G1CollectForAllocation
Event: 676.604 Executing VM operation: G1CollectForAllocation done
Event: 676.605 Executing VM operation: RevokeBias
Event: 676.606 Executing VM operation: RevokeBias done
Event: 676.607 Executing VM operation: RevokeBias
Event: 676.607 Executing VM operation: RevokeBias done
Event: 676.608 Executing VM operation: RevokeBias
Event: 676.609 Executing VM operation: RevokeBias done


Dynamic libraries:
0x00007ff7b03a0000 - 0x00007ff7b03aa000 	D:\program files\Android\AS\jbr\bin\java.exe
0x00007ffc45810000 - 0x00007ffc45a08000 	C:\WINDOWS\SYSTEM32\ntdll.dll
0x00007ffc43de0000 - 0x00007ffc43ea2000 	C:\WINDOWS\System32\KERNEL32.DLL
0x00007ffc43260000 - 0x00007ffc43556000 	C:\WINDOWS\System32\KERNELBASE.dll
0x00007ffc43740000 - 0x00007ffc43840000 	C:\WINDOWS\System32\ucrtbase.dll
0x00007ffc3d960000 - 0x00007ffc3d977000 	D:\program files\Android\AS\jbr\bin\jli.dll
0x00007ffc438f0000 - 0x00007ffc43a8d000 	C:\WINDOWS\System32\USER32.dll
0x00007ffc42f30000 - 0x00007ffc42f52000 	C:\WINDOWS\System32\win32u.dll
0x00007ffc43eb0000 - 0x00007ffc43edb000 	C:\WINDOWS\System32\GDI32.dll
0x00007ffc27120000 - 0x00007ffc273ba000 	C:\WINDOWS\WinSxS\amd64_microsoft.windows.common-controls_6595b64144ccf1df_6.0.19041.5794_none_60bcd33171f2783c\COMCTL32.dll
0x00007ffc43140000 - 0x00007ffc4325a000 	C:\WINDOWS\System32\gdi32full.dll
0x00007ffc45090000 - 0x00007ffc4512e000 	C:\WINDOWS\System32\msvcrt.dll
0x00007ffc43560000 - 0x00007ffc435fd000 	C:\WINDOWS\System32\msvcp_win.dll
0x00007ffc3bcb0000 - 0x00007ffc3bccb000 	D:\program files\Android\AS\jbr\bin\VCRUNTIME140.dll
0x00007ffc45320000 - 0x00007ffc4534f000 	C:\WINDOWS\System32\IMM32.DLL
0x00007ffc3d6d0000 - 0x00007ffc3d6dc000 	D:\program files\Android\AS\jbr\bin\vcruntime140_1.dll
0x00007ffc1fb00000 - 0x00007ffc1fb8d000 	D:\program files\Android\AS\jbr\bin\msvcp140.dll
0x00007ffbed1d0000 - 0x00007ffbedd8c000 	D:\program files\Android\AS\jbr\bin\server\jvm.dll
0x00007ffc43a90000 - 0x00007ffc43b3f000 	C:\WINDOWS\System32\ADVAPI32.dll
0x00007ffc43840000 - 0x00007ffc438df000 	C:\WINDOWS\System32\sechost.dll
0x00007ffc43c00000 - 0x00007ffc43d23000 	C:\WINDOWS\System32\RPCRT4.dll
0x00007ffc42eb0000 - 0x00007ffc42ed7000 	C:\WINDOWS\System32\bcrypt.dll
0x00007ffc438e0000 - 0x00007ffc438e8000 	C:\WINDOWS\System32\PSAPI.DLL
0x00007ffbf0660000 - 0x00007ffbf0669000 	C:\WINDOWS\SYSTEM32\WSOCK32.dll
0x00007ffc44d50000 - 0x00007ffc44dbb000 	C:\WINDOWS\System32\WS2_32.dll
0x00007ffc32660000 - 0x00007ffc32687000 	C:\WINDOWS\SYSTEM32\WINMM.dll
0x00007ffc396b0000 - 0x00007ffc396ba000 	C:\WINDOWS\SYSTEM32\VERSION.dll
0x00007ffc40d10000 - 0x00007ffc40d22000 	C:\WINDOWS\SYSTEM32\kernel.appcore.dll
0x00007ffc3d940000 - 0x00007ffc3d950000 	D:\program files\Android\AS\jbr\bin\verify.dll
0x00007ffc3abc0000 - 0x00007ffc3adc1000 	C:\WINDOWS\SYSTEM32\DBGHELP.DLL
0x00007ffc396f0000 - 0x00007ffc39724000 	C:\WINDOWS\SYSTEM32\dbgcore.DLL
0x00007ffc436b0000 - 0x00007ffc43732000 	C:\WINDOWS\System32\bcryptPrimitives.dll
0x00007ffc32c60000 - 0x00007ffc32c88000 	D:\program files\Android\AS\jbr\bin\java.dll
0x00007ffc3d4e0000 - 0x00007ffc3d4ea000 	D:\program files\Android\AS\jbr\bin\jimage.dll
0x00007ffc3cd20000 - 0x00007ffc3cd38000 	D:\program files\Android\AS\jbr\bin\zip.dll
0x00007ffc43ee0000 - 0x00007ffc4464e000 	C:\WINDOWS\System32\SHELL32.dll
0x00007ffc40f30000 - 0x00007ffc416d3000 	C:\WINDOWS\SYSTEM32\windows.storage.dll
0x00007ffc45350000 - 0x00007ffc456a3000 	C:\WINDOWS\System32\combase.dll
0x00007ffc42870000 - 0x00007ffc4289b000 	C:\WINDOWS\SYSTEM32\Wldp.dll
0x00007ffc451c0000 - 0x00007ffc4528d000 	C:\WINDOWS\System32\OLEAUT32.dll
0x00007ffc43d30000 - 0x00007ffc43ddd000 	C:\WINDOWS\System32\SHCORE.dll
0x00007ffc44f00000 - 0x00007ffc44f55000 	C:\WINDOWS\System32\shlwapi.dll
0x00007ffc42de0000 - 0x00007ffc42e05000 	C:\WINDOWS\SYSTEM32\profapi.dll
0x00007ffc3c160000 - 0x00007ffc3c179000 	D:\program files\Android\AS\jbr\bin\net.dll
0x00007ffc3fdb0000 - 0x00007ffc3feba000 	C:\WINDOWS\SYSTEM32\WINHTTP.dll
0x00007ffc425d0000 - 0x00007ffc4263c000 	C:\WINDOWS\system32\mswsock.dll
0x00007ffc3bc60000 - 0x00007ffc3bc73000 	D:\program files\Android\AS\jbr\bin\nio.dll
0x00007ffc3c120000 - 0x00007ffc3c147000 	C:\Users\HP\.gradle\native\e1d6ef7f7dcc3fd88c89a11ec53ec762bb8ba0a96d01ffa2cd45eb1d1d8dd5c5\windows-amd64\native-platform.dll
0x00007ffc121d0000 - 0x00007ffc12314000 	C:\Users\HP\.gradle\native\0d407fdbe67a94daf76414ababcb853783967236a71b16ec16e742cd7a986fd3\windows-amd64\native-platform-file-events.dll
0x00007ffc3cd90000 - 0x00007ffc3cd9a000 	D:\program files\Android\AS\jbr\bin\management.dll
0x00007ffc3cd60000 - 0x00007ffc3cd6b000 	D:\program files\Android\AS\jbr\bin\management_ext.dll
0x00007ffc427c0000 - 0x00007ffc427d8000 	C:\WINDOWS\SYSTEM32\CRYPTSP.dll
0x00007ffc41e90000 - 0x00007ffc41ec8000 	C:\WINDOWS\system32\rsaenh.dll
0x00007ffc42da0000 - 0x00007ffc42dce000 	C:\WINDOWS\SYSTEM32\USERENV.dll
0x00007ffc427e0000 - 0x00007ffc427ec000 	C:\WINDOWS\SYSTEM32\CRYPTBASE.dll
0x00007ffc422b0000 - 0x00007ffc422eb000 	C:\WINDOWS\SYSTEM32\IPHLPAPI.DLL
0x00007ffc451b0000 - 0x00007ffc451b8000 	C:\WINDOWS\System32\NSI.dll
0x00007ffc39e00000 - 0x00007ffc39e17000 	C:\WINDOWS\SYSTEM32\dhcpcsvc6.DLL
0x00007ffc3a820000 - 0x00007ffc3a83d000 	C:\WINDOWS\SYSTEM32\dhcpcsvc.DLL
0x00007ffc42340000 - 0x00007ffc4240a000 	C:\WINDOWS\SYSTEM32\DNSAPI.dll
0x00007ffc28da0000 - 0x00007ffc28dc7000 	D:\program files\Android\AS\jbr\bin\sunec.dll
0x0000000068ba0000 - 0x0000000068bc6000 	C:\Program Files\Bonjour\mdnsNSP.dll
0x00007ffc39db0000 - 0x00007ffc39dba000 	C:\Windows\System32\rasadhlp.dll
0x00007ffc399e0000 - 0x00007ffc39a60000 	C:\WINDOWS\System32\fwpuclnt.dll
0x00007ffc420e0000 - 0x00007ffc42113000 	C:\WINDOWS\SYSTEM32\ntmarta.dll

dbghelp: loaded successfully - version: 4.0.5 - missing functions: none
symbol engine: initialized successfully - sym options: 0x614 - pdb path: .;D:\program files\Android\AS\jbr\bin;C:\WINDOWS\SYSTEM32;C:\WINDOWS\WinSxS\amd64_microsoft.windows.common-controls_6595b64144ccf1df_6.0.19041.5794_none_60bcd33171f2783c;D:\program files\Android\AS\jbr\bin\server;C:\Users\HP\.gradle\native\e1d6ef7f7dcc3fd88c89a11ec53ec762bb8ba0a96d01ffa2cd45eb1d1d8dd5c5\windows-amd64;C:\Users\HP\.gradle\native\0d407fdbe67a94daf76414ababcb853783967236a71b16ec16e742cd7a986fd3\windows-amd64;C:\Program Files\Bonjour

VM Arguments:
jvm_args: --add-opens=java.base/java.util=ALL-UNNAMED --add-opens=java.base/java.lang=ALL-UNNAMED --add-opens=java.base/java.lang.invoke=ALL-UNNAMED --add-opens=java.base/java.util=ALL-UNNAMED --add-opens=java.prefs/java.util.prefs=ALL-UNNAMED --add-opens=java.prefs/java.util.prefs=ALL-UNNAMED --add-opens=java.base/java.nio.charset=ALL-UNNAMED --add-opens=java.base/java.net=ALL-UNNAMED --add-opens=java.base/java.util.concurrent.atomic=ALL-UNNAMED -Xmx2048m -Dfile.encoding=UTF-8 -Duser.country=RU -Duser.language=ru -Duser.variant 
java_command: org.gradle.launcher.daemon.bootstrap.GradleDaemon 7.5
java_class_path (initial): C:\Users\HP\.gradle\wrapper\dists\gradle-7.5-bin\f1w0cc9nuo0eivz97x2xlu9sv\gradle-7.5\lib\gradle-launcher-7.5.jar
Launcher Type: SUN_STANDARD

[Global flags]
     intx CICompilerCount                          = 3                                         {product} {ergonomic}
     uint ConcGCThreads                            = 1                                         {product} {ergonomic}
     uint G1ConcRefinementThreads                  = 4                                         {product} {ergonomic}
   size_t G1HeapRegionSize                         = 1048576                                   {product} {ergonomic}
    uintx GCDrainStackTargetSize                   = 64                                        {product} {ergonomic}
   size_t InitialHeapSize                          = 123731968                                 {product} {ergonomic}
   size_t MarkStackSize                            = 4194304                                   {product} {ergonomic}
   size_t MaxHeapSize                              = 2147483648                                {product} {command line}
   size_t MaxNewSize                               = 1287651328                                {product} {ergonomic}
   size_t MinHeapDeltaBytes                        = 1048576                                   {product} {ergonomic}
    uintx NonNMethodCodeHeapSize                   = 5830732                                {pd product} {ergonomic}
    uintx NonProfiledCodeHeapSize                  = 122913754                              {pd product} {ergonomic}
    uintx ProfiledCodeHeapSize                     = 122913754                              {pd product} {ergonomic}
    uintx ReservedCodeCacheSize                    = 251658240                              {pd product} {ergonomic}
     bool SegmentedCodeCache                       = true                                      {product} {ergonomic}
     bool UseCompressedClassPointers               = true                                 {lp64_product} {ergonomic}
     bool UseCompressedOops                        = true                                 {lp64_product} {ergonomic}
     bool UseG1GC                                  = true                                      {product} {ergonomic}
     bool UseLargePagesIndividualAllocation        = false                                  {pd product} {ergonomic}

Logging:
Log output configuration:
 #0: stdout all=warning uptime,level,tags
 #1: stderr all=off uptime,level,tags

Environment Variables:
JAVA_HOME=C:\Program Files\Java\jdk1.8.0_241
PATH=C:\Program Files (x86)\Common Files\Oracle\Java\javapath;C:\WINDOWS\system32;C:\WINDOWS;C:\WINDOWS\System32\Wbem;C:\WINDOWS\System32\WindowsPowerShell\v1.0\;C:\WINDOWS\System32\OpenSSH\;C:\Program Files\Java\jdk1.8.0_241\bin;C:\Program Files\Git\cmd;C:\Users\HP\AppData\Local\Microsoft\WindowsApps;C:\Program Files\Java\jdk1.8.0_241\bin;
USERNAME=HP
OS=Windows_NT
PROCESSOR_IDENTIFIER=AMD64 Family 23 Model 96 Stepping 1, AuthenticAMD



---------------  S Y S T E M  ---------------

OS: Windows 10 , 64 bit Build 19041 (10.0.19041.5794)
OS uptime: 3 days 8:30 hours

CPU:total 4 (initial active 4) (4 cores per cpu, 1 threads per core) family 23 model 96 stepping 1 microcode 0x0, cmov, cx8, fxsr, mmx, sse, sse2, sse3, ssse3, sse4.1, sse4.2, popcnt, avx, avx2, aes, clmul, mmxext, 3dnowpref, lzcnt, sse4a, tsc, tscinvbit, tscinv, bmi1, bmi2, adx, sha, fma

Memory: 4k page, system-wide physical 7541M (299M free)
TotalPageFile size 17735M (AvailPageFile size 6M)
current process WorkingSet (physical memory assigned to process): 466M, peak: 466M
current process commit charge ("private bytes"): 590M, peak: 592M

vm_info: OpenJDK 64-Bit Server VM (11.0.15+0-b2043.56-9505619) for windows-amd64 JRE (11.0.15+0-b2043.56-9505619), built on Jan 19 2023 02:48:00 by "builduser" with unknown MS VC++:1929

END.
