#
# There is insufficient memory for the Java Runtime Environment to continue.
# Native memory allocation (mmap) failed to map 30408704 bytes for Failed to commit area from 0x0000000088e00000 to 0x000000008ab00000 of length 30408704.
# Possible reasons:
#   The system is out of physical RAM or swap space
#   The process is running with CompressedOops enabled, and the Java Heap may be blocking the growth of the native heap
# Possible solutions:
#   Reduce memory load on the system
#   Increase physical memory or swap space
#   Check if swap backing store is full
#   Decrease Java heap size (-Xmx/-Xms)
#   Decrease number of Java threads
#   Decrease Java thread stack sizes (-Xss)
#   Set larger code cache with -XX:ReservedCodeCacheSize=
#   JVM is running with Unscaled Compressed Oops mode in which the Java heap is
#     placed in the first 4GB address space. The Java Heap base address is the
#     maximum limit for the native heap growth. Please use -XX:HeapBaseMinAddress
#     to set the Java Heap base and to place the Java Heap above 4GB virtual address.
# This output file may be truncated or incomplete.
#
#  Out of Memory Error (src/hotspot/os/windows/os_windows.cpp:3627), pid=38720, tid=38064
#
# JRE version: OpenJDK Runtime Environment (11.0.15) (build 11.0.15+0-b2043.56-9505619)
# Java VM: OpenJDK 64-Bit Server VM (11.0.15+0-b2043.56-9505619, mixed mode, tiered, compressed oops, g1 gc, windows-amd64)
# No core dump will be written. Minidumps are not enabled by default on client versions of Windows
#

---------------  S U M M A R Y ------------

Command Line: --add-opens=java.base/java.util=ALL-UNNAMED --add-opens=java.base/java.lang=ALL-UNNAMED --add-opens=java.base/java.lang.invoke=ALL-UNNAMED --add-opens=java.base/java.util=ALL-UNNAMED --add-opens=java.prefs/java.util.prefs=ALL-UNNAMED --add-opens=java.prefs/java.util.prefs=ALL-UNNAMED --add-opens=java.base/java.nio.charset=ALL-UNNAMED --add-opens=java.base/java.net=ALL-UNNAMED --add-opens=java.base/java.util.concurrent.atomic=ALL-UNNAMED -Xmx2048m -Dfile.encoding=UTF-8 -Duser.country=RU -Duser.language=ru -Duser.variant org.gradle.launcher.daemon.bootstrap.GradleDaemon 7.5

Host: AMD Ryzen 3 4300U with Radeon Graphics         , 4 cores, 7G,  Windows 10 , 64 bit Build 19041 (10.0.19041.5678)
Time: Thu May  8 09:33:06 2025 RTZ 2 (s 10 , 64 bit Build 19041 (10.0.19041.5678) elapsed time: 10.507779 seconds (0d 0h 0m 10s)

---------------  T H R E A D  ---------------

Current thread (0x000001647f2b4800):  VMThread "VM Thread" [stack: 0x0000001546500000,0x0000001546600000] [id=38064]

Stack: [0x0000001546500000,0x0000001546600000]
[error occurred during error reporting (printing stack bounds), id 0xc0000005, EXCEPTION_ACCESS_VIOLATION (0xc0000005) at pc=0x000001640000112d]

Native frames: (J=compiled Java code, j=interpreted, Vv=VM code, C=native code)
V  [jvm.dll+0x64135a]
V  [jvm.dll+0x7d39f9]
V  [jvm.dll+0x7d51b9]
V  [jvm.dll+0x7d5805]
V  [jvm.dll+0x7d57bb]
V  [jvm.dll+0x640655]
V  [jvm.dll+0x640d68]
C  [ntdll.dll+0xa28bf]
C  [ntdll.dll+0x52554]
C  [ntdll.dll+0xa13ce]
C  0x000001640000112d

VM_Operation (0x00000015477f53f0): G1CollectForAllocation, mode: safepoint, requested by thread 0x000001641358b800


---------------  P R O C E S S  ---------------

Threads class SMR info:
_java_thread_list=0x00000164180da850, length=80, elements={
0x0000016474746800, 0x000001647f2b8000, 0x000001647f2b9000, 0x000001647f2d8000,
0x000001647f2d9000, 0x000001647f2dc000, 0x000001647f2de000, 0x000001647f2e4000,
0x000001647f2e8000, 0x0000016411184000, 0x00000164126a1000, 0x0000016412927800,
0x0000016413136800, 0x0000016413ff9000, 0x00000164135ff800, 0x000001641358a800,
0x000001641358b800, 0x00000164129b6800, 0x000001641382f000, 0x0000016413830000,
0x00000164135fa000, 0x00000164135fb000, 0x00000164135fc000, 0x00000164135f6000,
0x00000164135fc800, 0x00000164135f9800, 0x00000164135f7000, 0x00000164135f7800,
0x00000164135f8800, 0x0000016413917800, 0x0000016413913800, 0x0000016413916800,
0x0000016413919000, 0x000001641391a000, 0x0000016413914000, 0x000001641391a800,
0x0000016413915000, 0x000001641391b800, 0x0000016413916000, 0x000001641391f800,
0x000001641391e000, 0x0000016413920800, 0x000001641391c800, 0x000001641391f000,
0x0000016413921000, 0x0000016413922000, 0x000001641391d000, 0x0000016416523800,
0x0000016416522800, 0x0000016416521000, 0x0000016416525000, 0x0000016416526000,
0x0000016416520000, 0x0000016416526800, 0x0000016416527800, 0x0000016416521800,
0x000001641652a000, 0x0000016416528000, 0x0000016416529000, 0x0000016416524000,
0x000001641652c800, 0x000001641652a800, 0x000001641652e000, 0x000001641652d000,
0x000001641652f000, 0x000001641652b800, 0x00000164169d8000, 0x00000164169d7000,
0x00000164169d8800, 0x00000164169db000, 0x00000164169dc000, 0x00000164169d9800,
0x00000164169d6800, 0x00000164169dd800, 0x00000164169da800, 0x00000164169e2800,
0x00000164169de800, 0x000001641706a000, 0x00000164169e1800, 0x00000164169e0000
}

Java Threads: ( => current thread )
  0x0000016474746800 JavaThread "main" [_thread_blocked, id=8728, stack(0x0000001545f00000,0x0000001546000000)]
  0x000001647f2b8000 JavaThread "Reference Handler" daemon [_thread_blocked, id=13120, stack(0x0000001546600000,0x0000001546700000)]
  0x000001647f2b9000 JavaThread "Finalizer" daemon [_thread_blocked, id=28272, stack(0x0000001546700000,0x0000001546800000)]
  0x000001647f2d8000 JavaThread "Signal Dispatcher" daemon [_thread_blocked, id=30088, stack(0x0000001546800000,0x0000001546900000)]
  0x000001647f2d9000 JavaThread "Attach Listener" daemon [_thread_blocked, id=38252, stack(0x0000001546900000,0x0000001546a00000)]
  0x000001647f2dc000 JavaThread "Service Thread" daemon [_thread_blocked, id=31020, stack(0x0000001546a00000,0x0000001546b00000)]
  0x000001647f2de000 JavaThread "C2 CompilerThread0" daemon [_thread_blocked, id=30736, stack(0x0000001546b00000,0x0000001546c00000)]
  0x000001647f2e4000 JavaThread "C1 CompilerThread0" daemon [_thread_blocked, id=39436, stack(0x0000001546c00000,0x0000001546d00000)]
  0x000001647f2e8000 JavaThread "Sweeper thread" daemon [_thread_blocked, id=26544, stack(0x0000001546d00000,0x0000001546e00000)]
  0x0000016411184000 JavaThread "Common-Cleaner" daemon [_thread_blocked, id=38836, stack(0x0000001546e00000,0x0000001546f00000)]
  0x00000164126a1000 JavaThread "Daemon health stats" [_thread_blocked, id=35080, stack(0x0000001547200000,0x0000001547300000)]
  0x0000016412927800 JavaThread "Incoming local TCP Connector on port 62033" [_thread_in_native, id=39652, stack(0x0000001547000000,0x0000001547100000)]
  0x0000016413136800 JavaThread "Daemon periodic checks" [_thread_blocked, id=10136, stack(0x0000001547300000,0x0000001547400000)]
  0x0000016413ff9000 JavaThread "Daemon" [_thread_blocked, id=14764, stack(0x0000001547400000,0x0000001547500000)]
  0x00000164135ff800 JavaThread "Handler for socket connection from /127.0.0.1:62033 to /127.0.0.1:62034" [_thread_in_native, id=36104, stack(0x0000001547500000,0x0000001547600000)]
  0x000001641358a800 JavaThread "Cancel handler" [_thread_blocked, id=39848, stack(0x0000001547600000,0x0000001547700000)]
  0x000001641358b800 JavaThread "Daemon worker" [_thread_blocked, id=30104, stack(0x0000001547700000,0x0000001547800000)]
  0x00000164129b6800 JavaThread "Asynchronous log dispatcher for DefaultDaemonConnection: socket connection from /127.0.0.1:62033 to /127.0.0.1:62034" [_thread_blocked, id=37520, stack(0x0000001547800000,0x0000001547900000)]
  0x000001641382f000 JavaThread "Stdin handler" [_thread_blocked, id=15532, stack(0x0000001547900000,0x0000001547a00000)]
  0x0000016413830000 JavaThread "Daemon client event forwarder" [_thread_blocked, id=38112, stack(0x0000001547a00000,0x0000001547b00000)]
  0x00000164135fa000 JavaThread "Cache worker for journal cache (C:\Users\HP\.gradle\caches\journal-1)" [_thread_blocked, id=36856, stack(0x0000001547b00000,0x0000001547c00000)]
  0x00000164135fb000 JavaThread "File lock request listener" [_thread_in_native, id=40652, stack(0x0000001547e00000,0x0000001547f00000)]
  0x00000164135fc000 JavaThread "Cache worker for file hash cache (C:\Users\HP\.gradle\caches\7.5\fileHashes)" [_thread_blocked, id=28384, stack(0x0000001547f00000,0x0000001548000000)]
  0x00000164135f6000 JavaThread "File watcher server" daemon [_thread_in_native, id=13580, stack(0x0000001548100000,0x0000001548200000)]
  0x00000164135fc800 JavaThread "File watcher consumer" daemon [_thread_blocked, id=18572, stack(0x0000001548200000,0x0000001548300000)]
  0x00000164135f9800 JavaThread "Cache worker for checksums cache (F:\JavaAndriod\RoadToHeaven\.gradle\7.5\checksums)" [_thread_blocked, id=4744, stack(0x0000001548000000,0x0000001548100000)]
  0x00000164135f7000 JavaThread "Cache worker for cache directory md-rule (C:\Users\HP\.gradle\caches\7.5\md-rule)" [_thread_blocked, id=15640, stack(0x0000001548300000,0x0000001548400000)]
  0x00000164135f7800 JavaThread "Cache worker for file content cache (C:\Users\HP\.gradle\caches\7.5\fileContent)" [_thread_blocked, id=37440, stack(0x0000001548400000,0x0000001548500000)]
  0x00000164135f8800 JavaThread "Cache worker for file hash cache (F:\JavaAndriod\RoadToHeaven\.gradle\7.5\fileHashes)" [_thread_blocked, id=40776, stack(0x0000001548500000,0x0000001548600000)]
  0x0000016413917800 JavaThread "Cache worker for cache directory md-supplier (C:\Users\HP\.gradle\caches\7.5\md-supplier)" [_thread_blocked, id=31128, stack(0x0000001548600000,0x0000001548700000)]
  0x0000016413913800 JavaThread "Cache worker for execution history cache (C:\Users\HP\.gradle\caches\7.5\executionHistory)" [_thread_blocked, id=33880, stack(0x0000001548700000,0x0000001548800000)]
  0x0000016413916800 JavaThread "jar transforms" [_thread_blocked, id=39000, stack(0x0000001548800000,0x0000001548900000)]
  0x0000016413919000 JavaThread "jar transforms Thread 2" [_thread_blocked, id=28528, stack(0x0000001548900000,0x0000001548a00000)]
  0x000001641391a000 JavaThread "jar transforms Thread 3" [_thread_blocked, id=39180, stack(0x0000001548b00000,0x0000001548c00000)]
  0x0000016413914000 JavaThread "jar transforms Thread 4" [_thread_blocked, id=6516, stack(0x0000001548c00000,0x0000001548d00000)]
  0x000001641391a800 JavaThread "Cache worker for dependencies-accessors (F:\JavaAndriod\RoadToHeaven\.gradle\7.5\dependencies-accessors)" [_thread_blocked, id=36480, stack(0x0000001548d00000,0x0000001548e00000)]
  0x0000016413915000 JavaThread "Cache worker for Build Output Cleanup Cache (F:\JavaAndriod\RoadToHeaven\.gradle\buildOutputCleanup)" [_thread_blocked, id=3460, stack(0x0000001548e00000,0x0000001548f00000)]
  0x000001641391b800 JavaThread "Unconstrained build operations" [_thread_blocked, id=11612, stack(0x0000001548f00000,0x0000001549000000)]
  0x0000016413916000 JavaThread "Unconstrained build operations Thread 2" [_thread_blocked, id=31596, stack(0x0000001549000000,0x0000001549100000)]
  0x000001641391f800 JavaThread "Unconstrained build operations Thread 3" [_thread_blocked, id=13048, stack(0x0000001549100000,0x0000001549200000)]
  0x000001641391e000 JavaThread "Unconstrained build operations Thread 4" [_thread_blocked, id=39656, stack(0x0000001549200000,0x0000001549300000)]
  0x0000016413920800 JavaThread "Unconstrained build operations Thread 5" [_thread_blocked, id=38036, stack(0x0000001549300000,0x0000001549400000)]
  0x000001641391c800 JavaThread "Unconstrained build operations Thread 6" [_thread_blocked, id=39264, stack(0x0000001549400000,0x0000001549500000)]
  0x000001641391f000 JavaThread "Unconstrained build operations Thread 7" [_thread_blocked, id=1732, stack(0x0000001549500000,0x0000001549600000)]
  0x0000016413921000 JavaThread "Unconstrained build operations Thread 8" [_thread_blocked, id=29800, stack(0x0000001549600000,0x0000001549700000)]
  0x0000016413922000 JavaThread "Unconstrained build operations Thread 9" [_thread_blocked, id=20256, stack(0x0000001549700000,0x0000001549800000)]
  0x000001641391d000 JavaThread "Unconstrained build operations Thread 10" [_thread_blocked, id=41000, stack(0x0000001549800000,0x0000001549900000)]
  0x0000016416523800 JavaThread "Unconstrained build operations Thread 11" [_thread_blocked, id=10028, stack(0x0000001549900000,0x0000001549a00000)]
  0x0000016416522800 JavaThread "Unconstrained build operations Thread 12" [_thread_blocked, id=20172, stack(0x0000001549a00000,0x0000001549b00000)]
  0x0000016416521000 JavaThread "Unconstrained build operations Thread 13" [_thread_blocked, id=31804, stack(0x0000001549b00000,0x0000001549c00000)]
  0x0000016416525000 JavaThread "Unconstrained build operations Thread 14" [_thread_blocked, id=3728, stack(0x0000001549c00000,0x0000001549d00000)]
  0x0000016416526000 JavaThread "Unconstrained build operations Thread 15" [_thread_blocked, id=40092, stack(0x0000001549d00000,0x0000001549e00000)]
  0x0000016416520000 JavaThread "Unconstrained build operations Thread 16" [_thread_blocked, id=36252, stack(0x0000001549e00000,0x0000001549f00000)]
  0x0000016416526800 JavaThread "Unconstrained build operations Thread 17" [_thread_blocked, id=28240, stack(0x0000001549f00000,0x000000154a000000)]
  0x0000016416527800 JavaThread "Unconstrained build operations Thread 18" [_thread_blocked, id=40884, stack(0x000000154a000000,0x000000154a100000)]
  0x0000016416521800 JavaThread "Unconstrained build operations Thread 19" [_thread_blocked, id=9836, stack(0x000000154a100000,0x000000154a200000)]
  0x000001641652a000 JavaThread "Unconstrained build operations Thread 20" [_thread_blocked, id=5796, stack(0x000000154a200000,0x000000154a300000)]
  0x0000016416528000 JavaThread "Unconstrained build operations Thread 21" [_thread_blocked, id=34876, stack(0x000000154a300000,0x000000154a400000)]
  0x0000016416529000 JavaThread "Unconstrained build operations Thread 22" [_thread_blocked, id=7012, stack(0x000000154a400000,0x000000154a500000)]
  0x0000016416524000 JavaThread "Unconstrained build operations Thread 23" [_thread_blocked, id=23636, stack(0x000000154a500000,0x000000154a600000)]
  0x000001641652c800 JavaThread "Unconstrained build operations Thread 24" [_thread_blocked, id=33976, stack(0x000000154a600000,0x000000154a700000)]
  0x000001641652a800 JavaThread "Unconstrained build operations Thread 25" [_thread_blocked, id=37280, stack(0x000000154a700000,0x000000154a800000)]
  0x000001641652e000 JavaThread "Unconstrained build operations Thread 26" [_thread_blocked, id=28864, stack(0x000000154a800000,0x000000154a900000)]
  0x000001641652d000 JavaThread "Unconstrained build operations Thread 27" [_thread_blocked, id=32744, stack(0x000000154a900000,0x000000154aa00000)]
  0x000001641652f000 JavaThread "Unconstrained build operations Thread 28" [_thread_blocked, id=36844, stack(0x000000154aa00000,0x000000154ab00000)]
  0x000001641652b800 JavaThread "Unconstrained build operations Thread 29" [_thread_blocked, id=26124, stack(0x000000154ab00000,0x000000154ac00000)]
  0x00000164169d8000 JavaThread "Unconstrained build operations Thread 30" [_thread_blocked, id=33536, stack(0x000000154ac00000,0x000000154ad00000)]
  0x00000164169d7000 JavaThread "Unconstrained build operations Thread 31" [_thread_blocked, id=26068, stack(0x000000154ad00000,0x000000154ae00000)]
  0x00000164169d8800 JavaThread "Unconstrained build operations Thread 32" [_thread_blocked, id=30884, stack(0x000000154ae00000,0x000000154af00000)]
  0x00000164169db000 JavaThread "Unconstrained build operations Thread 33" [_thread_blocked, id=20624, stack(0x000000154af00000,0x000000154b000000)]
  0x00000164169dc000 JavaThread "Unconstrained build operations Thread 34" [_thread_blocked, id=37872, stack(0x000000154b000000,0x000000154b100000)]
  0x00000164169d9800 JavaThread "Unconstrained build operations Thread 35" [_thread_blocked, id=24812, stack(0x000000154b100000,0x000000154b200000)]
  0x00000164169d6800 JavaThread "Unconstrained build operations Thread 36" [_thread_blocked, id=33840, stack(0x000000154b200000,0x000000154b300000)]
  0x00000164169dd800 JavaThread "Unconstrained build operations Thread 37" [_thread_blocked, id=17280, stack(0x000000154b300000,0x000000154b400000)]
  0x00000164169da800 JavaThread "Unconstrained build operations Thread 38" [_thread_blocked, id=28660, stack(0x000000154b400000,0x000000154b500000)]
  0x00000164169e2800 JavaThread "Unconstrained build operations Thread 39" [_thread_blocked, id=34200, stack(0x000000154b500000,0x000000154b600000)]
  0x00000164169de800 JavaThread "Unconstrained build operations Thread 40" [_thread_blocked, id=23476, stack(0x000000154b600000,0x000000154b700000)]
  0x000001641706a000 JavaThread "C2 CompilerThread1" daemon [_thread_blocked, id=37924, stack(0x0000001548a00000,0x0000001548b00000)]
  0x00000164169e1800 JavaThread "build event listener" [_thread_blocked, id=39660, stack(0x000000154b700000,0x000000154b800000)]
  0x00000164169e0000 JavaThread "Memory manager" [_thread_blocked, id=32292, stack(0x000000154b800000,0x000000154b900000)]

Other Threads:
=>0x000001647f2b4800 VMThread "VM Thread" [stack: 0x0000001546500000,0x0000001546600000] [id=38064]
  0x00000164111ba000 WatcherThread [stack: 0x0000001546f00000,0x0000001547000000] [id=21132]
  0x0000016474763000 GCTaskThread "GC Thread#0" [stack: 0x0000001546000000,0x0000001546100000] [id=21664]
  0x0000016411927800 GCTaskThread "GC Thread#1" [stack: 0x0000001547100000,0x0000001547200000] [id=25776]
  0x0000016412ff3000 GCTaskThread "GC Thread#2" [stack: 0x0000001547c00000,0x0000001547d00000] [id=9112]
  0x0000016412a14000 GCTaskThread "GC Thread#3" [stack: 0x0000001547d00000,0x0000001547e00000] [id=40692]
  0x0000016474793000 ConcurrentGCThread "G1 Main Marker" [stack: 0x0000001546100000,0x0000001546200000] [id=37588]
  0x0000016474795800 ConcurrentGCThread "G1 Conc#0" [stack: 0x0000001546200000,0x0000001546300000] [id=7584]
  0x000001647480e800 ConcurrentGCThread "G1 Refine#0" [stack: 0x0000001546300000,0x0000001546400000] [id=34220]
  0x000001647480f800 ConcurrentGCThread "G1 Young RemSet Sampling" [stack: 0x0000001546400000,0x0000001546500000] [id=37216]

Threads with active compile tasks:
C2 CompilerThread0    10523 6660       4       java.lang.Class::getMethodsRecursive (99 bytes)
C2 CompilerThread1    10523 6667   !   4       java.lang.Class::getTypeName (76 bytes)

VM state:at safepoint (normal execution)

VM Mutex/Monitor currently owned by a thread:  ([mutex/lock_event])
[0x0000016474742530] Threads_lock - owner thread: 0x000001647f2b4800
[0x0000016474742ec0] Heap_lock - owner thread: 0x000001641358b800

Heap address: 0x0000000080000000, size: 2048 MB, Compressed Oops mode: 32-bit
Narrow klass base: 0x0000000000000000, Narrow klass shift: 3
Compressed class space size: 1073741824 Address: 0x0000000100000000

Heap:
 garbage-first heap   total 175104K, used 52894K [0x0000000080000000, 0x0000000100000000)
  region size 1024K, 5 young (5120K), 5 survivors (5120K)
 Metaspace       used 65117K, capacity 66700K, committed 66896K, reserved 1107968K
  class space    used 8260K, capacity 8891K, committed 8908K, reserved 1048576K
Heap Regions: E=young(eden), S=young(survivor), O=old, HS=humongous(starts), HC=humongous(continues), CS=collection set, F=free, A=archive, TAMS=top-at-mark-start (previous, next)
|   0|0x0000000080000000, 0x0000000080100000, 0x0000000080100000|100%|HS|  |TAMS 0x0000000080100000, 0x0000000080000000| Complete 
|   1|0x0000000080100000, 0x0000000080200000, 0x0000000080200000|100%|HC|  |TAMS 0x0000000080200000, 0x0000000080100000| Complete 
|   2|0x0000000080200000, 0x0000000080300000, 0x0000000080300000|100%|HC|  |TAMS 0x0000000080300000, 0x0000000080200000| Complete 
|   3|0x0000000080300000, 0x0000000080400000, 0x0000000080400000|100%| O|  |TAMS 0x0000000080400000, 0x0000000080300000| Untracked 
|   4|0x0000000080400000, 0x0000000080500000, 0x0000000080500000|100%| O|  |TAMS 0x0000000080500000, 0x0000000080400000| Untracked 
|   5|0x0000000080500000, 0x0000000080600000, 0x0000000080600000|100%| O|  |TAMS 0x0000000080600000, 0x0000000080500000| Untracked 
|   6|0x0000000080600000, 0x0000000080700000, 0x0000000080700000|100%| O|  |TAMS 0x0000000080700000, 0x0000000080600000| Untracked 
|   7|0x0000000080700000, 0x0000000080800000, 0x0000000080800000|100%| O|  |TAMS 0x0000000080800000, 0x0000000080700000| Untracked 
|   8|0x0000000080800000, 0x0000000080900000, 0x0000000080900000|100%| O|  |TAMS 0x0000000080900000, 0x0000000080800000| Untracked 
|   9|0x0000000080900000, 0x0000000080a00000, 0x0000000080a00000|100%| O|  |TAMS 0x0000000080a00000, 0x0000000080900000| Untracked 
|  10|0x0000000080a00000, 0x0000000080b00000, 0x0000000080b00000|100%| O|  |TAMS 0x0000000080b00000, 0x0000000080a00000| Untracked 
|  11|0x0000000080b00000, 0x0000000080c00000, 0x0000000080c00000|100%| O|  |TAMS 0x0000000080c00000, 0x0000000080b00000| Untracked 
|  12|0x0000000080c00000, 0x0000000080d00000, 0x0000000080d00000|100%| O|  |TAMS 0x0000000080d00000, 0x0000000080c00000| Untracked 
|  13|0x0000000080d00000, 0x0000000080e00000, 0x0000000080e00000|100%| O|  |TAMS 0x0000000080e00000, 0x0000000080d00000| Untracked 
|  14|0x0000000080e00000, 0x0000000080f00000, 0x0000000080f00000|100%| O|  |TAMS 0x0000000080f00000, 0x0000000080e00000| Untracked 
|  15|0x0000000080f00000, 0x0000000081000000, 0x0000000081000000|100%| O|  |TAMS 0x0000000081000000, 0x0000000080f00000| Untracked 
|  16|0x0000000081000000, 0x0000000081100000, 0x0000000081100000|100%| O|  |TAMS 0x0000000081100000, 0x0000000081000000| Untracked 
|  17|0x0000000081100000, 0x0000000081200000, 0x0000000081200000|100%|HS|  |TAMS 0x0000000081100000, 0x0000000081100000| Complete 
|  18|0x0000000081200000, 0x0000000081300000, 0x0000000081300000|100%| O|  |TAMS 0x0000000081200000, 0x0000000081200000| Untracked 
|  19|0x0000000081300000, 0x0000000081400000, 0x0000000081400000|100%| O|  |TAMS 0x0000000081300000, 0x0000000081300000| Untracked 
|  20|0x0000000081400000, 0x0000000081500000, 0x0000000081500000|100%| O|  |TAMS 0x0000000081500000, 0x0000000081400000| Untracked 
|  21|0x0000000081500000, 0x0000000081600000, 0x0000000081600000|100%| O|  |TAMS 0x0000000081600000, 0x0000000081500000| Untracked 
|  22|0x0000000081600000, 0x0000000081700000, 0x0000000081700000|100%| O|  |TAMS 0x0000000081676000, 0x0000000081600000| Untracked 
|  23|0x0000000081700000, 0x0000000081800000, 0x0000000081800000|100%| O|  |TAMS 0x0000000081700000, 0x0000000081700000| Untracked 
|  24|0x0000000081800000, 0x0000000081900000, 0x0000000081900000|100%|HS|  |TAMS 0x0000000081800000, 0x0000000081800000| Complete 
|  25|0x0000000081900000, 0x0000000081900000, 0x0000000081a00000|  0%| F|  |TAMS 0x0000000081900000, 0x0000000081900000| Untracked 
|  26|0x0000000081a00000, 0x0000000081b00000, 0x0000000081b00000|100%| O|  |TAMS 0x0000000081a00000, 0x0000000081a00000| Untracked 
|  27|0x0000000081b00000, 0x0000000081c00000, 0x0000000081c00000|100%| O|  |TAMS 0x0000000081b00000, 0x0000000081b00000| Untracked 
|  28|0x0000000081c00000, 0x0000000081d00000, 0x0000000081d00000|100%| O|  |TAMS 0x0000000081c00000, 0x0000000081c00000| Untracked 
|  29|0x0000000081d00000, 0x0000000081e00000, 0x0000000081e00000|100%| O|  |TAMS 0x0000000081d00000, 0x0000000081d00000| Untracked 
|  30|0x0000000081e00000, 0x0000000081f00000, 0x0000000081f00000|100%| O|  |TAMS 0x0000000081e00000, 0x0000000081e00000| Untracked 
|  31|0x0000000081f00000, 0x0000000082000000, 0x0000000082000000|100%| O|  |TAMS 0x0000000081f00000, 0x0000000081f00000| Untracked 
|  32|0x0000000082000000, 0x0000000082100000, 0x0000000082100000|100%| O|  |TAMS 0x0000000082000000, 0x0000000082000000| Untracked 
|  33|0x0000000082100000, 0x0000000082200000, 0x0000000082200000|100%| O|  |TAMS 0x0000000082100000, 0x0000000082100000| Untracked 
|  34|0x0000000082200000, 0x0000000082300000, 0x0000000082300000|100%| O|  |TAMS 0x0000000082200000, 0x0000000082200000| Untracked 
|  35|0x0000000082300000, 0x0000000082400000, 0x0000000082400000|100%| O|  |TAMS 0x0000000082300000, 0x0000000082300000| Untracked 
|  36|0x0000000082400000, 0x0000000082500000, 0x0000000082500000|100%| O|  |TAMS 0x0000000082400000, 0x0000000082400000| Untracked 
|  37|0x0000000082500000, 0x000000008255d800, 0x0000000082600000| 36%| O|  |TAMS 0x0000000082500000, 0x0000000082500000| Untracked 
|  38|0x0000000082600000, 0x0000000082700000, 0x0000000082700000|100%| O|  |TAMS 0x0000000082600000, 0x0000000082600000| Untracked 
|  39|0x0000000082700000, 0x0000000082800000, 0x0000000082800000|100%| O|  |TAMS 0x0000000082700000, 0x0000000082700000| Untracked 
|  40|0x0000000082800000, 0x0000000082900000, 0x0000000082900000|100%| O|  |TAMS 0x0000000082800000, 0x0000000082800000| Untracked 
|  41|0x0000000082900000, 0x0000000082a00000, 0x0000000082a00000|100%| O|  |TAMS 0x0000000082900000, 0x0000000082900000| Untracked 
|  42|0x0000000082a00000, 0x0000000082b00000, 0x0000000082b00000|100%| O|  |TAMS 0x0000000082a00000, 0x0000000082a00000| Untracked 
|  43|0x0000000082b00000, 0x0000000082c00000, 0x0000000082c00000|100%| O|  |TAMS 0x0000000082b00000, 0x0000000082b00000| Untracked 
|  44|0x0000000082c00000, 0x0000000082d00000, 0x0000000082d00000|100%| O|  |TAMS 0x0000000082c00000, 0x0000000082c00000| Untracked 
|  45|0x0000000082d00000, 0x0000000082e00000, 0x0000000082e00000|100%| O|  |TAMS 0x0000000082d00000, 0x0000000082d00000| Untracked 
|  46|0x0000000082e00000, 0x0000000082f00000, 0x0000000082f00000|100%| O|  |TAMS 0x0000000082e00000, 0x0000000082e00000| Untracked 
|  47|0x0000000082f00000, 0x0000000083000000, 0x0000000083000000|100%| O|  |TAMS 0x0000000082f00000, 0x0000000082f00000| Untracked 
|  48|0x0000000083000000, 0x0000000083100000, 0x0000000083100000|100%| O|  |TAMS 0x0000000083000000, 0x0000000083000000| Untracked 
|  49|0x0000000083100000, 0x0000000083100000, 0x0000000083200000|  0%| F|  |TAMS 0x0000000083100000, 0x0000000083100000| Untracked 
|  50|0x0000000083200000, 0x0000000083200000, 0x0000000083300000|  0%| F|  |TAMS 0x0000000083200000, 0x0000000083200000| Untracked 
|  51|0x0000000083300000, 0x0000000083300000, 0x0000000083400000|  0%| F|  |TAMS 0x0000000083300000, 0x0000000083300000| Untracked 
|  52|0x0000000083400000, 0x0000000083400000, 0x0000000083500000|  0%| F|  |TAMS 0x0000000083400000, 0x0000000083400000| Untracked 
|  53|0x0000000083500000, 0x0000000083500000, 0x0000000083600000|  0%| F|  |TAMS 0x0000000083500000, 0x0000000083500000| Untracked 
|  54|0x0000000083600000, 0x0000000083600000, 0x0000000083700000|  0%| F|  |TAMS 0x0000000083600000, 0x0000000083600000| Untracked 
|  55|0x0000000083700000, 0x0000000083700000, 0x0000000083800000|  0%| F|  |TAMS 0x0000000083700000, 0x0000000083700000| Untracked 
|  56|0x0000000083800000, 0x0000000083800000, 0x0000000083900000|  0%| F|  |TAMS 0x0000000083800000, 0x0000000083800000| Untracked 
|  57|0x0000000083900000, 0x0000000083900000, 0x0000000083a00000|  0%| F|  |TAMS 0x0000000083900000, 0x0000000083900000| Untracked 
|  58|0x0000000083a00000, 0x0000000083a00000, 0x0000000083b00000|  0%| F|  |TAMS 0x0000000083a00000, 0x0000000083a00000| Untracked 
|  59|0x0000000083b00000, 0x0000000083b00000, 0x0000000083c00000|  0%| F|  |TAMS 0x0000000083b00000, 0x0000000083b00000| Untracked 
|  60|0x0000000083c00000, 0x0000000083c00000, 0x0000000083d00000|  0%| F|  |TAMS 0x0000000083c00000, 0x0000000083c00000| Untracked 
|  61|0x0000000083d00000, 0x0000000083d00000, 0x0000000083e00000|  0%| F|  |TAMS 0x0000000083d00000, 0x0000000083d00000| Untracked 
|  62|0x0000000083e00000, 0x0000000083e00000, 0x0000000083f00000|  0%| F|  |TAMS 0x0000000083e00000, 0x0000000083e00000| Untracked 
|  63|0x0000000083f00000, 0x0000000083f00000, 0x0000000084000000|  0%| F|  |TAMS 0x0000000083f00000, 0x0000000083f00000| Untracked 
|  64|0x0000000084000000, 0x0000000084000000, 0x0000000084100000|  0%| F|  |TAMS 0x0000000084000000, 0x0000000084000000| Untracked 
|  65|0x0000000084100000, 0x0000000084100000, 0x0000000084200000|  0%| F|  |TAMS 0x0000000084100000, 0x0000000084100000| Untracked 
|  66|0x0000000084200000, 0x0000000084200000, 0x0000000084300000|  0%| F|  |TAMS 0x0000000084200000, 0x0000000084200000| Untracked 
|  67|0x0000000084300000, 0x0000000084300000, 0x0000000084400000|  0%| F|  |TAMS 0x0000000084300000, 0x0000000084300000| Untracked 
|  68|0x0000000084400000, 0x0000000084400000, 0x0000000084500000|  0%| F|  |TAMS 0x0000000084400000, 0x0000000084400000| Untracked 
|  69|0x0000000084500000, 0x0000000084500000, 0x0000000084600000|  0%| F|  |TAMS 0x0000000084500000, 0x0000000084500000| Untracked 
|  70|0x0000000084600000, 0x000000008464a100, 0x0000000084700000| 28%| S|CS|TAMS 0x0000000084600000, 0x0000000084600000| Complete 
|  71|0x0000000084700000, 0x0000000084700000, 0x0000000084800000|  0%| F|  |TAMS 0x0000000084700000, 0x0000000084700000| Untracked 
|  72|0x0000000084800000, 0x0000000084800000, 0x0000000084900000|  0%| F|  |TAMS 0x0000000084800000, 0x0000000084800000| Untracked 
|  73|0x0000000084900000, 0x0000000084900000, 0x0000000084a00000|  0%| F|  |TAMS 0x0000000084900000, 0x0000000084900000| Untracked 
|  74|0x0000000084a00000, 0x0000000084a00000, 0x0000000084b00000|  0%| F|  |TAMS 0x0000000084a00000, 0x0000000084a00000| Untracked 
|  75|0x0000000084b00000, 0x0000000084b00000, 0x0000000084c00000|  0%| F|  |TAMS 0x0000000084b00000, 0x0000000084b00000| Untracked 
|  76|0x0000000084c00000, 0x0000000084c00000, 0x0000000084d00000|  0%| F|  |TAMS 0x0000000084c00000, 0x0000000084c00000| Untracked 
|  77|0x0000000084d00000, 0x0000000084e00000, 0x0000000084e00000|100%| S|CS|TAMS 0x0000000084d00000, 0x0000000084d00000| Complete 
|  78|0x0000000084e00000, 0x0000000084f00000, 0x0000000084f00000|100%| S|CS|TAMS 0x0000000084e00000, 0x0000000084e00000| Complete 
|  79|0x0000000084f00000, 0x0000000085000000, 0x0000000085000000|100%| S|CS|TAMS 0x0000000084f00000, 0x0000000084f00000| Complete 
|  80|0x0000000085000000, 0x0000000085100000, 0x0000000085100000|100%| S|CS|TAMS 0x0000000085000000, 0x0000000085000000| Complete 
|  81|0x0000000085100000, 0x0000000085100000, 0x0000000085200000|  0%| F|  |TAMS 0x0000000085100000, 0x0000000085100000| Untracked 
|  82|0x0000000085200000, 0x0000000085200000, 0x0000000085300000|  0%| F|  |TAMS 0x0000000085200000, 0x0000000085200000| Untracked 
|  83|0x0000000085300000, 0x0000000085300000, 0x0000000085400000|  0%| F|  |TAMS 0x0000000085300000, 0x0000000085300000| Untracked 
|  84|0x0000000085400000, 0x0000000085400000, 0x0000000085500000|  0%| F|  |TAMS 0x0000000085400000, 0x0000000085400000| Untracked 
|  85|0x0000000085500000, 0x0000000085500000, 0x0000000085600000|  0%| F|  |TAMS 0x0000000085500000, 0x0000000085500000| Untracked 
|  86|0x0000000085600000, 0x0000000085600000, 0x0000000085700000|  0%| F|  |TAMS 0x0000000085600000, 0x0000000085600000| Untracked 
|  87|0x0000000085700000, 0x0000000085700000, 0x0000000085800000|  0%| F|  |TAMS 0x0000000085700000, 0x0000000085700000| Untracked 
|  88|0x0000000085800000, 0x0000000085800000, 0x0000000085900000|  0%| F|  |TAMS 0x0000000085800000, 0x0000000085800000| Untracked 
|  89|0x0000000085900000, 0x0000000085900000, 0x0000000085a00000|  0%| F|  |TAMS 0x0000000085900000, 0x0000000085900000| Untracked 
|  90|0x0000000085a00000, 0x0000000085a00000, 0x0000000085b00000|  0%| F|  |TAMS 0x0000000085a00000, 0x0000000085a00000| Untracked 
|  91|0x0000000085b00000, 0x0000000085b00000, 0x0000000085c00000|  0%| F|  |TAMS 0x0000000085b00000, 0x0000000085b00000| Untracked 
|  92|0x0000000085c00000, 0x0000000085c00000, 0x0000000085d00000|  0%| F|  |TAMS 0x0000000085c00000, 0x0000000085c00000| Untracked 
|  93|0x0000000085d00000, 0x0000000085d00000, 0x0000000085e00000|  0%| F|  |TAMS 0x0000000085d00000, 0x0000000085d00000| Untracked 
|  94|0x0000000085e00000, 0x0000000085e00000, 0x0000000085f00000|  0%| F|  |TAMS 0x0000000085e00000, 0x0000000085e00000| Untracked 
|  95|0x0000000085f00000, 0x0000000085f00000, 0x0000000086000000|  0%| F|  |TAMS 0x0000000085f00000, 0x0000000085f00000| Untracked 
|  96|0x0000000086000000, 0x0000000086000000, 0x0000000086100000|  0%| F|  |TAMS 0x0000000086000000, 0x0000000086000000| Untracked 
|  97|0x0000000086100000, 0x0000000086100000, 0x0000000086200000|  0%| F|  |TAMS 0x0000000086100000, 0x0000000086100000| Untracked 
|  98|0x0000000086200000, 0x0000000086200000, 0x0000000086300000|  0%| F|  |TAMS 0x0000000086200000, 0x0000000086200000| Untracked 
|  99|0x0000000086300000, 0x0000000086300000, 0x0000000086400000|  0%| F|  |TAMS 0x0000000086300000, 0x0000000086300000| Untracked 
| 100|0x0000000086400000, 0x0000000086400000, 0x0000000086500000|  0%| F|  |TAMS 0x0000000086400000, 0x0000000086400000| Untracked 
| 101|0x0000000086500000, 0x0000000086500000, 0x0000000086600000|  0%| F|  |TAMS 0x0000000086500000, 0x0000000086500000| Untracked 
| 102|0x0000000086600000, 0x0000000086600000, 0x0000000086700000|  0%| F|  |TAMS 0x0000000086600000, 0x0000000086600000| Untracked 
| 103|0x0000000086700000, 0x0000000086700000, 0x0000000086800000|  0%| F|  |TAMS 0x0000000086700000, 0x0000000086700000| Untracked 
| 104|0x0000000086800000, 0x0000000086800000, 0x0000000086900000|  0%| F|  |TAMS 0x0000000086800000, 0x0000000086800000| Untracked 
| 105|0x0000000086900000, 0x0000000086900000, 0x0000000086a00000|  0%| F|  |TAMS 0x0000000086900000, 0x0000000086900000| Untracked 
| 106|0x0000000086a00000, 0x0000000086a00000, 0x0000000086b00000|  0%| F|  |TAMS 0x0000000086a00000, 0x0000000086a00000| Untracked 
| 107|0x0000000086b00000, 0x0000000086b00000, 0x0000000086c00000|  0%| F|  |TAMS 0x0000000086b00000, 0x0000000086b00000| Untracked 
| 108|0x0000000086c00000, 0x0000000086c00000, 0x0000000086d00000|  0%| F|  |TAMS 0x0000000086c00000, 0x0000000086c00000| Untracked 
| 109|0x0000000086d00000, 0x0000000086d00000, 0x0000000086e00000|  0%| F|  |TAMS 0x0000000086d00000, 0x0000000086d00000| Untracked 
| 110|0x0000000086e00000, 0x0000000086e00000, 0x0000000086f00000|  0%| F|  |TAMS 0x0000000086e00000, 0x0000000086e00000| Untracked 
| 111|0x0000000086f00000, 0x0000000086f00000, 0x0000000087000000|  0%| F|  |TAMS 0x0000000086f00000, 0x0000000086f00000| Untracked 
| 112|0x0000000087000000, 0x0000000087000000, 0x0000000087100000|  0%| F|  |TAMS 0x0000000087000000, 0x0000000087000000| Untracked 
| 113|0x0000000087100000, 0x0000000087100000, 0x0000000087200000|  0%| F|  |TAMS 0x0000000087100000, 0x0000000087100000| Untracked 
| 114|0x0000000087200000, 0x0000000087200000, 0x0000000087300000|  0%| F|  |TAMS 0x0000000087200000, 0x0000000087200000| Untracked 
| 115|0x0000000087300000, 0x0000000087300000, 0x0000000087400000|  0%| F|  |TAMS 0x0000000087300000, 0x0000000087300000| Untracked 
| 116|0x0000000087400000, 0x0000000087400000, 0x0000000087500000|  0%| F|  |TAMS 0x0000000087400000, 0x0000000087400000| Untracked 
| 117|0x0000000087500000, 0x0000000087500000, 0x0000000087600000|  0%| F|  |TAMS 0x0000000087500000, 0x0000000087500000| Untracked 
| 118|0x0000000087600000, 0x0000000087600000, 0x0000000087700000|  0%| F|  |TAMS 0x0000000087600000, 0x0000000087600000| Untracked 
| 119|0x0000000087700000, 0x0000000087700000, 0x0000000087800000|  0%| F|  |TAMS 0x0000000087700000, 0x0000000087700000| Untracked 
| 120|0x0000000087800000, 0x0000000087800000, 0x0000000087900000|  0%| F|  |TAMS 0x0000000087800000, 0x0000000087800000| Untracked 
| 121|0x0000000087900000, 0x0000000087900000, 0x0000000087a00000|  0%| F|  |TAMS 0x0000000087900000, 0x0000000087900000| Untracked 
| 122|0x0000000087a00000, 0x0000000087a00000, 0x0000000087b00000|  0%| F|  |TAMS 0x0000000087a00000, 0x0000000087a00000| Untracked 
| 123|0x0000000087b00000, 0x0000000087b00000, 0x0000000087c00000|  0%| F|  |TAMS 0x0000000087b00000, 0x0000000087b00000| Untracked 
| 124|0x0000000087c00000, 0x0000000087c00000, 0x0000000087d00000|  0%| F|  |TAMS 0x0000000087c00000, 0x0000000087c00000| Untracked 
| 125|0x0000000087d00000, 0x0000000087d00000, 0x0000000087e00000|  0%| F|  |TAMS 0x0000000087d00000, 0x0000000087d00000| Untracked 
| 126|0x0000000087e00000, 0x0000000087e00000, 0x0000000087f00000|  0%| F|  |TAMS 0x0000000087e00000, 0x0000000087e00000| Untracked 
| 127|0x0000000087f00000, 0x0000000087f00000, 0x0000000088000000|  0%| F|  |TAMS 0x0000000087f00000, 0x0000000087f00000| Untracked 
| 128|0x0000000088000000, 0x0000000088000000, 0x0000000088100000|  0%| F|  |TAMS 0x0000000088000000, 0x0000000088000000| Untracked 
| 129|0x0000000088100000, 0x0000000088100000, 0x0000000088200000|  0%| F|  |TAMS 0x0000000088100000, 0x0000000088100000| Untracked 
| 130|0x0000000088200000, 0x0000000088200000, 0x0000000088300000|  0%| F|  |TAMS 0x0000000088200000, 0x0000000088200000| Untracked 
| 131|0x0000000088300000, 0x0000000088300000, 0x0000000088400000|  0%| F|  |TAMS 0x0000000088300000, 0x0000000088300000| Untracked 
| 132|0x0000000088400000, 0x0000000088400000, 0x0000000088500000|  0%| F|  |TAMS 0x0000000088400000, 0x0000000088400000| Untracked 
| 133|0x0000000088500000, 0x0000000088500000, 0x0000000088600000|  0%| F|  |TAMS 0x0000000088500000, 0x0000000088500000| Untracked 
| 134|0x0000000088600000, 0x0000000088600000, 0x0000000088700000|  0%| F|  |TAMS 0x0000000088600000, 0x0000000088600000| Untracked 
| 135|0x0000000088700000, 0x0000000088700000, 0x0000000088800000|  0%| F|  |TAMS 0x0000000088700000, 0x0000000088700000| Untracked 
| 136|0x0000000088800000, 0x0000000088800000, 0x0000000088900000|  0%| F|  |TAMS 0x0000000088800000, 0x0000000088800000| Untracked 
| 137|0x0000000088900000, 0x0000000088900000, 0x0000000088a00000|  0%| F|  |TAMS 0x0000000088900000, 0x0000000088900000| Untracked 
| 138|0x0000000088a00000, 0x0000000088a00000, 0x0000000088b00000|  0%| F|  |TAMS 0x0000000088a00000, 0x0000000088a00000| Untracked 
| 139|0x0000000088b00000, 0x0000000088b00000, 0x0000000088c00000|  0%| F|  |TAMS 0x0000000088b00000, 0x0000000088b00000| Untracked 
| 140|0x0000000088c00000, 0x0000000088c00000, 0x0000000088d00000|  0%| F|  |TAMS 0x0000000088c00000, 0x0000000088c00000| Untracked 
| 141|0x0000000088d00000, 0x0000000088d00000, 0x0000000088e00000|  0%| F|  |TAMS 0x0000000088d00000, 0x0000000088d00000| Untracked 

Card table byte_map: [0x000001647a470000,0x000001647a870000] _byte_map_base: 0x000001647a070000

Marking Bits (Prev, Next): (CMBitMap*) 0x000001647478a6d0, (CMBitMap*) 0x000001647478a698
 Prev Bits: [0x000001647cc70000, 0x000001647ec70000)
 Next Bits: [0x000001647ac70000, 0x000001647cc70000)

Polling page: 0x0000016474540000

Metaspace:

Usage:
  Non-class:     56.45 MB capacity,    55.53 MB ( 98%) used,   771.77 KB (  1%) free+waste,   179.56 KB ( <1%) overhead. 
      Class:      8.68 MB capacity,     8.07 MB ( 93%) used,   545.80 KB (  6%) free+waste,    85.06 KB ( <1%) overhead. 
       Both:     65.14 MB capacity,    63.59 MB ( 98%) used,     1.29 MB (  2%) free+waste,   264.62 KB ( <1%) overhead. 

Virtual space:
  Non-class space:       58.00 MB reserved,      56.63 MB ( 98%) committed 
      Class space:        1.00 GB reserved,       8.70 MB ( <1%) committed 
             Both:        1.06 GB reserved,      65.33 MB (  6%) committed 

Chunk freelists:
   Non-Class:  51.00 KB
       Class:  5.00 KB
        Both:  56.00 KB

MaxMetaspaceSize: 17179869184.00 GB
CompressedClassSpaceSize: 1.00 GB
Initial GC threshold: 20.80 MB
Current GC threshold: 68.46 MB
CDS: off

CodeHeap 'non-profiled nmethods': size=120064Kb used=4098Kb max_used=4098Kb free=115966Kb
 bounds [0x0000016407ac0000, 0x0000016407ed0000, 0x000001640f000000]
CodeHeap 'profiled nmethods': size=120000Kb used=14045Kb max_used=14045Kb free=105954Kb
 bounds [0x0000016400590000, 0x0000016401350000, 0x0000016407ac0000]
CodeHeap 'non-nmethods': size=5696Kb used=2354Kb max_used=2407Kb free=3341Kb
 bounds [0x0000016400000000, 0x0000016400270000, 0x0000016400590000]
 total_blobs=7519 nmethods=6651 adapters=780
 compilation: enabled
              stopped_count=0, restarted_count=0
 full_count=0

Compilation events (20 events):
Event: 10.490 Thread 0x000001647f2e4000 6664       3       java.util.stream.AbstractPipeline::sequential (10 bytes)
Event: 10.490 Thread 0x000001647f2e4000 nmethod 6664 0x0000016401342110 code [0x00000164013422c0, 0x00000164013423d8]
Event: 10.490 Thread 0x000001647f2e4000 6668       3       java.util.StringJoiner::add (104 bytes)
Event: 10.491 Thread 0x000001647f2e4000 nmethod 6668 0x0000016401342490 code [0x00000164013426e0, 0x00000164013430b8]
Event: 10.492 Thread 0x000001647f2e4000 6670       3       java.util.Collections$UnmodifiableSet::<init> (6 bytes)
Event: 10.492 Thread 0x000001647f2e4000 nmethod 6670 0x0000016401343410 code [0x00000164013435e0, 0x00000164013438e8]
Event: 10.492 Thread 0x000001647f2e4000 6672       3       java.util.TreeMap::rightOf (13 bytes)
Event: 10.492 Thread 0x000001647f2e4000 nmethod 6672 0x0000016401343a10 code [0x0000016401343bc0, 0x0000016401343d18]
Event: 10.492 Thread 0x000001647f2e4000 6673       3       com.sun.beans.util.Cache$CacheEntry::matches (53 bytes)
Event: 10.493 Thread 0x000001647f2e4000 nmethod 6673 0x0000016401343e10 code [0x0000016401344000, 0x0000016401344568]
Event: 10.493 Thread 0x000001647f2e4000 6674       3       sun.reflect.misc.ReflectUtil::checkPackageAccess (77 bytes)
Event: 10.493 Thread 0x000001647f2e4000 nmethod 6674 0x0000016401344710 code [0x00000164013449e0, 0x0000016401345648]
Event: 10.495 Thread 0x000001647f2e4000 6675       3       sun.reflect.generics.tree.ClassTypeSignature::make (9 bytes)
Event: 10.495 Thread 0x000001647f2e4000 nmethod 6675 0x0000016401345b10 code [0x0000016401345ce0, 0x0000016401345f38]
Event: 10.495 Thread 0x000001647f2e4000 6676       3       sun.reflect.generics.tree.ClassTypeSignature::<init> (10 bytes)
Event: 10.495 Thread 0x000001647f2e4000 nmethod 6676 0x0000016401346010 code [0x00000164013461c0, 0x0000016401346378]
Event: 10.496 Thread 0x000001647f2e4000 6677       3       java.beans.MethodDescriptor::<init> (111 bytes)
Event: 10.497 Thread 0x000001641706a000 nmethod 6665 0x0000016407ebf410 code [0x0000016407ebf620, 0x0000016407ec00c0]
Event: 10.497 Thread 0x000001647f2e4000 nmethod 6677 0x0000016401346410 code [0x0000016401346680, 0x00000164013471b8]
Event: 10.497 Thread 0x000001641706a000 6667   !   4       java.lang.Class::getTypeName (76 bytes)

GC Heap History (20 events):
Event: 1.115 GC heap after
{Heap after GC invocations=3 (full 0):
 garbage-first heap   total 120832K, used 14076K [0x0000000080000000, 0x0000000100000000)
  region size 1024K, 4 young (4096K), 4 survivors (4096K)
 Metaspace       used 11343K, capacity 11584K, committed 11776K, reserved 1060864K
  class space    used 1156K, capacity 1244K, committed 1280K, reserved 1048576K
}
Event: 2.674 GC heap before
{Heap before GC invocations=3 (full 0):
 garbage-first heap   total 120832K, used 56060K [0x0000000080000000, 0x0000000100000000)
  region size 1024K, 45 young (46080K), 4 survivors (4096K)
 Metaspace       used 18409K, capacity 18809K, committed 19072K, reserved 1067008K
  class space    used 2166K, capacity 2317K, committed 2432K, reserved 1048576K
}
Event: 2.679 GC heap after
{Heap after GC invocations=4 (full 0):
 garbage-first heap   total 120832K, used 16875K [0x0000000080000000, 0x0000000100000000)
  region size 1024K, 6 young (6144K), 6 survivors (6144K)
 Metaspace       used 18409K, capacity 18809K, committed 19072K, reserved 1067008K
  class space    used 2166K, capacity 2317K, committed 2432K, reserved 1048576K
}
Event: 2.907 GC heap before
{Heap before GC invocations=4 (full 0):
 garbage-first heap   total 120832K, used 39403K [0x0000000080000000, 0x0000000100000000)
  region size 1024K, 29 young (29696K), 6 survivors (6144K)
 Metaspace       used 20802K, capacity 21195K, committed 21296K, reserved 1069056K
  class space    used 2523K, capacity 2685K, committed 2688K, reserved 1048576K
}
Event: 2.911 GC heap after
{Heap after GC invocations=5 (full 0):
 garbage-first heap   total 120832K, used 17880K [0x0000000080000000, 0x0000000100000000)
  region size 1024K, 4 young (4096K), 4 survivors (4096K)
 Metaspace       used 20802K, capacity 21195K, committed 21296K, reserved 1069056K
  class space    used 2523K, capacity 2685K, committed 2688K, reserved 1048576K
}
Event: 3.718 GC heap before
{Heap before GC invocations=6 (full 0):
 garbage-first heap   total 120832K, used 64984K [0x0000000080000000, 0x0000000100000000)
  region size 1024K, 50 young (51200K), 4 survivors (4096K)
 Metaspace       used 25600K, capacity 26217K, committed 26236K, reserved 1073152K
  class space    used 3301K, capacity 3517K, committed 3532K, reserved 1048576K
}
Event: 3.722 GC heap after
{Heap after GC invocations=7 (full 0):
 garbage-first heap   total 120832K, used 19452K [0x0000000080000000, 0x0000000100000000)
  region size 1024K, 6 young (6144K), 6 survivors (6144K)
 Metaspace       used 25600K, capacity 26217K, committed 26236K, reserved 1073152K
  class space    used 3301K, capacity 3517K, committed 3532K, reserved 1048576K
}
Event: 4.786 GC heap before
{Heap before GC invocations=7 (full 0):
 garbage-first heap   total 120832K, used 72700K [0x0000000080000000, 0x0000000100000000)
  region size 1024K, 58 young (59392K), 6 survivors (6144K)
 Metaspace       used 30696K, capacity 31499K, committed 31740K, reserved 1077248K
  class space    used 4089K, capacity 4390K, committed 4428K, reserved 1048576K
}
Event: 4.791 GC heap after
{Heap after GC invocations=8 (full 0):
 garbage-first heap   total 120832K, used 21229K [0x0000000080000000, 0x0000000100000000)
  region size 1024K, 5 young (5120K), 5 survivors (5120K)
 Metaspace       used 30696K, capacity 31499K, committed 31740K, reserved 1077248K
  class space    used 4089K, capacity 4390K, committed 4428K, reserved 1048576K
}
Event: 5.193 GC heap before
{Heap before GC invocations=8 (full 0):
 garbage-first heap   total 120832K, used 40685K [0x0000000080000000, 0x0000000100000000)
  region size 1024K, 25 young (25600K), 5 survivors (5120K)
 Metaspace       used 35098K, capacity 35957K, committed 36048K, reserved 1081344K
  class space    used 4571K, capacity 4921K, committed 4940K, reserved 1048576K
}
Event: 5.201 GC heap after
{Heap after GC invocations=9 (full 0):
 garbage-first heap   total 120832K, used 23019K [0x0000000080000000, 0x0000000100000000)
  region size 1024K, 7 young (7168K), 7 survivors (7168K)
 Metaspace       used 35098K, capacity 35957K, committed 36048K, reserved 1081344K
  class space    used 4571K, capacity 4921K, committed 4940K, reserved 1048576K
}
Event: 5.944 GC heap before
{Heap before GC invocations=10 (full 0):
 garbage-first heap   total 120832K, used 87531K [0x0000000080000000, 0x0000000100000000)
  region size 1024K, 67 young (68608K), 7 survivors (7168K)
 Metaspace       used 40746K, capacity 41677K, committed 41808K, reserved 1085440K
  class space    used 5146K, capacity 5520K, committed 5580K, reserved 1048576K
}
Event: 5.960 GC heap after
{Heap after GC invocations=11 (full 0):
 garbage-first heap   total 145408K, used 29144K [0x0000000080000000, 0x0000000100000000)
  region size 1024K, 9 young (9216K), 9 survivors (9216K)
 Metaspace       used 40746K, capacity 41677K, committed 41808K, reserved 1085440K
  class space    used 5146K, capacity 5520K, committed 5580K, reserved 1048576K
}
Event: 6.922 GC heap before
{Heap before GC invocations=12 (full 0):
 garbage-first heap   total 145408K, used 106968K [0x0000000080000000, 0x0000000100000000)
  region size 1024K, 85 young (87040K), 9 survivors (9216K)
 Metaspace       used 47373K, capacity 48489K, committed 48592K, reserved 1091584K
  class space    used 6041K, capacity 6458K, committed 6476K, reserved 1048576K
}
Event: 6.931 GC heap after
{Heap after GC invocations=13 (full 0):
 garbage-first heap   total 145408K, used 31744K [0x0000000080000000, 0x0000000100000000)
  region size 1024K, 8 young (8192K), 8 survivors (8192K)
 Metaspace       used 47373K, capacity 48489K, committed 48592K, reserved 1091584K
  class space    used 6041K, capacity 6458K, committed 6476K, reserved 1048576K
}
Event: 8.205 GC heap before
{Heap before GC invocations=13 (full 0):
 garbage-first heap   total 145408K, used 109568K [0x0000000080000000, 0x0000000100000000)
  region size 1024K, 82 young (83968K), 8 survivors (8192K)
 Metaspace       used 52332K, capacity 53715K, committed 53968K, reserved 1095680K
  class space    used 6636K, capacity 7167K, committed 7244K, reserved 1048576K
}
Event: 8.217 GC heap after
{Heap after GC invocations=14 (full 0):
 garbage-first heap   total 145408K, used 42434K [0x0000000080000000, 0x0000000100000000)
  region size 1024K, 11 young (11264K), 11 survivors (11264K)
 Metaspace       used 52332K, capacity 53715K, committed 53968K, reserved 1095680K
  class space    used 6636K, capacity 7167K, committed 7244K, reserved 1048576K
}
Event: 9.801 GC heap before
{Heap before GC invocations=14 (full 0):
 garbage-first heap   total 145408K, used 116162K [0x0000000080000000, 0x0000000100000000)
  region size 1024K, 76 young (77824K), 11 survivors (11264K)
 Metaspace       used 60456K, capacity 62063K, committed 62160K, reserved 1103872K
  class space    used 7637K, capacity 8259K, committed 8268K, reserved 1048576K
}
Event: 9.813 GC heap after
{Heap after GC invocations=15 (full 0):
 garbage-first heap   total 145408K, used 48676K [0x0000000080000000, 0x0000000100000000)
  region size 1024K, 6 young (6144K), 6 survivors (6144K)
 Metaspace       used 60456K, capacity 62063K, committed 62160K, reserved 1103872K
  class space    used 7637K, capacity 8259K, committed 8268K, reserved 1048576K
}
Event: 10.497 GC heap before
{Heap before GC invocations=15 (full 0):
 garbage-first heap   total 145408K, used 112164K [0x0000000080000000, 0x0000000100000000)
  region size 1024K, 67 young (68608K), 6 survivors (6144K)
 Metaspace       used 65117K, capacity 66700K, committed 66896K, reserved 1107968K
  class space    used 8260K, capacity 8891K, committed 8908K, reserved 1048576K
}

Deoptimization events (20 events):
Event: 10.381 Thread 0x000001641358b800 Uncommon trap: trap_request=0xffffff4d fr.pc=0x0000016407b4e26c relative=0x000000000000070c
Event: 10.381 Thread 0x000001641358b800 Uncommon trap: reason=unstable_if action=reinterpret pc=0x0000016407b4e26c method=java.lang.StringLatin1.canEncode(I)Z @ 4 c2
Event: 10.381 Thread 0x000001641358b800 DEOPT PACKING pc=0x0000016407b4e26c sp=0x00000015477f6150
Event: 10.381 Thread 0x000001641358b800 DEOPT UNPACKING pc=0x000001640004a1af sp=0x00000015477f6020 mode 2
Event: 10.381 Thread 0x000001641358b800 Uncommon trap: trap_request=0xffffff4d fr.pc=0x0000016407aefdcc relative=0x000000000000022c
Event: 10.381 Thread 0x000001641358b800 Uncommon trap: reason=unstable_if action=reinterpret pc=0x0000016407aefdcc method=java.lang.AbstractStringBuilder.isLatin1()Z @ 10 c2
Event: 10.381 Thread 0x000001641358b800 DEOPT PACKING pc=0x0000016407aefdcc sp=0x00000015477f60d0
Event: 10.381 Thread 0x000001641358b800 DEOPT UNPACKING pc=0x000001640004a1af sp=0x00000015477f6010 mode 2
Event: 10.381 Thread 0x000001641358b800 Uncommon trap: trap_request=0xffffff4d fr.pc=0x0000016407aca354 relative=0x0000000000000034
Event: 10.381 Thread 0x000001641358b800 Uncommon trap: reason=unstable_if action=reinterpret pc=0x0000016407aca354 method=java.lang.StringLatin1.canEncode(I)Z @ 4 c2
Event: 10.381 Thread 0x000001641358b800 DEOPT PACKING pc=0x0000016407aca354 sp=0x00000015477f6060
Event: 10.381 Thread 0x000001641358b800 DEOPT UNPACKING pc=0x000001640004a1af sp=0x00000015477f5ff0 mode 2
Event: 10.381 Thread 0x000001641358b800 Uncommon trap: trap_request=0xffffff4d fr.pc=0x0000016407be353c relative=0x00000000000004dc
Event: 10.381 Thread 0x000001641358b800 Uncommon trap: reason=unstable_if action=reinterpret pc=0x0000016407be353c method=java.lang.String.getBytes([BIB)V @ 5 c2
Event: 10.381 Thread 0x000001641358b800 DEOPT PACKING pc=0x0000016407be353c sp=0x00000015477f6190
Event: 10.381 Thread 0x000001641358b800 DEOPT UNPACKING pc=0x000001640004a1af sp=0x00000015477f6020 mode 2
Event: 10.490 Thread 0x000001641358b800 Uncommon trap: trap_request=0xffffff4d fr.pc=0x0000016407ca8698 relative=0x0000000000000358
Event: 10.490 Thread 0x000001641358b800 Uncommon trap: reason=unstable_if action=reinterpret pc=0x0000016407ca8698 method=java.util.StringJoiner.add(Ljava/lang/CharSequence;)Ljava/util/StringJoiner; @ 33 c2
Event: 10.490 Thread 0x000001641358b800 DEOPT PACKING pc=0x0000016407ca8698 sp=0x00000015477f52b0
Event: 10.490 Thread 0x000001641358b800 DEOPT UNPACKING pc=0x000001640004a1af sp=0x00000015477f5260 mode 2

Classes redefined (0 events):
No events

Internal exceptions (20 events):
Event: 10.159 Thread 0x000001641358b800 Exception <a 'java/lang/ClassNotFoundException'{0x0000000086f4abf0}: org/gradle/api/plugins/BasePluginConventionCustomizer> (0x0000000086f4abf0) thrown at [src/hotspot/share/classfile/systemDictionary.cpp, line 230]
Event: 10.160 Thread 0x000001641358b800 Exception <a 'java/lang/ClassNotFoundException'{0x0000000086fa6f70}: org/gradle/api/plugins/internal/DefaultBasePluginConventionCustomizer> (0x0000000086fa6f70) thrown at [src/hotspot/share/classfile/systemDictionary.cpp, line 230]
Event: 10.163 Thread 0x000001641358b800 Exception <a 'java/lang/ClassNotFoundException'{0x0000000086e31840}: org/gradle/api/plugins/internal/DefaultJavaPluginConventionBeanInfo> (0x0000000086e31840) thrown at [src/hotspot/share/classfile/systemDictionary.cpp, line 230]
Event: 10.163 Thread 0x000001641358b800 Exception <a 'java/lang/ClassNotFoundException'{0x0000000086e766b0}: org/gradle/api/plugins/JavaPluginConventionBeanInfo> (0x0000000086e766b0) thrown at [src/hotspot/share/classfile/systemDictionary.cpp, line 230]
Event: 10.164 Thread 0x000001641358b800 Exception <a 'java/lang/ClassNotFoundException'{0x0000000086ebb9b8}: org/gradle/api/plugins/JavaPluginConventionCustomizer> (0x0000000086ebb9b8) thrown at [src/hotspot/share/classfile/systemDictionary.cpp, line 230]
Event: 10.165 Thread 0x000001641358b800 Exception <a 'java/lang/ClassNotFoundException'{0x0000000086d1bb08}: org/gradle/api/plugins/internal/DefaultJavaPluginConventionCustomizer> (0x0000000086d1bb08) thrown at [src/hotspot/share/classfile/systemDictionary.cpp, line 230]
Event: 10.277 Thread 0x000001641358b800 Implicit null exception at 0x0000016407e7cf66 to 0x0000016407e7d030
Event: 10.460 Thread 0x000001641358b800 Exception <a 'java/lang/ClassNotFoundException'{0x00000000856daab0}: build_cluo9f06bg7nedg7ds9ft6fdcBeanInfo> (0x00000000856daab0) thrown at [src/hotspot/share/classfile/systemDictionary.cpp, line 230]
Event: 10.460 Thread 0x000001641358b800 Exception <a 'java/lang/ClassNotFoundException'{0x00000000856e7410}: build_cluo9f06bg7nedg7ds9ft6fdcCustomizer> (0x00000000856e7410) thrown at [src/hotspot/share/classfile/systemDictionary.cpp, line 230]
Event: 10.484 Thread 0x000001641358b800 Exception <a 'java/lang/ClassNotFoundException'{0x000000008521e6b8}: com/android/build/gradle/internal/dsl/BaseAppModuleExtension_DecoratedBeanInfo> (0x000000008521e6b8) thrown at [src/hotspot/share/classfile/systemDictionary.cpp, line 230]
Event: 10.485 Thread 0x000001641358b800 Exception <a 'java/lang/ClassNotFoundException'{0x000000008523ba78}: com/android/build/gradle/internal/dsl/BaseAppModuleExtensionBeanInfo> (0x000000008523ba78) thrown at [src/hotspot/share/classfile/systemDictionary.cpp, line 230]
Event: 10.485 Thread 0x000001641358b800 Exception <a 'java/lang/ClassNotFoundException'{0x0000000085254e90}: com/android/build/gradle/AppExtensionBeanInfo> (0x0000000085254e90) thrown at [src/hotspot/share/classfile/systemDictionary.cpp, line 230]
Event: 10.486 Thread 0x000001641358b800 Exception <a 'java/lang/ClassNotFoundException'{0x000000008526f7b0}: com/android/build/gradle/AbstractAppExtensionBeanInfo> (0x000000008526f7b0) thrown at [src/hotspot/share/classfile/systemDictionary.cpp, line 230]
Event: 10.487 Thread 0x000001641358b800 Exception <a 'java/lang/ClassNotFoundException'{0x0000000085289280}: com/android/build/gradle/TestedExtensionBeanInfo> (0x0000000085289280) thrown at [src/hotspot/share/classfile/systemDictionary.cpp, line 230]
Event: 10.487 Thread 0x000001641358b800 Exception <a 'java/lang/ClassNotFoundException'{0x00000000852a29a8}: com/android/build/gradle/BaseExtensionBeanInfo> (0x00000000852a29a8) thrown at [src/hotspot/share/classfile/systemDictionary.cpp, line 230]
Event: 10.489 Thread 0x000001641358b800 Exception <a 'java/lang/ClassNotFoundException'{0x00000000852bc1f8}: com/android/build/gradle/BaseExtensionCustomizer> (0x00000000852bc1f8) thrown at [src/hotspot/share/classfile/systemDictionary.cpp, line 230]
Event: 10.492 Thread 0x000001641358b800 Exception <a 'java/lang/ClassNotFoundException'{0x00000000851357c8}: com/android/build/gradle/TestedExtensionCustomizer> (0x00000000851357c8) thrown at [src/hotspot/share/classfile/systemDictionary.cpp, line 230]
Event: 10.493 Thread 0x000001641358b800 Exception <a 'java/lang/ClassNotFoundException'{0x000000008516a590}: com/android/build/gradle/AbstractAppExtensionCustomizer> (0x000000008516a590) thrown at [src/hotspot/share/classfile/systemDictionary.cpp, line 230]
Event: 10.494 Thread 0x000001641358b800 Exception <a 'java/lang/ClassNotFoundException'{0x000000008519a4a8}: com/android/build/gradle/AppExtensionCustomizer> (0x000000008519a4a8) thrown at [src/hotspot/share/classfile/systemDictionary.cpp, line 230]
Event: 10.495 Thread 0x000001641358b800 Exception <a 'java/lang/ClassNotFoundException'{0x00000000851cc858}: com/android/build/gradle/internal/dsl/BaseAppModuleExtensionCustomizer> (0x00000000851cc858) thrown at [src/hotspot/share/classfile/systemDictionary.cpp, line 230]

Events (20 events):
Event: 10.487 loading class com/android/build/gradle/BaseExtensionCustomizer done
Event: 10.489 loading class com/android/build/gradle/BaseExtensionCustomizer
Event: 10.489 loading class com/android/build/gradle/BaseExtensionCustomizer done
Event: 10.492 loading class com/android/build/gradle/TestedExtensionCustomizer
Event: 10.492 loading class com/android/build/gradle/TestedExtensionCustomizer done
Event: 10.492 loading class com/android/build/gradle/TestedExtensionCustomizer
Event: 10.492 loading class com/android/build/gradle/TestedExtensionCustomizer done
Event: 10.493 loading class com/android/build/gradle/AbstractAppExtensionCustomizer
Event: 10.493 loading class com/android/build/gradle/AbstractAppExtensionCustomizer done
Event: 10.493 loading class com/android/build/gradle/AbstractAppExtensionCustomizer
Event: 10.493 loading class com/android/build/gradle/AbstractAppExtensionCustomizer done
Event: 10.494 loading class com/android/build/gradle/AppExtensionCustomizer
Event: 10.494 loading class com/android/build/gradle/AppExtensionCustomizer done
Event: 10.494 loading class com/android/build/gradle/AppExtensionCustomizer
Event: 10.494 loading class com/android/build/gradle/AppExtensionCustomizer done
Event: 10.494 loading class com/android/build/gradle/internal/dsl/BaseAppModuleExtensionCustomizer
Event: 10.494 loading class com/android/build/gradle/internal/dsl/BaseAppModuleExtensionCustomizer done
Event: 10.494 loading class com/android/build/gradle/internal/dsl/BaseAppModuleExtensionCustomizer
Event: 10.494 loading class com/android/build/gradle/internal/dsl/BaseAppModuleExtensionCustomizer done
Event: 10.497 Executing VM operation: G1CollectForAllocation


Dynamic libraries:
0x00007ff77bac0000 - 0x00007ff77baca000 	D:\program files\Android\AS\jbr\bin\java.exe
0x00007ff876b10000 - 0x00007ff876d08000 	C:\WINDOWS\SYSTEM32\ntdll.dll
0x00007ff876200000 - 0x00007ff8762c2000 	C:\WINDOWS\System32\KERNEL32.DLL
0x00007ff874410000 - 0x00007ff874706000 	C:\WINDOWS\System32\KERNELBASE.dll
0x00007ff8747f0000 - 0x00007ff8748f0000 	C:\WINDOWS\System32\ucrtbase.dll
0x00007ff865320000 - 0x00007ff86533b000 	D:\program files\Android\AS\jbr\bin\VCRUNTIME140.dll
0x00007ff8637a0000 - 0x00007ff8637b7000 	D:\program files\Android\AS\jbr\bin\jli.dll
0x00007ff874b30000 - 0x00007ff874ccd000 	C:\WINDOWS\System32\USER32.dll
0x00007ff85bee0000 - 0x00007ff85c17a000 	C:\WINDOWS\WinSxS\amd64_microsoft.windows.common-controls_6595b64144ccf1df_6.0.19041.4355_none_60b8b9eb71f62e16\COMCTL32.dll
0x00007ff875450000 - 0x00007ff8754ee000 	C:\WINDOWS\System32\msvcrt.dll
0x00007ff875190000 - 0x00007ff8751bb000 	C:\WINDOWS\System32\GDI32.dll
0x00007ff8748f0000 - 0x00007ff874a0a000 	C:\WINDOWS\System32\gdi32full.dll
0x00007ff874330000 - 0x00007ff874352000 	C:\WINDOWS\System32\win32u.dll
0x00007ff874a10000 - 0x00007ff874aad000 	C:\WINDOWS\System32\msvcp_win.dll
0x00007ff875380000 - 0x00007ff8753af000 	C:\WINDOWS\System32\IMM32.DLL
0x00007ff86e860000 - 0x00007ff86e86c000 	D:\program files\Android\AS\jbr\bin\vcruntime140_1.dll
0x00007ff8555f0000 - 0x00007ff85567d000 	D:\program files\Android\AS\jbr\bin\msvcp140.dll
0x00007ff83d6a0000 - 0x00007ff83e25c000 	D:\program files\Android\AS\jbr\bin\server\jvm.dll
0x00007ff874f40000 - 0x00007ff874fef000 	C:\WINDOWS\System32\ADVAPI32.dll
0x00007ff8753b0000 - 0x00007ff87544f000 	C:\WINDOWS\System32\sechost.dll
0x00007ff874cd0000 - 0x00007ff874df3000 	C:\WINDOWS\System32\RPCRT4.dll
0x00007ff8741a0000 - 0x00007ff8741c7000 	C:\WINDOWS\System32\bcrypt.dll
0x00007ff876130000 - 0x00007ff876138000 	C:\WINDOWS\System32\PSAPI.DLL
0x00007ff86e750000 - 0x00007ff86e759000 	C:\WINDOWS\SYSTEM32\WSOCK32.dll
0x00007ff8696e0000 - 0x00007ff869707000 	C:\WINDOWS\SYSTEM32\WINMM.dll
0x00007ff875580000 - 0x00007ff8755eb000 	C:\WINDOWS\System32\WS2_32.dll
0x00007ff869710000 - 0x00007ff86971a000 	C:\WINDOWS\SYSTEM32\VERSION.dll
0x00007ff872000000 - 0x00007ff872012000 	C:\WINDOWS\SYSTEM32\kernel.appcore.dll
0x00007ff86e7c0000 - 0x00007ff86e7d0000 	D:\program files\Android\AS\jbr\bin\verify.dll
0x00007ff86ab50000 - 0x00007ff86ad34000 	C:\WINDOWS\SYSTEM32\DBGHELP.DLL
0x00007ff868f60000 - 0x00007ff868f94000 	C:\WINDOWS\SYSTEM32\dbgcore.DLL
0x00007ff874760000 - 0x00007ff8747e2000 	C:\WINDOWS\System32\bcryptPrimitives.dll
0x00007ff85f160000 - 0x00007ff85f188000 	D:\program files\Android\AS\jbr\bin\java.dll
0x00007ff86e760000 - 0x00007ff86e76a000 	D:\program files\Android\AS\jbr\bin\jimage.dll
0x00007ff862810000 - 0x00007ff862828000 	D:\program files\Android\AS\jbr\bin\zip.dll
0x00007ff8755f0000 - 0x00007ff875d5f000 	C:\WINDOWS\System32\SHELL32.dll
0x00007ff872220000 - 0x00007ff8729c3000 	C:\WINDOWS\SYSTEM32\windows.storage.dll
0x00007ff8762d0000 - 0x00007ff876625000 	C:\WINDOWS\System32\combase.dll
0x00007ff873b50000 - 0x00007ff873b7b000 	C:\WINDOWS\SYSTEM32\Wldp.dll
0x00007ff8752b0000 - 0x00007ff87537d000 	C:\WINDOWS\System32\OLEAUT32.dll
0x00007ff876020000 - 0x00007ff8760cd000 	C:\WINDOWS\System32\SHCORE.dll
0x00007ff875fc0000 - 0x00007ff876015000 	C:\WINDOWS\System32\shlwapi.dll
0x00007ff8740d0000 - 0x00007ff8740f5000 	C:\WINDOWS\SYSTEM32\profapi.dll
0x00007ff85b7e0000 - 0x00007ff85b7f9000 	D:\program files\Android\AS\jbr\bin\net.dll
0x00007ff8709d0000 - 0x00007ff870ada000 	C:\WINDOWS\SYSTEM32\WINHTTP.dll
0x00007ff8738c0000 - 0x00007ff87392c000 	C:\WINDOWS\system32\mswsock.dll
0x00007ff8577c0000 - 0x00007ff8577d3000 	D:\program files\Android\AS\jbr\bin\nio.dll
0x00007ff863930000 - 0x00007ff863957000 	C:\Users\HP\.gradle\native\e1d6ef7f7dcc3fd88c89a11ec53ec762bb8ba0a96d01ffa2cd45eb1d1d8dd5c5\windows-amd64\native-platform.dll
0x00007ff84efc0000 - 0x00007ff84f104000 	C:\Users\HP\.gradle\native\0d407fdbe67a94daf76414ababcb853783967236a71b16ec16e742cd7a986fd3\windows-amd64\native-platform-file-events.dll
0x00007ff86e480000 - 0x00007ff86e48a000 	D:\program files\Android\AS\jbr\bin\management.dll
0x00007ff86d0d0000 - 0x00007ff86d0db000 	D:\program files\Android\AS\jbr\bin\management_ext.dll
0x00007ff873ab0000 - 0x00007ff873ac8000 	C:\WINDOWS\SYSTEM32\CRYPTSP.dll
0x00007ff873180000 - 0x00007ff8731b8000 	C:\WINDOWS\system32\rsaenh.dll
0x00007ff874090000 - 0x00007ff8740be000 	C:\WINDOWS\SYSTEM32\USERENV.dll
0x00007ff873b80000 - 0x00007ff873b8c000 	C:\WINDOWS\SYSTEM32\CRYPTBASE.dll
0x00007ff873540000 - 0x00007ff87357b000 	C:\WINDOWS\SYSTEM32\IPHLPAPI.DLL
0x00007ff8752a0000 - 0x00007ff8752a8000 	C:\WINDOWS\System32\NSI.dll
0x00007ff8675b0000 - 0x00007ff8675c7000 	C:\WINDOWS\SYSTEM32\dhcpcsvc6.DLL
0x00007ff86a2f0000 - 0x00007ff86a30d000 	C:\WINDOWS\SYSTEM32\dhcpcsvc.DLL
0x00007ff8735e0000 - 0x00007ff8736aa000 	C:\WINDOWS\SYSTEM32\DNSAPI.dll

dbghelp: loaded successfully - version: 4.0.5 - missing functions: none
symbol engine: initialized successfully - sym options: 0x614 - pdb path: .;D:\program files\Android\AS\jbr\bin;C:\WINDOWS\SYSTEM32;C:\WINDOWS\WinSxS\amd64_microsoft.windows.common-controls_6595b64144ccf1df_6.0.19041.4355_none_60b8b9eb71f62e16;D:\program files\Android\AS\jbr\bin\server;C:\Users\HP\.gradle\native\e1d6ef7f7dcc3fd88c89a11ec53ec762bb8ba0a96d01ffa2cd45eb1d1d8dd5c5\windows-amd64;C:\Users\HP\.gradle\native\0d407fdbe67a94daf76414ababcb853783967236a71b16ec16e742cd7a986fd3\windows-amd64

VM Arguments:
jvm_args: --add-opens=java.base/java.util=ALL-UNNAMED --add-opens=java.base/java.lang=ALL-UNNAMED --add-opens=java.base/java.lang.invoke=ALL-UNNAMED --add-opens=java.base/java.util=ALL-UNNAMED --add-opens=java.prefs/java.util.prefs=ALL-UNNAMED --add-opens=java.prefs/java.util.prefs=ALL-UNNAMED --add-opens=java.base/java.nio.charset=ALL-UNNAMED --add-opens=java.base/java.net=ALL-UNNAMED --add-opens=java.base/java.util.concurrent.atomic=ALL-UNNAMED -Xmx2048m -Dfile.encoding=UTF-8 -Duser.country=RU -Duser.language=ru -Duser.variant 
java_command: org.gradle.launcher.daemon.bootstrap.GradleDaemon 7.5
java_class_path (initial): C:\Users\HP\.gradle\wrapper\dists\gradle-7.5-bin\f1w0cc9nuo0eivz97x2xlu9sv\gradle-7.5\lib\gradle-launcher-7.5.jar
Launcher Type: SUN_STANDARD

[Global flags]
     intx CICompilerCount                          = 3                                         {product} {ergonomic}
     uint ConcGCThreads                            = 1                                         {product} {ergonomic}
     uint G1ConcRefinementThreads                  = 4                                         {product} {ergonomic}
   size_t G1HeapRegionSize                         = 1048576                                   {product} {ergonomic}
    uintx GCDrainStackTargetSize                   = 64                                        {product} {ergonomic}
   size_t InitialHeapSize                          = 123731968                                 {product} {ergonomic}
   size_t MarkStackSize                            = 4194304                                   {product} {ergonomic}
   size_t MaxHeapSize                              = 2147483648                                {product} {command line}
   size_t MaxNewSize                               = 1287651328                                {product} {ergonomic}
   size_t MinHeapDeltaBytes                        = 1048576                                   {product} {ergonomic}
    uintx NonNMethodCodeHeapSize                   = 5830732                                {pd product} {ergonomic}
    uintx NonProfiledCodeHeapSize                  = 122913754                              {pd product} {ergonomic}
    uintx ProfiledCodeHeapSize                     = 122913754                              {pd product} {ergonomic}
    uintx ReservedCodeCacheSize                    = 251658240                              {pd product} {ergonomic}
     bool SegmentedCodeCache                       = true                                      {product} {ergonomic}
     bool UseCompressedClassPointers               = true                                 {lp64_product} {ergonomic}
     bool UseCompressedOops                        = true                                 {lp64_product} {ergonomic}
     bool UseG1GC                                  = true                                      {product} {ergonomic}
     bool UseLargePagesIndividualAllocation        = false                                  {pd product} {ergonomic}

Logging:
Log output configuration:
 #0: stdout all=warning uptime,level,tags
 #1: stderr all=off uptime,level,tags

Environment Variables:
JAVA_HOME=C:\Program Files\Java\jdk1.8.0_241
PATH=C:\Program Files (x86)\Common Files\Oracle\Java\javapath;C:\WINDOWS\system32;C:\WINDOWS;C:\WINDOWS\System32\Wbem;C:\WINDOWS\System32\WindowsPowerShell\v1.0\;C:\WINDOWS\System32\OpenSSH\;C:\Program Files\Java\jdk1.8.0_241\bin;C:\Program Files\Git\cmd;C:\Users\HP\AppData\Local\Microsoft\WindowsApps;C:\Program Files\Java\jdk1.8.0_241\bin;
USERNAME=HP
OS=Windows_NT
PROCESSOR_IDENTIFIER=AMD64 Family 23 Model 96 Stepping 1, AuthenticAMD



---------------  S Y S T E M  ---------------

OS: Windows 10 , 64 bit Build 19041 (10.0.19041.5678)
OS uptime: 14 days 4:39 hours

CPU:total 4 (initial active 4) (4 cores per cpu, 1 threads per core) family 23 model 96 stepping 1 microcode 0x0, cmov, cx8, fxsr, mmx, sse, sse2, sse3, ssse3, sse4.1, sse4.2, popcnt, avx, avx2, aes, clmul, mmxext, 3dnowpref, lzcnt, sse4a, tsc, tscinvbit, tscinv, bmi1, bmi2, adx, sha, fma

Memory: 4k page, system-wide physical 7541M (414M free)
TotalPageFile size 17735M (AvailPageFile size 7M)
current process WorkingSet (physical memory assigned to process): 339M, peak: 345M
current process commit charge ("private bytes"): 373M, peak: 402M

vm_info: OpenJDK 64-Bit Server VM (11.0.15+0-b2043.56-9505619) for windows-amd64 JRE (11.0.15+0-b2043.56-9505619), built on Jan 19 2023 02:48:00 by "builduser" with unknown MS VC++:1929

END.
