#
# There is insufficient memory for the Java Runtime Environment to continue.
# Native memory allocation (malloc) failed to allocate 992096 bytes for Chunk::new
# Possible reasons:
#   The system is out of physical RAM or swap space
#   The process is running with CompressedOops enabled, and the Java Heap may be blocking the growth of the native heap
# Possible solutions:
#   Reduce memory load on the system
#   Increase physical memory or swap space
#   Check if swap backing store is full
#   Decrease Java heap size (-Xmx/-Xms)
#   Decrease number of Java threads
#   Decrease Java thread stack sizes (-Xss)
#   Set larger code cache with -XX:ReservedCodeCacheSize=
#   JVM is running with Unscaled Compressed Oops mode in which the Java heap is
#     placed in the first 4GB address space. The Java Heap base address is the
#     maximum limit for the native heap growth. Please use -XX:HeapBaseMinAddress
#     to set the Java Heap base and to place the Java Heap above 4GB virtual address.
# This output file may be truncated or incomplete.
#
#  Out of Memory Error (src/hotspot/share/memory/arena.cpp:197), pid=41964, tid=29664
#
# JRE version: OpenJDK Runtime Environment (11.0.15) (build 11.0.15+0-b2043.56-9505619)
# Java VM: OpenJDK 64-Bit Server VM (11.0.15+0-b2043.56-9505619, mixed mode, tiered, compressed oops, g1 gc, windows-amd64)
# No core dump will be written. Minidumps are not enabled by default on client versions of Windows
#

---------------  S U M M A R Y ------------

Command Line: --add-opens=java.base/java.util=ALL-UNNAMED --add-opens=java.base/java.lang=ALL-UNNAMED --add-opens=java.base/java.lang.invoke=ALL-UNNAMED --add-opens=java.base/java.util=ALL-UNNAMED --add-opens=java.prefs/java.util.prefs=ALL-UNNAMED --add-opens=java.prefs/java.util.prefs=ALL-UNNAMED --add-opens=java.base/java.nio.charset=ALL-UNNAMED --add-opens=java.base/java.net=ALL-UNNAMED --add-opens=java.base/java.util.concurrent.atomic=ALL-UNNAMED -Xmx2048m -Dfile.encoding=UTF-8 -Duser.country=RU -Duser.language=ru -Duser.variant org.gradle.launcher.daemon.bootstrap.GradleDaemon 7.5

Host: AMD Ryzen 3 4300U with Radeon Graphics         , 4 cores, 7G,  Windows 10 , 64 bit Build 19041 (10.0.19041.5678)
Time: Thu May  8 09:18:23 2025 RTZ 2 (s 10 , 64 bit Build 19041 (10.0.19041.5678) elapsed time: 11.089533 seconds (0d 0h 0m 11s)

---------------  T H R E A D  ---------------

Current thread (0x0000020fde79c000):  JavaThread "C2 CompilerThread0" daemon [_thread_in_native, id=29664, stack(0x000000e79a200000,0x000000e79a300000)]


Current CompileTask:
C2:  11089 7016   !   4       org.codehaus.groovy.reflection.stdclasses.CachedSAMClass::hasUsableImplementation (72 bytes)

Stack: [0x000000e79a200000,0x000000e79a300000]
Native frames: (J=compiled Java code, j=interpreted, Vv=VM code, C=native code)
V  [jvm.dll+0x64135a]
V  [jvm.dll+0x7d39f9]
V  [jvm.dll+0x7d51b9]
V  [jvm.dll+0x7d58a3]
V  [jvm.dll+0x2691c5]
V  [jvm.dll+0xc1a5c]
V  [jvm.dll+0xc200c]
V  [jvm.dll+0x2da2c2]
V  [jvm.dll+0x54cad9]
V  [jvm.dll+0x220c9d]
V  [jvm.dll+0x223152]
V  [jvm.dll+0x220384]
V  [jvm.dll+0x19e851]
V  [jvm.dll+0x230479]
V  [jvm.dll+0x22e5ef]
V  [jvm.dll+0x794de1]
V  [jvm.dll+0x78dc24]
V  [jvm.dll+0x6400f6]
C  [ucrtbase.dll+0x21bb2]
C  [KERNEL32.DLL+0x17374]
C  [ntdll.dll+0x4cc91]


---------------  P R O C E S S  ---------------

Threads class SMR info:
_java_thread_list=0x0000020fe6a640c0, length=80, elements={
0x0000020fc4b77000, 0x0000020fde778000, 0x0000020fde779000, 0x0000020fde796800,
0x0000020fde797800, 0x0000020fde79b000, 0x0000020fde79c000, 0x0000020fde7a7000,
0x0000020fde7b5800, 0x0000020fdf278000, 0x0000020fe1257000, 0x0000020fe0684000,
0x0000020fdf429800, 0x0000020fe1675000, 0x0000020fe1544800, 0x0000020fe1b25000,
0x0000020fe07ee800, 0x0000020fe067f800, 0x0000020fe2118800, 0x0000020fe10bf800,
0x0000020fe0341800, 0x0000020fe0340000, 0x0000020fe0341000, 0x0000020fe033f800,
0x0000020fe2822800, 0x0000020fe2821000, 0x0000020fe2820000, 0x0000020fe2824000,
0x0000020fe281f000, 0x0000020fe2826000, 0x0000020fe2825000, 0x0000020fe2821800,
0x0000020fe2826800, 0x0000020fe2829000, 0x0000020fe2823800, 0x0000020fe282d000,
0x0000020fe282e000, 0x0000020fe282a000, 0x0000020fe282a800, 0x0000020fe262b000,
0x0000020fe2628800, 0x0000020fe262d800, 0x0000020fe262b800, 0x0000020fe2627800,
0x0000020fe262f000, 0x0000020fe262e000, 0x0000020fe2629800, 0x0000020fe2630000,
0x0000020fe262a000, 0x0000020fe2630800, 0x0000020fe2631800, 0x0000020fe2632800,
0x0000020fe262c800, 0x0000020fe2634800, 0x0000020fe2633000, 0x0000020fe2634000,
0x0000020fe2635800, 0x0000020fe2636800, 0x0000020fe263c800, 0x0000020fe263b000,
0x0000020fe263d800, 0x0000020fe2638800, 0x0000020fe2637800, 0x0000020fe263e000,
0x0000020fe2639800, 0x0000020fe263a000, 0x0000020fe263b800, 0x0000020fe4613800,
0x0000020fe4612800, 0x0000020fe4610800, 0x0000020fe4612000, 0x0000020fe4611000,
0x0000020fe4614800, 0x0000020fe4615000, 0x0000020fe460f800, 0x0000020fe461b000,
0x0000020fe4617000, 0x0000020fe2f1a800, 0x0000020fe4617800, 0x0000020fe461b800
}

Java Threads: ( => current thread )
  0x0000020fc4b77000 JavaThread "main" [_thread_blocked, id=15124, stack(0x000000e799600000,0x000000e799700000)]
  0x0000020fde778000 JavaThread "Reference Handler" daemon [_thread_blocked, id=40540, stack(0x000000e799d00000,0x000000e799e00000)]
  0x0000020fde779000 JavaThread "Finalizer" daemon [_thread_blocked, id=38572, stack(0x000000e799e00000,0x000000e799f00000)]
  0x0000020fde796800 JavaThread "Signal Dispatcher" daemon [_thread_blocked, id=3312, stack(0x000000e799f00000,0x000000e79a000000)]
  0x0000020fde797800 JavaThread "Attach Listener" daemon [_thread_blocked, id=31676, stack(0x000000e79a000000,0x000000e79a100000)]
  0x0000020fde79b000 JavaThread "Service Thread" daemon [_thread_blocked, id=27656, stack(0x000000e79a100000,0x000000e79a200000)]
=>0x0000020fde79c000 JavaThread "C2 CompilerThread0" daemon [_thread_in_native, id=29664, stack(0x000000e79a200000,0x000000e79a300000)]
  0x0000020fde7a7000 JavaThread "C1 CompilerThread0" daemon [_thread_blocked, id=16892, stack(0x000000e79a300000,0x000000e79a400000)]
  0x0000020fde7b5800 JavaThread "Sweeper thread" daemon [_thread_blocked, id=22028, stack(0x000000e79a400000,0x000000e79a500000)]
  0x0000020fdf278000 JavaThread "Common-Cleaner" daemon [_thread_blocked, id=38732, stack(0x000000e79a500000,0x000000e79a600000)]
  0x0000020fe1257000 JavaThread "Daemon health stats" [_thread_blocked, id=37468, stack(0x000000e79a900000,0x000000e79aa00000)]
  0x0000020fe0684000 JavaThread "Incoming local TCP Connector on port 61900" [_thread_in_native, id=38496, stack(0x000000e79a700000,0x000000e79a800000)]
  0x0000020fdf429800 JavaThread "Daemon periodic checks" [_thread_blocked, id=38232, stack(0x000000e79aa00000,0x000000e79ab00000)]
  0x0000020fe1675000 JavaThread "Daemon" [_thread_blocked, id=25864, stack(0x000000e79ab00000,0x000000e79ac00000)]
  0x0000020fe1544800 JavaThread "Handler for socket connection from /127.0.0.1:61900 to /127.0.0.1:61901" [_thread_in_native, id=32984, stack(0x000000e79ac00000,0x000000e79ad00000)]
  0x0000020fe1b25000 JavaThread "Cancel handler" [_thread_blocked, id=28108, stack(0x000000e79ad00000,0x000000e79ae00000)]
  0x0000020fe07ee800 JavaThread "Daemon worker" [_thread_in_vm, id=30112, stack(0x000000e79ae00000,0x000000e79af00000)]
  0x0000020fe067f800 JavaThread "Asynchronous log dispatcher for DefaultDaemonConnection: socket connection from /127.0.0.1:61900 to /127.0.0.1:61901" [_thread_blocked, id=24780, stack(0x000000e79af00000,0x000000e79b000000)]
  0x0000020fe2118800 JavaThread "Stdin handler" [_thread_blocked, id=2348, stack(0x000000e79b000000,0x000000e79b100000)]
  0x0000020fe10bf800 JavaThread "Daemon client event forwarder" [_thread_blocked, id=22516, stack(0x000000e79b100000,0x000000e79b200000)]
  0x0000020fe0341800 JavaThread "Cache worker for journal cache (C:\Users\HP\.gradle\caches\journal-1)" [_thread_blocked, id=2008, stack(0x000000e79b200000,0x000000e79b300000)]
  0x0000020fe0340000 JavaThread "File lock request listener" [_thread_in_native, id=39608, stack(0x000000e79b300000,0x000000e79b400000)]
  0x0000020fe0341000 JavaThread "Cache worker for file hash cache (C:\Users\HP\.gradle\caches\7.5\fileHashes)" [_thread_blocked, id=24556, stack(0x000000e79b600000,0x000000e79b700000)]
  0x0000020fe033f800 JavaThread "File watcher server" daemon [_thread_in_native, id=41632, stack(0x000000e79b800000,0x000000e79b900000)]
  0x0000020fe2822800 JavaThread "File watcher consumer" daemon [_thread_blocked, id=24068, stack(0x000000e79b900000,0x000000e79ba00000)]
  0x0000020fe2821000 JavaThread "Cache worker for checksums cache (F:\JavaAndriod\RoadToHeaven\.gradle\7.5\checksums)" [_thread_blocked, id=36272, stack(0x000000e79ba00000,0x000000e79bb00000)]
  0x0000020fe2820000 JavaThread "Cache worker for cache directory md-rule (C:\Users\HP\.gradle\caches\7.5\md-rule)" [_thread_blocked, id=41252, stack(0x000000e79bb00000,0x000000e79bc00000)]
  0x0000020fe2824000 JavaThread "Cache worker for file content cache (C:\Users\HP\.gradle\caches\7.5\fileContent)" [_thread_blocked, id=7732, stack(0x000000e79bc00000,0x000000e79bd00000)]
  0x0000020fe281f000 JavaThread "Cache worker for file hash cache (F:\JavaAndriod\RoadToHeaven\.gradle\7.5\fileHashes)" [_thread_blocked, id=40868, stack(0x000000e79bd00000,0x000000e79be00000)]
  0x0000020fe2826000 JavaThread "Cache worker for cache directory md-supplier (C:\Users\HP\.gradle\caches\7.5\md-supplier)" [_thread_blocked, id=33848, stack(0x000000e79be00000,0x000000e79bf00000)]
  0x0000020fe2825000 JavaThread "Cache worker for execution history cache (C:\Users\HP\.gradle\caches\7.5\executionHistory)" [_thread_blocked, id=39116, stack(0x000000e79bf00000,0x000000e79c000000)]
  0x0000020fe2821800 JavaThread "jar transforms" [_thread_blocked, id=41364, stack(0x000000e79c000000,0x000000e79c100000)]
  0x0000020fe2826800 JavaThread "jar transforms Thread 2" [_thread_blocked, id=38784, stack(0x000000e79c100000,0x000000e79c200000)]
  0x0000020fe2829000 JavaThread "jar transforms Thread 3" [_thread_blocked, id=33752, stack(0x000000e79c200000,0x000000e79c300000)]
  0x0000020fe2823800 JavaThread "jar transforms Thread 4" [_thread_blocked, id=32356, stack(0x000000e79c300000,0x000000e79c400000)]
  0x0000020fe282d000 JavaThread "Cache worker for dependencies-accessors (F:\JavaAndriod\RoadToHeaven\.gradle\7.5\dependencies-accessors)" [_thread_blocked, id=4992, stack(0x000000e79c400000,0x000000e79c500000)]
  0x0000020fe282e000 JavaThread "Cache worker for Build Output Cleanup Cache (F:\JavaAndriod\RoadToHeaven\.gradle\buildOutputCleanup)" [_thread_blocked, id=30012, stack(0x000000e79c500000,0x000000e79c600000)]
  0x0000020fe282a000 JavaThread "Unconstrained build operations" [_thread_blocked, id=31600, stack(0x000000e79b700000,0x000000e79b800000)]
  0x0000020fe282a800 JavaThread "Unconstrained build operations Thread 2" [_thread_blocked, id=32008, stack(0x000000e79c700000,0x000000e79c800000)]
  0x0000020fe262b000 JavaThread "Unconstrained build operations Thread 3" [_thread_blocked, id=35884, stack(0x000000e79c800000,0x000000e79c900000)]
  0x0000020fe2628800 JavaThread "Unconstrained build operations Thread 4" [_thread_blocked, id=7232, stack(0x000000e79c900000,0x000000e79ca00000)]
  0x0000020fe262d800 JavaThread "Unconstrained build operations Thread 5" [_thread_blocked, id=3976, stack(0x000000e79ca00000,0x000000e79cb00000)]
  0x0000020fe262b800 JavaThread "Unconstrained build operations Thread 6" [_thread_blocked, id=39868, stack(0x000000e79cb00000,0x000000e79cc00000)]
  0x0000020fe2627800 JavaThread "Unconstrained build operations Thread 7" [_thread_blocked, id=41128, stack(0x000000e79cc00000,0x000000e79cd00000)]
  0x0000020fe262f000 JavaThread "Unconstrained build operations Thread 8" [_thread_blocked, id=21884, stack(0x000000e79cd00000,0x000000e79ce00000)]
  0x0000020fe262e000 JavaThread "Unconstrained build operations Thread 9" [_thread_blocked, id=30704, stack(0x000000e79ce00000,0x000000e79cf00000)]
  0x0000020fe2629800 JavaThread "Unconstrained build operations Thread 10" [_thread_blocked, id=39092, stack(0x000000e79cf00000,0x000000e79d000000)]
  0x0000020fe2630000 JavaThread "Unconstrained build operations Thread 11" [_thread_blocked, id=34364, stack(0x000000e79d000000,0x000000e79d100000)]
  0x0000020fe262a000 JavaThread "Unconstrained build operations Thread 12" [_thread_blocked, id=12360, stack(0x000000e79d100000,0x000000e79d200000)]
  0x0000020fe2630800 JavaThread "Unconstrained build operations Thread 13" [_thread_blocked, id=27564, stack(0x000000e79d200000,0x000000e79d300000)]
  0x0000020fe2631800 JavaThread "Unconstrained build operations Thread 14" [_thread_blocked, id=23788, stack(0x000000e79d300000,0x000000e79d400000)]
  0x0000020fe2632800 JavaThread "Unconstrained build operations Thread 15" [_thread_blocked, id=30416, stack(0x000000e79d400000,0x000000e79d500000)]
  0x0000020fe262c800 JavaThread "Unconstrained build operations Thread 16" [_thread_blocked, id=18768, stack(0x000000e79d500000,0x000000e79d600000)]
  0x0000020fe2634800 JavaThread "Unconstrained build operations Thread 17" [_thread_blocked, id=20052, stack(0x000000e79d600000,0x000000e79d700000)]
  0x0000020fe2633000 JavaThread "Unconstrained build operations Thread 18" [_thread_blocked, id=37904, stack(0x000000e79d700000,0x000000e79d800000)]
  0x0000020fe2634000 JavaThread "Unconstrained build operations Thread 19" [_thread_blocked, id=20776, stack(0x000000e79d800000,0x000000e79d900000)]
  0x0000020fe2635800 JavaThread "Unconstrained build operations Thread 20" [_thread_blocked, id=23368, stack(0x000000e79d900000,0x000000e79da00000)]
  0x0000020fe2636800 JavaThread "Unconstrained build operations Thread 21" [_thread_blocked, id=24436, stack(0x000000e79da00000,0x000000e79db00000)]
  0x0000020fe263c800 JavaThread "Unconstrained build operations Thread 22" [_thread_blocked, id=8020, stack(0x000000e79db00000,0x000000e79dc00000)]
  0x0000020fe263b000 JavaThread "Unconstrained build operations Thread 23" [_thread_blocked, id=41300, stack(0x000000e79dc00000,0x000000e79dd00000)]
  0x0000020fe263d800 JavaThread "Unconstrained build operations Thread 24" [_thread_blocked, id=35504, stack(0x000000e79dd00000,0x000000e79de00000)]
  0x0000020fe2638800 JavaThread "Unconstrained build operations Thread 25" [_thread_blocked, id=28980, stack(0x000000e79de00000,0x000000e79df00000)]
  0x0000020fe2637800 JavaThread "Unconstrained build operations Thread 26" [_thread_blocked, id=40296, stack(0x000000e79df00000,0x000000e79e000000)]
  0x0000020fe263e000 JavaThread "Unconstrained build operations Thread 27" [_thread_blocked, id=24804, stack(0x000000e79e000000,0x000000e79e100000)]
  0x0000020fe2639800 JavaThread "Unconstrained build operations Thread 28" [_thread_blocked, id=32204, stack(0x000000e79e100000,0x000000e79e200000)]
  0x0000020fe263a000 JavaThread "Unconstrained build operations Thread 29" [_thread_blocked, id=9616, stack(0x000000e79e200000,0x000000e79e300000)]
  0x0000020fe263b800 JavaThread "Unconstrained build operations Thread 30" [_thread_blocked, id=27644, stack(0x000000e79e300000,0x000000e79e400000)]
  0x0000020fe4613800 JavaThread "Unconstrained build operations Thread 31" [_thread_blocked, id=39620, stack(0x000000e79e400000,0x000000e79e500000)]
  0x0000020fe4612800 JavaThread "Unconstrained build operations Thread 32" [_thread_blocked, id=36440, stack(0x000000e79e500000,0x000000e79e600000)]
  0x0000020fe4610800 JavaThread "Unconstrained build operations Thread 33" [_thread_blocked, id=9000, stack(0x000000e79e600000,0x000000e79e700000)]
  0x0000020fe4612000 JavaThread "Unconstrained build operations Thread 34" [_thread_blocked, id=29388, stack(0x000000e79e700000,0x000000e79e800000)]
  0x0000020fe4611000 JavaThread "Unconstrained build operations Thread 35" [_thread_blocked, id=31604, stack(0x000000e79e800000,0x000000e79e900000)]
  0x0000020fe4614800 JavaThread "Unconstrained build operations Thread 36" [_thread_blocked, id=32172, stack(0x000000e79e900000,0x000000e79ea00000)]
  0x0000020fe4615000 JavaThread "Unconstrained build operations Thread 37" [_thread_blocked, id=41436, stack(0x000000e79ea00000,0x000000e79eb00000)]
  0x0000020fe460f800 JavaThread "Unconstrained build operations Thread 38" [_thread_blocked, id=30748, stack(0x000000e79eb00000,0x000000e79ec00000)]
  0x0000020fe461b000 JavaThread "Unconstrained build operations Thread 39" [_thread_blocked, id=27260, stack(0x000000e79ec00000,0x000000e79ed00000)]
  0x0000020fe4617000 JavaThread "Unconstrained build operations Thread 40" [_thread_blocked, id=40940, stack(0x000000e79ed00000,0x000000e79ee00000)]
  0x0000020fe2f1a800 JavaThread "C2 CompilerThread1" daemon [_thread_in_native, id=17812, stack(0x000000e79ee00000,0x000000e79ef00000)]
  0x0000020fe4617800 JavaThread "build event listener" [_thread_blocked, id=36764, stack(0x000000e79ef00000,0x000000e79f000000)]
  0x0000020fe461b800 JavaThread "Memory manager" [_thread_blocked, id=29700, stack(0x000000e79f000000,0x000000e79f100000)]

Other Threads:
  0x0000020fde73d000 VMThread "VM Thread" [stack: 0x000000e799c00000,0x000000e799d00000] [id=26896]
  0x0000020fdf285000 WatcherThread [stack: 0x000000e79a600000,0x000000e79a700000] [id=7976]
  0x0000020fc4b92800 GCTaskThread "GC Thread#0" [stack: 0x000000e799700000,0x000000e799800000] [id=24168]
  0x0000020fdf428800 GCTaskThread "GC Thread#1" [stack: 0x000000e79a800000,0x000000e79a900000] [id=22608]
  0x0000020fe1e21800 GCTaskThread "GC Thread#2" [stack: 0x000000e79b400000,0x000000e79b500000] [id=27588]
  0x0000020fe21f3800 GCTaskThread "GC Thread#3" [stack: 0x000000e79b500000,0x000000e79b600000] [id=14832]
  0x0000020fc4bc2000 ConcurrentGCThread "G1 Main Marker" [stack: 0x000000e799800000,0x000000e799900000] [id=39564]
  0x0000020fc4bc4000 ConcurrentGCThread "G1 Conc#0" [stack: 0x000000e799900000,0x000000e799a00000] [id=39204]
  0x0000020fc4c3c800 ConcurrentGCThread "G1 Refine#0" [stack: 0x000000e799a00000,0x000000e799b00000] [id=40368]
  0x0000020fc4c3d800 ConcurrentGCThread "G1 Young RemSet Sampling" [stack: 0x000000e799b00000,0x000000e799c00000] [id=1984]

Threads with active compile tasks:
C2 CompilerThread0    11119 7016   !   4       org.codehaus.groovy.reflection.stdclasses.CachedSAMClass::hasUsableImplementation (72 bytes)
C2 CompilerThread1    11119 7020       4       com.sun.beans.TypeResolver::resolve (37 bytes)

VM state:not at safepoint (normal execution)

VM Mutex/Monitor currently owned by a thread: None

Heap address: 0x0000000080000000, size: 2048 MB, Compressed Oops mode: 32-bit
Narrow klass base: 0x0000000000000000, Narrow klass shift: 3
Compressed class space size: 1073741824 Address: 0x0000000100000000

Heap:
 garbage-first heap   total 175104K, used 61156K [0x0000000080000000, 0x0000000100000000)
  region size 1024K, 17 young (17408K), 11 survivors (11264K)
 Metaspace       used 70452K, capacity 72182K, committed 72272K, reserved 1112064K
  class space    used 8942K, capacity 9620K, committed 9676K, reserved 1048576K
Heap Regions: E=young(eden), S=young(survivor), O=old, HS=humongous(starts), HC=humongous(continues), CS=collection set, F=free, A=archive, TAMS=top-at-mark-start (previous, next)
|   0|0x0000000080000000, 0x0000000080100000, 0x0000000080100000|100%|HS|  |TAMS 0x0000000080100000, 0x0000000080000000| Complete 
|   1|0x0000000080100000, 0x0000000080200000, 0x0000000080200000|100%|HC|  |TAMS 0x0000000080200000, 0x0000000080100000| Complete 
|   2|0x0000000080200000, 0x0000000080300000, 0x0000000080300000|100%|HC|  |TAMS 0x0000000080300000, 0x0000000080200000| Complete 
|   3|0x0000000080300000, 0x0000000080400000, 0x0000000080400000|100%| O|  |TAMS 0x0000000080400000, 0x0000000080300000| Untracked 
|   4|0x0000000080400000, 0x0000000080500000, 0x0000000080500000|100%| O|  |TAMS 0x0000000080500000, 0x0000000080400000| Untracked 
|   5|0x0000000080500000, 0x0000000080600000, 0x0000000080600000|100%| O|  |TAMS 0x0000000080600000, 0x0000000080500000| Untracked 
|   6|0x0000000080600000, 0x0000000080700000, 0x0000000080700000|100%| O|  |TAMS 0x0000000080700000, 0x0000000080600000| Untracked 
|   7|0x0000000080700000, 0x0000000080800000, 0x0000000080800000|100%| O|  |TAMS 0x0000000080800000, 0x0000000080700000| Untracked 
|   8|0x0000000080800000, 0x0000000080900000, 0x0000000080900000|100%| O|  |TAMS 0x0000000080900000, 0x0000000080800000| Untracked 
|   9|0x0000000080900000, 0x0000000080a00000, 0x0000000080a00000|100%| O|  |TAMS 0x0000000080a00000, 0x0000000080900000| Untracked 
|  10|0x0000000080a00000, 0x0000000080b00000, 0x0000000080b00000|100%| O|  |TAMS 0x0000000080b00000, 0x0000000080a00000| Untracked 
|  11|0x0000000080b00000, 0x0000000080c00000, 0x0000000080c00000|100%| O|  |TAMS 0x0000000080c00000, 0x0000000080b00000| Untracked 
|  12|0x0000000080c00000, 0x0000000080d00000, 0x0000000080d00000|100%| O|  |TAMS 0x0000000080d00000, 0x0000000080c00000| Untracked 
|  13|0x0000000080d00000, 0x0000000080e00000, 0x0000000080e00000|100%| O|  |TAMS 0x0000000080e00000, 0x0000000080d00000| Untracked 
|  14|0x0000000080e00000, 0x0000000080f00000, 0x0000000080f00000|100%| O|  |TAMS 0x0000000080f00000, 0x0000000080e00000| Untracked 
|  15|0x0000000080f00000, 0x0000000081000000, 0x0000000081000000|100%| O|  |TAMS 0x0000000081000000, 0x0000000080f00000| Untracked 
|  16|0x0000000081000000, 0x0000000081100000, 0x0000000081100000|100%| O|  |TAMS 0x0000000081100000, 0x0000000081000000| Untracked 
|  17|0x0000000081100000, 0x0000000081200000, 0x0000000081200000|100%| O|  |TAMS 0x0000000081200000, 0x0000000081100000| Untracked 
|  18|0x0000000081200000, 0x0000000081300000, 0x0000000081300000|100%| O|  |TAMS 0x0000000081300000, 0x0000000081200000| Untracked 
|  19|0x0000000081300000, 0x0000000081400000, 0x0000000081400000|100%|HS|  |TAMS 0x0000000081400000, 0x0000000081300000| Complete 
|  20|0x0000000081400000, 0x0000000081500000, 0x0000000081500000|100%| O|  |TAMS 0x0000000081500000, 0x0000000081400000| Untracked 
|  21|0x0000000081500000, 0x0000000081600000, 0x0000000081600000|100%| O|  |TAMS 0x0000000081600000, 0x0000000081500000| Untracked 
|  22|0x0000000081600000, 0x0000000081700000, 0x0000000081700000|100%| O|  |TAMS 0x0000000081700000, 0x0000000081600000| Untracked 
|  23|0x0000000081700000, 0x0000000081800000, 0x0000000081800000|100%| O|  |TAMS 0x0000000081800000, 0x0000000081700000| Untracked 
|  24|0x0000000081800000, 0x0000000081900000, 0x0000000081900000|100%| O|  |TAMS 0x0000000081900000, 0x0000000081800000| Untracked 
|  25|0x0000000081900000, 0x0000000081a00000, 0x0000000081a00000|100%| O|  |TAMS 0x0000000081a00000, 0x0000000081900000| Untracked 
|  26|0x0000000081a00000, 0x0000000081b00000, 0x0000000081b00000|100%| O|  |TAMS 0x0000000081b00000, 0x0000000081a00000| Untracked 
|  27|0x0000000081b00000, 0x0000000081c00000, 0x0000000081c00000|100%| O|  |TAMS 0x0000000081c00000, 0x0000000081b00000| Untracked 
|  28|0x0000000081c00000, 0x0000000081d00000, 0x0000000081d00000|100%| O|  |TAMS 0x0000000081d00000, 0x0000000081c00000| Untracked 
|  29|0x0000000081d00000, 0x0000000081e00000, 0x0000000081e00000|100%|HS|  |TAMS 0x0000000081e00000, 0x0000000081d00000| Complete 
|  30|0x0000000081e00000, 0x0000000081e00000, 0x0000000081f00000|  0%| F|  |TAMS 0x0000000081e00000, 0x0000000081e00000| Untracked 
|  31|0x0000000081f00000, 0x0000000082000000, 0x0000000082000000|100%| O|  |TAMS 0x0000000082000000, 0x0000000081f00000| Untracked 
|  32|0x0000000082000000, 0x0000000082100000, 0x0000000082100000|100%| O|  |TAMS 0x0000000082100000, 0x0000000082000000| Untracked 
|  33|0x0000000082100000, 0x0000000082200000, 0x0000000082200000|100%| O|  |TAMS 0x000000008214f800, 0x0000000082100000| Untracked 
|  34|0x0000000082200000, 0x0000000082200000, 0x0000000082300000|  0%| F|  |TAMS 0x0000000082200000, 0x0000000082200000| Untracked 
|  35|0x0000000082300000, 0x0000000082300000, 0x0000000082400000|  0%| F|  |TAMS 0x0000000082300000, 0x0000000082300000| Untracked 
|  36|0x0000000082400000, 0x0000000082400000, 0x0000000082500000|  0%| F|  |TAMS 0x0000000082400000, 0x0000000082400000| Untracked 
|  37|0x0000000082500000, 0x0000000082500000, 0x0000000082600000|  0%| F|  |TAMS 0x0000000082500000, 0x0000000082500000| Untracked 
|  38|0x0000000082600000, 0x0000000082600000, 0x0000000082700000|  0%| F|  |TAMS 0x0000000082600000, 0x0000000082600000| Untracked 
|  39|0x0000000082700000, 0x0000000082700000, 0x0000000082800000|  0%| F|  |TAMS 0x0000000082700000, 0x0000000082700000| Untracked 
|  40|0x0000000082800000, 0x0000000082900000, 0x0000000082900000|100%| O|  |TAMS 0x0000000082800000, 0x0000000082800000| Untracked 
|  41|0x0000000082900000, 0x0000000082a00000, 0x0000000082a00000|100%| O|  |TAMS 0x0000000082900000, 0x0000000082900000| Untracked 
|  42|0x0000000082a00000, 0x0000000082b00000, 0x0000000082b00000|100%| O|  |TAMS 0x0000000082a00000, 0x0000000082a00000| Untracked 
|  43|0x0000000082b00000, 0x0000000082c00000, 0x0000000082c00000|100%| O|  |TAMS 0x0000000082b00000, 0x0000000082b00000| Untracked 
|  44|0x0000000082c00000, 0x0000000082d00000, 0x0000000082d00000|100%| O|  |TAMS 0x0000000082c00000, 0x0000000082c00000| Untracked 
|  45|0x0000000082d00000, 0x0000000082e00000, 0x0000000082e00000|100%| O|  |TAMS 0x0000000082d00000, 0x0000000082d00000| Untracked 
|  46|0x0000000082e00000, 0x0000000082f00000, 0x0000000082f00000|100%| O|  |TAMS 0x0000000082e00000, 0x0000000082e00000| Untracked 
|  47|0x0000000082f00000, 0x0000000083000000, 0x0000000083000000|100%| O|  |TAMS 0x0000000082f00000, 0x0000000082f00000| Untracked 
|  48|0x0000000083000000, 0x0000000083100000, 0x0000000083100000|100%| O|  |TAMS 0x0000000083000000, 0x0000000083000000| Untracked 
|  49|0x0000000083100000, 0x0000000083200000, 0x0000000083200000|100%| O|  |TAMS 0x0000000083100000, 0x0000000083100000| Untracked 
|  50|0x0000000083200000, 0x00000000832b9200, 0x0000000083300000| 72%| O|  |TAMS 0x0000000083200000, 0x0000000083200000| Untracked 
|  51|0x0000000083300000, 0x0000000083300000, 0x0000000083400000|  0%| F|  |TAMS 0x0000000083300000, 0x0000000083300000| Untracked 
|  52|0x0000000083400000, 0x0000000083400000, 0x0000000083500000|  0%| F|  |TAMS 0x0000000083400000, 0x0000000083400000| Untracked 
|  53|0x0000000083500000, 0x0000000083500000, 0x0000000083600000|  0%| F|  |TAMS 0x0000000083500000, 0x0000000083500000| Untracked 
|  54|0x0000000083600000, 0x0000000083600000, 0x0000000083700000|  0%| F|  |TAMS 0x0000000083600000, 0x0000000083600000| Untracked 
|  55|0x0000000083700000, 0x0000000083700000, 0x0000000083800000|  0%| F|  |TAMS 0x0000000083700000, 0x0000000083700000| Untracked 
|  56|0x0000000083800000, 0x0000000083800000, 0x0000000083900000|  0%| F|  |TAMS 0x0000000083800000, 0x0000000083800000| Untracked 
|  57|0x0000000083900000, 0x0000000083900000, 0x0000000083a00000|  0%| F|  |TAMS 0x0000000083900000, 0x0000000083900000| Untracked 
|  58|0x0000000083a00000, 0x0000000083a00000, 0x0000000083b00000|  0%| F|  |TAMS 0x0000000083a00000, 0x0000000083a00000| Untracked 
|  59|0x0000000083b00000, 0x0000000083b00000, 0x0000000083c00000|  0%| F|  |TAMS 0x0000000083b00000, 0x0000000083b00000| Untracked 
|  60|0x0000000083c00000, 0x0000000083c00000, 0x0000000083d00000|  0%| F|  |TAMS 0x0000000083c00000, 0x0000000083c00000| Untracked 
|  61|0x0000000083d00000, 0x0000000083d00000, 0x0000000083e00000|  0%| F|  |TAMS 0x0000000083d00000, 0x0000000083d00000| Untracked 
|  62|0x0000000083e00000, 0x0000000083e00000, 0x0000000083f00000|  0%| F|  |TAMS 0x0000000083e00000, 0x0000000083e00000| Untracked 
|  63|0x0000000083f00000, 0x0000000083f00000, 0x0000000084000000|  0%| F|  |TAMS 0x0000000083f00000, 0x0000000083f00000| Untracked 
|  64|0x0000000084000000, 0x0000000084000000, 0x0000000084100000|  0%| F|  |TAMS 0x0000000084000000, 0x0000000084000000| Untracked 
|  65|0x0000000084100000, 0x0000000084100000, 0x0000000084200000|  0%| F|  |TAMS 0x0000000084100000, 0x0000000084100000| Untracked 
|  66|0x0000000084200000, 0x0000000084200000, 0x0000000084300000|  0%| F|  |TAMS 0x0000000084200000, 0x0000000084200000| Untracked 
|  67|0x0000000084300000, 0x0000000084300000, 0x0000000084400000|  0%| F|  |TAMS 0x0000000084300000, 0x0000000084300000| Untracked 
|  68|0x0000000084400000, 0x0000000084400000, 0x0000000084500000|  0%| F|  |TAMS 0x0000000084400000, 0x0000000084400000| Untracked 
|  69|0x0000000084500000, 0x0000000084500000, 0x0000000084600000|  0%| F|  |TAMS 0x0000000084500000, 0x0000000084500000| Untracked 
|  70|0x0000000084600000, 0x0000000084600000, 0x0000000084700000|  0%| F|  |TAMS 0x0000000084600000, 0x0000000084600000| Untracked 
|  71|0x0000000084700000, 0x0000000084700000, 0x0000000084800000|  0%| F|  |TAMS 0x0000000084700000, 0x0000000084700000| Untracked 
|  72|0x0000000084800000, 0x0000000084800000, 0x0000000084900000|  0%| F|  |TAMS 0x0000000084800000, 0x0000000084800000| Untracked 
|  73|0x0000000084900000, 0x0000000084900000, 0x0000000084a00000|  0%| F|  |TAMS 0x0000000084900000, 0x0000000084900000| Untracked 
|  74|0x0000000084a00000, 0x0000000084a00000, 0x0000000084b00000|  0%| F|  |TAMS 0x0000000084a00000, 0x0000000084a00000| Untracked 
|  75|0x0000000084b00000, 0x0000000084b00000, 0x0000000084c00000|  0%| F|  |TAMS 0x0000000084b00000, 0x0000000084b00000| Untracked 
|  76|0x0000000084c00000, 0x0000000084c00000, 0x0000000084d00000|  0%| F|  |TAMS 0x0000000084c00000, 0x0000000084c00000| Untracked 
|  77|0x0000000084d00000, 0x0000000084d00000, 0x0000000084e00000|  0%| F|  |TAMS 0x0000000084d00000, 0x0000000084d00000| Untracked 
|  78|0x0000000084e00000, 0x0000000084e00000, 0x0000000084f00000|  0%| F|  |TAMS 0x0000000084e00000, 0x0000000084e00000| Untracked 
|  79|0x0000000084f00000, 0x0000000084f00000, 0x0000000085000000|  0%| F|  |TAMS 0x0000000084f00000, 0x0000000084f00000| Untracked 
|  80|0x0000000085000000, 0x0000000085000000, 0x0000000085100000|  0%| F|  |TAMS 0x0000000085000000, 0x0000000085000000| Untracked 
|  81|0x0000000085100000, 0x0000000085100000, 0x0000000085200000|  0%| F|  |TAMS 0x0000000085100000, 0x0000000085100000| Untracked 
|  82|0x0000000085200000, 0x0000000085200000, 0x0000000085300000|  0%| F|  |TAMS 0x0000000085200000, 0x0000000085200000| Untracked 
|  83|0x0000000085300000, 0x0000000085400000, 0x0000000085400000|100%| S|CS|TAMS 0x0000000085300000, 0x0000000085300000| Complete 
|  84|0x0000000085400000, 0x0000000085500000, 0x0000000085500000|100%| S|CS|TAMS 0x0000000085400000, 0x0000000085400000| Complete 
|  85|0x0000000085500000, 0x0000000085600000, 0x0000000085600000|100%| S|CS|TAMS 0x0000000085500000, 0x0000000085500000| Complete 
|  86|0x0000000085600000, 0x0000000085700000, 0x0000000085700000|100%| S|CS|TAMS 0x0000000085600000, 0x0000000085600000| Complete 
|  87|0x0000000085700000, 0x0000000085800000, 0x0000000085800000|100%| S|CS|TAMS 0x0000000085700000, 0x0000000085700000| Complete 
|  88|0x0000000085800000, 0x0000000085900000, 0x0000000085900000|100%| S|CS|TAMS 0x0000000085800000, 0x0000000085800000| Complete 
|  89|0x0000000085900000, 0x0000000085a00000, 0x0000000085a00000|100%| S|CS|TAMS 0x0000000085900000, 0x0000000085900000| Complete 
|  90|0x0000000085a00000, 0x0000000085b00000, 0x0000000085b00000|100%| S|CS|TAMS 0x0000000085a00000, 0x0000000085a00000| Complete 
|  91|0x0000000085b00000, 0x0000000085c00000, 0x0000000085c00000|100%| S|CS|TAMS 0x0000000085b00000, 0x0000000085b00000| Complete 
|  92|0x0000000085c00000, 0x0000000085d00000, 0x0000000085d00000|100%| S|CS|TAMS 0x0000000085c00000, 0x0000000085c00000| Complete 
|  93|0x0000000085d00000, 0x0000000085e00000, 0x0000000085e00000|100%| S|CS|TAMS 0x0000000085d00000, 0x0000000085d00000| Complete 
|  94|0x0000000085e00000, 0x0000000085e00000, 0x0000000085f00000|  0%| F|  |TAMS 0x0000000085e00000, 0x0000000085e00000| Untracked 
|  95|0x0000000085f00000, 0x0000000085f00000, 0x0000000086000000|  0%| F|  |TAMS 0x0000000085f00000, 0x0000000085f00000| Untracked 
|  96|0x0000000086000000, 0x0000000086000000, 0x0000000086100000|  0%| F|  |TAMS 0x0000000086000000, 0x0000000086000000| Untracked 
|  97|0x0000000086100000, 0x0000000086100000, 0x0000000086200000|  0%| F|  |TAMS 0x0000000086100000, 0x0000000086100000| Untracked 
|  98|0x0000000086200000, 0x0000000086200000, 0x0000000086300000|  0%| F|  |TAMS 0x0000000086200000, 0x0000000086200000| Untracked 
|  99|0x0000000086300000, 0x0000000086300000, 0x0000000086400000|  0%| F|  |TAMS 0x0000000086300000, 0x0000000086300000| Untracked 
| 100|0x0000000086400000, 0x0000000086400000, 0x0000000086500000|  0%| F|  |TAMS 0x0000000086400000, 0x0000000086400000| Untracked 
| 101|0x0000000086500000, 0x0000000086500000, 0x0000000086600000|  0%| F|  |TAMS 0x0000000086500000, 0x0000000086500000| Untracked 
| 102|0x0000000086600000, 0x0000000086600000, 0x0000000086700000|  0%| F|  |TAMS 0x0000000086600000, 0x0000000086600000| Untracked 
| 103|0x0000000086700000, 0x0000000086700000, 0x0000000086800000|  0%| F|  |TAMS 0x0000000086700000, 0x0000000086700000| Untracked 
| 104|0x0000000086800000, 0x0000000086800000, 0x0000000086900000|  0%| F|  |TAMS 0x0000000086800000, 0x0000000086800000| Untracked 
| 105|0x0000000086900000, 0x0000000086900000, 0x0000000086a00000|  0%| F|  |TAMS 0x0000000086900000, 0x0000000086900000| Untracked 
| 106|0x0000000086a00000, 0x0000000086a00000, 0x0000000086b00000|  0%| F|  |TAMS 0x0000000086a00000, 0x0000000086a00000| Untracked 
| 107|0x0000000086b00000, 0x0000000086b00000, 0x0000000086c00000|  0%| F|  |TAMS 0x0000000086b00000, 0x0000000086b00000| Untracked 
| 108|0x0000000086c00000, 0x0000000086c00000, 0x0000000086d00000|  0%| F|  |TAMS 0x0000000086c00000, 0x0000000086c00000| Untracked 
| 109|0x0000000086d00000, 0x0000000086d00000, 0x0000000086e00000|  0%| F|  |TAMS 0x0000000086d00000, 0x0000000086d00000| Untracked 
| 110|0x0000000086e00000, 0x0000000086e00000, 0x0000000086f00000|  0%| F|  |TAMS 0x0000000086e00000, 0x0000000086e00000| Untracked 
| 111|0x0000000086f00000, 0x0000000086f00000, 0x0000000087000000|  0%| F|  |TAMS 0x0000000086f00000, 0x0000000086f00000| Untracked 
| 112|0x0000000087000000, 0x0000000087000000, 0x0000000087100000|  0%| F|  |TAMS 0x0000000087000000, 0x0000000087000000| Untracked 
| 113|0x0000000087100000, 0x0000000087100000, 0x0000000087200000|  0%| F|  |TAMS 0x0000000087100000, 0x0000000087100000| Untracked 
| 114|0x0000000087200000, 0x0000000087200000, 0x0000000087300000|  0%| F|  |TAMS 0x0000000087200000, 0x0000000087200000| Untracked 
| 115|0x0000000087300000, 0x0000000087300000, 0x0000000087400000|  0%| F|  |TAMS 0x0000000087300000, 0x0000000087300000| Untracked 
| 116|0x0000000087400000, 0x0000000087400000, 0x0000000087500000|  0%| F|  |TAMS 0x0000000087400000, 0x0000000087400000| Untracked 
| 117|0x0000000087500000, 0x0000000087500000, 0x0000000087600000|  0%| F|  |TAMS 0x0000000087500000, 0x0000000087500000| Untracked 
| 118|0x0000000087600000, 0x0000000087600000, 0x0000000087700000|  0%| F|  |TAMS 0x0000000087600000, 0x0000000087600000| Untracked 
| 119|0x0000000087700000, 0x0000000087700000, 0x0000000087800000|  0%| F|  |TAMS 0x0000000087700000, 0x0000000087700000| Untracked 
| 120|0x0000000087800000, 0x0000000087800000, 0x0000000087900000|  0%| F|  |TAMS 0x0000000087800000, 0x0000000087800000| Untracked 
| 121|0x0000000087900000, 0x0000000087900000, 0x0000000087a00000|  0%| F|  |TAMS 0x0000000087900000, 0x0000000087900000| Untracked 
| 122|0x0000000087a00000, 0x0000000087a00000, 0x0000000087b00000|  0%| F|  |TAMS 0x0000000087a00000, 0x0000000087a00000| Untracked 
| 123|0x0000000087b00000, 0x0000000087b00000, 0x0000000087c00000|  0%| F|  |TAMS 0x0000000087b00000, 0x0000000087b00000| Untracked 
| 124|0x0000000087c00000, 0x0000000087c00000, 0x0000000087d00000|  0%| F|  |TAMS 0x0000000087c00000, 0x0000000087c00000| Untracked 
| 125|0x0000000087d00000, 0x0000000087d00000, 0x0000000087e00000|  0%| F|  |TAMS 0x0000000087d00000, 0x0000000087d00000| Untracked 
| 126|0x0000000087e00000, 0x0000000087e00000, 0x0000000087f00000|  0%| F|  |TAMS 0x0000000087e00000, 0x0000000087e00000| Untracked 
| 127|0x0000000087f00000, 0x0000000087f00000, 0x0000000088000000|  0%| F|  |TAMS 0x0000000087f00000, 0x0000000087f00000| Untracked 
| 128|0x0000000088000000, 0x0000000088000000, 0x0000000088100000|  0%| F|  |TAMS 0x0000000088000000, 0x0000000088000000| Untracked 
| 129|0x0000000088100000, 0x0000000088100000, 0x0000000088200000|  0%| F|  |TAMS 0x0000000088100000, 0x0000000088100000| Untracked 
| 130|0x0000000088200000, 0x0000000088200000, 0x0000000088300000|  0%| F|  |TAMS 0x0000000088200000, 0x0000000088200000| Untracked 
| 131|0x0000000088300000, 0x0000000088300000, 0x0000000088400000|  0%| F|  |TAMS 0x0000000088300000, 0x0000000088300000| Untracked 
| 132|0x0000000088400000, 0x0000000088400000, 0x0000000088500000|  0%| F|  |TAMS 0x0000000088400000, 0x0000000088400000| Untracked 
| 133|0x0000000088500000, 0x0000000088500000, 0x0000000088600000|  0%| F|  |TAMS 0x0000000088500000, 0x0000000088500000| Untracked 
| 134|0x0000000088600000, 0x0000000088600000, 0x0000000088700000|  0%| F|  |TAMS 0x0000000088600000, 0x0000000088600000| Untracked 
| 135|0x0000000088700000, 0x0000000088700000, 0x0000000088800000|  0%| F|  |TAMS 0x0000000088700000, 0x0000000088700000| Untracked 
| 136|0x0000000088800000, 0x0000000088800000, 0x0000000088900000|  0%| F|  |TAMS 0x0000000088800000, 0x0000000088800000| Untracked 
| 137|0x0000000088900000, 0x0000000088900000, 0x0000000088a00000|  0%| F|  |TAMS 0x0000000088900000, 0x0000000088900000| Untracked 
| 138|0x0000000088a00000, 0x0000000088a00000, 0x0000000088b00000|  0%| F|  |TAMS 0x0000000088a00000, 0x0000000088a00000| Untracked 
| 139|0x0000000088b00000, 0x0000000088b00000, 0x0000000088c00000|  0%| F|  |TAMS 0x0000000088b00000, 0x0000000088b00000| Untracked 
| 140|0x0000000088c00000, 0x0000000088c00000, 0x0000000088d00000|  0%| F|  |TAMS 0x0000000088c00000, 0x0000000088c00000| Untracked 
| 141|0x0000000088d00000, 0x0000000088d00000, 0x0000000088e00000|  0%| F|  |TAMS 0x0000000088d00000, 0x0000000088d00000| Untracked 
| 142|0x0000000088e00000, 0x0000000088e00000, 0x0000000088f00000|  0%| F|  |TAMS 0x0000000088e00000, 0x0000000088e00000| Untracked 
| 143|0x0000000088f00000, 0x0000000088f00000, 0x0000000089000000|  0%| F|  |TAMS 0x0000000088f00000, 0x0000000088f00000| Untracked 
| 144|0x0000000089000000, 0x0000000089000000, 0x0000000089100000|  0%| F|  |TAMS 0x0000000089000000, 0x0000000089000000| Untracked 
| 145|0x0000000089100000, 0x0000000089100000, 0x0000000089200000|  0%| F|  |TAMS 0x0000000089100000, 0x0000000089100000| Untracked 
| 146|0x0000000089200000, 0x0000000089200000, 0x0000000089300000|  0%| F|  |TAMS 0x0000000089200000, 0x0000000089200000| Untracked 
| 147|0x0000000089300000, 0x0000000089300000, 0x0000000089400000|  0%| F|  |TAMS 0x0000000089300000, 0x0000000089300000| Untracked 
| 148|0x0000000089400000, 0x0000000089400000, 0x0000000089500000|  0%| F|  |TAMS 0x0000000089400000, 0x0000000089400000| Untracked 
| 149|0x0000000089500000, 0x0000000089500000, 0x0000000089600000|  0%| F|  |TAMS 0x0000000089500000, 0x0000000089500000| Untracked 
| 150|0x0000000089600000, 0x0000000089600000, 0x0000000089700000|  0%| F|  |TAMS 0x0000000089600000, 0x0000000089600000| Untracked 
| 151|0x0000000089700000, 0x0000000089700000, 0x0000000089800000|  0%| F|  |TAMS 0x0000000089700000, 0x0000000089700000| Untracked 
| 152|0x0000000089800000, 0x0000000089800000, 0x0000000089900000|  0%| F|  |TAMS 0x0000000089800000, 0x0000000089800000| Untracked 
| 153|0x0000000089900000, 0x0000000089900000, 0x0000000089a00000|  0%| F|  |TAMS 0x0000000089900000, 0x0000000089900000| Untracked 
| 154|0x0000000089a00000, 0x0000000089a00000, 0x0000000089b00000|  0%| F|  |TAMS 0x0000000089a00000, 0x0000000089a00000| Untracked 
| 155|0x0000000089b00000, 0x0000000089b00000, 0x0000000089c00000|  0%| F|  |TAMS 0x0000000089b00000, 0x0000000089b00000| Untracked 
| 156|0x0000000089c00000, 0x0000000089c00000, 0x0000000089d00000|  0%| F|  |TAMS 0x0000000089c00000, 0x0000000089c00000| Untracked 
| 157|0x0000000089d00000, 0x0000000089d00000, 0x0000000089e00000|  0%| F|  |TAMS 0x0000000089d00000, 0x0000000089d00000| Untracked 
| 158|0x0000000089e00000, 0x0000000089e00000, 0x0000000089f00000|  0%| F|  |TAMS 0x0000000089e00000, 0x0000000089e00000| Untracked 
| 159|0x0000000089f00000, 0x0000000089f00000, 0x000000008a000000|  0%| F|  |TAMS 0x0000000089f00000, 0x0000000089f00000| Untracked 
| 160|0x000000008a000000, 0x000000008a000000, 0x000000008a100000|  0%| F|  |TAMS 0x000000008a000000, 0x000000008a000000| Untracked 
| 161|0x000000008a100000, 0x000000008a100000, 0x000000008a200000|  0%| F|  |TAMS 0x000000008a100000, 0x000000008a100000| Untracked 
| 162|0x000000008a200000, 0x000000008a200000, 0x000000008a300000|  0%| F|  |TAMS 0x000000008a200000, 0x000000008a200000| Untracked 
| 163|0x000000008a300000, 0x000000008a300000, 0x000000008a400000|  0%| F|  |TAMS 0x000000008a300000, 0x000000008a300000| Untracked 
| 164|0x000000008a400000, 0x000000008a480800, 0x000000008a500000| 50%| E|  |TAMS 0x000000008a400000, 0x000000008a400000| Complete 
| 165|0x000000008a500000, 0x000000008a600000, 0x000000008a600000|100%| E|CS|TAMS 0x000000008a500000, 0x000000008a500000| Complete 
| 166|0x000000008a600000, 0x000000008a700000, 0x000000008a700000|100%| E|CS|TAMS 0x000000008a600000, 0x000000008a600000| Complete 
| 167|0x000000008a700000, 0x000000008a800000, 0x000000008a800000|100%| E|CS|TAMS 0x000000008a700000, 0x000000008a700000| Complete 
| 168|0x000000008a800000, 0x000000008a900000, 0x000000008a900000|100%| E|CS|TAMS 0x000000008a800000, 0x000000008a800000| Complete 
| 169|0x000000008a900000, 0x000000008aa00000, 0x000000008aa00000|100%| E|CS|TAMS 0x000000008a900000, 0x000000008a900000| Complete 
| 170|0x000000008aa00000, 0x000000008ab00000, 0x000000008ab00000|100%| E|CS|TAMS 0x000000008aa00000, 0x000000008aa00000| Complete 

Card table byte_map: [0x0000020fd7aa0000,0x0000020fd7ea0000] _byte_map_base: 0x0000020fd76a0000

Marking Bits (Prev, Next): (CMBitMap*) 0x0000020fc4bb92c0, (CMBitMap*) 0x0000020fc4bb9288
 Prev Bits: [0x0000020fda2a0000, 0x0000020fdc2a0000)
 Next Bits: [0x0000020fd82a0000, 0x0000020fda2a0000)

Polling page: 0x0000020fc29f0000

Metaspace:

Usage:
  Non-class:     61.10 MB capacity,    60.09 MB ( 98%) used,   840.84 KB (  1%) free+waste,   187.19 KB ( <1%) overhead. 
      Class:      9.40 MB capacity,     8.73 MB ( 93%) used,   588.47 KB (  6%) free+waste,    87.94 KB ( <1%) overhead. 
       Both:     70.49 MB capacity,    68.83 MB ( 98%) used,     1.40 MB (  2%) free+waste,   275.12 KB ( <1%) overhead. 

Virtual space:
  Non-class space:       62.00 MB reserved,      61.13 MB ( 99%) committed 
      Class space:        1.00 GB reserved,       9.45 MB ( <1%) committed 
             Both:        1.06 GB reserved,      70.58 MB (  6%) committed 

Chunk freelists:
   Non-Class:  33.00 KB
       Class:  11.00 KB
        Both:  44.00 KB

MaxMetaspaceSize: 17179869184.00 GB
CompressedClassSpaceSize: 1.00 GB
Initial GC threshold: 20.80 MB
Current GC threshold: 99.02 MB
CDS: off

CodeHeap 'non-profiled nmethods': size=120064Kb used=4401Kb max_used=4401Kb free=115662Kb
 bounds [0x0000020fd0160000, 0x0000020fd05b0000, 0x0000020fd76a0000]
CodeHeap 'profiled nmethods': size=120000Kb used=15031Kb max_used=15031Kb free=104968Kb
 bounds [0x0000020fc8c30000, 0x0000020fc9ae0000, 0x0000020fd0160000]
CodeHeap 'non-nmethods': size=5696Kb used=2370Kb max_used=2417Kb free=3325Kb
 bounds [0x0000020fc86a0000, 0x0000020fc8910000, 0x0000020fc8c30000]
 total_blobs=7906 nmethods=7014 adapters=804
 compilation: enabled
              stopped_count=0, restarted_count=0
 full_count=0

Compilation events (20 events):
Event: 11.005 Thread 0x0000020fde79c000 7013       4       org.codehaus.groovy.util.SingleKeyHashMap::getOrPut (137 bytes)
Event: 11.009 Thread 0x0000020fde7a7000 7015       1       org.codehaus.groovy.runtime.metaclass.MetaClassRegistryImpl::getMetaClassCreationHandler (5 bytes)
Event: 11.009 Thread 0x0000020fde7a7000 nmethod 7015 0x0000020fd05a0990 code [0x0000020fd05a0b40, 0x0000020fd05a0bf8]
Event: 11.019 Thread 0x0000020fde79c000 nmethod 7013 0x0000020fd05a0c90 code [0x0000020fd05a0e60, 0x0000020fd05a1448]
Event: 11.019 Thread 0x0000020fde79c000 7014       4       java.util.HashMap$ValueIterator::next (8 bytes)
Event: 11.019 Thread 0x0000020fde7a7000 7017       3       org.codehaus.groovy.runtime.metaclass.MetaMethodIndex$Header::<init> (26 bytes)
Event: 11.020 Thread 0x0000020fde7a7000 nmethod 7017 0x0000020fc9ad4e10 code [0x0000020fc9ad4fe0, 0x0000020fc9ad52c8]
Event: 11.024 Thread 0x0000020fde79c000 nmethod 7014 0x0000020fd05a1710 code [0x0000020fd05a18a0, 0x0000020fd05a1c98]
Event: 11.024 Thread 0x0000020fde79c000 7016   !   4       org.codehaus.groovy.reflection.stdclasses.CachedSAMClass::hasUsableImplementation (72 bytes)
Event: 11.028 Thread 0x0000020fde7a7000 7018       3       java.util.jar.JarFile::getVersionedEntry (85 bytes)
Event: 11.030 Thread 0x0000020fde7a7000 nmethod 7018 0x0000020fc9ad5410 code [0x0000020fc9ad5700, 0x0000020fc9ad6708]
Event: 11.032 Thread 0x0000020fde7a7000 7021       3       java.util.AbstractMap::isEmpty (13 bytes)
Event: 11.032 Thread 0x0000020fde7a7000 nmethod 7021 0x0000020fc9ad6d10 code [0x0000020fc9ad6ec0, 0x0000020fc9ad70c8]
Event: 11.036 Thread 0x0000020fde7a7000 7023       1       org.codehaus.groovy.runtime.callsite.AbstractCallSite::getArray (5 bytes)
Event: 11.036 Thread 0x0000020fde7a7000 nmethod 7023 0x0000020fd05a1e10 code [0x0000020fd05a1fc0, 0x0000020fd05a2078]
Event: 11.036 Thread 0x0000020fde7a7000 7024       1       groovy.lang.GroovyObjectSupport::getMetaClass (5 bytes)
Event: 11.036 Thread 0x0000020fde7a7000 nmethod 7024 0x0000020fd05a2110 code [0x0000020fd05a22c0, 0x0000020fd05a2378]
Event: 11.080 Thread 0x0000020fde7a7000 7025       3       org.gradle.api.internal.collections.AbstractIterationOrderRetainingElementSource$Element::getValues (16 bytes)
Event: 11.080 Thread 0x0000020fde7a7000 nmethod 7025 0x0000020fc9ad7190 code [0x0000020fc9ad7340, 0x0000020fc9ad74c8]
Event: 11.087 Thread 0x0000020fde7a7000 7026       3       com.google.common.util.concurrent.AbstractFuture::clearListeners (47 bytes)

GC Heap History (20 events):
Event: 2.694 GC heap before
{Heap before GC invocations=4 (full 0):
 garbage-first heap   total 120832K, used 20139K [0x0000000080000000, 0x0000000100000000)
  region size 1024K, 7 young (7168K), 3 survivors (3072K)
 Metaspace       used 20811K, capacity 21195K, committed 21296K, reserved 1069056K
  class space    used 2523K, capacity 2685K, committed 2688K, reserved 1048576K
}
Event: 2.698 GC heap after
{Heap after GC invocations=5 (full 0):
 garbage-first heap   total 145408K, used 17292K [0x0000000080000000, 0x0000000100000000)
  region size 1024K, 3 young (3072K), 3 survivors (3072K)
 Metaspace       used 20811K, capacity 21195K, committed 21296K, reserved 1069056K
  class space    used 2523K, capacity 2685K, committed 2688K, reserved 1048576K
}
Event: 3.444 GC heap before
{Heap before GC invocations=6 (full 0):
 garbage-first heap   total 145408K, used 73612K [0x0000000080000000, 0x0000000100000000)
  region size 1024K, 58 young (59392K), 3 survivors (3072K)
 Metaspace       used 26917K, capacity 27593K, committed 27772K, reserved 1073152K
  class space    used 3493K, capacity 3768K, committed 3788K, reserved 1048576K
}
Event: 3.449 GC heap after
{Heap after GC invocations=7 (full 0):
 garbage-first heap   total 145408K, used 19267K [0x0000000080000000, 0x0000000100000000)
  region size 1024K, 5 young (5120K), 5 survivors (5120K)
 Metaspace       used 26917K, capacity 27593K, committed 27772K, reserved 1073152K
  class space    used 3493K, capacity 3768K, committed 3788K, reserved 1048576K
}
Event: 4.250 GC heap before
{Heap before GC invocations=7 (full 0):
 garbage-first heap   total 145408K, used 80707K [0x0000000080000000, 0x0000000100000000)
  region size 1024K, 65 young (66560K), 5 survivors (5120K)
 Metaspace       used 33847K, capacity 34759K, committed 35068K, reserved 1079296K
  class space    used 4484K, capacity 4818K, committed 4940K, reserved 1048576K
}
Event: 4.257 GC heap after
{Heap after GC invocations=8 (full 0):
 garbage-first heap   total 145408K, used 22332K [0x0000000080000000, 0x0000000100000000)
  region size 1024K, 6 young (6144K), 6 survivors (6144K)
 Metaspace       used 33847K, capacity 34759K, committed 35068K, reserved 1079296K
  class space    used 4484K, capacity 4818K, committed 4940K, reserved 1048576K
}
Event: 4.394 GC heap before
{Heap before GC invocations=8 (full 0):
 garbage-first heap   total 145408K, used 26428K [0x0000000080000000, 0x0000000100000000)
  region size 1024K, 11 young (11264K), 6 survivors (6144K)
 Metaspace       used 35097K, capacity 35957K, committed 36048K, reserved 1081344K
  class space    used 4571K, capacity 4921K, committed 4940K, reserved 1048576K
}
Event: 4.404 GC heap after
{Heap after GC invocations=9 (full 0):
 garbage-first heap   total 145408K, used 22980K [0x0000000080000000, 0x0000000100000000)
  region size 1024K, 4 young (4096K), 4 survivors (4096K)
 Metaspace       used 35097K, capacity 35957K, committed 36048K, reserved 1081344K
  class space    used 4571K, capacity 4921K, committed 4940K, reserved 1048576K
}
Event: 5.524 GC heap before
{Heap before GC invocations=10 (full 0):
 garbage-first heap   total 145408K, used 92612K [0x0000000080000000, 0x0000000100000000)
  region size 1024K, 70 young (71680K), 4 survivors (4096K)
 Metaspace       used 41076K, capacity 42002K, committed 42064K, reserved 1085440K
  class space    used 5203K, capacity 5563K, committed 5580K, reserved 1048576K
}
Event: 5.533 GC heap after
{Heap after GC invocations=11 (full 0):
 garbage-first heap   total 145408K, used 29144K [0x0000000080000000, 0x0000000100000000)
  region size 1024K, 9 young (9216K), 9 survivors (9216K)
 Metaspace       used 41076K, capacity 42002K, committed 42064K, reserved 1085440K
  class space    used 5203K, capacity 5563K, committed 5580K, reserved 1048576K
}
Event: 6.485 GC heap before
{Heap before GC invocations=11 (full 0):
 garbage-first heap   total 145408K, used 98776K [0x0000000080000000, 0x0000000100000000)
  region size 1024K, 77 young (78848K), 9 survivors (9216K)
 Metaspace       used 47237K, capacity 48319K, committed 48592K, reserved 1091584K
  class space    used 6018K, capacity 6422K, committed 6476K, reserved 1048576K
}
Event: 6.493 GC heap after
{Heap after GC invocations=12 (full 0):
 garbage-first heap   total 145408K, used 31925K [0x0000000080000000, 0x0000000100000000)
  region size 1024K, 4 young (4096K), 4 survivors (4096K)
 Metaspace       used 47237K, capacity 48319K, committed 48592K, reserved 1091584K
  class space    used 6018K, capacity 6422K, committed 6476K, reserved 1048576K
}
Event: 7.998 GC heap before
{Heap before GC invocations=12 (full 0):
 garbage-first heap   total 145408K, used 101557K [0x0000000080000000, 0x0000000100000000)
  region size 1024K, 73 young (74752K), 4 survivors (4096K)
 Metaspace       used 55579K, capacity 56884K, committed 57168K, reserved 1099776K
  class space    used 7033K, capacity 7539K, committed 7628K, reserved 1048576K
}
Event: 8.004 GC heap after
{Heap after GC invocations=13 (full 0):
 garbage-first heap   total 175104K, used 36216K [0x0000000080000000, 0x0000000100000000)
  region size 1024K, 8 young (8192K), 8 survivors (8192K)
 Metaspace       used 55579K, capacity 56884K, committed 57168K, reserved 1099776K
  class space    used 7033K, capacity 7539K, committed 7628K, reserved 1048576K
}
Event: 8.971 GC heap before
{Heap before GC invocations=13 (full 0):
 garbage-first heap   total 175104K, used 82296K [0x0000000080000000, 0x0000000100000000)
  region size 1024K, 51 young (52224K), 8 survivors (8192K)
 Metaspace       used 59066K, capacity 60441K, committed 60508K, reserved 1101824K
  class space    used 7466K, capacity 7990K, committed 8012K, reserved 1048576K
}
Event: 8.984 GC heap after
{Heap after GC invocations=14 (full 0):
 garbage-first heap   total 175104K, used 45686K [0x0000000080000000, 0x0000000100000000)
  region size 1024K, 13 young (13312K), 13 survivors (13312K)
 Metaspace       used 59066K, capacity 60441K, committed 60508K, reserved 1101824K
  class space    used 7466K, capacity 7990K, committed 8012K, reserved 1048576K
}
Event: 10.129 GC heap before
{Heap before GC invocations=15 (full 0):
 garbage-first heap   total 175104K, used 131702K [0x0000000080000000, 0x0000000100000000)
  region size 1024K, 90 young (92160K), 13 survivors (13312K)
 Metaspace       used 67131K, capacity 68680K, committed 68944K, reserved 1110016K
  class space    used 8500K, capacity 9147K, committed 9164K, reserved 1048576K
}
Event: 10.143 GC heap after
{Heap after GC invocations=16 (full 0):
 garbage-first heap   total 175104K, used 50751K [0x0000000080000000, 0x0000000100000000)
  region size 1024K, 6 young (6144K), 6 survivors (6144K)
 Metaspace       used 67131K, capacity 68680K, committed 68944K, reserved 1110016K
  class space    used 8500K, capacity 9147K, committed 9164K, reserved 1048576K
}
Event: 11.009 GC heap before
{Heap before GC invocations=16 (full 0):
 garbage-first heap   total 175104K, used 130623K [0x0000000080000000, 0x0000000100000000)
  region size 1024K, 83 young (84992K), 6 survivors (6144K)
 Metaspace       used 70200K, capacity 71958K, committed 72272K, reserved 1112064K
  class space    used 8918K, capacity 9588K, committed 9676K, reserved 1048576K
}
Event: 11.018 GC heap after
{Heap after GC invocations=17 (full 0):
 garbage-first heap   total 175104K, used 56036K [0x0000000080000000, 0x0000000100000000)
  region size 1024K, 11 young (11264K), 11 survivors (11264K)
 Metaspace       used 70200K, capacity 71958K, committed 72272K, reserved 1112064K
  class space    used 8918K, capacity 9588K, committed 9676K, reserved 1048576K
}

Deoptimization events (20 events):
Event: 10.985 Thread 0x0000020fe07ee800 Uncommon trap: trap_request=0xffffff7e fr.pc=0x0000020fd059d3f0 relative=0x00000000000003b0
Event: 10.985 Thread 0x0000020fe07ee800 Uncommon trap: reason=predicate action=maybe_recompile pc=0x0000020fd059d3f0 method=java.util.AbstractCollection.toArray([Ljava/lang/Object;)[Ljava/lang/Object; @ 43 c2
Event: 10.985 Thread 0x0000020fe07ee800 DEOPT PACKING pc=0x0000020fd059d3f0 sp=0x000000e79aef2040
Event: 10.986 Thread 0x0000020fe07ee800 DEOPT UNPACKING pc=0x0000020fc86ea1af sp=0x000000e79aef1fe8 mode 2
Event: 10.999 Thread 0x0000020fe07ee800 Uncommon trap: trap_request=0xffffffd6 fr.pc=0x0000020fd059f064 relative=0x0000000000000384
Event: 10.999 Thread 0x0000020fe07ee800 Uncommon trap: reason=array_check action=maybe_recompile pc=0x0000020fd059f064 method=java.util.AbstractCollection.toArray([Ljava/lang/Object;)[Ljava/lang/Object; @ 116 c2
Event: 10.999 Thread 0x0000020fe07ee800 DEOPT PACKING pc=0x0000020fd059f064 sp=0x000000e79aef2850
Event: 10.999 Thread 0x0000020fe07ee800 DEOPT UNPACKING pc=0x0000020fc86ea1af sp=0x000000e79aef2800 mode 2
Event: 11.000 Thread 0x0000020fe07ee800 Uncommon trap: trap_request=0xffffffd6 fr.pc=0x0000020fd059f064 relative=0x0000000000000384
Event: 11.000 Thread 0x0000020fe07ee800 Uncommon trap: reason=array_check action=maybe_recompile pc=0x0000020fd059f064 method=java.util.AbstractCollection.toArray([Ljava/lang/Object;)[Ljava/lang/Object; @ 116 c2
Event: 11.000 Thread 0x0000020fe07ee800 DEOPT PACKING pc=0x0000020fd059f064 sp=0x000000e79aef2860
Event: 11.000 Thread 0x0000020fe07ee800 DEOPT UNPACKING pc=0x0000020fc86ea1af sp=0x000000e79aef2810 mode 2
Event: 11.003 Thread 0x0000020fe07ee800 Uncommon trap: trap_request=0xffffffd6 fr.pc=0x0000020fd059f064 relative=0x0000000000000384
Event: 11.003 Thread 0x0000020fe07ee800 Uncommon trap: reason=array_check action=maybe_recompile pc=0x0000020fd059f064 method=java.util.AbstractCollection.toArray([Ljava/lang/Object;)[Ljava/lang/Object; @ 116 c2
Event: 11.003 Thread 0x0000020fe07ee800 DEOPT PACKING pc=0x0000020fd059f064 sp=0x000000e79aef2300
Event: 11.003 Thread 0x0000020fe07ee800 DEOPT UNPACKING pc=0x0000020fc86ea1af sp=0x000000e79aef22b0 mode 2
Event: 11.003 Thread 0x0000020fe07ee800 Uncommon trap: trap_request=0xffffffd6 fr.pc=0x0000020fd059f064 relative=0x0000000000000384
Event: 11.003 Thread 0x0000020fe07ee800 Uncommon trap: reason=array_check action=maybe_recompile pc=0x0000020fd059f064 method=java.util.AbstractCollection.toArray([Ljava/lang/Object;)[Ljava/lang/Object; @ 116 c2
Event: 11.003 Thread 0x0000020fe07ee800 DEOPT PACKING pc=0x0000020fd059f064 sp=0x000000e79aef2310
Event: 11.003 Thread 0x0000020fe07ee800 DEOPT UNPACKING pc=0x0000020fc86ea1af sp=0x000000e79aef22c0 mode 2

Classes redefined (0 events):
No events

Internal exceptions (20 events):
Event: 10.985 Thread 0x0000020fe07ee800 Exception <a 'java/lang/ClassNotFoundException'{0x00000000861eb828}: com/android/builder/core/AbstractBuildTypeCustomizer> (0x00000000861eb828) thrown at [src/hotspot/share/classfile/systemDictionary.cpp, line 230]
Event: 10.987 Thread 0x0000020fe07ee800 Exception <a 'java/lang/ClassNotFoundException'{0x0000000086025630}: com/android/build/gradle/internal/dsl/BuildTypeCustomizer> (0x0000000086025630) thrown at [src/hotspot/share/classfile/systemDictionary.cpp, line 230]
Event: 10.990 Thread 0x0000020fe07ee800 Exception <a 'java/lang/ClassNotFoundException'{0x00000000860bce70}: com/android/build/gradle/internal/dsl/BuildType$AgpDecoratedCustomizer> (0x00000000860bce70) thrown at [src/hotspot/share/classfile/systemDictionary.cpp, line 230]
Event: 10.992 Thread 0x0000020fe07ee800 Exception <a 'java/lang/ClassNotFoundException'{0x0000000085f1faf8}: com/android/build/gradle/internal/dsl/BuildType$AgpDecorated_DecoratedCustomizer> (0x0000000085f1faf8) thrown at [src/hotspot/share/classfile/systemDictionary.cpp, line 230]
Event: 10.998 Thread 0x0000020fe07ee800 Exception <a 'java/lang/ClassNotFoundException'{0x0000000085ff9ee8}: build_cluo9f06bg7nedg7ds9ft6fdc$_run_closure1$_closure4BeanInfo> (0x0000000085ff9ee8) thrown at [src/hotspot/share/classfile/systemDictionary.cpp, line 230]
Event: 10.999 Thread 0x0000020fe07ee800 Exception <a 'java/lang/ClassNotFoundException'{0x0000000085e0ca30}: build_cluo9f06bg7nedg7ds9ft6fdc$_run_closure1$_closure4Customizer> (0x0000000085e0ca30) thrown at [src/hotspot/share/classfile/systemDictionary.cpp, line 230]
Event: 11.003 Thread 0x0000020fe07ee800 Exception <a 'java/lang/ClassNotFoundException'{0x0000000085e3ac08}: build_cluo9f06bg7nedg7ds9ft6fdc$_run_closure1BeanInfo> (0x0000000085e3ac08) thrown at [src/hotspot/share/classfile/systemDictionary.cpp, line 230]
Event: 11.003 Thread 0x0000020fe07ee800 Exception <a 'java/lang/ClassNotFoundException'{0x0000000085e4d700}: build_cluo9f06bg7nedg7ds9ft6fdc$_run_closure1Customizer> (0x0000000085e4d700) thrown at [src/hotspot/share/classfile/systemDictionary.cpp, line 230]
Event: 11.007 Thread 0x0000020fe07ee800 Exception <a 'java/lang/ClassNotFoundException'{0x0000000085eb49a0}: org/gradle/api/JavaVersionBeanInfo> (0x0000000085eb49a0) thrown at [src/hotspot/share/classfile/systemDictionary.cpp, line 230]
Event: 11.008 Thread 0x0000020fe07ee800 Exception <a 'java/lang/ClassNotFoundException'{0x0000000085ee4fb0}: org/gradle/api/JavaVersionCustomizer> (0x0000000085ee4fb0) thrown at [src/hotspot/share/classfile/systemDictionary.cpp, line 230]
Event: 11.021 Thread 0x0000020fe07ee800 Exception <a 'java/lang/ClassNotFoundException'{0x000000008aa50c48}: com/android/build/gradle/internal/CompileOptions$AgpDecorated_DecoratedBeanInfo> (0x000000008aa50c48) thrown at [src/hotspot/share/classfile/systemDictionary.cpp, line 230]
Event: 11.022 Thread 0x0000020fe07ee800 Exception <a 'java/lang/ClassNotFoundException'{0x000000008aa6f388}: com/android/build/gradle/internal/CompileOptions$AgpDecoratedBeanInfo> (0x000000008aa6f388) thrown at [src/hotspot/share/classfile/systemDictionary.cpp, line 230]
Event: 11.023 Thread 0x0000020fe07ee800 Exception <a 'java/lang/ClassNotFoundException'{0x000000008aa905c0}: com/android/build/gradle/internal/CompileOptionsBeanInfo> (0x000000008aa905c0) thrown at [src/hotspot/share/classfile/systemDictionary.cpp, line 230]
Event: 11.023 Thread 0x0000020fe07ee800 Exception <a 'java/lang/ClassNotFoundException'{0x000000008aaacf10}: com/android/build/gradle/internal/CompileOptionsCustomizer> (0x000000008aaacf10) thrown at [src/hotspot/share/classfile/systemDictionary.cpp, line 230]
Event: 11.023 Thread 0x0000020fe07ee800 Exception <a 'java/lang/ClassNotFoundException'{0x000000008aad7a88}: com/android/build/gradle/internal/CompileOptions$AgpDecoratedCustomizer> (0x000000008aad7a88) thrown at [src/hotspot/share/classfile/systemDictionary.cpp, line 230]
Event: 11.024 Thread 0x0000020fe07ee800 Exception <a 'java/lang/ClassNotFoundException'{0x000000008a90ca20}: com/android/build/gradle/internal/CompileOptions$AgpDecorated_DecoratedCustomizer> (0x000000008a90ca20) thrown at [src/hotspot/share/classfile/systemDictionary.cpp, line 230]
Event: 11.028 Thread 0x0000020fe07ee800 Exception <a 'java/lang/ClassNotFoundException'{0x000000008a9da3c0}: org/gradle/api/internal/artifacts/dsl/dependencies/DefaultDependencyHandler_DecoratedBeanInfo> (0x000000008a9da3c0) thrown at [src/hotspot/share/classfile/systemDictionary.cpp, line 230]
Event: 11.030 Thread 0x0000020fe07ee800 Exception <a 'java/lang/ClassNotFoundException'{0x000000008a82d148}: org/gradle/api/internal/artifacts/dsl/dependencies/DefaultDependencyHandlerBeanInfo> (0x000000008a82d148) thrown at [src/hotspot/share/classfile/systemDictionary.cpp, line 230]
Event: 11.031 Thread 0x0000020fe07ee800 Exception <a 'java/lang/ClassNotFoundException'{0x000000008a87fc10}: org/gradle/api/internal/artifacts/dsl/dependencies/DefaultDependencyHandlerCustomizer> (0x000000008a87fc10) thrown at [src/hotspot/share/classfile/systemDictionary.cpp, line 230]
Event: 11.033 Thread 0x0000020fe07ee800 Exception <a 'java/lang/ClassNotFoundException'{0x000000008a8fdf20}: org/gradle/api/internal/artifacts/dsl/dependencies/DefaultDependencyHandler_DecoratedCustomizer> (0x000000008a8fdf20) thrown at [src/hotspot/share/classfile/systemDictionary.cpp, line 230]

Events (20 events):
Event: 11.037 loading class org/gradle/configuration/internal/DefaultListenerBuildOperationDecorator$Operation
Event: 11.037 loading class org/gradle/configuration/internal/DefaultListenerBuildOperationDecorator$Operation done
Event: 11.075 loading class org/gradle/configuration/internal/DefaultListenerBuildOperationDecorator$ExecuteListenerDetails
Event: 11.075 loading class org/gradle/configuration/internal/DefaultListenerBuildOperationDecorator$ExecuteListenerDetails done
Event: 11.076 loading class com/android/build/gradle/internal/plugins/BasePlugin$createTasks$2$1
Event: 11.076 loading class com/android/build/gradle/internal/plugins/BasePlugin$createTasks$2$1 done
Event: 11.076 loading class org/gradle/api/plugins/JavaPlugin
Event: 11.076 loading class org/gradle/api/plugins/JavaPlugin done
Event: 11.076 loading class org/gradle/api/plugins/JavaPlugin
Event: 11.076 loading class org/gradle/api/plugins/JavaPlugin done
Event: 11.081 loading class com/android/build/gradle/internal/plugins/BasePlugin$createAndroidTasks$1
Event: 11.081 loading class com/android/build/gradle/internal/plugins/BasePlugin$createAndroidTasks$1 done
Event: 11.081 loading class org/gradle/api/artifacts/dsl/RepositoryHandler
Event: 11.081 loading class org/gradle/api/artifacts/dsl/RepositoryHandler done
Event: 11.084 loading class org/gradle/api/publish/maven/plugins/MavenPublishPlugin
Event: 11.084 loading class org/gradle/api/publish/maven/plugins/MavenPublishPlugin done
Event: 11.084 loading class org/gradle/api/publish/maven/plugins/MavenPublishPlugin
Event: 11.084 loading class org/gradle/api/publish/maven/plugins/MavenPublishPlugin done
Event: 11.086 loading class org/gradle/api/publish/maven/plugins/MavenPublishPlugin$MavenPublicationFactory
Event: 11.086 loading class org/gradle/api/publish/maven/plugins/MavenPublishPlugin$MavenPublicationFactory done


Dynamic libraries:
0x00007ff77bac0000 - 0x00007ff77baca000 	D:\program files\Android\AS\jbr\bin\java.exe
0x00007ff876b10000 - 0x00007ff876d08000 	C:\WINDOWS\SYSTEM32\ntdll.dll
0x00007ff876200000 - 0x00007ff8762c2000 	C:\WINDOWS\System32\KERNEL32.DLL
0x00007ff874410000 - 0x00007ff874706000 	C:\WINDOWS\System32\KERNELBASE.dll
0x00007ff8747f0000 - 0x00007ff8748f0000 	C:\WINDOWS\System32\ucrtbase.dll
0x00007ff8637a0000 - 0x00007ff8637bb000 	D:\program files\Android\AS\jbr\bin\VCRUNTIME140.dll
0x00007ff863780000 - 0x00007ff863797000 	D:\program files\Android\AS\jbr\bin\jli.dll
0x00007ff874b30000 - 0x00007ff874ccd000 	C:\WINDOWS\System32\USER32.dll
0x00007ff874330000 - 0x00007ff874352000 	C:\WINDOWS\System32\win32u.dll
0x00007ff875190000 - 0x00007ff8751bb000 	C:\WINDOWS\System32\GDI32.dll
0x00007ff8748f0000 - 0x00007ff874a0a000 	C:\WINDOWS\System32\gdi32full.dll
0x00007ff874a10000 - 0x00007ff874aad000 	C:\WINDOWS\System32\msvcp_win.dll
0x00007ff85bee0000 - 0x00007ff85c17a000 	C:\WINDOWS\WinSxS\amd64_microsoft.windows.common-controls_6595b64144ccf1df_6.0.19041.4355_none_60b8b9eb71f62e16\COMCTL32.dll
0x00007ff875450000 - 0x00007ff8754ee000 	C:\WINDOWS\System32\msvcrt.dll
0x00007ff875380000 - 0x00007ff8753af000 	C:\WINDOWS\System32\IMM32.DLL
0x00007ff86ef50000 - 0x00007ff86ef5c000 	D:\program files\Android\AS\jbr\bin\vcruntime140_1.dll
0x00007ff851b90000 - 0x00007ff851c1d000 	D:\program files\Android\AS\jbr\bin\msvcp140.dll
0x00007ff83d6a0000 - 0x00007ff83e25c000 	D:\program files\Android\AS\jbr\bin\server\jvm.dll
0x00007ff874f40000 - 0x00007ff874fef000 	C:\WINDOWS\System32\ADVAPI32.dll
0x00007ff8753b0000 - 0x00007ff87544f000 	C:\WINDOWS\System32\sechost.dll
0x00007ff874cd0000 - 0x00007ff874df3000 	C:\WINDOWS\System32\RPCRT4.dll
0x00007ff8741a0000 - 0x00007ff8741c7000 	C:\WINDOWS\System32\bcrypt.dll
0x00007ff876130000 - 0x00007ff876138000 	C:\WINDOWS\System32\PSAPI.DLL
0x00007ff86e750000 - 0x00007ff86e759000 	C:\WINDOWS\SYSTEM32\WSOCK32.dll
0x00007ff875580000 - 0x00007ff8755eb000 	C:\WINDOWS\System32\WS2_32.dll
0x00007ff8696e0000 - 0x00007ff869707000 	C:\WINDOWS\SYSTEM32\WINMM.dll
0x00007ff869710000 - 0x00007ff86971a000 	C:\WINDOWS\SYSTEM32\VERSION.dll
0x00007ff872000000 - 0x00007ff872012000 	C:\WINDOWS\SYSTEM32\kernel.appcore.dll
0x00007ff86e7c0000 - 0x00007ff86e7d0000 	D:\program files\Android\AS\jbr\bin\verify.dll
0x00007ff86ab50000 - 0x00007ff86ad34000 	C:\WINDOWS\SYSTEM32\DBGHELP.DLL
0x00007ff868f60000 - 0x00007ff868f94000 	C:\WINDOWS\SYSTEM32\dbgcore.DLL
0x00007ff874760000 - 0x00007ff8747e2000 	C:\WINDOWS\System32\bcryptPrimitives.dll
0x00007ff85f160000 - 0x00007ff85f188000 	D:\program files\Android\AS\jbr\bin\java.dll
0x00007ff86e760000 - 0x00007ff86e76a000 	D:\program files\Android\AS\jbr\bin\jimage.dll
0x00007ff862810000 - 0x00007ff862828000 	D:\program files\Android\AS\jbr\bin\zip.dll
0x00007ff8755f0000 - 0x00007ff875d5f000 	C:\WINDOWS\System32\SHELL32.dll
0x00007ff872220000 - 0x00007ff8729c3000 	C:\WINDOWS\SYSTEM32\windows.storage.dll
0x00007ff8762d0000 - 0x00007ff876625000 	C:\WINDOWS\System32\combase.dll
0x00007ff873b50000 - 0x00007ff873b7b000 	C:\WINDOWS\SYSTEM32\Wldp.dll
0x00007ff8752b0000 - 0x00007ff87537d000 	C:\WINDOWS\System32\OLEAUT32.dll
0x00007ff876020000 - 0x00007ff8760cd000 	C:\WINDOWS\System32\SHCORE.dll
0x00007ff875fc0000 - 0x00007ff876015000 	C:\WINDOWS\System32\shlwapi.dll
0x00007ff8740d0000 - 0x00007ff8740f5000 	C:\WINDOWS\SYSTEM32\profapi.dll
0x00007ff85b7e0000 - 0x00007ff85b7f9000 	D:\program files\Android\AS\jbr\bin\net.dll
0x00007ff8709d0000 - 0x00007ff870ada000 	C:\WINDOWS\SYSTEM32\WINHTTP.dll
0x00007ff8738c0000 - 0x00007ff87392c000 	C:\WINDOWS\system32\mswsock.dll
0x00007ff8577c0000 - 0x00007ff8577d3000 	D:\program files\Android\AS\jbr\bin\nio.dll
0x00007ff863930000 - 0x00007ff863957000 	C:\Users\HP\.gradle\native\e1d6ef7f7dcc3fd88c89a11ec53ec762bb8ba0a96d01ffa2cd45eb1d1d8dd5c5\windows-amd64\native-platform.dll
0x00007ff850b90000 - 0x00007ff850cd4000 	C:\Users\HP\.gradle\native\0d407fdbe67a94daf76414ababcb853783967236a71b16ec16e742cd7a986fd3\windows-amd64\native-platform-file-events.dll
0x00007ff86e480000 - 0x00007ff86e48a000 	D:\program files\Android\AS\jbr\bin\management.dll
0x00007ff86d0d0000 - 0x00007ff86d0db000 	D:\program files\Android\AS\jbr\bin\management_ext.dll
0x00007ff873ab0000 - 0x00007ff873ac8000 	C:\WINDOWS\SYSTEM32\CRYPTSP.dll
0x00007ff873180000 - 0x00007ff8731b8000 	C:\WINDOWS\system32\rsaenh.dll
0x00007ff874090000 - 0x00007ff8740be000 	C:\WINDOWS\SYSTEM32\USERENV.dll
0x00007ff873b80000 - 0x00007ff873b8c000 	C:\WINDOWS\SYSTEM32\CRYPTBASE.dll
0x00007ff873540000 - 0x00007ff87357b000 	C:\WINDOWS\SYSTEM32\IPHLPAPI.DLL
0x00007ff8752a0000 - 0x00007ff8752a8000 	C:\WINDOWS\System32\NSI.dll
0x00007ff8675b0000 - 0x00007ff8675c7000 	C:\WINDOWS\SYSTEM32\dhcpcsvc6.DLL
0x00007ff86a2f0000 - 0x00007ff86a30d000 	C:\WINDOWS\SYSTEM32\dhcpcsvc.DLL
0x00007ff8735e0000 - 0x00007ff8736aa000 	C:\WINDOWS\SYSTEM32\DNSAPI.dll
0x00007ff8527c0000 - 0x00007ff8527e7000 	D:\program files\Android\AS\jbr\bin\sunec.dll
0x000000005e020000 - 0x000000005e046000 	C:\Program Files\Bonjour\mdnsNSP.dll
0x00007ff8674c0000 - 0x00007ff8674ca000 	C:\Windows\System32\rasadhlp.dll
0x00007ff8691a0000 - 0x00007ff869220000 	C:\WINDOWS\System32\fwpuclnt.dll

dbghelp: loaded successfully - version: 4.0.5 - missing functions: none
symbol engine: initialized successfully - sym options: 0x614 - pdb path: .;D:\program files\Android\AS\jbr\bin;C:\WINDOWS\SYSTEM32;C:\WINDOWS\WinSxS\amd64_microsoft.windows.common-controls_6595b64144ccf1df_6.0.19041.4355_none_60b8b9eb71f62e16;D:\program files\Android\AS\jbr\bin\server;C:\Users\HP\.gradle\native\e1d6ef7f7dcc3fd88c89a11ec53ec762bb8ba0a96d01ffa2cd45eb1d1d8dd5c5\windows-amd64;C:\Users\HP\.gradle\native\0d407fdbe67a94daf76414ababcb853783967236a71b16ec16e742cd7a986fd3\windows-amd64;C:\Program Files\Bonjour

VM Arguments:
jvm_args: --add-opens=java.base/java.util=ALL-UNNAMED --add-opens=java.base/java.lang=ALL-UNNAMED --add-opens=java.base/java.lang.invoke=ALL-UNNAMED --add-opens=java.base/java.util=ALL-UNNAMED --add-opens=java.prefs/java.util.prefs=ALL-UNNAMED --add-opens=java.prefs/java.util.prefs=ALL-UNNAMED --add-opens=java.base/java.nio.charset=ALL-UNNAMED --add-opens=java.base/java.net=ALL-UNNAMED --add-opens=java.base/java.util.concurrent.atomic=ALL-UNNAMED -Xmx2048m -Dfile.encoding=UTF-8 -Duser.country=RU -Duser.language=ru -Duser.variant 
java_command: org.gradle.launcher.daemon.bootstrap.GradleDaemon 7.5
java_class_path (initial): C:\Users\HP\.gradle\wrapper\dists\gradle-7.5-bin\f1w0cc9nuo0eivz97x2xlu9sv\gradle-7.5\lib\gradle-launcher-7.5.jar
Launcher Type: SUN_STANDARD

[Global flags]
     intx CICompilerCount                          = 3                                         {product} {ergonomic}
     uint ConcGCThreads                            = 1                                         {product} {ergonomic}
     uint G1ConcRefinementThreads                  = 4                                         {product} {ergonomic}
   size_t G1HeapRegionSize                         = 1048576                                   {product} {ergonomic}
    uintx GCDrainStackTargetSize                   = 64                                        {product} {ergonomic}
   size_t InitialHeapSize                          = 123731968                                 {product} {ergonomic}
   size_t MarkStackSize                            = 4194304                                   {product} {ergonomic}
   size_t MaxHeapSize                              = 2147483648                                {product} {command line}
   size_t MaxNewSize                               = 1287651328                                {product} {ergonomic}
   size_t MinHeapDeltaBytes                        = 1048576                                   {product} {ergonomic}
    uintx NonNMethodCodeHeapSize                   = 5830732                                {pd product} {ergonomic}
    uintx NonProfiledCodeHeapSize                  = 122913754                              {pd product} {ergonomic}
    uintx ProfiledCodeHeapSize                     = 122913754                              {pd product} {ergonomic}
    uintx ReservedCodeCacheSize                    = 251658240                              {pd product} {ergonomic}
     bool SegmentedCodeCache                       = true                                      {product} {ergonomic}
     bool UseCompressedClassPointers               = true                                 {lp64_product} {ergonomic}
     bool UseCompressedOops                        = true                                 {lp64_product} {ergonomic}
     bool UseG1GC                                  = true                                      {product} {ergonomic}
     bool UseLargePagesIndividualAllocation        = false                                  {pd product} {ergonomic}

Logging:
Log output configuration:
 #0: stdout all=warning uptime,level,tags
 #1: stderr all=off uptime,level,tags

Environment Variables:
JAVA_HOME=C:\Program Files\Java\jdk1.8.0_241
PATH=C:\Program Files (x86)\Common Files\Oracle\Java\javapath;C:\WINDOWS\system32;C:\WINDOWS;C:\WINDOWS\System32\Wbem;C:\WINDOWS\System32\WindowsPowerShell\v1.0\;C:\WINDOWS\System32\OpenSSH\;C:\Program Files\Java\jdk1.8.0_241\bin;C:\Program Files\Git\cmd;C:\Users\HP\AppData\Local\Microsoft\WindowsApps;C:\Program Files\Java\jdk1.8.0_241\bin;
USERNAME=HP
OS=Windows_NT
PROCESSOR_IDENTIFIER=AMD64 Family 23 Model 96 Stepping 1, AuthenticAMD



---------------  S Y S T E M  ---------------

OS: Windows 10 , 64 bit Build 19041 (10.0.19041.5678)
OS uptime: 14 days 4:24 hours

CPU:total 4 (initial active 4) (4 cores per cpu, 1 threads per core) family 23 model 96 stepping 1 microcode 0x0, cmov, cx8, fxsr, mmx, sse, sse2, sse3, ssse3, sse4.1, sse4.2, popcnt, avx, avx2, aes, clmul, mmxext, 3dnowpref, lzcnt, sse4a, tsc, tscinvbit, tscinv, bmi1, bmi2, adx, sha, fma

Memory: 4k page, system-wide physical 7541M (420M free)
TotalPageFile size 17735M (AvailPageFile size 6M)
current process WorkingSet (physical memory assigned to process): 377M, peak: 379M
current process commit charge ("private bytes"): 414M, peak: 416M

vm_info: OpenJDK 64-Bit Server VM (11.0.15+0-b2043.56-9505619) for windows-amd64 JRE (11.0.15+0-b2043.56-9505619), built on Jan 19 2023 02:48:00 by "builduser" with unknown MS VC++:1929

END.
