#
# There is insufficient memory for the Java Runtime Environment to continue.
# Native memory allocation (malloc) failed to allocate 32744 bytes for ChunkPool::allocate
# Possible reasons:
#   The system is out of physical RAM or swap space
#   The process is running with CompressedOops enabled, and the Java Heap may be blocking the growth of the native heap
# Possible solutions:
#   Reduce memory load on the system
#   Increase physical memory or swap space
#   Check if swap backing store is full
#   Decrease Java heap size (-Xmx/-Xms)
#   Decrease number of Java threads
#   Decrease Java thread stack sizes (-Xss)
#   Set larger code cache with -XX:ReservedCodeCacheSize=
#   JVM is running with Unscaled Compressed Oops mode in which the Java heap is
#     placed in the first 4GB address space. The Java Heap base address is the
#     maximum limit for the native heap growth. Please use -XX:HeapBaseMinAddress
#     to set the Java Heap base and to place the Java Heap above 4GB virtual address.
# This output file may be truncated or incomplete.
#
#  Out of Memory Error (src/hotspot/share/memory/arena.cpp:81), pid=13288, tid=20328
#
# JRE version: OpenJDK Runtime Environment (11.0.15) (build 11.0.15+0-b2043.56-9505619)
# Java VM: OpenJDK 64-Bit Server VM (11.0.15+0-b2043.56-9505619, mixed mode, tiered, compressed oops, g1 gc, windows-amd64)
# No core dump will be written. Minidumps are not enabled by default on client versions of Windows
#

---------------  S U M M A R Y ------------

Command Line: --add-opens=java.base/java.util=ALL-UNNAMED --add-opens=java.base/java.lang=ALL-UNNAMED --add-opens=java.base/java.lang.invoke=ALL-UNNAMED --add-opens=java.base/java.util=ALL-UNNAMED --add-opens=java.prefs/java.util.prefs=ALL-UNNAMED --add-opens=java.prefs/java.util.prefs=ALL-UNNAMED --add-opens=java.base/java.nio.charset=ALL-UNNAMED --add-opens=java.base/java.net=ALL-UNNAMED --add-opens=java.base/java.util.concurrent.atomic=ALL-UNNAMED -Xmx2048m -Dfile.encoding=UTF-8 -Duser.country=RU -Duser.language=ru -Duser.variant org.gradle.launcher.daemon.bootstrap.GradleDaemon 7.5

Host: AMD Ryzen 3 4300U with Radeon Graphics         , 4 cores, 7G,  Windows 10 , 64 bit Build 19041 (10.0.19041.5794)
Time: Sun May 18 19:28:21 2025 RTZ 2 (s 10 , 64 bit Build 19041 (10.0.19041.5794) elapsed time: 22.659776 seconds (0d 0h 0m 22s)

---------------  T H R E A D  ---------------

Current thread (0x0000019c9b70a000):  JavaThread "C2 CompilerThread0" daemon [_thread_in_native, id=20328, stack(0x000000620a300000,0x000000620a400000)]


Current CompileTask:
C2:  22659 11753       4       org.gradle.api.internal.artifacts.transform.ConsumerProvidedVariantFinder::matchAttributes (68 bytes)

Stack: [0x000000620a300000,0x000000620a400000]
Native frames: (J=compiled Java code, j=interpreted, Vv=VM code, C=native code)
V  [jvm.dll+0x64135a]
V  [jvm.dll+0x7d39f9]
V  [jvm.dll+0x7d51b9]
V  [jvm.dll+0x7d58a3]
V  [jvm.dll+0x2691c5]
V  [jvm.dll+0xc1cbf]
V  [jvm.dll+0xc200c]
V  [jvm.dll+0xc1b6b]
V  [jvm.dll+0x61e08f]
V  [jvm.dll+0x67317c]
V  [jvm.dll+0x1b39e0]
V  [jvm.dll+0x22163e]
V  [jvm.dll+0x220498]
V  [jvm.dll+0x19e851]
V  [jvm.dll+0x230479]
V  [jvm.dll+0x22e5ef]
V  [jvm.dll+0x794de1]
V  [jvm.dll+0x78dc24]
V  [jvm.dll+0x6400f6]
C  [ucrtbase.dll+0x21bb2]
C  [KERNEL32.DLL+0x17374]
C  [ntdll.dll+0x4cc91]


---------------  P R O C E S S  ---------------

Threads class SMR info:
_java_thread_list=0x0000019c9f7fc620, length=88, elements={
0x0000019cff606800, 0x0000019c9b6e6000, 0x0000019c9b6e7800, 0x0000019c9b704800,
0x0000019c9b706000, 0x0000019c9b709000, 0x0000019c9b70a000, 0x0000019c9b73a800,
0x0000019c9c0df800, 0x0000019c9c1e2800, 0x0000019c9e1c9800, 0x0000019c9d3e2800,
0x0000019c9e384800, 0x0000019c9e544800, 0x0000019c9e0a2800, 0x0000019c9d6ea000,
0x0000019c9d142000, 0x0000019c9d408000, 0x0000019c9d942000, 0x0000019c9e245800,
0x0000019c9e61c000, 0x0000019c9e61d000, 0x0000019c9e619800, 0x0000019c9e61a800,
0x0000019c9e617000, 0x0000019c9e61d800, 0x0000019c9e618000, 0x0000019c9e619000,
0x0000019c9e61b800, 0x0000019c9f2da000, 0x0000019c9f2de800, 0x0000019c9f2da800,
0x0000019c9f2de000, 0x0000019c9f2e1000, 0x0000019c9f2e2000, 0x0000019c9f2dc800,
0x0000019c9f2dd000, 0x0000019c9f2e6000, 0x0000019c9f2e3800, 0x0000019c9f2e7800,
0x0000019c9f2e7000, 0x0000019c9f2e5800, 0x0000019c9f2e8800, 0x0000019c9f2e3000,
0x0000019c9c53e000, 0x0000019c9c53a000, 0x0000019c9c53c800, 0x0000019c9c53f000,
0x0000019c9c53b000, 0x0000019c9c541800, 0x0000019c9c53d000, 0x0000019c9c53f800,
0x0000019c9c540800, 0x0000019c9c53b800, 0x0000019c9c546000, 0x0000019c9c548000,
0x0000019c9c547000, 0x0000019c9c542000, 0x0000019c9c543000, 0x0000019c9c543800,
0x0000019c9c545800, 0x0000019c9c544800, 0x0000019c9c548800, 0x0000019ca18d9800,
0x0000019ca18dc000, 0x0000019ca18da800, 0x0000019ca18d8000, 0x0000019ca18db000,
0x0000019ca18d6800, 0x0000019ca18dd000, 0x0000019ca18d7000, 0x0000019ca18dd800,
0x0000019ca18de800, 0x0000019ca18d8800, 0x0000019ca18df800, 0x0000019ca18e0000,
0x0000019ca18e1000, 0x0000019ca18e4000, 0x0000019ca18e1800, 0x0000019ca18e5000,
0x0000019c9c8d5000, 0x0000019c9c8da000, 0x0000019c9c8d5800, 0x0000019c9c8da800,
0x0000019c9c8db800, 0x0000019c9c8dc800, 0x0000019c9c8d6800, 0x0000019c9c8d7800
}

Java Threads: ( => current thread )
  0x0000019cff606800 JavaThread "main" [_thread_blocked, id=18852, stack(0x0000006209700000,0x0000006209800000)]
  0x0000019c9b6e6000 JavaThread "Reference Handler" daemon [_thread_blocked, id=14452, stack(0x0000006209e00000,0x0000006209f00000)]
  0x0000019c9b6e7800 JavaThread "Finalizer" daemon [_thread_blocked, id=7560, stack(0x0000006209f00000,0x000000620a000000)]
  0x0000019c9b704800 JavaThread "Signal Dispatcher" daemon [_thread_blocked, id=9780, stack(0x000000620a000000,0x000000620a100000)]
  0x0000019c9b706000 JavaThread "Attach Listener" daemon [_thread_blocked, id=4180, stack(0x000000620a100000,0x000000620a200000)]
  0x0000019c9b709000 JavaThread "Service Thread" daemon [_thread_blocked, id=19864, stack(0x000000620a200000,0x000000620a300000)]
=>0x0000019c9b70a000 JavaThread "C2 CompilerThread0" daemon [_thread_in_native, id=20328, stack(0x000000620a300000,0x000000620a400000)]
  0x0000019c9b73a800 JavaThread "C1 CompilerThread0" daemon [_thread_blocked, id=12940, stack(0x000000620a400000,0x000000620a500000)]
  0x0000019c9c0df800 JavaThread "Sweeper thread" daemon [_thread_blocked, id=19436, stack(0x000000620a500000,0x000000620a600000)]
  0x0000019c9c1e2800 JavaThread "Common-Cleaner" daemon [_thread_blocked, id=21548, stack(0x000000620a600000,0x000000620a700000)]
  0x0000019c9e1c9800 JavaThread "Daemon health stats" [_thread_blocked, id=4200, stack(0x000000620aa00000,0x000000620ab00000)]
  0x0000019c9d3e2800 JavaThread "Incoming local TCP Connector on port 59886" [_thread_in_native, id=10884, stack(0x000000620a800000,0x000000620a900000)]
  0x0000019c9e384800 JavaThread "Daemon periodic checks" [_thread_blocked, id=17392, stack(0x000000620ab00000,0x000000620ac00000)]
  0x0000019c9e544800 JavaThread "Daemon" [_thread_blocked, id=6604, stack(0x000000620ac00000,0x000000620ad00000)]
  0x0000019c9e0a2800 JavaThread "Handler for socket connection from /127.0.0.1:59886 to /127.0.0.1:59887" [_thread_in_native, id=21400, stack(0x000000620ad00000,0x000000620ae00000)]
  0x0000019c9d6ea000 JavaThread "Cancel handler" [_thread_blocked, id=14016, stack(0x000000620b100000,0x000000620b200000)]
  0x0000019c9d142000 JavaThread "Daemon worker" [_thread_blocked, id=14608, stack(0x000000620b200000,0x000000620b300000)]
  0x0000019c9d408000 JavaThread "Asynchronous log dispatcher for DefaultDaemonConnection: socket connection from /127.0.0.1:59886 to /127.0.0.1:59887" [_thread_blocked, id=7476, stack(0x000000620b300000,0x000000620b400000)]
  0x0000019c9d942000 JavaThread "Stdin handler" [_thread_blocked, id=13064, stack(0x000000620b400000,0x000000620b500000)]
  0x0000019c9e245800 JavaThread "Daemon client event forwarder" [_thread_blocked, id=20940, stack(0x000000620b500000,0x000000620b600000)]
  0x0000019c9e61c000 JavaThread "Cache worker for journal cache (C:\Users\HP\.gradle\caches\journal-1)" [_thread_blocked, id=4692, stack(0x000000620b600000,0x000000620b700000)]
  0x0000019c9e61d000 JavaThread "File lock request listener" [_thread_in_native, id=16284, stack(0x000000620b700000,0x000000620b800000)]
  0x0000019c9e619800 JavaThread "Cache worker for file hash cache (C:\Users\HP\.gradle\caches\7.5\fileHashes)" [_thread_blocked, id=3088, stack(0x000000620b800000,0x000000620b900000)]
  0x0000019c9e61a800 JavaThread "File watcher server" daemon [_thread_in_native, id=21808, stack(0x000000620ba00000,0x000000620bb00000)]
  0x0000019c9e617000 JavaThread "File watcher consumer" daemon [_thread_blocked, id=15164, stack(0x000000620bb00000,0x000000620bc00000)]
  0x0000019c9e61d800 JavaThread "Cache worker for checksums cache (F:\JavaAndriod\RoadToHeaven\.gradle\7.5\checksums)" [_thread_blocked, id=14092, stack(0x000000620bc00000,0x000000620bd00000)]
  0x0000019c9e618000 JavaThread "Cache worker for cache directory md-rule (C:\Users\HP\.gradle\caches\7.5\md-rule)" [_thread_blocked, id=11152, stack(0x000000620bd00000,0x000000620be00000)]
  0x0000019c9e619000 JavaThread "Cache worker for file content cache (C:\Users\HP\.gradle\caches\7.5\fileContent)" [_thread_blocked, id=6568, stack(0x000000620be00000,0x000000620bf00000)]
  0x0000019c9e61b800 JavaThread "Cache worker for file hash cache (F:\JavaAndriod\RoadToHeaven\.gradle\7.5\fileHashes)" [_thread_blocked, id=12772, stack(0x000000620b900000,0x000000620ba00000)]
  0x0000019c9f2da000 JavaThread "Cache worker for cache directory md-supplier (C:\Users\HP\.gradle\caches\7.5\md-supplier)" [_thread_blocked, id=8436, stack(0x000000620bf00000,0x000000620c000000)]
  0x0000019c9f2de800 JavaThread "Cache worker for execution history cache (C:\Users\HP\.gradle\caches\7.5\executionHistory)" [_thread_blocked, id=5656, stack(0x000000620c000000,0x000000620c100000)]
  0x0000019c9f2da800 JavaThread "jar transforms" [_thread_blocked, id=1708, stack(0x000000620c100000,0x000000620c200000)]
  0x0000019c9f2de000 JavaThread "jar transforms Thread 2" [_thread_blocked, id=20916, stack(0x000000620c300000,0x000000620c400000)]
  0x0000019c9f2e1000 JavaThread "jar transforms Thread 3" [_thread_blocked, id=14308, stack(0x000000620c400000,0x000000620c500000)]
  0x0000019c9f2e2000 JavaThread "jar transforms Thread 4" [_thread_blocked, id=15008, stack(0x000000620c500000,0x000000620c600000)]
  0x0000019c9f2dc800 JavaThread "Cache worker for dependencies-accessors (F:\JavaAndriod\RoadToHeaven\.gradle\7.5\dependencies-accessors)" [_thread_blocked, id=10356, stack(0x000000620c600000,0x000000620c700000)]
  0x0000019c9f2dd000 JavaThread "Cache worker for Build Output Cleanup Cache (F:\JavaAndriod\RoadToHeaven\.gradle\buildOutputCleanup)" [_thread_blocked, id=17848, stack(0x000000620c700000,0x000000620c800000)]
  0x0000019c9f2e6000 JavaThread "Unconstrained build operations" [_thread_blocked, id=16712, stack(0x000000620c800000,0x000000620c900000)]
  0x0000019c9f2e3800 JavaThread "Unconstrained build operations Thread 2" [_thread_blocked, id=20792, stack(0x000000620c900000,0x000000620ca00000)]
  0x0000019c9f2e7800 JavaThread "Unconstrained build operations Thread 3" [_thread_blocked, id=18676, stack(0x000000620ca00000,0x000000620cb00000)]
  0x0000019c9f2e7000 JavaThread "Unconstrained build operations Thread 4" [_thread_blocked, id=11572, stack(0x000000620cb00000,0x000000620cc00000)]
  0x0000019c9f2e5800 JavaThread "Unconstrained build operations Thread 5" [_thread_blocked, id=9648, stack(0x000000620cc00000,0x000000620cd00000)]
  0x0000019c9f2e8800 JavaThread "Unconstrained build operations Thread 6" [_thread_blocked, id=5412, stack(0x000000620cd00000,0x000000620ce00000)]
  0x0000019c9f2e3000 JavaThread "Unconstrained build operations Thread 7" [_thread_blocked, id=20052, stack(0x000000620ce00000,0x000000620cf00000)]
  0x0000019c9c53e000 JavaThread "Unconstrained build operations Thread 8" [_thread_blocked, id=12972, stack(0x000000620cf00000,0x000000620d000000)]
  0x0000019c9c53a000 JavaThread "Unconstrained build operations Thread 9" [_thread_blocked, id=1272, stack(0x000000620d000000,0x000000620d100000)]
  0x0000019c9c53c800 JavaThread "Unconstrained build operations Thread 10" [_thread_blocked, id=19936, stack(0x000000620d100000,0x000000620d200000)]
  0x0000019c9c53f000 JavaThread "Unconstrained build operations Thread 11" [_thread_blocked, id=21424, stack(0x000000620d200000,0x000000620d300000)]
  0x0000019c9c53b000 JavaThread "Unconstrained build operations Thread 12" [_thread_blocked, id=16492, stack(0x000000620d300000,0x000000620d400000)]
  0x0000019c9c541800 JavaThread "Unconstrained build operations Thread 13" [_thread_blocked, id=13436, stack(0x000000620d400000,0x000000620d500000)]
  0x0000019c9c53d000 JavaThread "Unconstrained build operations Thread 14" [_thread_blocked, id=2376, stack(0x000000620d500000,0x000000620d600000)]
  0x0000019c9c53f800 JavaThread "Unconstrained build operations Thread 15" [_thread_blocked, id=22256, stack(0x000000620d600000,0x000000620d700000)]
  0x0000019c9c540800 JavaThread "Unconstrained build operations Thread 16" [_thread_blocked, id=20524, stack(0x000000620d700000,0x000000620d800000)]
  0x0000019c9c53b800 JavaThread "Unconstrained build operations Thread 17" [_thread_blocked, id=12144, stack(0x000000620d800000,0x000000620d900000)]
  0x0000019c9c546000 JavaThread "Unconstrained build operations Thread 18" [_thread_blocked, id=4368, stack(0x000000620d900000,0x000000620da00000)]
  0x0000019c9c548000 JavaThread "Unconstrained build operations Thread 19" [_thread_blocked, id=21608, stack(0x000000620da00000,0x000000620db00000)]
  0x0000019c9c547000 JavaThread "Unconstrained build operations Thread 20" [_thread_blocked, id=14260, stack(0x000000620db00000,0x000000620dc00000)]
  0x0000019c9c542000 JavaThread "Unconstrained build operations Thread 21" [_thread_blocked, id=16784, stack(0x000000620dc00000,0x000000620dd00000)]
  0x0000019c9c543000 JavaThread "Unconstrained build operations Thread 22" [_thread_blocked, id=4184, stack(0x000000620dd00000,0x000000620de00000)]
  0x0000019c9c543800 JavaThread "Unconstrained build operations Thread 23" [_thread_blocked, id=3040, stack(0x000000620de00000,0x000000620df00000)]
  0x0000019c9c545800 JavaThread "Unconstrained build operations Thread 24" [_thread_blocked, id=15728, stack(0x000000620df00000,0x000000620e000000)]
  0x0000019c9c544800 JavaThread "Unconstrained build operations Thread 25" [_thread_blocked, id=16332, stack(0x000000620e000000,0x000000620e100000)]
  0x0000019c9c548800 JavaThread "Unconstrained build operations Thread 26" [_thread_blocked, id=3816, stack(0x000000620e100000,0x000000620e200000)]
  0x0000019ca18d9800 JavaThread "Unconstrained build operations Thread 27" [_thread_blocked, id=9776, stack(0x000000620e200000,0x000000620e300000)]
  0x0000019ca18dc000 JavaThread "Unconstrained build operations Thread 28" [_thread_blocked, id=21964, stack(0x000000620e300000,0x000000620e400000)]
  0x0000019ca18da800 JavaThread "Unconstrained build operations Thread 29" [_thread_blocked, id=15416, stack(0x000000620e400000,0x000000620e500000)]
  0x0000019ca18d8000 JavaThread "Unconstrained build operations Thread 30" [_thread_blocked, id=21880, stack(0x000000620e500000,0x000000620e600000)]
  0x0000019ca18db000 JavaThread "Unconstrained build operations Thread 31" [_thread_blocked, id=8948, stack(0x000000620e600000,0x000000620e700000)]
  0x0000019ca18d6800 JavaThread "Unconstrained build operations Thread 32" [_thread_blocked, id=16376, stack(0x000000620e700000,0x000000620e800000)]
  0x0000019ca18dd000 JavaThread "Unconstrained build operations Thread 33" [_thread_blocked, id=20820, stack(0x000000620e800000,0x000000620e900000)]
  0x0000019ca18d7000 JavaThread "Unconstrained build operations Thread 34" [_thread_blocked, id=22064, stack(0x000000620e900000,0x000000620ea00000)]
  0x0000019ca18dd800 JavaThread "Unconstrained build operations Thread 35" [_thread_blocked, id=8492, stack(0x000000620ea00000,0x000000620eb00000)]
  0x0000019ca18de800 JavaThread "Unconstrained build operations Thread 36" [_thread_blocked, id=21652, stack(0x000000620eb00000,0x000000620ec00000)]
  0x0000019ca18d8800 JavaThread "Unconstrained build operations Thread 37" [_thread_blocked, id=21056, stack(0x000000620ec00000,0x000000620ed00000)]
  0x0000019ca18df800 JavaThread "Unconstrained build operations Thread 38" [_thread_blocked, id=21016, stack(0x000000620ed00000,0x000000620ee00000)]
  0x0000019ca18e0000 JavaThread "Unconstrained build operations Thread 39" [_thread_blocked, id=9908, stack(0x000000620ee00000,0x000000620ef00000)]
  0x0000019ca18e1000 JavaThread "Unconstrained build operations Thread 40" [_thread_blocked, id=11644, stack(0x000000620ef00000,0x000000620f000000)]
  0x0000019ca18e4000 JavaThread "build event listener" [_thread_blocked, id=15036, stack(0x000000620f000000,0x000000620f100000)]
  0x0000019ca18e1800 JavaThread "Memory manager" [_thread_blocked, id=18312, stack(0x000000620f100000,0x000000620f200000)]
  0x0000019ca18e5000 JavaThread "included builds" [_thread_blocked, id=21464, stack(0x000000620c200000,0x000000620c300000)]
  0x0000019c9c8d5000 JavaThread "Execution worker" [_thread_blocked, id=12120, stack(0x000000620f200000,0x000000620f300000)]
  0x0000019c9c8da000 JavaThread "Execution worker Thread 2" [_thread_blocked, id=9572, stack(0x000000620f300000,0x000000620f400000)]
  0x0000019c9c8d5800 JavaThread "Execution worker Thread 3" [_thread_blocked, id=6732, stack(0x000000620f400000,0x000000620f500000)]
  0x0000019c9c8da800 JavaThread "Cache worker for execution history cache (F:\JavaAndriod\RoadToHeaven\.gradle\7.5\executionHistory)" [_thread_blocked, id=3744, stack(0x000000620f500000,0x000000620f600000)]
  0x0000019c9c8db800 JavaThread "WorkerExecutor Queue" [_thread_blocked, id=8212, stack(0x000000620f600000,0x000000620f700000)]
  0x0000019c9c8dc800 JavaThread "WorkerExecutor Queue Thread 2" [_thread_blocked, id=5764, stack(0x000000620f700000,0x000000620f800000)]
  0x0000019c9c8d6800 JavaThread "WorkerExecutor Queue Thread 3" [_thread_in_vm, id=17044, stack(0x000000620f800000,0x000000620f900000)]
  0x0000019c9c8d7800 JavaThread "WorkerExecutor Queue Thread 4" [_thread_blocked, id=12156, stack(0x000000620f900000,0x000000620fa00000)]

Other Threads:
  0x0000019c9b6e2000 VMThread "VM Thread" [stack: 0x0000006209d00000,0x0000006209e00000] [id=21496]
  0x0000019c9c21b000 WatcherThread [stack: 0x000000620a700000,0x000000620a800000] [id=12440]
  0x0000019cff622000 GCTaskThread "GC Thread#0" [stack: 0x0000006209800000,0x0000006209900000] [id=21324]
  0x0000019c9cb43000 GCTaskThread "GC Thread#1" [stack: 0x000000620a900000,0x000000620aa00000] [id=21180]
  0x0000019c9e133000 GCTaskThread "GC Thread#2" [stack: 0x000000620ae00000,0x000000620af00000] [id=18972]
  0x0000019c9d9ac800 GCTaskThread "GC Thread#3" [stack: 0x000000620af00000,0x000000620b000000] [id=21796]
  0x0000019cff651800 ConcurrentGCThread "G1 Main Marker" [stack: 0x0000006209900000,0x0000006209a00000] [id=22472]
  0x0000019cff653800 ConcurrentGCThread "G1 Conc#0" [stack: 0x0000006209a00000,0x0000006209b00000] [id=16336]
  0x0000019cff6cc800 ConcurrentGCThread "G1 Refine#0" [stack: 0x0000006209b00000,0x0000006209c00000] [id=12048]
  0x0000019c9ead8000 ConcurrentGCThread "G1 Refine#1" [stack: 0x000000620b000000,0x000000620b100000] [id=6196]
  0x0000019cff6ce000 ConcurrentGCThread "G1 Young RemSet Sampling" [stack: 0x0000006209c00000,0x0000006209d00000] [id=20600]

Threads with active compile tasks:
C2 CompilerThread0    22690 11753       4       org.gradle.api.internal.artifacts.transform.ConsumerProvidedVariantFinder::matchAttributes (68 bytes)

VM state:not at safepoint (normal execution)

VM Mutex/Monitor currently owned by a thread: None

Heap address: 0x0000000080000000, size: 2048 MB, Compressed Oops mode: 32-bit
Narrow klass base: 0x0000000000000000, Narrow klass shift: 3
Compressed class space size: 1073741824 Address: 0x0000000100000000

Heap:
 garbage-first heap   total 175104K, used 99647K [0x0000000080000000, 0x0000000100000000)
  region size 1024K, 15 young (15360K), 2 survivors (2048K)
 Metaspace       used 93965K, capacity 96581K, committed 96796K, reserved 1132544K
  class space    used 12127K, capacity 13140K, committed 13164K, reserved 1048576K
Heap Regions: E=young(eden), S=young(survivor), O=old, HS=humongous(starts), HC=humongous(continues), CS=collection set, F=free, A=archive, TAMS=top-at-mark-start (previous, next)
|   0|0x0000000080000000, 0x0000000080100000, 0x0000000080100000|100%|HS|  |TAMS 0x0000000080100000, 0x0000000080000000| Complete 
|   1|0x0000000080100000, 0x0000000080200000, 0x0000000080200000|100%|HC|  |TAMS 0x0000000080200000, 0x0000000080100000| Complete 
|   2|0x0000000080200000, 0x0000000080300000, 0x0000000080300000|100%|HC|  |TAMS 0x0000000080300000, 0x0000000080200000| Complete 
|   3|0x0000000080300000, 0x0000000080400000, 0x0000000080400000|100%| O|  |TAMS 0x0000000080400000, 0x0000000080300000| Untracked 
|   4|0x0000000080400000, 0x0000000080500000, 0x0000000080500000|100%| O|  |TAMS 0x0000000080500000, 0x0000000080400000| Untracked 
|   5|0x0000000080500000, 0x0000000080600000, 0x0000000080600000|100%| O|  |TAMS 0x0000000080600000, 0x0000000080500000| Untracked 
|   6|0x0000000080600000, 0x0000000080700000, 0x0000000080700000|100%| O|  |TAMS 0x0000000080700000, 0x0000000080600000| Untracked 
|   7|0x0000000080700000, 0x0000000080800000, 0x0000000080800000|100%| O|  |TAMS 0x0000000080800000, 0x0000000080700000| Untracked 
|   8|0x0000000080800000, 0x0000000080900000, 0x0000000080900000|100%| O|  |TAMS 0x0000000080900000, 0x0000000080800000| Untracked 
|   9|0x0000000080900000, 0x0000000080a00000, 0x0000000080a00000|100%| O|  |TAMS 0x0000000080a00000, 0x0000000080900000| Untracked 
|  10|0x0000000080a00000, 0x0000000080b00000, 0x0000000080b00000|100%| O|  |TAMS 0x0000000080b00000, 0x0000000080a00000| Untracked 
|  11|0x0000000080b00000, 0x0000000080c00000, 0x0000000080c00000|100%| O|  |TAMS 0x0000000080c00000, 0x0000000080b00000| Untracked 
|  12|0x0000000080c00000, 0x0000000080d00000, 0x0000000080d00000|100%| O|  |TAMS 0x0000000080d00000, 0x0000000080c00000| Untracked 
|  13|0x0000000080d00000, 0x0000000080e00000, 0x0000000080e00000|100%| O|  |TAMS 0x0000000080e00000, 0x0000000080d00000| Untracked 
|  14|0x0000000080e00000, 0x0000000080f00000, 0x0000000080f00000|100%| O|  |TAMS 0x0000000080f00000, 0x0000000080e00000| Untracked 
|  15|0x0000000080f00000, 0x0000000081000000, 0x0000000081000000|100%| O|  |TAMS 0x0000000081000000, 0x0000000080f00000| Untracked 
|  16|0x0000000081000000, 0x0000000081100000, 0x0000000081100000|100%| O|  |TAMS 0x0000000081100000, 0x0000000081000000| Untracked 
|  17|0x0000000081100000, 0x0000000081200000, 0x0000000081200000|100%| O|  |TAMS 0x0000000081200000, 0x0000000081100000| Untracked 
|  18|0x0000000081200000, 0x0000000081300000, 0x0000000081300000|100%| O|  |TAMS 0x0000000081300000, 0x0000000081200000| Untracked 
|  19|0x0000000081300000, 0x0000000081400000, 0x0000000081400000|100%| O|  |TAMS 0x0000000081400000, 0x0000000081300000| Untracked 
|  20|0x0000000081400000, 0x0000000081500000, 0x0000000081500000|100%| O|  |TAMS 0x0000000081500000, 0x0000000081400000| Untracked 
|  21|0x0000000081500000, 0x0000000081600000, 0x0000000081600000|100%| O|  |TAMS 0x0000000081600000, 0x0000000081500000| Untracked 
|  22|0x0000000081600000, 0x0000000081700000, 0x0000000081700000|100%| O|  |TAMS 0x0000000081700000, 0x0000000081600000| Untracked 
|  23|0x0000000081700000, 0x0000000081800000, 0x0000000081800000|100%| O|  |TAMS 0x0000000081800000, 0x0000000081700000| Untracked 
|  24|0x0000000081800000, 0x0000000081900000, 0x0000000081900000|100%| O|  |TAMS 0x0000000081900000, 0x0000000081800000| Untracked 
|  25|0x0000000081900000, 0x0000000081a00000, 0x0000000081a00000|100%| O|  |TAMS 0x0000000081a00000, 0x0000000081900000| Untracked 
|  26|0x0000000081a00000, 0x0000000081b00000, 0x0000000081b00000|100%|HS|  |TAMS 0x0000000081b00000, 0x0000000081a00000| Complete 
|  27|0x0000000081b00000, 0x0000000081c00000, 0x0000000081c00000|100%|HS|  |TAMS 0x0000000081c00000, 0x0000000081b00000| Complete 
|  28|0x0000000081c00000, 0x0000000081d00000, 0x0000000081d00000|100%| O|  |TAMS 0x0000000081d00000, 0x0000000081c00000| Untracked 
|  29|0x0000000081d00000, 0x0000000081e00000, 0x0000000081e00000|100%| O|  |TAMS 0x0000000081e00000, 0x0000000081d00000| Untracked 
|  30|0x0000000081e00000, 0x0000000081f00000, 0x0000000081f00000|100%| O|  |TAMS 0x0000000081f00000, 0x0000000081e00000| Untracked 
|  31|0x0000000081f00000, 0x0000000082000000, 0x0000000082000000|100%| O|  |TAMS 0x0000000082000000, 0x0000000081f00000| Untracked 
|  32|0x0000000082000000, 0x0000000082100000, 0x0000000082100000|100%| O|  |TAMS 0x0000000082100000, 0x0000000082000000| Untracked 
|  33|0x0000000082100000, 0x0000000082200000, 0x0000000082200000|100%| O|  |TAMS 0x0000000082200000, 0x0000000082100000| Untracked 
|  34|0x0000000082200000, 0x0000000082300000, 0x0000000082300000|100%| O|  |TAMS 0x0000000082300000, 0x0000000082200000| Untracked 
|  35|0x0000000082300000, 0x0000000082400000, 0x0000000082400000|100%| O|  |TAMS 0x0000000082400000, 0x0000000082300000| Untracked 
|  36|0x0000000082400000, 0x0000000082500000, 0x0000000082500000|100%| O|  |TAMS 0x0000000082500000, 0x0000000082400000| Untracked 
|  37|0x0000000082500000, 0x0000000082600000, 0x0000000082600000|100%| O|  |TAMS 0x0000000082600000, 0x0000000082500000| Untracked 
|  38|0x0000000082600000, 0x0000000082700000, 0x0000000082700000|100%| O|  |TAMS 0x0000000082700000, 0x0000000082600000| Untracked 
|  39|0x0000000082700000, 0x0000000082800000, 0x0000000082800000|100%| O|  |TAMS 0x0000000082800000, 0x0000000082700000| Untracked 
|  40|0x0000000082800000, 0x0000000082900000, 0x0000000082900000|100%| O|  |TAMS 0x0000000082900000, 0x0000000082800000| Untracked 
|  41|0x0000000082900000, 0x0000000082a00000, 0x0000000082a00000|100%| O|  |TAMS 0x0000000082a00000, 0x0000000082900000| Untracked 
|  42|0x0000000082a00000, 0x0000000082b00000, 0x0000000082b00000|100%| O|  |TAMS 0x0000000082b00000, 0x0000000082a00000| Untracked 
|  43|0x0000000082b00000, 0x0000000082c00000, 0x0000000082c00000|100%| O|  |TAMS 0x0000000082c00000, 0x0000000082b00000| Untracked 
|  44|0x0000000082c00000, 0x0000000082d00000, 0x0000000082d00000|100%| O|  |TAMS 0x0000000082d00000, 0x0000000082c00000| Untracked 
|  45|0x0000000082d00000, 0x0000000082e00000, 0x0000000082e00000|100%| O|  |TAMS 0x0000000082e00000, 0x0000000082d00000| Untracked 
|  46|0x0000000082e00000, 0x0000000082f00000, 0x0000000082f00000|100%| O|  |TAMS 0x0000000082f00000, 0x0000000082e00000| Untracked 
|  47|0x0000000082f00000, 0x0000000083000000, 0x0000000083000000|100%| O|  |TAMS 0x0000000083000000, 0x0000000082f00000| Untracked 
|  48|0x0000000083000000, 0x0000000083100000, 0x0000000083100000|100%| O|  |TAMS 0x0000000083100000, 0x0000000083000000| Untracked 
|  49|0x0000000083100000, 0x0000000083200000, 0x0000000083200000|100%| O|  |TAMS 0x0000000083200000, 0x0000000083100000| Untracked 
|  50|0x0000000083200000, 0x0000000083300000, 0x0000000083300000|100%| O|  |TAMS 0x0000000083300000, 0x0000000083200000| Untracked 
|  51|0x0000000083300000, 0x0000000083400000, 0x0000000083400000|100%| O|  |TAMS 0x0000000083400000, 0x0000000083300000| Untracked 
|  52|0x0000000083400000, 0x0000000083500000, 0x0000000083500000|100%| O|  |TAMS 0x0000000083500000, 0x0000000083400000| Untracked 
|  53|0x0000000083500000, 0x0000000083600000, 0x0000000083600000|100%| O|  |TAMS 0x0000000083600000, 0x0000000083500000| Untracked 
|  54|0x0000000083600000, 0x0000000083700000, 0x0000000083700000|100%| O|  |TAMS 0x0000000083700000, 0x0000000083600000| Untracked 
|  55|0x0000000083700000, 0x0000000083800000, 0x0000000083800000|100%| O|  |TAMS 0x0000000083800000, 0x0000000083700000| Untracked 
|  56|0x0000000083800000, 0x0000000083900000, 0x0000000083900000|100%| O|  |TAMS 0x0000000083900000, 0x0000000083800000| Untracked 
|  57|0x0000000083900000, 0x0000000083a00000, 0x0000000083a00000|100%| O|  |TAMS 0x0000000083a00000, 0x0000000083900000| Untracked 
|  58|0x0000000083a00000, 0x0000000083b00000, 0x0000000083b00000|100%| O|  |TAMS 0x0000000083b00000, 0x0000000083a00000| Untracked 
|  59|0x0000000083b00000, 0x0000000083c00000, 0x0000000083c00000|100%| O|  |TAMS 0x0000000083c00000, 0x0000000083b00000| Untracked 
|  60|0x0000000083c00000, 0x0000000083d00000, 0x0000000083d00000|100%| O|  |TAMS 0x0000000083d00000, 0x0000000083c00000| Untracked 
|  61|0x0000000083d00000, 0x0000000083e00000, 0x0000000083e00000|100%| O|  |TAMS 0x0000000083e00000, 0x0000000083d00000| Untracked 
|  62|0x0000000083e00000, 0x0000000083f00000, 0x0000000083f00000|100%| O|  |TAMS 0x0000000083f00000, 0x0000000083e00000| Untracked 
|  63|0x0000000083f00000, 0x0000000084000000, 0x0000000084000000|100%| O|  |TAMS 0x0000000084000000, 0x0000000083f00000| Untracked 
|  64|0x0000000084000000, 0x0000000084100000, 0x0000000084100000|100%| O|  |TAMS 0x0000000084100000, 0x0000000084000000| Untracked 
|  65|0x0000000084100000, 0x0000000084200000, 0x0000000084200000|100%| O|  |TAMS 0x0000000084200000, 0x0000000084100000| Untracked 
|  66|0x0000000084200000, 0x0000000084300000, 0x0000000084300000|100%| O|  |TAMS 0x0000000084300000, 0x0000000084200000| Untracked 
|  67|0x0000000084300000, 0x0000000084400000, 0x0000000084400000|100%| O|  |TAMS 0x0000000084400000, 0x0000000084300000| Untracked 
|  68|0x0000000084400000, 0x0000000084500000, 0x0000000084500000|100%| O|  |TAMS 0x0000000084500000, 0x0000000084400000| Untracked 
|  69|0x0000000084500000, 0x0000000084600000, 0x0000000084600000|100%| O|  |TAMS 0x0000000084600000, 0x0000000084500000| Untracked 
|  70|0x0000000084600000, 0x0000000084700000, 0x0000000084700000|100%| O|  |TAMS 0x0000000084700000, 0x0000000084600000| Untracked 
|  71|0x0000000084700000, 0x0000000084800000, 0x0000000084800000|100%| O|  |TAMS 0x0000000084800000, 0x0000000084700000| Untracked 
|  72|0x0000000084800000, 0x0000000084900000, 0x0000000084900000|100%| O|  |TAMS 0x0000000084900000, 0x0000000084800000| Untracked 
|  73|0x0000000084900000, 0x0000000084a00000, 0x0000000084a00000|100%| O|  |TAMS 0x0000000084a00000, 0x0000000084900000| Untracked 
|  74|0x0000000084a00000, 0x0000000084b00000, 0x0000000084b00000|100%| O|  |TAMS 0x0000000084b00000, 0x0000000084a00000| Untracked 
|  75|0x0000000084b00000, 0x0000000084c00000, 0x0000000084c00000|100%| O|  |TAMS 0x0000000084c00000, 0x0000000084b00000| Untracked 
|  76|0x0000000084c00000, 0x0000000084cbc800, 0x0000000084d00000| 73%| O|  |TAMS 0x0000000084cbc800, 0x0000000084c00000| Untracked 
|  77|0x0000000084d00000, 0x0000000084d00000, 0x0000000084e00000|  0%| F|  |TAMS 0x0000000084d00000, 0x0000000084d00000| Untracked 
|  78|0x0000000084e00000, 0x0000000084e00000, 0x0000000084f00000|  0%| F|  |TAMS 0x0000000084e00000, 0x0000000084e00000| Untracked 
|  79|0x0000000084f00000, 0x0000000084f00000, 0x0000000085000000|  0%| F|  |TAMS 0x0000000084f00000, 0x0000000084f00000| Untracked 
|  80|0x0000000085000000, 0x0000000085000000, 0x0000000085100000|  0%| F|  |TAMS 0x0000000085000000, 0x0000000085000000| Untracked 
|  81|0x0000000085100000, 0x0000000085100000, 0x0000000085200000|  0%| F|  |TAMS 0x0000000085100000, 0x0000000085100000| Untracked 
|  82|0x0000000085200000, 0x0000000085200000, 0x0000000085300000|  0%| F|  |TAMS 0x0000000085200000, 0x0000000085200000| Untracked 
|  83|0x0000000085300000, 0x0000000085300000, 0x0000000085400000|  0%| F|  |TAMS 0x0000000085300000, 0x0000000085300000| Untracked 
|  84|0x0000000085400000, 0x0000000085400000, 0x0000000085500000|  0%| F|  |TAMS 0x0000000085400000, 0x0000000085400000| Untracked 
|  85|0x0000000085500000, 0x0000000085500000, 0x0000000085600000|  0%| F|  |TAMS 0x0000000085500000, 0x0000000085500000| Untracked 
|  86|0x0000000085600000, 0x0000000085600000, 0x0000000085700000|  0%| F|  |TAMS 0x0000000085600000, 0x0000000085600000| Untracked 
|  87|0x0000000085700000, 0x0000000085700000, 0x0000000085800000|  0%| F|  |TAMS 0x0000000085700000, 0x0000000085700000| Untracked 
|  88|0x0000000085800000, 0x0000000085800000, 0x0000000085900000|  0%| F|  |TAMS 0x0000000085800000, 0x0000000085800000| Untracked 
|  89|0x0000000085900000, 0x0000000085a00000, 0x0000000085a00000|100%| O|  |TAMS 0x0000000085a00000, 0x0000000085900000| Untracked 
|  90|0x0000000085a00000, 0x0000000085b00000, 0x0000000085b00000|100%| O|  |TAMS 0x0000000085b00000, 0x0000000085a00000| Untracked 
|  91|0x0000000085b00000, 0x0000000085c00000, 0x0000000085c00000|100%| O|  |TAMS 0x0000000085c00000, 0x0000000085b00000| Untracked 
|  92|0x0000000085c00000, 0x0000000085d00000, 0x0000000085d00000|100%| O|  |TAMS 0x0000000085d00000, 0x0000000085c00000| Untracked 
|  93|0x0000000085d00000, 0x0000000085d00000, 0x0000000085e00000|  0%| F|  |TAMS 0x0000000085d00000, 0x0000000085d00000| Untracked 
|  94|0x0000000085e00000, 0x0000000085f00000, 0x0000000085f00000|100%| O|  |TAMS 0x0000000085f00000, 0x0000000085e00000| Untracked 
|  95|0x0000000085f00000, 0x0000000085f00000, 0x0000000086000000|  0%| F|  |TAMS 0x0000000085f00000, 0x0000000085f00000| Untracked 
|  96|0x0000000086000000, 0x0000000086000000, 0x0000000086100000|  0%| F|  |TAMS 0x0000000086000000, 0x0000000086000000| Untracked 
|  97|0x0000000086100000, 0x0000000086100000, 0x0000000086200000|  0%| F|  |TAMS 0x0000000086100000, 0x0000000086100000| Untracked 
|  98|0x0000000086200000, 0x0000000086200000, 0x0000000086300000|  0%| F|  |TAMS 0x0000000086200000, 0x0000000086200000| Untracked 
|  99|0x0000000086300000, 0x0000000086300000, 0x0000000086400000|  0%| F|  |TAMS 0x0000000086300000, 0x0000000086300000| Untracked 
| 100|0x0000000086400000, 0x0000000086500000, 0x0000000086500000|100%| O|  |TAMS 0x0000000086500000, 0x0000000086400000| Untracked 
| 101|0x0000000086500000, 0x0000000086600000, 0x0000000086600000|100%| O|  |TAMS 0x0000000086600000, 0x0000000086500000| Untracked 
| 102|0x0000000086600000, 0x0000000086600000, 0x0000000086700000|  0%| F|  |TAMS 0x0000000086600000, 0x0000000086600000| Untracked 
| 103|0x0000000086700000, 0x0000000086700000, 0x0000000086800000|  0%| F|  |TAMS 0x0000000086700000, 0x0000000086700000| Untracked 
| 104|0x0000000086800000, 0x0000000086800000, 0x0000000086900000|  0%| F|  |TAMS 0x0000000086800000, 0x0000000086800000| Untracked 
| 105|0x0000000086900000, 0x0000000086900000, 0x0000000086a00000|  0%| F|  |TAMS 0x0000000086900000, 0x0000000086900000| Untracked 
| 106|0x0000000086a00000, 0x0000000086a00000, 0x0000000086b00000|  0%| F|  |TAMS 0x0000000086a00000, 0x0000000086a00000| Untracked 
| 107|0x0000000086b00000, 0x0000000086b00000, 0x0000000086c00000|  0%| F|  |TAMS 0x0000000086b00000, 0x0000000086b00000| Untracked 
| 108|0x0000000086c00000, 0x0000000086d00000, 0x0000000086d00000|100%| O|  |TAMS 0x0000000086d00000, 0x0000000086c00000| Untracked 
| 109|0x0000000086d00000, 0x0000000086d00000, 0x0000000086e00000|  0%| F|  |TAMS 0x0000000086d00000, 0x0000000086d00000| Untracked 
| 110|0x0000000086e00000, 0x0000000086e00000, 0x0000000086f00000|  0%| F|  |TAMS 0x0000000086e00000, 0x0000000086e00000| Untracked 
| 111|0x0000000086f00000, 0x0000000086f00000, 0x0000000087000000|  0%| F|  |TAMS 0x0000000086f00000, 0x0000000086f00000| Untracked 
| 112|0x0000000087000000, 0x0000000087000000, 0x0000000087100000|  0%| F|  |TAMS 0x0000000087000000, 0x0000000087000000| Untracked 
| 113|0x0000000087100000, 0x0000000087100000, 0x0000000087200000|  0%| F|  |TAMS 0x0000000087100000, 0x0000000087100000| Untracked 
| 114|0x0000000087200000, 0x0000000087200000, 0x0000000087300000|  0%| F|  |TAMS 0x0000000087200000, 0x0000000087200000| Untracked 
| 115|0x0000000087300000, 0x0000000087300000, 0x0000000087400000|  0%| F|  |TAMS 0x0000000087300000, 0x0000000087300000| Untracked 
| 116|0x0000000087400000, 0x0000000087400000, 0x0000000087500000|  0%| F|  |TAMS 0x0000000087400000, 0x0000000087400000| Untracked 
| 117|0x0000000087500000, 0x0000000087500000, 0x0000000087600000|  0%| F|  |TAMS 0x0000000087500000, 0x0000000087500000| Untracked 
| 118|0x0000000087600000, 0x0000000087600000, 0x0000000087700000|  0%| F|  |TAMS 0x0000000087600000, 0x0000000087600000| Untracked 
| 119|0x0000000087700000, 0x0000000087700000, 0x0000000087800000|  0%| F|  |TAMS 0x0000000087700000, 0x0000000087700000| Untracked 
| 120|0x0000000087800000, 0x0000000087800000, 0x0000000087900000|  0%| F|  |TAMS 0x0000000087800000, 0x0000000087800000| Untracked 
| 121|0x0000000087900000, 0x0000000087900000, 0x0000000087a00000|  0%| F|  |TAMS 0x0000000087900000, 0x0000000087900000| Untracked 
| 122|0x0000000087a00000, 0x0000000087a00000, 0x0000000087b00000|  0%| F|  |TAMS 0x0000000087a00000, 0x0000000087a00000| Untracked 
| 123|0x0000000087b00000, 0x0000000087b00000, 0x0000000087c00000|  0%| F|  |TAMS 0x0000000087b00000, 0x0000000087b00000| Untracked 
| 124|0x0000000087c00000, 0x0000000087c00000, 0x0000000087d00000|  0%| F|  |TAMS 0x0000000087c00000, 0x0000000087c00000| Untracked 
| 125|0x0000000087d00000, 0x0000000087d00000, 0x0000000087e00000|  0%| F|  |TAMS 0x0000000087d00000, 0x0000000087d00000| Untracked 
| 126|0x0000000087e00000, 0x0000000087e00000, 0x0000000087f00000|  0%| F|  |TAMS 0x0000000087e00000, 0x0000000087e00000| Untracked 
| 127|0x0000000087f00000, 0x0000000087f00000, 0x0000000088000000|  0%| F|  |TAMS 0x0000000087f00000, 0x0000000087f00000| Untracked 
| 128|0x0000000088000000, 0x0000000088000000, 0x0000000088100000|  0%| F|  |TAMS 0x0000000088000000, 0x0000000088000000| Untracked 
| 129|0x0000000088100000, 0x0000000088193690, 0x0000000088200000| 57%| S|CS|TAMS 0x0000000088100000, 0x0000000088100000| Complete 
| 130|0x0000000088200000, 0x0000000088300000, 0x0000000088300000|100%| S|CS|TAMS 0x0000000088200000, 0x0000000088200000| Complete 
| 131|0x0000000088300000, 0x0000000088300000, 0x0000000088400000|  0%| F|  |TAMS 0x0000000088300000, 0x0000000088300000| Untracked 
| 132|0x0000000088400000, 0x0000000088400000, 0x0000000088500000|  0%| F|  |TAMS 0x0000000088400000, 0x0000000088400000| Untracked 
| 133|0x0000000088500000, 0x0000000088500000, 0x0000000088600000|  0%| F|  |TAMS 0x0000000088500000, 0x0000000088500000| Untracked 
| 134|0x0000000088600000, 0x0000000088600000, 0x0000000088700000|  0%| F|  |TAMS 0x0000000088600000, 0x0000000088600000| Untracked 
| 135|0x0000000088700000, 0x0000000088700000, 0x0000000088800000|  0%| F|  |TAMS 0x0000000088700000, 0x0000000088700000| Untracked 
| 136|0x0000000088800000, 0x0000000088800000, 0x0000000088900000|  0%| F|  |TAMS 0x0000000088800000, 0x0000000088800000| Untracked 
| 137|0x0000000088900000, 0x0000000088900000, 0x0000000088a00000|  0%| F|  |TAMS 0x0000000088900000, 0x0000000088900000| Untracked 
| 138|0x0000000088a00000, 0x0000000088a00000, 0x0000000088b00000|  0%| F|  |TAMS 0x0000000088a00000, 0x0000000088a00000| Untracked 
| 139|0x0000000088b00000, 0x0000000088b00000, 0x0000000088c00000|  0%| F|  |TAMS 0x0000000088b00000, 0x0000000088b00000| Untracked 
| 140|0x0000000088c00000, 0x0000000088c00000, 0x0000000088d00000|  0%| F|  |TAMS 0x0000000088c00000, 0x0000000088c00000| Untracked 
| 141|0x0000000088d00000, 0x0000000088d00000, 0x0000000088e00000|  0%| F|  |TAMS 0x0000000088d00000, 0x0000000088d00000| Untracked 
| 142|0x0000000088e00000, 0x0000000088e00000, 0x0000000088f00000|  0%| F|  |TAMS 0x0000000088e00000, 0x0000000088e00000| Untracked 
| 143|0x0000000088f00000, 0x0000000088f00000, 0x0000000089000000|  0%| F|  |TAMS 0x0000000088f00000, 0x0000000088f00000| Untracked 
| 144|0x0000000089000000, 0x0000000089000000, 0x0000000089100000|  0%| F|  |TAMS 0x0000000089000000, 0x0000000089000000| Untracked 
| 145|0x0000000089100000, 0x0000000089100000, 0x0000000089200000|  0%| F|  |TAMS 0x0000000089100000, 0x0000000089100000| Untracked 
| 146|0x0000000089200000, 0x0000000089200000, 0x0000000089300000|  0%| F|  |TAMS 0x0000000089200000, 0x0000000089200000| Untracked 
| 147|0x0000000089300000, 0x0000000089300000, 0x0000000089400000|  0%| F|  |TAMS 0x0000000089300000, 0x0000000089300000| Untracked 
| 148|0x0000000089400000, 0x0000000089400000, 0x0000000089500000|  0%| F|  |TAMS 0x0000000089400000, 0x0000000089400000| Untracked 
| 149|0x0000000089500000, 0x0000000089500000, 0x0000000089600000|  0%| F|  |TAMS 0x0000000089500000, 0x0000000089500000| Untracked 
| 150|0x0000000089600000, 0x0000000089600000, 0x0000000089700000|  0%| F|  |TAMS 0x0000000089600000, 0x0000000089600000| Untracked 
| 151|0x0000000089700000, 0x0000000089700000, 0x0000000089800000|  0%| F|  |TAMS 0x0000000089700000, 0x0000000089700000| Untracked 
| 152|0x0000000089800000, 0x0000000089800000, 0x0000000089900000|  0%| F|  |TAMS 0x0000000089800000, 0x0000000089800000| Untracked 
| 153|0x0000000089900000, 0x0000000089900000, 0x0000000089a00000|  0%| F|  |TAMS 0x0000000089900000, 0x0000000089900000| Untracked 
| 154|0x0000000089a00000, 0x0000000089a00000, 0x0000000089b00000|  0%| F|  |TAMS 0x0000000089a00000, 0x0000000089a00000| Untracked 
| 155|0x0000000089b00000, 0x0000000089b00000, 0x0000000089c00000|  0%| F|  |TAMS 0x0000000089b00000, 0x0000000089b00000| Untracked 
| 156|0x0000000089c00000, 0x0000000089c00000, 0x0000000089d00000|  0%| F|  |TAMS 0x0000000089c00000, 0x0000000089c00000| Untracked 
| 157|0x0000000089d00000, 0x0000000089d00000, 0x0000000089e00000|  0%| F|  |TAMS 0x0000000089d00000, 0x0000000089d00000| Untracked 
| 158|0x0000000089e00000, 0x0000000089e873f0, 0x0000000089f00000| 52%| E|  |TAMS 0x0000000089e00000, 0x0000000089e00000| Complete 
| 159|0x0000000089f00000, 0x000000008a000000, 0x000000008a000000|100%| E|CS|TAMS 0x0000000089f00000, 0x0000000089f00000| Complete 
| 160|0x000000008a000000, 0x000000008a100000, 0x000000008a100000|100%| E|CS|TAMS 0x000000008a000000, 0x000000008a000000| Complete 
| 161|0x000000008a100000, 0x000000008a200000, 0x000000008a200000|100%| E|CS|TAMS 0x000000008a100000, 0x000000008a100000| Complete 
| 162|0x000000008a200000, 0x000000008a300000, 0x000000008a300000|100%| E|CS|TAMS 0x000000008a200000, 0x000000008a200000| Complete 
| 163|0x000000008a300000, 0x000000008a400000, 0x000000008a400000|100%| E|CS|TAMS 0x000000008a300000, 0x000000008a300000| Complete 
| 164|0x000000008a400000, 0x000000008a500000, 0x000000008a500000|100%| E|CS|TAMS 0x000000008a400000, 0x000000008a400000| Complete 
| 165|0x000000008a500000, 0x000000008a600000, 0x000000008a600000|100%| E|CS|TAMS 0x000000008a500000, 0x000000008a500000| Complete 
| 166|0x000000008a600000, 0x000000008a700000, 0x000000008a700000|100%| E|  |TAMS 0x000000008a600000, 0x000000008a600000| Complete 
| 167|0x000000008a700000, 0x000000008a800000, 0x000000008a800000|100%| E|CS|TAMS 0x000000008a700000, 0x000000008a700000| Complete 
| 168|0x000000008a800000, 0x000000008a900000, 0x000000008a900000|100%| E|CS|TAMS 0x000000008a800000, 0x000000008a800000| Complete 
| 169|0x000000008a900000, 0x000000008aa00000, 0x000000008aa00000|100%| E|CS|TAMS 0x000000008a900000, 0x000000008a900000| Complete 
| 170|0x000000008aa00000, 0x000000008ab00000, 0x000000008ab00000|100%| E|CS|TAMS 0x000000008aa00000, 0x000000008aa00000| Complete 

Card table byte_map: [0x0000019c948b0000,0x0000019c94cb0000] _byte_map_base: 0x0000019c944b0000

Marking Bits (Prev, Next): (CMBitMap*) 0x0000019cff648958, (CMBitMap*) 0x0000019cff648990
 Prev Bits: [0x0000019c950b0000, 0x0000019c970b0000)
 Next Bits: [0x0000019c970b0000, 0x0000019c990b0000)

Polling page: 0x0000019c81410000

Metaspace:

Usage:
  Non-class:     81.49 MB capacity,    79.92 MB ( 98%) used,     1.27 MB (  2%) free+waste,   307.25 KB ( <1%) overhead. 
      Class:     12.83 MB capacity,    11.84 MB ( 92%) used,   872.96 KB (  7%) free+waste,   139.19 KB (  1%) overhead. 
       Both:     94.32 MB capacity,    91.76 MB ( 97%) used,     2.12 MB (  2%) free+waste,   446.44 KB ( <1%) overhead. 

Virtual space:
  Non-class space:       82.00 MB reserved,      81.67 MB (>99%) committed 
      Class space:        1.00 GB reserved,      12.86 MB (  1%) committed 
             Both:        1.08 GB reserved,      94.53 MB (  9%) committed 

Chunk freelists:
   Non-Class:  63.00 KB
       Class:  12.00 KB
        Both:  75.00 KB

MaxMetaspaceSize: 17179869184.00 GB
CompressedClassSpaceSize: 1.00 GB
Initial GC threshold: 20.80 MB
Current GC threshold: 157.13 MB
CDS: off

CodeHeap 'non-profiled nmethods': size=120064Kb used=7242Kb max_used=7242Kb free=112821Kb
 bounds [0x0000019c8c940000, 0x0000019c8d060000, 0x0000019c93e80000]
CodeHeap 'profiled nmethods': size=120000Kb used=25832Kb max_used=25832Kb free=94167Kb
 bounds [0x0000019c85410000, 0x0000019c86d50000, 0x0000019c8c940000]
CodeHeap 'non-nmethods': size=5696Kb used=2406Kb max_used=2438Kb free=3289Kb
 bounds [0x0000019c84e80000, 0x0000019c850f0000, 0x0000019c85410000]
 total_blobs=12945 nmethods=12004 adapters=853
 compilation: enabled
              stopped_count=0, restarted_count=0
 full_count=0

Compilation events (20 events):
Event: 22.647 Thread 0x0000019c9b73a800 12005       2       kotlin.reflect.jvm.internal.impl.protobuf.AbstractParser::checkMessageInitialized (28 bytes)
Event: 22.648 Thread 0x0000019c9b73a800 nmethod 12005 0x0000019c86d34790 code [0x0000019c86d349a0, 0x0000019c86d34d48]
Event: 22.648 Thread 0x0000019c9b73a800 12006       2       kotlin.collections.SetsKt__SetsKt::emptySet (7 bytes)
Event: 22.648 Thread 0x0000019c9b73a800 nmethod 12006 0x0000019c86d34f90 code [0x0000019c86d35140, 0x0000019c86d35218]
Event: 22.648 Thread 0x0000019c9b73a800 12007       2       java.lang.Class::getSimpleName0 (62 bytes)
Event: 22.648 Thread 0x0000019c9b73a800 nmethod 12007 0x0000019c86d35290 code [0x0000019c86d35520, 0x0000019c86d35ba8]
Event: 22.648 Thread 0x0000019c9b73a800 12009       2       kotlin.reflect.jvm.internal.impl.name.ClassId::asSingleFqName (67 bytes)
Event: 22.649 Thread 0x0000019c9b73a800 nmethod 12009 0x0000019c86d35f90 code [0x0000019c86d36200, 0x0000019c86d36948]
Event: 22.649 Thread 0x0000019c9b73a800 12008       2       kotlin.jvm.JvmClassMappingKt::getJavaClass (16 bytes)
Event: 22.650 Thread 0x0000019c9b73a800 nmethod 12008 0x0000019c86d36d90 code [0x0000019c86d36fa0, 0x0000019c86d37288]
Event: 22.650 Thread 0x0000019c9b73a800 12010       2       kotlin.reflect.jvm.internal.impl.protobuf.GeneratedMessageLite$ExtendableMessage::parseUnknownField (17 bytes)
Event: 22.650 Thread 0x0000019c9b73a800 nmethod 12010 0x0000019c86d37490 code [0x0000019c86d37660, 0x0000019c86d377f8]
Event: 22.650 Thread 0x0000019c9b73a800 12011       2       kotlin.reflect.jvm.internal.impl.protobuf.GeneratedMessageLite::access$100 (12 bytes)
Event: 22.650 Thread 0x0000019c9b73a800 nmethod 12011 0x0000019c86d37910 code [0x0000019c86d37ac0, 0x0000019c86d37ba8]
Event: 22.650 Thread 0x0000019c9b73a800 12012       2       kotlin.reflect.jvm.internal.impl.protobuf.GeneratedMessageLite::parseUnknownField (518 bytes)
Event: 22.651 Thread 0x0000019c9b73a800 nmethod 12012 0x0000019c86d37c90 code [0x0000019c86d38060, 0x0000019c86d38e58]
Event: 22.651 Thread 0x0000019c9b73a800 12013       2       kotlin.reflect.jvm.internal.impl.storage.DefaultSimpleLock::lock (10 bytes)
Event: 22.652 Thread 0x0000019c9b73a800 nmethod 12013 0x0000019c86d39b10 code [0x0000019c86d39cc0, 0x0000019c86d39de8]
Event: 22.652 Thread 0x0000019c9b73a800 12014       2       kotlin.reflect.jvm.internal.impl.storage.DefaultSimpleLock::unlock (10 bytes)
Event: 22.652 Thread 0x0000019c9b73a800 nmethod 12014 0x0000019c86d39e90 code [0x0000019c86d3a040, 0x0000019c86d3a168]

GC Heap History (20 events):
Event: 20.092 GC heap before
{Heap before GC invocations=29 (full 0):
 garbage-first heap   total 145408K, used 129464K [0x0000000080000000, 0x0000000100000000)
  region size 1024K, 15 young (15360K), 4 survivors (4096K)
 Metaspace       used 88019K, capacity 90528K, committed 90780K, reserved 1128448K
  class space    used 11476K, capacity 12466K, committed 12524K, reserved 1048576K
}
Event: 20.098 GC heap after
{Heap after GC invocations=30 (full 0):
 garbage-first heap   total 145408K, used 105182K [0x0000000080000000, 0x0000000100000000)
  region size 1024K, 2 young (2048K), 2 survivors (2048K)
 Metaspace       used 88019K, capacity 90528K, committed 90780K, reserved 1128448K
  class space    used 11476K, capacity 12466K, committed 12524K, reserved 1048576K
}
Event: 20.520 GC heap before
{Heap before GC invocations=31 (full 0):
 garbage-first heap   total 145408K, used 126686K [0x0000000080000000, 0x0000000100000000)
  region size 1024K, 14 young (14336K), 2 survivors (2048K)
 Metaspace       used 88989K, capacity 91596K, committed 91676K, reserved 1128448K
  class space    used 11591K, capacity 12574K, committed 12652K, reserved 1048576K
}
Event: 20.522 GC heap after
{Heap after GC invocations=32 (full 0):
 garbage-first heap   total 145408K, used 105273K [0x0000000080000000, 0x0000000100000000)
  region size 1024K, 1 young (1024K), 1 survivors (1024K)
 Metaspace       used 88989K, capacity 91596K, committed 91676K, reserved 1128448K
  class space    used 11591K, capacity 12574K, committed 12652K, reserved 1048576K
}
Event: 20.706 GC heap before
{Heap before GC invocations=32 (full 0):
 garbage-first heap   total 145408K, used 110393K [0x0000000080000000, 0x0000000100000000)
  region size 1024K, 7 young (7168K), 1 survivors (1024K)
 Metaspace       used 89304K, capacity 91826K, committed 91932K, reserved 1128448K
  class space    used 11623K, capacity 12607K, committed 12652K, reserved 1048576K
}
Event: 20.717 GC heap after
{Heap after GC invocations=33 (full 0):
 garbage-first heap   total 145408K, used 92708K [0x0000000080000000, 0x0000000100000000)
  region size 1024K, 1 young (1024K), 1 survivors (1024K)
 Metaspace       used 89304K, capacity 91826K, committed 91932K, reserved 1128448K
  class space    used 11623K, capacity 12607K, committed 12652K, reserved 1048576K
}
Event: 21.020 GC heap before
{Heap before GC invocations=33 (full 0):
 garbage-first heap   total 145408K, used 110116K [0x0000000080000000, 0x0000000100000000)
  region size 1024K, 19 young (19456K), 1 survivors (1024K)
 Metaspace       used 89578K, capacity 92113K, committed 92188K, reserved 1128448K
  class space    used 11635K, capacity 12617K, committed 12652K, reserved 1048576K
}
Event: 21.024 GC heap after
{Heap after GC invocations=34 (full 0):
 garbage-first heap   total 145408K, used 94350K [0x0000000080000000, 0x0000000100000000)
  region size 1024K, 2 young (2048K), 2 survivors (2048K)
 Metaspace       used 89578K, capacity 92113K, committed 92188K, reserved 1128448K
  class space    used 11635K, capacity 12617K, committed 12652K, reserved 1048576K
}
Event: 21.430 GC heap before
{Heap before GC invocations=35 (full 0):
 garbage-first heap   total 145408K, used 104590K [0x0000000080000000, 0x0000000100000000)
  region size 1024K, 20 young (20480K), 2 survivors (2048K)
 Metaspace       used 89709K, capacity 92317K, committed 92572K, reserved 1128448K
  class space    used 11635K, capacity 12641K, committed 12780K, reserved 1048576K
}
Event: 21.434 GC heap after
{Heap after GC invocations=36 (full 0):
 garbage-first heap   total 145408K, used 88505K [0x0000000080000000, 0x0000000100000000)
  region size 1024K, 2 young (2048K), 2 survivors (2048K)
 Metaspace       used 89709K, capacity 92317K, committed 92572K, reserved 1128448K
  class space    used 11635K, capacity 12641K, committed 12780K, reserved 1048576K
}
Event: 21.529 GC heap before
{Heap before GC invocations=36 (full 0):
 garbage-first heap   total 145408K, used 92601K [0x0000000080000000, 0x0000000100000000)
  region size 1024K, 7 young (7168K), 2 survivors (2048K)
 Metaspace       used 90063K, capacity 92648K, committed 92828K, reserved 1130496K
  class space    used 11659K, capacity 12655K, committed 12780K, reserved 1048576K
}
Event: 21.532 GC heap after
{Heap after GC invocations=37 (full 0):
 garbage-first heap   total 145408K, used 85814K [0x0000000080000000, 0x0000000100000000)
  region size 1024K, 1 young (1024K), 1 survivors (1024K)
 Metaspace       used 90063K, capacity 92648K, committed 92828K, reserved 1130496K
  class space    used 11659K, capacity 12655K, committed 12780K, reserved 1048576K
}
Event: 21.743 GC heap before
{Heap before GC invocations=37 (full 0):
 garbage-first heap   total 145408K, used 109366K [0x0000000080000000, 0x0000000100000000)
  region size 1024K, 25 young (25600K), 1 survivors (1024K)
 Metaspace       used 90857K, capacity 93446K, committed 93724K, reserved 1130496K
  class space    used 11763K, capacity 12783K, committed 12908K, reserved 1048576K
}
Event: 21.746 GC heap after
{Heap after GC invocations=38 (full 0):
 garbage-first heap   total 145408K, used 86912K [0x0000000080000000, 0x0000000100000000)
  region size 1024K, 2 young (2048K), 2 survivors (2048K)
 Metaspace       used 90857K, capacity 93446K, committed 93724K, reserved 1130496K
  class space    used 11763K, capacity 12783K, committed 12908K, reserved 1048576K
}
Event: 22.020 GC heap before
{Heap before GC invocations=39 (full 0):
 garbage-first heap   total 145408K, used 111488K [0x0000000080000000, 0x0000000100000000)
  region size 1024K, 27 young (27648K), 2 survivors (2048K)
 Metaspace       used 91962K, capacity 94547K, committed 94876K, reserved 1130496K
  class space    used 11905K, capacity 12912K, committed 13036K, reserved 1048576K
}
Event: 22.025 GC heap after
{Heap after GC invocations=40 (full 0):
 garbage-first heap   total 145408K, used 87943K [0x0000000080000000, 0x0000000100000000)
  region size 1024K, 3 young (3072K), 3 survivors (3072K)
 Metaspace       used 91962K, capacity 94547K, committed 94876K, reserved 1130496K
  class space    used 11905K, capacity 12912K, committed 13036K, reserved 1048576K
}
Event: 22.062 GC heap before
{Heap before GC invocations=40 (full 0):
 garbage-first heap   total 145408K, used 91015K [0x0000000080000000, 0x0000000100000000)
  region size 1024K, 7 young (7168K), 3 survivors (3072K)
 Metaspace       used 92102K, capacity 94707K, committed 94876K, reserved 1130496K
  class space    used 11923K, capacity 12944K, committed 13036K, reserved 1048576K
}
Event: 22.065 GC heap after
{Heap after GC invocations=41 (full 0):
 garbage-first heap   total 175104K, used 87199K [0x0000000080000000, 0x0000000100000000)
  region size 1024K, 1 young (1024K), 1 survivors (1024K)
 Metaspace       used 92102K, capacity 94707K, committed 94876K, reserved 1130496K
  class space    used 11923K, capacity 12944K, committed 13036K, reserved 1048576K
}
Event: 22.429 GC heap before
{Heap before GC invocations=41 (full 0):
 garbage-first heap   total 175104K, used 126111K [0x0000000080000000, 0x0000000100000000)
  region size 1024K, 40 young (40960K), 1 survivors (1024K)
 Metaspace       used 93643K, capacity 96257K, committed 96284K, reserved 1132544K
  class space    used 12117K, capacity 13139K, committed 13164K, reserved 1048576K
}
Event: 22.433 GC heap after
{Heap after GC invocations=42 (full 0):
 garbage-first heap   total 175104K, used 88383K [0x0000000080000000, 0x0000000100000000)
  region size 1024K, 2 young (2048K), 2 survivors (2048K)
 Metaspace       used 93643K, capacity 96257K, committed 96284K, reserved 1132544K
  class space    used 12117K, capacity 13139K, committed 13164K, reserved 1048576K
}

Deoptimization events (20 events):
Event: 21.677 Thread 0x0000019c9c548000 Uncommon trap: trap_request=0xffffff4d fr.pc=0x0000019c8ca26dc0 relative=0x0000000000001340
Event: 21.677 Thread 0x0000019c9c548000 Uncommon trap: reason=unstable_if action=reinterpret pc=0x0000019c8ca26dc0 method=java.util.concurrent.ConcurrentHashMap.transfer([Ljava/util/concurrent/ConcurrentHashMap$Node;[Ljava/util/concurrent/ConcurrentHashMap$Node;)V @ 34 c2
Event: 21.677 Thread 0x0000019c9c548000 DEOPT PACKING pc=0x0000019c8ca26dc0 sp=0x000000620dafdf40
Event: 21.677 Thread 0x0000019c9c548000 DEOPT UNPACKING pc=0x0000019c84eca1af sp=0x000000620dafdf00 mode 2
Event: 21.677 Thread 0x0000019c9c548000 Uncommon trap: trap_request=0xffffff4d fr.pc=0x0000019c8ca13684 relative=0x0000000000001224
Event: 21.677 Thread 0x0000019c9c548000 Uncommon trap: reason=unstable_if action=reinterpret pc=0x0000019c8ca13684 method=java.util.concurrent.ConcurrentHashMap.transfer([Ljava/util/concurrent/ConcurrentHashMap$Node;[Ljava/util/concurrent/ConcurrentHashMap$Node;)V @ 273 c2
Event: 21.677 Thread 0x0000019c9c548000 DEOPT PACKING pc=0x0000019c8ca13684 sp=0x000000620dafdf60
Event: 21.677 Thread 0x0000019c9c548000 DEOPT UNPACKING pc=0x0000019c84eca1af sp=0x000000620dafdef8 mode 2
Event: 21.677 Thread 0x0000019ca18dd800 Uncommon trap: trap_request=0xffffff4d fr.pc=0x0000019c8ca26cdc relative=0x000000000000125c
Event: 21.677 Thread 0x0000019ca18dd800 Uncommon trap: reason=unstable_if action=reinterpret pc=0x0000019c8ca26cdc method=java.util.concurrent.ConcurrentHashMap.transfer([Ljava/util/concurrent/ConcurrentHashMap$Node;[Ljava/util/concurrent/ConcurrentHashMap$Node;)V @ 347 c2
Event: 21.677 Thread 0x0000019ca18dd800 DEOPT PACKING pc=0x0000019c8ca26cdc sp=0x000000620eafdaa0
Event: 21.677 Thread 0x0000019ca18dd800 DEOPT UNPACKING pc=0x0000019c84eca1af sp=0x000000620eafda30 mode 2
Event: 21.811 Thread 0x0000019c9c8d6800 Uncommon trap: trap_request=0xffffff4d fr.pc=0x0000019c8cf31b34 relative=0x00000000000008b4
Event: 21.811 Thread 0x0000019c9c8d6800 Uncommon trap: reason=unstable_if action=reinterpret pc=0x0000019c8cf31b34 method=java.util.jar.JarFile.getVersionedEntry(Ljava/lang/String;Ljava/util/jar/JarEntry;)Ljava/util/jar/JarEntry; @ 7 c2
Event: 21.811 Thread 0x0000019c9c8d6800 DEOPT PACKING pc=0x0000019c8cf31b34 sp=0x000000620f8f9800
Event: 21.811 Thread 0x0000019c9c8d6800 DEOPT UNPACKING pc=0x0000019c84eca1af sp=0x000000620f8f97d0 mode 2
Event: 22.391 Thread 0x0000019c9c8da000 Uncommon trap: trap_request=0xffffffc6 fr.pc=0x0000019c8cdda508 relative=0x00000000000000c8
Event: 22.391 Thread 0x0000019c9c8da000 Uncommon trap: reason=bimorphic_or_optimized_type_check action=maybe_recompile pc=0x0000019c8cdda508 method=com.google.common.collect.RegularImmutableMap.checkNoConflictInKeyBucket(Ljava/lang/Object;Ljava/util/Map$Entry;Lcom/google/common/collect/Immutabl
Event: 22.391 Thread 0x0000019c9c8da000 DEOPT PACKING pc=0x0000019c8cdda508 sp=0x000000620f3fcda0
Event: 22.391 Thread 0x0000019c9c8da000 DEOPT UNPACKING pc=0x0000019c84eca1af sp=0x000000620f3fcd48 mode 2

Classes redefined (0 events):
No events

Internal exceptions (20 events):
Event: 18.537 Thread 0x0000019ca18e5000 Exception <a 'java/lang/NoSuchMethodError'{0x0000000088819718}: 'void java.lang.invoke.DirectMethodHandle$Holder.invokeInterface(java.lang.Object, java.lang.Object, java.lang.Object, java.lang.Object)'> (0x0000000088819718) thrown at [src/hotspot/share/interpreter/linkResolver.cpp, line 773]
Event: 19.960 Thread 0x0000019ca18e5000 Exception <a 'java/lang/NoSuchMethodError'{0x0000000088a59ac0}: 'java.lang.Object java.lang.invoke.DirectMethodHandle$Holder.invokeStatic(java.lang.Object, java.lang.Object, java.lang.Object, java.lang.Object, java.lang.Object, java.lang.Object, java.lang.Object, java.lang.Object, java.lang.Object, java.lang.Object, java.lang.Object, java.lang.Object, java.lang.Object, java.lang.Object, java.lang.Object, int)'> (0x0000000088a59ac0) thrown at [src/hotspot/share/interpreter/linkResolver.cpp, line 773]
Event: 19.981 Thread 0x0000019ca18e5000 Exception <a 'java/lang/NoSuchMethodError'{0x0000000088af4178}: <clinit>> (0x0000000088af4178) thrown at [src/hotspot/share/prims/jni.cpp, line 1367]
Event: 19.999 Thread 0x0000019ca18e5000 Exception <a 'java/lang/NoSuchMethodError'{0x00000000889ad2c8}: <clinit>> (0x00000000889ad2c8) thrown at [src/hotspot/share/prims/jni.cpp, line 1367]
Event: 20.087 Thread 0x0000019c9c8da000 Implicit null exception at 0x0000019c8cf67ea0 to 0x0000019c8cf69aee
Event: 20.203 Thread 0x0000019c9c8da000 Exception <a 'sun/nio/fs/WindowsException'{0x0000000088cc4d40}> (0x0000000088cc4d40) thrown at [src/hotspot/share/prims/jni.cpp, line 617]
Event: 20.212 Thread 0x0000019c9c8da000 Exception <a 'sun/nio/fs/WindowsException'{0x0000000088ad9880}> (0x0000000088ad9880) thrown at [src/hotspot/share/prims/jni.cpp, line 617]
Event: 20.238 Thread 0x0000019c9c8da000 Exception <a 'sun/nio/fs/WindowsException'{0x0000000088ada898}> (0x0000000088ada898) thrown at [src/hotspot/share/prims/jni.cpp, line 617]
Event: 20.252 Thread 0x0000019c9c8da000 Exception <a 'sun/nio/fs/WindowsException'{0x0000000088adb8b0}> (0x0000000088adb8b0) thrown at [src/hotspot/share/prims/jni.cpp, line 617]
Event: 20.253 Thread 0x0000019c9c8da000 Exception <a 'sun/nio/fs/WindowsException'{0x0000000088adc8c8}> (0x0000000088adc8c8) thrown at [src/hotspot/share/prims/jni.cpp, line 617]
Event: 20.291 Thread 0x0000019c9c8da000 Exception <a 'sun/nio/fs/WindowsException'{0x0000000088add8e0}> (0x0000000088add8e0) thrown at [src/hotspot/share/prims/jni.cpp, line 617]
Event: 20.396 Thread 0x0000019c9c8da000 Implicit null exception at 0x0000019c8cf387a4 to 0x0000019c8cf38944
Event: 20.901 Thread 0x0000019ca18e5000 Exception <a 'java/lang/NoSuchMethodError'{0x0000000088123b20}: <clinit>> (0x0000000088123b20) thrown at [src/hotspot/share/prims/jni.cpp, line 1367]
Event: 20.901 Thread 0x0000019ca18e5000 Exception <a 'java/lang/NoSuchMethodError'{0x0000000088125568}: <clinit>> (0x0000000088125568) thrown at [src/hotspot/share/prims/jni.cpp, line 1367]
Event: 20.901 Thread 0x0000019ca18e5000 Exception <a 'java/lang/NoSuchMethodError'{0x0000000088128a28}: <clinit>> (0x0000000088128a28) thrown at [src/hotspot/share/prims/jni.cpp, line 1367]
Event: 20.902 Thread 0x0000019ca18e5000 Exception <a 'java/lang/NoSuchMethodError'{0x0000000088143f80}: <clinit>> (0x0000000088143f80) thrown at [src/hotspot/share/prims/jni.cpp, line 1367]
Event: 20.902 Thread 0x0000019ca18e5000 Exception <a 'java/lang/NoSuchMethodError'{0x0000000088145460}: <clinit>> (0x0000000088145460) thrown at [src/hotspot/share/prims/jni.cpp, line 1367]
Event: 21.498 Thread 0x0000019ca18e5000 Exception <a 'java/lang/NoSuchMethodError'{0x0000000088bcd0f0}: <clinit>> (0x0000000088bcd0f0) thrown at [src/hotspot/share/prims/jni.cpp, line 1367]
Event: 21.501 Thread 0x0000019ca18e5000 Exception <a 'java/lang/NoSuchMethodError'{0x0000000088a01fc0}: <clinit>> (0x0000000088a01fc0) thrown at [src/hotspot/share/prims/jni.cpp, line 1367]
Event: 21.502 Thread 0x0000019ca18e5000 Exception <a 'java/lang/NoSuchMethodError'{0x0000000088a169a8}: <clinit>> (0x0000000088a169a8) thrown at [src/hotspot/share/prims/jni.cpp, line 1367]

Events (20 events):
Event: 22.429 Executing VM operation: G1CollectForAllocation
Event: 22.433 Executing VM operation: G1CollectForAllocation done
Event: 22.434 loading class kotlin/reflect/jvm/internal/impl/serialization/deserialization/descriptors/DeserializedClassDescriptor$DeserializedClassMemberScope$allDescriptors$1
Event: 22.434 loading class kotlin/reflect/jvm/internal/impl/serialization/deserialization/descriptors/DeserializedClassDescriptor$DeserializedClassMemberScope$allDescriptors$1 done
Event: 22.434 loading class kotlin/reflect/jvm/internal/impl/serialization/deserialization/descriptors/DeserializedClassDescriptor$DeserializedClassMemberScope$refinedSupertypes$1
Event: 22.434 loading class kotlin/reflect/jvm/internal/impl/serialization/deserialization/descriptors/DeserializedClassDescriptor$DeserializedClassMemberScope$refinedSupertypes$1 done
Event: 22.438 loading class kotlin/reflect/jvm/internal/impl/serialization/deserialization/descriptors/NonEmptyDeserializedAnnotations
Event: 22.438 loading class kotlin/reflect/jvm/internal/impl/serialization/deserialization/descriptors/NonEmptyDeserializedAnnotations done
Event: 22.438 loading class kotlin/reflect/jvm/internal/impl/serialization/deserialization/descriptors/DeserializedClassDescriptor$annotations$1
Event: 22.438 loading class kotlin/reflect/jvm/internal/impl/serialization/deserialization/descriptors/DeserializedClassDescriptor$annotations$1 done
Event: 22.441 loading class kotlin/reflect/jvm/internal/UtilKt
Event: 22.441 loading class kotlin/reflect/jvm/internal/UtilKt done
Event: 22.444 loading class kotlin/reflect/jvm/internal/impl/resolve/scopes/InnerClassesScopeWrapper
Event: 22.444 loading class kotlin/reflect/jvm/internal/impl/resolve/scopes/InnerClassesScopeWrapper done
Event: 22.448 loading class com/android/build/gradle/internal/api/artifact/SourceArtifactType$CUSTOMS
Event: 22.448 loading class com/android/build/gradle/internal/api/artifact/SourceArtifactType$CUSTOMS done
Event: 22.491 Executing VM operation: RevokeBias
Event: 22.495 Executing VM operation: RevokeBias done
Event: 22.556 Executing VM operation: CGC_Operation
Event: 22.604 Executing VM operation: CGC_Operation done


Dynamic libraries:
0x00007ff68c770000 - 0x00007ff68c77a000 	D:\program files\Android\AS\jbr\bin\java.exe
0x00007ffc45810000 - 0x00007ffc45a08000 	C:\WINDOWS\SYSTEM32\ntdll.dll
0x00007ffc43de0000 - 0x00007ffc43ea2000 	C:\WINDOWS\System32\KERNEL32.DLL
0x00007ffc43260000 - 0x00007ffc43556000 	C:\WINDOWS\System32\KERNELBASE.dll
0x00007ffc43740000 - 0x00007ffc43840000 	C:\WINDOWS\System32\ucrtbase.dll
0x00007ffc390d0000 - 0x00007ffc390e7000 	D:\program files\Android\AS\jbr\bin\jli.dll
0x00007ffc438f0000 - 0x00007ffc43a8d000 	C:\WINDOWS\System32\USER32.dll
0x00007ffc42f30000 - 0x00007ffc42f52000 	C:\WINDOWS\System32\win32u.dll
0x00007ffc43eb0000 - 0x00007ffc43edb000 	C:\WINDOWS\System32\GDI32.dll
0x00007ffc43140000 - 0x00007ffc4325a000 	C:\WINDOWS\System32\gdi32full.dll
0x00007ffc43560000 - 0x00007ffc435fd000 	C:\WINDOWS\System32\msvcp_win.dll
0x00007ffc37e00000 - 0x00007ffc37e1b000 	D:\program files\Android\AS\jbr\bin\VCRUNTIME140.dll
0x00007ffc27120000 - 0x00007ffc273ba000 	C:\WINDOWS\WinSxS\amd64_microsoft.windows.common-controls_6595b64144ccf1df_6.0.19041.5794_none_60bcd33171f2783c\COMCTL32.dll
0x00007ffc45090000 - 0x00007ffc4512e000 	C:\WINDOWS\System32\msvcrt.dll
0x00007ffc45320000 - 0x00007ffc4534f000 	C:\WINDOWS\System32\IMM32.DLL
0x00007ffc3aa60000 - 0x00007ffc3aa6c000 	D:\program files\Android\AS\jbr\bin\vcruntime140_1.dll
0x00007ffc16760000 - 0x00007ffc167ed000 	D:\program files\Android\AS\jbr\bin\msvcp140.dll
0x00007ffbed1d0000 - 0x00007ffbedd8c000 	D:\program files\Android\AS\jbr\bin\server\jvm.dll
0x00007ffc43a90000 - 0x00007ffc43b3f000 	C:\WINDOWS\System32\ADVAPI32.dll
0x00007ffc43840000 - 0x00007ffc438df000 	C:\WINDOWS\System32\sechost.dll
0x00007ffc43c00000 - 0x00007ffc43d23000 	C:\WINDOWS\System32\RPCRT4.dll
0x00007ffc42eb0000 - 0x00007ffc42ed7000 	C:\WINDOWS\System32\bcrypt.dll
0x00007ffc438e0000 - 0x00007ffc438e8000 	C:\WINDOWS\System32\PSAPI.DLL
0x00007ffbf0660000 - 0x00007ffbf0669000 	C:\WINDOWS\SYSTEM32\WSOCK32.dll
0x00007ffc44d50000 - 0x00007ffc44dbb000 	C:\WINDOWS\System32\WS2_32.dll
0x00007ffc32660000 - 0x00007ffc32687000 	C:\WINDOWS\SYSTEM32\WINMM.dll
0x00007ffc396b0000 - 0x00007ffc396ba000 	C:\WINDOWS\SYSTEM32\VERSION.dll
0x00007ffc40d10000 - 0x00007ffc40d22000 	C:\WINDOWS\SYSTEM32\kernel.appcore.dll
0x00007ffc3d940000 - 0x00007ffc3d950000 	D:\program files\Android\AS\jbr\bin\verify.dll
0x00007ffc3abc0000 - 0x00007ffc3adc1000 	C:\WINDOWS\SYSTEM32\DBGHELP.DLL
0x00007ffc396f0000 - 0x00007ffc39724000 	C:\WINDOWS\SYSTEM32\dbgcore.DLL
0x00007ffc436b0000 - 0x00007ffc43732000 	C:\WINDOWS\System32\bcryptPrimitives.dll
0x00007ffc32c60000 - 0x00007ffc32c88000 	D:\program files\Android\AS\jbr\bin\java.dll
0x00007ffc3d4e0000 - 0x00007ffc3d4ea000 	D:\program files\Android\AS\jbr\bin\jimage.dll
0x00007ffc3cd20000 - 0x00007ffc3cd38000 	D:\program files\Android\AS\jbr\bin\zip.dll
0x00007ffc43ee0000 - 0x00007ffc4464e000 	C:\WINDOWS\System32\SHELL32.dll
0x00007ffc40f30000 - 0x00007ffc416d3000 	C:\WINDOWS\SYSTEM32\windows.storage.dll
0x00007ffc45350000 - 0x00007ffc456a3000 	C:\WINDOWS\System32\combase.dll
0x00007ffc42870000 - 0x00007ffc4289b000 	C:\WINDOWS\SYSTEM32\Wldp.dll
0x00007ffc451c0000 - 0x00007ffc4528d000 	C:\WINDOWS\System32\OLEAUT32.dll
0x00007ffc43d30000 - 0x00007ffc43ddd000 	C:\WINDOWS\System32\SHCORE.dll
0x00007ffc44f00000 - 0x00007ffc44f55000 	C:\WINDOWS\System32\shlwapi.dll
0x00007ffc42de0000 - 0x00007ffc42e05000 	C:\WINDOWS\SYSTEM32\profapi.dll
0x00007ffc3c160000 - 0x00007ffc3c179000 	D:\program files\Android\AS\jbr\bin\net.dll
0x00007ffc3fdb0000 - 0x00007ffc3feba000 	C:\WINDOWS\SYSTEM32\WINHTTP.dll
0x00007ffc425d0000 - 0x00007ffc4263c000 	C:\WINDOWS\system32\mswsock.dll
0x00007ffc3bc60000 - 0x00007ffc3bc73000 	D:\program files\Android\AS\jbr\bin\nio.dll
0x00007ffc3c120000 - 0x00007ffc3c147000 	C:\Users\HP\.gradle\native\e1d6ef7f7dcc3fd88c89a11ec53ec762bb8ba0a96d01ffa2cd45eb1d1d8dd5c5\windows-amd64\native-platform.dll
0x00007ffc0c9c0000 - 0x00007ffc0cb04000 	C:\Users\HP\.gradle\native\0d407fdbe67a94daf76414ababcb853783967236a71b16ec16e742cd7a986fd3\windows-amd64\native-platform-file-events.dll
0x00007ffc3cd90000 - 0x00007ffc3cd9a000 	D:\program files\Android\AS\jbr\bin\management.dll
0x00007ffc3cd60000 - 0x00007ffc3cd6b000 	D:\program files\Android\AS\jbr\bin\management_ext.dll
0x00007ffc427c0000 - 0x00007ffc427d8000 	C:\WINDOWS\SYSTEM32\CRYPTSP.dll
0x00007ffc41e90000 - 0x00007ffc41ec8000 	C:\WINDOWS\system32\rsaenh.dll
0x00007ffc42da0000 - 0x00007ffc42dce000 	C:\WINDOWS\SYSTEM32\USERENV.dll
0x00007ffc427e0000 - 0x00007ffc427ec000 	C:\WINDOWS\SYSTEM32\CRYPTBASE.dll
0x00007ffc422b0000 - 0x00007ffc422eb000 	C:\WINDOWS\SYSTEM32\IPHLPAPI.DLL
0x00007ffc451b0000 - 0x00007ffc451b8000 	C:\WINDOWS\System32\NSI.dll
0x00007ffc39e00000 - 0x00007ffc39e17000 	C:\WINDOWS\SYSTEM32\dhcpcsvc6.DLL
0x00007ffc3a820000 - 0x00007ffc3a83d000 	C:\WINDOWS\SYSTEM32\dhcpcsvc.DLL
0x00007ffc42340000 - 0x00007ffc4240a000 	C:\WINDOWS\SYSTEM32\DNSAPI.dll
0x00007ffc420e0000 - 0x00007ffc42113000 	C:\WINDOWS\SYSTEM32\ntmarta.dll

dbghelp: loaded successfully - version: 4.0.5 - missing functions: none
symbol engine: initialized successfully - sym options: 0x614 - pdb path: .;D:\program files\Android\AS\jbr\bin;C:\WINDOWS\SYSTEM32;C:\WINDOWS\WinSxS\amd64_microsoft.windows.common-controls_6595b64144ccf1df_6.0.19041.5794_none_60bcd33171f2783c;D:\program files\Android\AS\jbr\bin\server;C:\Users\HP\.gradle\native\e1d6ef7f7dcc3fd88c89a11ec53ec762bb8ba0a96d01ffa2cd45eb1d1d8dd5c5\windows-amd64;C:\Users\HP\.gradle\native\0d407fdbe67a94daf76414ababcb853783967236a71b16ec16e742cd7a986fd3\windows-amd64

VM Arguments:
jvm_args: --add-opens=java.base/java.util=ALL-UNNAMED --add-opens=java.base/java.lang=ALL-UNNAMED --add-opens=java.base/java.lang.invoke=ALL-UNNAMED --add-opens=java.base/java.util=ALL-UNNAMED --add-opens=java.prefs/java.util.prefs=ALL-UNNAMED --add-opens=java.prefs/java.util.prefs=ALL-UNNAMED --add-opens=java.base/java.nio.charset=ALL-UNNAMED --add-opens=java.base/java.net=ALL-UNNAMED --add-opens=java.base/java.util.concurrent.atomic=ALL-UNNAMED -Xmx2048m -Dfile.encoding=UTF-8 -Duser.country=RU -Duser.language=ru -Duser.variant 
java_command: org.gradle.launcher.daemon.bootstrap.GradleDaemon 7.5
java_class_path (initial): C:\Users\HP\.gradle\wrapper\dists\gradle-7.5-bin\f1w0cc9nuo0eivz97x2xlu9sv\gradle-7.5\lib\gradle-launcher-7.5.jar
Launcher Type: SUN_STANDARD

[Global flags]
     intx CICompilerCount                          = 3                                         {product} {ergonomic}
     uint ConcGCThreads                            = 1                                         {product} {ergonomic}
     uint G1ConcRefinementThreads                  = 4                                         {product} {ergonomic}
   size_t G1HeapRegionSize                         = 1048576                                   {product} {ergonomic}
    uintx GCDrainStackTargetSize                   = 64                                        {product} {ergonomic}
   size_t InitialHeapSize                          = 123731968                                 {product} {ergonomic}
   size_t MarkStackSize                            = 4194304                                   {product} {ergonomic}
   size_t MaxHeapSize                              = 2147483648                                {product} {command line}
   size_t MaxNewSize                               = 1287651328                                {product} {ergonomic}
   size_t MinHeapDeltaBytes                        = 1048576                                   {product} {ergonomic}
    uintx NonNMethodCodeHeapSize                   = 5830732                                {pd product} {ergonomic}
    uintx NonProfiledCodeHeapSize                  = 122913754                              {pd product} {ergonomic}
    uintx ProfiledCodeHeapSize                     = 122913754                              {pd product} {ergonomic}
    uintx ReservedCodeCacheSize                    = 251658240                              {pd product} {ergonomic}
     bool SegmentedCodeCache                       = true                                      {product} {ergonomic}
     bool UseCompressedClassPointers               = true                                 {lp64_product} {ergonomic}
     bool UseCompressedOops                        = true                                 {lp64_product} {ergonomic}
     bool UseG1GC                                  = true                                      {product} {ergonomic}
     bool UseLargePagesIndividualAllocation        = false                                  {pd product} {ergonomic}

Logging:
Log output configuration:
 #0: stdout all=warning uptime,level,tags
 #1: stderr all=off uptime,level,tags

Environment Variables:
JAVA_HOME=C:\Program Files\Java\jdk1.8.0_241
PATH=C:\Program Files (x86)\Common Files\Oracle\Java\javapath;C:\WINDOWS\system32;C:\WINDOWS;C:\WINDOWS\System32\Wbem;C:\WINDOWS\System32\WindowsPowerShell\v1.0\;C:\WINDOWS\System32\OpenSSH\;C:\Program Files\Java\jdk1.8.0_241\bin;C:\Program Files\Git\cmd;C:\Users\HP\AppData\Local\Microsoft\WindowsApps;C:\Program Files\Java\jdk1.8.0_241\bin;
USERNAME=HP
OS=Windows_NT
PROCESSOR_IDENTIFIER=AMD64 Family 23 Model 96 Stepping 1, AuthenticAMD



---------------  S Y S T E M  ---------------

OS: Windows 10 , 64 bit Build 19041 (10.0.19041.5794)
OS uptime: 3 days 16:56 hours

CPU:total 4 (initial active 4) (4 cores per cpu, 1 threads per core) family 23 model 96 stepping 1 microcode 0x0, cmov, cx8, fxsr, mmx, sse, sse2, sse3, ssse3, sse4.1, sse4.2, popcnt, avx, avx2, aes, clmul, mmxext, 3dnowpref, lzcnt, sse4a, tsc, tscinvbit, tscinv, bmi1, bmi2, adx, sha, fma

Memory: 4k page, system-wide physical 7541M (326M free)
TotalPageFile size 17735M (AvailPageFile size 0M)
current process WorkingSet (physical memory assigned to process): 410M, peak: 410M
current process commit charge ("private bytes"): 468M, peak: 468M

vm_info: OpenJDK 64-Bit Server VM (11.0.15+0-b2043.56-9505619) for windows-amd64 JRE (11.0.15+0-b2043.56-9505619), built on Jan 19 2023 02:48:00 by "builduser" with unknown MS VC++:1929

END.
