#
# There is insufficient memory for the Java Runtime Environment to continue.
# Native memory allocation (mmap) failed to map 30408704 bytes for Failed to commit area from 0x0000000088e00000 to 0x000000008ab00000 of length 30408704.
# Possible reasons:
#   The system is out of physical RAM or swap space
#   The process is running with CompressedOops enabled, and the Java Heap may be blocking the growth of the native heap
# Possible solutions:
#   Reduce memory load on the system
#   Increase physical memory or swap space
#   Check if swap backing store is full
#   Decrease Java heap size (-Xmx/-Xms)
#   Decrease number of Java threads
#   Decrease Java thread stack sizes (-Xss)
#   Set larger code cache with -XX:ReservedCodeCacheSize=
#   JVM is running with Unscaled Compressed Oops mode in which the Java heap is
#     placed in the first 4GB address space. The Java Heap base address is the
#     maximum limit for the native heap growth. Please use -XX:HeapBaseMinAddress
#     to set the Java Heap base and to place the Java Heap above 4GB virtual address.
# This output file may be truncated or incomplete.
#
#  Out of Memory Error (src/hotspot/os/windows/os_windows.cpp:3627), pid=39428, tid=34992
#
# JRE version: OpenJDK Runtime Environment (11.0.15) (build 11.0.15+0-b2043.56-9505619)
# Java VM: OpenJDK 64-Bit Server VM (11.0.15+0-b2043.56-9505619, mixed mode, tiered, compressed oops, g1 gc, windows-amd64)
# No core dump will be written. Minidumps are not enabled by default on client versions of Windows
#

---------------  S U M M A R Y ------------

Command Line: --add-opens=java.base/java.util=ALL-UNNAMED --add-opens=java.base/java.lang=ALL-UNNAMED --add-opens=java.base/java.lang.invoke=ALL-UNNAMED --add-opens=java.base/java.util=ALL-UNNAMED --add-opens=java.prefs/java.util.prefs=ALL-UNNAMED --add-opens=java.prefs/java.util.prefs=ALL-UNNAMED --add-opens=java.base/java.nio.charset=ALL-UNNAMED --add-opens=java.base/java.net=ALL-UNNAMED --add-opens=java.base/java.util.concurrent.atomic=ALL-UNNAMED -Xmx2048m -Dfile.encoding=UTF-8 -Duser.country=RU -Duser.language=ru -Duser.variant org.gradle.launcher.daemon.bootstrap.GradleDaemon 7.5

Host: AMD Ryzen 3 4300U with Radeon Graphics         , 4 cores, 7G,  Windows 10 , 64 bit Build 19041 (10.0.19041.5678)
Time: Thu May  8 09:35:47 2025 RTZ 2 (s 10 , 64 bit Build 19041 (10.0.19041.5678) elapsed time: 6.320807 seconds (0d 0h 0m 6s)

---------------  T H R E A D  ---------------

Current thread (0x000001dca8ac7800):  VMThread "VM Thread" [stack: 0x000000a3f1800000,0x000000a3f1900000] [id=34992]

Stack: [0x000000a3f1800000,0x000000a3f1900000]
[error occurred during error reporting (printing stack bounds), id 0xc0000005, EXCEPTION_ACCESS_VIOLATION (0xc0000005) at pc=0x000001dc929f112d]

Native frames: (J=compiled Java code, j=interpreted, Vv=VM code, C=native code)
V  [jvm.dll+0x64135a]
V  [jvm.dll+0x7d39f9]
V  [jvm.dll+0x7d51b9]
V  [jvm.dll+0x7d5805]
V  [jvm.dll+0x7d57bb]
V  [jvm.dll+0x640655]
V  [jvm.dll+0x640d68]
C  [ntdll.dll+0xa28bf]
C  [ntdll.dll+0x52554]
C  [ntdll.dll+0xa13ce]
C  0x000001dc929f112d

VM_Operation (0x000000a3f4dfe820): G1CollectForAllocation, mode: safepoint, requested by thread 0x000001dcaf097800


---------------  P R O C E S S  ---------------

Threads class SMR info:
_java_thread_list=0x000001dcabe0e230, length=52, elements={
0x000001dc8eecb000, 0x000001dca8aca800, 0x000001dca8ad3800, 0x000001dca8ae9000,
0x000001dca8aea000, 0x000001dca8aed000, 0x000001dca8aee800, 0x000001dca8aef800,
0x000001dca8af6000, 0x000001dca95cd000, 0x000001dcab918800, 0x000001dca9764800,
0x000001dcab7d3000, 0x000001dcaaaef800, 0x000001dcaaa29800, 0x000001dcaaffe800,
0x000001dcac345800, 0x000001dcaaa7b000, 0x000001dcaacdd800, 0x000001dcab81c800,
0x000001dcaad62000, 0x000001dcaad60000, 0x000001dcaad5f000, 0x000001dcac981800,
0x000001dcaad60800, 0x000001dcaad5e000, 0x000001dcaad61800, 0x000001dcaad5c800,
0x000001dcaad63000, 0x000001dcaad5d800, 0x000001dcacf06000, 0x000001dcacf08800,
0x000001dcacf05800, 0x000001dcacf0b000, 0x000001dcacf0f000, 0x000001dcacf0a000,
0x000001dcacf0d800, 0x000001dcacf0e800, 0x000001dcacf09800, 0x000001dcacf10000,
0x000001dcacf11000, 0x000001dcacf11800, 0x000001dcacf14000, 0x000001dcacf12800,
0x000001dcacf13000, 0x000001dcaf096800, 0x000001dcaf096000, 0x000001dcaf091000,
0x000001dcaf094800, 0x000001dcaf097800, 0x000001dcaf092000, 0x000001dcaf098800
}

Java Threads: ( => current thread )
  0x000001dc8eecb000 JavaThread "main" [_thread_blocked, id=41380, stack(0x000000a3f1200000,0x000000a3f1300000)]
  0x000001dca8aca800 JavaThread "Reference Handler" daemon [_thread_blocked, id=39564, stack(0x000000a3f1900000,0x000000a3f1a00000)]
  0x000001dca8ad3800 JavaThread "Finalizer" daemon [_thread_blocked, id=39204, stack(0x000000a3f1a00000,0x000000a3f1b00000)]
  0x000001dca8ae9000 JavaThread "Signal Dispatcher" daemon [_thread_blocked, id=15124, stack(0x000000a3f1b00000,0x000000a3f1c00000)]
  0x000001dca8aea000 JavaThread "Attach Listener" daemon [_thread_blocked, id=28108, stack(0x000000a3f1c00000,0x000000a3f1d00000)]
  0x000001dca8aed000 JavaThread "Service Thread" daemon [_thread_blocked, id=32984, stack(0x000000a3f1d00000,0x000000a3f1e00000)]
  0x000001dca8aee800 JavaThread "C2 CompilerThread0" daemon [_thread_blocked, id=37468, stack(0x000000a3f1e00000,0x000000a3f1f00000)]
  0x000001dca8aef800 JavaThread "C1 CompilerThread0" daemon [_thread_blocked, id=7976, stack(0x000000a3f1f00000,0x000000a3f2000000)]
  0x000001dca8af6000 JavaThread "Sweeper thread" daemon [_thread_blocked, id=31676, stack(0x000000a3f2000000,0x000000a3f2100000)]
  0x000001dca95cd000 JavaThread "Common-Cleaner" daemon [_thread_blocked, id=38496, stack(0x000000a3f2100000,0x000000a3f2200000)]
  0x000001dcab918800 JavaThread "Daemon health stats" [_thread_blocked, id=28892, stack(0x000000a3f2500000,0x000000a3f2600000)]
  0x000001dca9764800 JavaThread "Incoming local TCP Connector on port 62059" [_thread_in_native, id=37360, stack(0x000000a3f2300000,0x000000a3f2400000)]
  0x000001dcab7d3000 JavaThread "Daemon periodic checks" [_thread_blocked, id=39816, stack(0x000000a3f2600000,0x000000a3f2700000)]
  0x000001dcaaaef800 JavaThread "Daemon" [_thread_blocked, id=37572, stack(0x000000a3f2700000,0x000000a3f2800000)]
  0x000001dcaaa29800 JavaThread "Handler for socket connection from /127.0.0.1:62059 to /127.0.0.1:62060" [_thread_in_native, id=24900, stack(0x000000a3f2800000,0x000000a3f2900000)]
  0x000001dcaaffe800 JavaThread "Cancel handler" [_thread_blocked, id=41632, stack(0x000000a3f2900000,0x000000a3f2a00000)]
  0x000001dcac345800 JavaThread "Daemon worker" [_thread_blocked, id=31600, stack(0x000000a3f2a00000,0x000000a3f2b00000)]
  0x000001dcaaa7b000 JavaThread "Asynchronous log dispatcher for DefaultDaemonConnection: socket connection from /127.0.0.1:62059 to /127.0.0.1:62060" [_thread_blocked, id=31284, stack(0x000000a3f2b00000,0x000000a3f2c00000)]
  0x000001dcaacdd800 JavaThread "Stdin handler" [_thread_blocked, id=23660, stack(0x000000a3f2c00000,0x000000a3f2d00000)]
  0x000001dcab81c800 JavaThread "Daemon client event forwarder" [_thread_blocked, id=35564, stack(0x000000a3f2d00000,0x000000a3f2e00000)]
  0x000001dcaad62000 JavaThread "Cache worker for journal cache (C:\Users\HP\.gradle\caches\journal-1)" [_thread_blocked, id=36272, stack(0x000000a3f2e00000,0x000000a3f2f00000)]
  0x000001dcaad60000 JavaThread "File lock request listener" [_thread_in_native, id=24068, stack(0x000000a3f2f00000,0x000000a3f3000000)]
  0x000001dcaad5f000 JavaThread "Cache worker for file hash cache (C:\Users\HP\.gradle\caches\7.5\fileHashes)" [_thread_blocked, id=38924, stack(0x000000a3f3200000,0x000000a3f3300000)]
  0x000001dcac981800 JavaThread "C2 CompilerThread1" daemon [_thread_blocked, id=40456, stack(0x000000a3f3300000,0x000000a3f3400000)]
  0x000001dcaad60800 JavaThread "File watcher server" daemon [_thread_in_native, id=29816, stack(0x000000a3f3400000,0x000000a3f3500000)]
  0x000001dcaad5e000 JavaThread "File watcher consumer" daemon [_thread_blocked, id=16144, stack(0x000000a3f3500000,0x000000a3f3600000)]
  0x000001dcaad61800 JavaThread "Cache worker for checksums cache (F:\JavaAndriod\RoadToHeaven\.gradle\7.5\checksums)" [_thread_blocked, id=39740, stack(0x000000a3f3600000,0x000000a3f3700000)]
  0x000001dcaad5c800 JavaThread "Cache worker for cache directory md-rule (C:\Users\HP\.gradle\caches\7.5\md-rule)" [_thread_blocked, id=25612, stack(0x000000a3f3700000,0x000000a3f3800000)]
  0x000001dcaad63000 JavaThread "Cache worker for file content cache (C:\Users\HP\.gradle\caches\7.5\fileContent)" [_thread_blocked, id=30864, stack(0x000000a3f3800000,0x000000a3f3900000)]
  0x000001dcaad5d800 JavaThread "Cache worker for file hash cache (F:\JavaAndriod\RoadToHeaven\.gradle\7.5\fileHashes)" [_thread_blocked, id=872, stack(0x000000a3f3900000,0x000000a3f3a00000)]
  0x000001dcacf06000 JavaThread "Cache worker for cache directory md-supplier (C:\Users\HP\.gradle\caches\7.5\md-supplier)" [_thread_blocked, id=23876, stack(0x000000a3f3a00000,0x000000a3f3b00000)]
  0x000001dcacf08800 JavaThread "Cache worker for execution history cache (C:\Users\HP\.gradle\caches\7.5\executionHistory)" [_thread_blocked, id=29088, stack(0x000000a3f3b00000,0x000000a3f3c00000)]
  0x000001dcacf05800 JavaThread "jar transforms" [_thread_blocked, id=27764, stack(0x000000a3f3c00000,0x000000a3f3d00000)]
  0x000001dcacf0b000 JavaThread "jar transforms Thread 2" [_thread_blocked, id=33288, stack(0x000000a3f3d00000,0x000000a3f3e00000)]
  0x000001dcacf0f000 JavaThread "jar transforms Thread 3" [_thread_blocked, id=33824, stack(0x000000a3f3e00000,0x000000a3f3f00000)]
  0x000001dcacf0a000 JavaThread "jar transforms Thread 4" [_thread_blocked, id=7692, stack(0x000000a3f3f00000,0x000000a3f4000000)]
  0x000001dcacf0d800 JavaThread "Cache worker for dependencies-accessors (F:\JavaAndriod\RoadToHeaven\.gradle\7.5\dependencies-accessors)" [_thread_blocked, id=41672, stack(0x000000a3f4000000,0x000000a3f4100000)]
  0x000001dcacf0e800 JavaThread "Cache worker for Build Output Cleanup Cache (F:\JavaAndriod\RoadToHeaven\.gradle\buildOutputCleanup)" [_thread_blocked, id=29912, stack(0x000000a3f4100000,0x000000a3f4200000)]
  0x000001dcacf09800 JavaThread "Unconstrained build operations" [_thread_blocked, id=39532, stack(0x000000a3f4200000,0x000000a3f4300000)]
  0x000001dcacf10000 JavaThread "Unconstrained build operations Thread 2" [_thread_blocked, id=35440, stack(0x000000a3f4300000,0x000000a3f4400000)]
  0x000001dcacf11000 JavaThread "Unconstrained build operations Thread 3" [_thread_blocked, id=40484, stack(0x000000a3f4400000,0x000000a3f4500000)]
  0x000001dcacf11800 JavaThread "Unconstrained build operations Thread 4" [_thread_blocked, id=41972, stack(0x000000a3f4500000,0x000000a3f4600000)]
  0x000001dcacf14000 JavaThread "Unconstrained build operations Thread 5" [_thread_blocked, id=25872, stack(0x000000a3f4600000,0x000000a3f4700000)]
  0x000001dcacf12800 JavaThread "Unconstrained build operations Thread 6" [_thread_blocked, id=35852, stack(0x000000a3f4700000,0x000000a3f4800000)]
  0x000001dcacf13000 JavaThread "Unconstrained build operations Thread 7" [_thread_blocked, id=34692, stack(0x000000a3f4800000,0x000000a3f4900000)]
  0x000001dcaf096800 JavaThread "Unconstrained build operations Thread 8" [_thread_blocked, id=35580, stack(0x000000a3f4900000,0x000000a3f4a00000)]
  0x000001dcaf096000 JavaThread "Unconstrained build operations Thread 9" [_thread_blocked, id=37016, stack(0x000000a3f4a00000,0x000000a3f4b00000)]
  0x000001dcaf091000 JavaThread "Unconstrained build operations Thread 10" [_thread_blocked, id=35180, stack(0x000000a3f4b00000,0x000000a3f4c00000)]
  0x000001dcaf094800 JavaThread "Unconstrained build operations Thread 11" [_thread_blocked, id=28976, stack(0x000000a3f4c00000,0x000000a3f4d00000)]
  0x000001dcaf097800 JavaThread "Unconstrained build operations Thread 12" [_thread_blocked, id=31668, stack(0x000000a3f4d00000,0x000000a3f4e00000)]
  0x000001dcaf092000 JavaThread "Unconstrained build operations Thread 13" [_thread_blocked, id=40248, stack(0x000000a3f4e00000,0x000000a3f4f00000)]
  0x000001dcaf098800 JavaThread "Unconstrained build operations Thread 14" [_thread_blocked, id=34496, stack(0x000000a3f4f00000,0x000000a3f5000000)]

Other Threads:
=>0x000001dca8ac7800 VMThread "VM Thread" [stack: 0x000000a3f1800000,0x000000a3f1900000] [id=34992]
  0x000001dca95d9800 WatcherThread [stack: 0x000000a3f2200000,0x000000a3f2300000] [id=38232]
  0x000001dc8eee1800 GCTaskThread "GC Thread#0" [stack: 0x000000a3f1300000,0x000000a3f1400000] [id=19580]
  0x000001dca9f34000 GCTaskThread "GC Thread#1" [stack: 0x000000a3f2400000,0x000000a3f2500000] [id=3312]
  0x000001dcab7e4000 GCTaskThread "GC Thread#2" [stack: 0x000000a3f3000000,0x000000a3f3100000] [id=26828]
  0x000001dcab7e7000 GCTaskThread "GC Thread#3" [stack: 0x000000a3f3100000,0x000000a3f3200000] [id=16828]
  0x000001dc8ef12000 ConcurrentGCThread "G1 Main Marker" [stack: 0x000000a3f1400000,0x000000a3f1500000] [id=25404]
  0x000001dc8ef14800 ConcurrentGCThread "G1 Conc#0" [stack: 0x000000a3f1500000,0x000000a3f1600000] [id=30376]
  0x000001dc8ef8d000 ConcurrentGCThread "G1 Refine#0" [stack: 0x000000a3f1600000,0x000000a3f1700000] [id=32588]
  0x000001dc8ef8e000 ConcurrentGCThread "G1 Young RemSet Sampling" [stack: 0x000000a3f1700000,0x000000a3f1800000] [id=41660]

Threads with active compile tasks:
C1 CompilerThread0     6328 4866       3       java.security.AccessControlContext::combine (205 bytes)

VM state:at safepoint (normal execution)

VM Mutex/Monitor currently owned by a thread:  ([mutex/lock_event])
[0x000001dc8eec63e0] Threads_lock - owner thread: 0x000001dca8ac7800
[0x000001dc8eec70d0] Heap_lock - owner thread: 0x000001dcaf097800

Heap address: 0x0000000080000000, size: 2048 MB, Compressed Oops mode: 32-bit
Narrow klass base: 0x0000000000000000, Narrow klass shift: 3
Compressed class space size: 1073741824 Address: 0x0000000100000000

Heap:
 garbage-first heap   total 175104K, used 32427K [0x0000000080000000, 0x0000000100000000)
  region size 1024K, 5 young (5120K), 5 survivors (5120K)
 Metaspace       used 49040K, capacity 50181K, committed 50460K, reserved 1093632K
  class space    used 6241K, capacity 6703K, committed 6808K, reserved 1048576K
Heap Regions: E=young(eden), S=young(survivor), O=old, HS=humongous(starts), HC=humongous(continues), CS=collection set, F=free, A=archive, TAMS=top-at-mark-start (previous, next)
|   0|0x0000000080000000, 0x0000000080100000, 0x0000000080100000|100%|HS|  |TAMS 0x0000000080100000, 0x0000000080000000| Complete 
|   1|0x0000000080100000, 0x0000000080200000, 0x0000000080200000|100%|HC|  |TAMS 0x0000000080200000, 0x0000000080100000| Complete 
|   2|0x0000000080200000, 0x0000000080300000, 0x0000000080300000|100%|HC|  |TAMS 0x0000000080300000, 0x0000000080200000| Complete 
|   3|0x0000000080300000, 0x0000000080400000, 0x0000000080400000|100%| O|  |TAMS 0x0000000080400000, 0x0000000080300000| Untracked 
|   4|0x0000000080400000, 0x0000000080500000, 0x0000000080500000|100%| O|  |TAMS 0x0000000080500000, 0x0000000080400000| Untracked 
|   5|0x0000000080500000, 0x0000000080600000, 0x0000000080600000|100%| O|  |TAMS 0x0000000080600000, 0x0000000080500000| Untracked 
|   6|0x0000000080600000, 0x0000000080700000, 0x0000000080700000|100%| O|  |TAMS 0x0000000080700000, 0x0000000080600000| Untracked 
|   7|0x0000000080700000, 0x0000000080800000, 0x0000000080800000|100%| O|  |TAMS 0x0000000080800000, 0x0000000080700000| Untracked 
|   8|0x0000000080800000, 0x0000000080900000, 0x0000000080900000|100%| O|  |TAMS 0x0000000080900000, 0x0000000080800000| Untracked 
|   9|0x0000000080900000, 0x0000000080a00000, 0x0000000080a00000|100%| O|  |TAMS 0x0000000080a00000, 0x0000000080900000| Untracked 
|  10|0x0000000080a00000, 0x0000000080b00000, 0x0000000080b00000|100%| O|  |TAMS 0x0000000080b00000, 0x0000000080a00000| Untracked 
|  11|0x0000000080b00000, 0x0000000080c00000, 0x0000000080c00000|100%| O|  |TAMS 0x0000000080c00000, 0x0000000080b00000| Untracked 
|  12|0x0000000080c00000, 0x0000000080d00000, 0x0000000080d00000|100%| O|  |TAMS 0x0000000080d00000, 0x0000000080c00000| Untracked 
|  13|0x0000000080d00000, 0x0000000080e00000, 0x0000000080e00000|100%| O|  |TAMS 0x0000000080e00000, 0x0000000080d00000| Untracked 
|  14|0x0000000080e00000, 0x0000000080f00000, 0x0000000080f00000|100%| O|  |TAMS 0x0000000080f00000, 0x0000000080e00000| Untracked 
|  15|0x0000000080f00000, 0x0000000081000000, 0x0000000081000000|100%| O|  |TAMS 0x0000000081000000, 0x0000000080f00000| Untracked 
|  16|0x0000000081000000, 0x0000000081100000, 0x0000000081100000|100%| O|  |TAMS 0x0000000081100000, 0x0000000081000000| Untracked 
|  17|0x0000000081100000, 0x0000000081100000, 0x0000000081200000|  0%| F|  |TAMS 0x0000000081100000, 0x0000000081100000| Untracked 
|  18|0x0000000081200000, 0x0000000081300000, 0x0000000081300000|100%| O|  |TAMS 0x0000000081200000, 0x0000000081200000| Untracked 
|  19|0x0000000081300000, 0x0000000081400000, 0x0000000081400000|100%| O|  |TAMS 0x0000000081300000, 0x0000000081300000| Untracked 
|  20|0x0000000081400000, 0x0000000081500000, 0x0000000081500000|100%| O|  |TAMS 0x0000000081500000, 0x0000000081400000| Untracked 
|  21|0x0000000081500000, 0x0000000081600000, 0x0000000081600000|100%| O|  |TAMS 0x0000000081600000, 0x0000000081500000| Untracked 
|  22|0x0000000081600000, 0x0000000081700000, 0x0000000081700000|100%| O|  |TAMS 0x0000000081676000, 0x0000000081600000| Untracked 
|  23|0x0000000081700000, 0x0000000081800000, 0x0000000081800000|100%| O|  |TAMS 0x0000000081700000, 0x0000000081700000| Untracked 
|  24|0x0000000081800000, 0x0000000081900000, 0x0000000081900000|100%| O|  |TAMS 0x0000000081800000, 0x0000000081800000| Untracked 
|  25|0x0000000081900000, 0x0000000081a00000, 0x0000000081a00000|100%| O|  |TAMS 0x0000000081900000, 0x0000000081900000| Untracked 
|  26|0x0000000081a00000, 0x0000000081b00000, 0x0000000081b00000|100%| O|  |TAMS 0x0000000081a00000, 0x0000000081a00000| Untracked 
|  27|0x0000000081b00000, 0x0000000081beae00, 0x0000000081c00000| 91%| O|  |TAMS 0x0000000081b00000, 0x0000000081b00000| Untracked 
|  28|0x0000000081c00000, 0x0000000081c00000, 0x0000000081d00000|  0%| F|  |TAMS 0x0000000081c00000, 0x0000000081c00000| Untracked 
|  29|0x0000000081d00000, 0x0000000081d00000, 0x0000000081e00000|  0%| F|  |TAMS 0x0000000081d00000, 0x0000000081d00000| Untracked 
|  30|0x0000000081e00000, 0x0000000081e00000, 0x0000000081f00000|  0%| F|  |TAMS 0x0000000081e00000, 0x0000000081e00000| Untracked 
|  31|0x0000000081f00000, 0x0000000081f00000, 0x0000000082000000|  0%| F|  |TAMS 0x0000000081f00000, 0x0000000081f00000| Untracked 
|  32|0x0000000082000000, 0x0000000082000000, 0x0000000082100000|  0%| F|  |TAMS 0x0000000082000000, 0x0000000082000000| Untracked 
|  33|0x0000000082100000, 0x0000000082100000, 0x0000000082200000|  0%| F|  |TAMS 0x0000000082100000, 0x0000000082100000| Untracked 
|  34|0x0000000082200000, 0x0000000082200000, 0x0000000082300000|  0%| F|  |TAMS 0x0000000082200000, 0x0000000082200000| Untracked 
|  35|0x0000000082300000, 0x0000000082300000, 0x0000000082400000|  0%| F|  |TAMS 0x0000000082300000, 0x0000000082300000| Untracked 
|  36|0x0000000082400000, 0x0000000082400000, 0x0000000082500000|  0%| F|  |TAMS 0x0000000082400000, 0x0000000082400000| Untracked 
|  37|0x0000000082500000, 0x0000000082500000, 0x0000000082600000|  0%| F|  |TAMS 0x0000000082500000, 0x0000000082500000| Untracked 
|  38|0x0000000082600000, 0x0000000082600000, 0x0000000082700000|  0%| F|  |TAMS 0x0000000082600000, 0x0000000082600000| Untracked 
|  39|0x0000000082700000, 0x0000000082700000, 0x0000000082800000|  0%| F|  |TAMS 0x0000000082700000, 0x0000000082700000| Untracked 
|  40|0x0000000082800000, 0x0000000082800000, 0x0000000082900000|  0%| F|  |TAMS 0x0000000082800000, 0x0000000082800000| Untracked 
|  41|0x0000000082900000, 0x0000000082900000, 0x0000000082a00000|  0%| F|  |TAMS 0x0000000082900000, 0x0000000082900000| Untracked 
|  42|0x0000000082a00000, 0x0000000082a00000, 0x0000000082b00000|  0%| F|  |TAMS 0x0000000082a00000, 0x0000000082a00000| Untracked 
|  43|0x0000000082b00000, 0x0000000082b00000, 0x0000000082c00000|  0%| F|  |TAMS 0x0000000082b00000, 0x0000000082b00000| Untracked 
|  44|0x0000000082c00000, 0x0000000082c00000, 0x0000000082d00000|  0%| F|  |TAMS 0x0000000082c00000, 0x0000000082c00000| Untracked 
|  45|0x0000000082d00000, 0x0000000082d00000, 0x0000000082e00000|  0%| F|  |TAMS 0x0000000082d00000, 0x0000000082d00000| Untracked 
|  46|0x0000000082e00000, 0x0000000082e00000, 0x0000000082f00000|  0%| F|  |TAMS 0x0000000082e00000, 0x0000000082e00000| Untracked 
|  47|0x0000000082f00000, 0x0000000082f00000, 0x0000000083000000|  0%| F|  |TAMS 0x0000000082f00000, 0x0000000082f00000| Untracked 
|  48|0x0000000083000000, 0x0000000083000000, 0x0000000083100000|  0%| F|  |TAMS 0x0000000083000000, 0x0000000083000000| Untracked 
|  49|0x0000000083100000, 0x0000000083100000, 0x0000000083200000|  0%| F|  |TAMS 0x0000000083100000, 0x0000000083100000| Untracked 
|  50|0x0000000083200000, 0x0000000083200000, 0x0000000083300000|  0%| F|  |TAMS 0x0000000083200000, 0x0000000083200000| Untracked 
|  51|0x0000000083300000, 0x0000000083300000, 0x0000000083400000|  0%| F|  |TAMS 0x0000000083300000, 0x0000000083300000| Untracked 
|  52|0x0000000083400000, 0x0000000083400000, 0x0000000083500000|  0%| F|  |TAMS 0x0000000083400000, 0x0000000083400000| Untracked 
|  53|0x0000000083500000, 0x0000000083500000, 0x0000000083600000|  0%| F|  |TAMS 0x0000000083500000, 0x0000000083500000| Untracked 
|  54|0x0000000083600000, 0x0000000083600000, 0x0000000083700000|  0%| F|  |TAMS 0x0000000083600000, 0x0000000083600000| Untracked 
|  55|0x0000000083700000, 0x0000000083700000, 0x0000000083800000|  0%| F|  |TAMS 0x0000000083700000, 0x0000000083700000| Untracked 
|  56|0x0000000083800000, 0x0000000083800000, 0x0000000083900000|  0%| F|  |TAMS 0x0000000083800000, 0x0000000083800000| Untracked 
|  57|0x0000000083900000, 0x0000000083900000, 0x0000000083a00000|  0%| F|  |TAMS 0x0000000083900000, 0x0000000083900000| Untracked 
|  58|0x0000000083a00000, 0x0000000083a00000, 0x0000000083b00000|  0%| F|  |TAMS 0x0000000083a00000, 0x0000000083a00000| Untracked 
|  59|0x0000000083b00000, 0x0000000083b00000, 0x0000000083c00000|  0%| F|  |TAMS 0x0000000083b00000, 0x0000000083b00000| Untracked 
|  60|0x0000000083c00000, 0x0000000083c00000, 0x0000000083d00000|  0%| F|  |TAMS 0x0000000083c00000, 0x0000000083c00000| Untracked 
|  61|0x0000000083d00000, 0x0000000083d00000, 0x0000000083e00000|  0%| F|  |TAMS 0x0000000083d00000, 0x0000000083d00000| Untracked 
|  62|0x0000000083e00000, 0x0000000083e00000, 0x0000000083f00000|  0%| F|  |TAMS 0x0000000083e00000, 0x0000000083e00000| Untracked 
|  63|0x0000000083f00000, 0x0000000083f00000, 0x0000000084000000|  0%| F|  |TAMS 0x0000000083f00000, 0x0000000083f00000| Untracked 
|  64|0x0000000084000000, 0x0000000084000000, 0x0000000084100000|  0%| F|  |TAMS 0x0000000084000000, 0x0000000084000000| Untracked 
|  65|0x0000000084100000, 0x0000000084100000, 0x0000000084200000|  0%| F|  |TAMS 0x0000000084100000, 0x0000000084100000| Untracked 
|  66|0x0000000084200000, 0x0000000084200000, 0x0000000084300000|  0%| F|  |TAMS 0x0000000084200000, 0x0000000084200000| Untracked 
|  67|0x0000000084300000, 0x0000000084300000, 0x0000000084400000|  0%| F|  |TAMS 0x0000000084300000, 0x0000000084300000| Untracked 
|  68|0x0000000084400000, 0x0000000084400000, 0x0000000084500000|  0%| F|  |TAMS 0x0000000084400000, 0x0000000084400000| Untracked 
|  69|0x0000000084500000, 0x0000000084500000, 0x0000000084600000|  0%| F|  |TAMS 0x0000000084500000, 0x0000000084500000| Untracked 
|  70|0x0000000084600000, 0x0000000084600000, 0x0000000084700000|  0%| F|  |TAMS 0x0000000084600000, 0x0000000084600000| Untracked 
|  71|0x0000000084700000, 0x0000000084700000, 0x0000000084800000|  0%| F|  |TAMS 0x0000000084700000, 0x0000000084700000| Untracked 
|  72|0x0000000084800000, 0x0000000084800000, 0x0000000084900000|  0%| F|  |TAMS 0x0000000084800000, 0x0000000084800000| Untracked 
|  73|0x0000000084900000, 0x0000000084900000, 0x0000000084a00000|  0%| F|  |TAMS 0x0000000084900000, 0x0000000084900000| Untracked 
|  74|0x0000000084a00000, 0x0000000084a00000, 0x0000000084b00000|  0%| F|  |TAMS 0x0000000084a00000, 0x0000000084a00000| Untracked 
|  75|0x0000000084b00000, 0x0000000084b00000, 0x0000000084c00000|  0%| F|  |TAMS 0x0000000084b00000, 0x0000000084b00000| Untracked 
|  76|0x0000000084c00000, 0x0000000084c00000, 0x0000000084d00000|  0%| F|  |TAMS 0x0000000084c00000, 0x0000000084c00000| Untracked 
|  77|0x0000000084d00000, 0x0000000084dc0040, 0x0000000084e00000| 75%| S|CS|TAMS 0x0000000084d00000, 0x0000000084d00000| Complete 
|  78|0x0000000084e00000, 0x0000000084f00000, 0x0000000084f00000|100%| S|CS|TAMS 0x0000000084e00000, 0x0000000084e00000| Complete 
|  79|0x0000000084f00000, 0x0000000085000000, 0x0000000085000000|100%| S|CS|TAMS 0x0000000084f00000, 0x0000000084f00000| Complete 
|  80|0x0000000085000000, 0x0000000085100000, 0x0000000085100000|100%| S|CS|TAMS 0x0000000085000000, 0x0000000085000000| Complete 
|  81|0x0000000085100000, 0x0000000085200000, 0x0000000085200000|100%| S|CS|TAMS 0x0000000085100000, 0x0000000085100000| Complete 
|  82|0x0000000085200000, 0x0000000085200000, 0x0000000085300000|  0%| F|  |TAMS 0x0000000085200000, 0x0000000085200000| Untracked 
|  83|0x0000000085300000, 0x0000000085300000, 0x0000000085400000|  0%| F|  |TAMS 0x0000000085300000, 0x0000000085300000| Untracked 
|  84|0x0000000085400000, 0x0000000085400000, 0x0000000085500000|  0%| F|  |TAMS 0x0000000085400000, 0x0000000085400000| Untracked 
|  85|0x0000000085500000, 0x0000000085500000, 0x0000000085600000|  0%| F|  |TAMS 0x0000000085500000, 0x0000000085500000| Untracked 
|  86|0x0000000085600000, 0x0000000085600000, 0x0000000085700000|  0%| F|  |TAMS 0x0000000085600000, 0x0000000085600000| Untracked 
|  87|0x0000000085700000, 0x0000000085700000, 0x0000000085800000|  0%| F|  |TAMS 0x0000000085700000, 0x0000000085700000| Untracked 
|  88|0x0000000085800000, 0x0000000085800000, 0x0000000085900000|  0%| F|  |TAMS 0x0000000085800000, 0x0000000085800000| Untracked 
|  89|0x0000000085900000, 0x0000000085900000, 0x0000000085a00000|  0%| F|  |TAMS 0x0000000085900000, 0x0000000085900000| Untracked 
|  90|0x0000000085a00000, 0x0000000085a00000, 0x0000000085b00000|  0%| F|  |TAMS 0x0000000085a00000, 0x0000000085a00000| Untracked 
|  91|0x0000000085b00000, 0x0000000085b00000, 0x0000000085c00000|  0%| F|  |TAMS 0x0000000085b00000, 0x0000000085b00000| Untracked 
|  92|0x0000000085c00000, 0x0000000085c00000, 0x0000000085d00000|  0%| F|  |TAMS 0x0000000085c00000, 0x0000000085c00000| Untracked 
|  93|0x0000000085d00000, 0x0000000085d00000, 0x0000000085e00000|  0%| F|  |TAMS 0x0000000085d00000, 0x0000000085d00000| Untracked 
|  94|0x0000000085e00000, 0x0000000085e00000, 0x0000000085f00000|  0%| F|  |TAMS 0x0000000085e00000, 0x0000000085e00000| Untracked 
|  95|0x0000000085f00000, 0x0000000085f00000, 0x0000000086000000|  0%| F|  |TAMS 0x0000000085f00000, 0x0000000085f00000| Untracked 
|  96|0x0000000086000000, 0x0000000086000000, 0x0000000086100000|  0%| F|  |TAMS 0x0000000086000000, 0x0000000086000000| Untracked 
|  97|0x0000000086100000, 0x0000000086100000, 0x0000000086200000|  0%| F|  |TAMS 0x0000000086100000, 0x0000000086100000| Untracked 
|  98|0x0000000086200000, 0x0000000086200000, 0x0000000086300000|  0%| F|  |TAMS 0x0000000086200000, 0x0000000086200000| Untracked 
|  99|0x0000000086300000, 0x0000000086300000, 0x0000000086400000|  0%| F|  |TAMS 0x0000000086300000, 0x0000000086300000| Untracked 
| 100|0x0000000086400000, 0x0000000086400000, 0x0000000086500000|  0%| F|  |TAMS 0x0000000086400000, 0x0000000086400000| Untracked 
| 101|0x0000000086500000, 0x0000000086500000, 0x0000000086600000|  0%| F|  |TAMS 0x0000000086500000, 0x0000000086500000| Untracked 
| 102|0x0000000086600000, 0x0000000086600000, 0x0000000086700000|  0%| F|  |TAMS 0x0000000086600000, 0x0000000086600000| Untracked 
| 103|0x0000000086700000, 0x0000000086700000, 0x0000000086800000|  0%| F|  |TAMS 0x0000000086700000, 0x0000000086700000| Untracked 
| 104|0x0000000086800000, 0x0000000086800000, 0x0000000086900000|  0%| F|  |TAMS 0x0000000086800000, 0x0000000086800000| Untracked 
| 105|0x0000000086900000, 0x0000000086900000, 0x0000000086a00000|  0%| F|  |TAMS 0x0000000086900000, 0x0000000086900000| Untracked 
| 106|0x0000000086a00000, 0x0000000086a00000, 0x0000000086b00000|  0%| F|  |TAMS 0x0000000086a00000, 0x0000000086a00000| Untracked 
| 107|0x0000000086b00000, 0x0000000086b00000, 0x0000000086c00000|  0%| F|  |TAMS 0x0000000086b00000, 0x0000000086b00000| Untracked 
| 108|0x0000000086c00000, 0x0000000086c00000, 0x0000000086d00000|  0%| F|  |TAMS 0x0000000086c00000, 0x0000000086c00000| Untracked 
| 109|0x0000000086d00000, 0x0000000086d00000, 0x0000000086e00000|  0%| F|  |TAMS 0x0000000086d00000, 0x0000000086d00000| Untracked 
| 110|0x0000000086e00000, 0x0000000086e00000, 0x0000000086f00000|  0%| F|  |TAMS 0x0000000086e00000, 0x0000000086e00000| Untracked 
| 111|0x0000000086f00000, 0x0000000086f00000, 0x0000000087000000|  0%| F|  |TAMS 0x0000000086f00000, 0x0000000086f00000| Untracked 
| 112|0x0000000087000000, 0x0000000087000000, 0x0000000087100000|  0%| F|  |TAMS 0x0000000087000000, 0x0000000087000000| Untracked 
| 113|0x0000000087100000, 0x0000000087100000, 0x0000000087200000|  0%| F|  |TAMS 0x0000000087100000, 0x0000000087100000| Untracked 
| 114|0x0000000087200000, 0x0000000087200000, 0x0000000087300000|  0%| F|  |TAMS 0x0000000087200000, 0x0000000087200000| Untracked 
| 115|0x0000000087300000, 0x0000000087300000, 0x0000000087400000|  0%| F|  |TAMS 0x0000000087300000, 0x0000000087300000| Untracked 
| 116|0x0000000087400000, 0x0000000087400000, 0x0000000087500000|  0%| F|  |TAMS 0x0000000087400000, 0x0000000087400000| Untracked 
| 117|0x0000000087500000, 0x0000000087500000, 0x0000000087600000|  0%| F|  |TAMS 0x0000000087500000, 0x0000000087500000| Untracked 
| 118|0x0000000087600000, 0x0000000087600000, 0x0000000087700000|  0%| F|  |TAMS 0x0000000087600000, 0x0000000087600000| Untracked 
| 119|0x0000000087700000, 0x0000000087700000, 0x0000000087800000|  0%| F|  |TAMS 0x0000000087700000, 0x0000000087700000| Untracked 
| 120|0x0000000087800000, 0x0000000087800000, 0x0000000087900000|  0%| F|  |TAMS 0x0000000087800000, 0x0000000087800000| Untracked 
| 121|0x0000000087900000, 0x0000000087900000, 0x0000000087a00000|  0%| F|  |TAMS 0x0000000087900000, 0x0000000087900000| Untracked 
| 122|0x0000000087a00000, 0x0000000087a00000, 0x0000000087b00000|  0%| F|  |TAMS 0x0000000087a00000, 0x0000000087a00000| Untracked 
| 123|0x0000000087b00000, 0x0000000087b00000, 0x0000000087c00000|  0%| F|  |TAMS 0x0000000087b00000, 0x0000000087b00000| Untracked 
| 124|0x0000000087c00000, 0x0000000087c00000, 0x0000000087d00000|  0%| F|  |TAMS 0x0000000087c00000, 0x0000000087c00000| Untracked 
| 125|0x0000000087d00000, 0x0000000087d00000, 0x0000000087e00000|  0%| F|  |TAMS 0x0000000087d00000, 0x0000000087d00000| Untracked 
| 126|0x0000000087e00000, 0x0000000087e00000, 0x0000000087f00000|  0%| F|  |TAMS 0x0000000087e00000, 0x0000000087e00000| Untracked 
| 127|0x0000000087f00000, 0x0000000087f00000, 0x0000000088000000|  0%| F|  |TAMS 0x0000000087f00000, 0x0000000087f00000| Untracked 
| 128|0x0000000088000000, 0x0000000088000000, 0x0000000088100000|  0%| F|  |TAMS 0x0000000088000000, 0x0000000088000000| Untracked 
| 129|0x0000000088100000, 0x0000000088100000, 0x0000000088200000|  0%| F|  |TAMS 0x0000000088100000, 0x0000000088100000| Untracked 
| 130|0x0000000088200000, 0x0000000088200000, 0x0000000088300000|  0%| F|  |TAMS 0x0000000088200000, 0x0000000088200000| Untracked 
| 131|0x0000000088300000, 0x0000000088300000, 0x0000000088400000|  0%| F|  |TAMS 0x0000000088300000, 0x0000000088300000| Untracked 
| 132|0x0000000088400000, 0x0000000088400000, 0x0000000088500000|  0%| F|  |TAMS 0x0000000088400000, 0x0000000088400000| Untracked 
| 133|0x0000000088500000, 0x0000000088500000, 0x0000000088600000|  0%| F|  |TAMS 0x0000000088500000, 0x0000000088500000| Untracked 
| 134|0x0000000088600000, 0x0000000088600000, 0x0000000088700000|  0%| F|  |TAMS 0x0000000088600000, 0x0000000088600000| Untracked 
| 135|0x0000000088700000, 0x0000000088700000, 0x0000000088800000|  0%| F|  |TAMS 0x0000000088700000, 0x0000000088700000| Untracked 
| 136|0x0000000088800000, 0x0000000088800000, 0x0000000088900000|  0%| F|  |TAMS 0x0000000088800000, 0x0000000088800000| Untracked 
| 137|0x0000000088900000, 0x0000000088900000, 0x0000000088a00000|  0%| F|  |TAMS 0x0000000088900000, 0x0000000088900000| Untracked 
| 138|0x0000000088a00000, 0x0000000088a00000, 0x0000000088b00000|  0%| F|  |TAMS 0x0000000088a00000, 0x0000000088a00000| Untracked 
| 139|0x0000000088b00000, 0x0000000088b00000, 0x0000000088c00000|  0%| F|  |TAMS 0x0000000088b00000, 0x0000000088b00000| Untracked 
| 140|0x0000000088c00000, 0x0000000088c00000, 0x0000000088d00000|  0%| F|  |TAMS 0x0000000088c00000, 0x0000000088c00000| Untracked 
| 141|0x0000000088d00000, 0x0000000088d00000, 0x0000000088e00000|  0%| F|  |TAMS 0x0000000088d00000, 0x0000000088d00000| Untracked 

Card table byte_map: [0x000001dca1df0000,0x000001dca21f0000] _byte_map_base: 0x000001dca19f0000

Marking Bits (Prev, Next): (CMBitMap*) 0x000001dc8ef09040, (CMBitMap*) 0x000001dc8ef09008
 Prev Bits: [0x000001dca45f0000, 0x000001dca65f0000)
 Next Bits: [0x000001dca25f0000, 0x000001dca45f0000)

Polling page: 0x000001dc8cdb0000

Metaspace:

Usage:
  Non-class:     42.46 MB capacity,    41.80 MB ( 98%) used,   547.88 KB (  1%) free+waste,   131.56 KB ( <1%) overhead. 
      Class:      6.55 MB capacity,     6.10 MB ( 93%) used,   398.26 KB (  6%) free+waste,    63.19 KB ( <1%) overhead. 
       Both:     49.00 MB capacity,    47.89 MB ( 98%) used,   946.13 KB (  2%) free+waste,   194.75 KB ( <1%) overhead. 

Virtual space:
  Non-class space:       44.00 MB reserved,      42.63 MB ( 97%) committed 
      Class space:        1.00 GB reserved,       6.65 MB ( <1%) committed 
             Both:        1.04 GB reserved,      49.28 MB (  5%) committed 

Chunk freelists:
   Non-Class:  46.00 KB
       Class:  17.00 KB
        Both:  63.00 KB

MaxMetaspaceSize: 17179869184.00 GB
CompressedClassSpaceSize: 1.00 GB
Initial GC threshold: 20.80 MB
Current GC threshold: 68.17 MB
CDS: off

CodeHeap 'non-profiled nmethods': size=120064Kb used=2799Kb max_used=2799Kb free=117264Kb
 bounds [0x000001dc9a4b0000, 0x000001dc9a770000, 0x000001dca19f0000]
CodeHeap 'profiled nmethods': size=120000Kb used=9737Kb max_used=9737Kb free=110262Kb
 bounds [0x000001dc92f80000, 0x000001dc93910000, 0x000001dc9a4b0000]
CodeHeap 'non-nmethods': size=5696Kb used=2297Kb max_used=2339Kb free=3398Kb
 bounds [0x000001dc929f0000, 0x000001dc92c60000, 0x000001dc92f80000]
 total_blobs=5663 nmethods=4863 adapters=712
 compilation: enabled
              stopped_count=0, restarted_count=0
 full_count=0

Compilation events (20 events):
Event: 6.306 Thread 0x000001dca8aef800 nmethod 4856 0x000001dc9a76b510 code [0x000001dc9a76b6c0, 0x000001dc9a76b778]
Event: 6.307 Thread 0x000001dca8aef800 4858       1       org.gradle.internal.component.external.model.DefaultModuleComponentArtifactMetadata::getId (5 bytes)
Event: 6.307 Thread 0x000001dca8aef800 nmethod 4858 0x000001dc9a76b810 code [0x000001dc9a76b9c0, 0x000001dc9a76ba78]
Event: 6.307 Thread 0x000001dca8aef800 4851       3       com.google.common.collect.ImmutableSet$RegularSetBuilderImpl::review (77 bytes)
Event: 6.307 Thread 0x000001dca8aef800 nmethod 4851 0x000001dc938fe210 code [0x000001dc938fe460, 0x000001dc938fe928]
Event: 6.307 Thread 0x000001dca8aef800 4853       3       com.google.common.collect.ImmutableSet$RegularSetBuilderImpl::build (101 bytes)
Event: 6.307 Thread 0x000001dca8aef800 nmethod 4853 0x000001dc938feb10 code [0x000001dc938fed80, 0x000001dc938ff838]
Event: 6.307 Thread 0x000001dca8aef800 4859       1       org.gradle.internal.component.external.model.DefaultModuleComponentArtifactIdentifier::hashCode (5 bytes)
Event: 6.307 Thread 0x000001dca8aef800 nmethod 4859 0x000001dc9a76bb10 code [0x000001dc9a76bcc0, 0x000001dc9a76bd78]
Event: 6.307 Thread 0x000001dca8aef800 4862       3       org.gradle.api.internal.attributes.DefaultImmutableAttributes::findEntry (30 bytes)
Event: 6.307 Thread 0x000001dca8aef800 nmethod 4862 0x000001dc938ffc10 code [0x000001dc938ffe00, 0x000001dc93900248]
Event: 6.307 Thread 0x000001dca8aef800 4861       3       org.gradle.api.internal.attributes.DefaultImmutableAttributes::isPresent (13 bytes)
Event: 6.307 Thread 0x000001dca8aef800 nmethod 4861 0x000001dc93900390 code [0x000001dc93900540, 0x000001dc93900698]
Event: 6.307 Thread 0x000001dca8aef800 4863       3       org.gradle.api.internal.attributes.DefaultImmutableAttributes::coerce (38 bytes)
Event: 6.308 Thread 0x000001dca8aef800 nmethod 4863 0x000001dc93900710 code [0x000001dc93900900, 0x000001dc93900c88]
Event: 6.308 Thread 0x000001dca8aef800 4864       3       org.gradle.api.internal.attributes.DefaultAttributesSchema$MergedSchema::matchValue (138 bytes)
Event: 6.308 Thread 0x000001dca8aef800 nmethod 4864 0x000001dc93900e10 code [0x000001dc939010a0, 0x000001dc93901be8]
Event: 6.313 Thread 0x000001dca8aef800 4865       3       java.util.concurrent.locks.AbstractQueuedSynchronizer$ConditionObject::signalAll (33 bytes)
Event: 6.313 Thread 0x000001dca8aef800 nmethod 4865 0x000001dc93901f90 code [0x000001dc93902180, 0x000001dc939024a8]
Event: 6.313 Thread 0x000001dca8aef800 4866       3       java.security.AccessControlContext::combine (205 bytes)

GC Heap History (20 events):
Event: 0.638 GC heap after
{Heap after GC invocations=1 (full 0):
 garbage-first heap   total 120832K, used 4455K [0x0000000080000000, 0x0000000100000000)
  region size 1024K, 2 young (2048K), 2 survivors (2048K)
 Metaspace       used 6758K, capacity 6937K, committed 7168K, reserved 1056768K
  class space    used 573K, capacity 650K, committed 768K, reserved 1048576K
}
Event: 0.983 GC heap before
{Heap before GC invocations=1 (full 0):
 garbage-first heap   total 120832K, used 19815K [0x0000000080000000, 0x0000000100000000)
  region size 1024K, 14 young (14336K), 2 survivors (2048K)
 Metaspace       used 10319K, capacity 10629K, committed 10880K, reserved 1058816K
  class space    used 1053K, capacity 1139K, committed 1152K, reserved 1048576K
}
Event: 0.988 GC heap after
{Heap after GC invocations=2 (full 0):
 garbage-first heap   total 120832K, used 9452K [0x0000000080000000, 0x0000000100000000)
  region size 1024K, 2 young (2048K), 2 survivors (2048K)
 Metaspace       used 10319K, capacity 10629K, committed 10880K, reserved 1058816K
  class space    used 1053K, capacity 1139K, committed 1152K, reserved 1048576K
}
Event: 1.455 GC heap before
{Heap before GC invocations=2 (full 0):
 garbage-first heap   total 120832K, used 52460K [0x0000000080000000, 0x0000000100000000)
  region size 1024K, 43 young (44032K), 2 survivors (2048K)
 Metaspace       used 11711K, capacity 12024K, committed 12160K, reserved 1060864K
  class space    used 1247K, capacity 1348K, committed 1408K, reserved 1048576K
}
Event: 1.460 GC heap after
{Heap after GC invocations=3 (full 0):
 garbage-first heap   total 120832K, used 14796K [0x0000000080000000, 0x0000000100000000)
  region size 1024K, 6 young (6144K), 6 survivors (6144K)
 Metaspace       used 11711K, capacity 12024K, committed 12160K, reserved 1060864K
  class space    used 1247K, capacity 1348K, committed 1408K, reserved 1048576K
}
Event: 2.576 GC heap before
{Heap before GC invocations=3 (full 0):
 garbage-first heap   total 120832K, used 65996K [0x0000000080000000, 0x0000000100000000)
  region size 1024K, 56 young (57344K), 6 survivors (6144K)
 Metaspace       used 20505K, capacity 20959K, committed 21120K, reserved 1067008K
  class space    used 2478K, capacity 2650K, committed 2688K, reserved 1048576K
}
Event: 2.582 GC heap after
{Heap after GC invocations=4 (full 0):
 garbage-first heap   total 120832K, used 17335K [0x0000000080000000, 0x0000000100000000)
  region size 1024K, 3 young (3072K), 3 survivors (3072K)
 Metaspace       used 20505K, capacity 20959K, committed 21120K, reserved 1067008K
  class space    used 2478K, capacity 2650K, committed 2688K, reserved 1048576K
}
Event: 2.607 GC heap before
{Heap before GC invocations=4 (full 0):
 garbage-first heap   total 120832K, used 19383K [0x0000000080000000, 0x0000000100000000)
  region size 1024K, 6 young (6144K), 3 survivors (3072K)
 Metaspace       used 20785K, capacity 21195K, committed 21296K, reserved 1069056K
  class space    used 2522K, capacity 2685K, committed 2688K, reserved 1048576K
}
Event: 2.610 GC heap after
{Heap after GC invocations=5 (full 0):
 garbage-first heap   total 145408K, used 17456K [0x0000000080000000, 0x0000000100000000)
  region size 1024K, 3 young (3072K), 3 survivors (3072K)
 Metaspace       used 20785K, capacity 21195K, committed 21296K, reserved 1069056K
  class space    used 2522K, capacity 2685K, committed 2688K, reserved 1048576K
}
Event: 3.154 GC heap before
{Heap before GC invocations=6 (full 0):
 garbage-first heap   total 145408K, used 71728K [0x0000000080000000, 0x0000000100000000)
  region size 1024K, 57 young (58368K), 3 survivors (3072K)
 Metaspace       used 26785K, capacity 27430K, committed 27516K, reserved 1073152K
  class space    used 3476K, capacity 3735K, committed 3788K, reserved 1048576K
}
Event: 3.158 GC heap after
{Heap after GC invocations=7 (full 0):
 garbage-first heap   total 145408K, used 19702K [0x0000000080000000, 0x0000000100000000)
  region size 1024K, 6 young (6144K), 6 survivors (6144K)
 Metaspace       used 26785K, capacity 27430K, committed 27516K, reserved 1073152K
  class space    used 3476K, capacity 3735K, committed 3788K, reserved 1048576K
}
Event: 4.068 GC heap before
{Heap before GC invocations=7 (full 0):
 garbage-first heap   total 145408K, used 81142K [0x0000000080000000, 0x0000000100000000)
  region size 1024K, 66 young (67584K), 6 survivors (6144K)
 Metaspace       used 33411K, capacity 34311K, committed 34556K, reserved 1079296K
  class space    used 4473K, capacity 4818K, committed 4940K, reserved 1048576K
}
Event: 4.076 GC heap after
{Heap after GC invocations=8 (full 0):
 garbage-first heap   total 145408K, used 22109K [0x0000000080000000, 0x0000000100000000)
  region size 1024K, 5 young (5120K), 5 survivors (5120K)
 Metaspace       used 33411K, capacity 34311K, committed 34556K, reserved 1079296K
  class space    used 4473K, capacity 4818K, committed 4940K, reserved 1048576K
}
Event: 4.197 GC heap before
{Heap before GC invocations=8 (full 0):
 garbage-first heap   total 145408K, used 27229K [0x0000000080000000, 0x0000000100000000)
  region size 1024K, 11 young (11264K), 5 survivors (5120K)
 Metaspace       used 35107K, capacity 35958K, committed 36048K, reserved 1081344K
  class space    used 4571K, capacity 4921K, committed 4940K, reserved 1048576K
}
Event: 4.206 GC heap after
{Heap after GC invocations=9 (full 0):
 garbage-first heap   total 145408K, used 22831K [0x0000000080000000, 0x0000000100000000)
  region size 1024K, 6 young (6144K), 6 survivors (6144K)
 Metaspace       used 35107K, capacity 35958K, committed 36048K, reserved 1081344K
  class space    used 4571K, capacity 4921K, committed 4940K, reserved 1048576K
}
Event: 4.831 GC heap before
{Heap before GC invocations=10 (full 0):
 garbage-first heap   total 145408K, used 78127K [0x0000000080000000, 0x0000000100000000)
  region size 1024K, 57 young (58368K), 6 survivors (6144K)
 Metaspace       used 40639K, capacity 41618K, committed 41884K, reserved 1085440K
  class space    used 5136K, capacity 5521K, committed 5656K, reserved 1048576K
}
Event: 4.847 GC heap after
{Heap after GC invocations=11 (full 0):
 garbage-first heap   total 145408K, used 28120K [0x0000000080000000, 0x0000000100000000)
  region size 1024K, 8 young (8192K), 8 survivors (8192K)
 Metaspace       used 40639K, capacity 41618K, committed 41884K, reserved 1085440K
  class space    used 5136K, capacity 5521K, committed 5656K, reserved 1048576K
}
Event: 5.645 GC heap before
{Heap before GC invocations=12 (full 0):
 garbage-first heap   total 145408K, used 82392K [0x0000000080000000, 0x0000000100000000)
  region size 1024K, 61 young (62464K), 8 survivors (8192K)
 Metaspace       used 44977K, capacity 46025K, committed 46236K, reserved 1089536K
  class space    used 5686K, capacity 6083K, committed 6168K, reserved 1048576K
}
Event: 5.655 GC heap after
{Heap after GC invocations=13 (full 0):
 garbage-first heap   total 145408K, used 30974K [0x0000000080000000, 0x0000000100000000)
  region size 1024K, 4 young (4096K), 4 survivors (4096K)
 Metaspace       used 44977K, capacity 46025K, committed 46236K, reserved 1089536K
  class space    used 5686K, capacity 6083K, committed 6168K, reserved 1048576K
}
Event: 6.315 GC heap before
{Heap before GC invocations=13 (full 0):
 garbage-first heap   total 145408K, used 88318K [0x0000000080000000, 0x0000000100000000)
  region size 1024K, 60 young (61440K), 4 survivors (4096K)
 Metaspace       used 49040K, capacity 50181K, committed 50460K, reserved 1093632K
  class space    used 6241K, capacity 6703K, committed 6808K, reserved 1048576K
}

Deoptimization events (20 events):
Event: 5.713 Thread 0x000001dcac345800 Uncommon trap: trap_request=0xffffff4d fr.pc=0x000001dc9a514290 relative=0x00000000000001d0
Event: 5.713 Thread 0x000001dcac345800 Uncommon trap: reason=unstable_if action=reinterpret pc=0x000001dc9a514290 method=java.net.URI$Parser.scan(IILjava/lang/String;)I @ 26 c2
Event: 5.713 Thread 0x000001dcac345800 DEOPT PACKING pc=0x000001dc9a514290 sp=0x000000a3f2af8b10
Event: 5.713 Thread 0x000001dcac345800 DEOPT UNPACKING pc=0x000001dc92a3a1af sp=0x000000a3f2af8aa0 mode 2
Event: 5.713 Thread 0x000001dcac345800 Uncommon trap: trap_request=0xffffff4d fr.pc=0x000001dc9a50c0dc relative=0x000000000000011c
Event: 5.713 Thread 0x000001dcac345800 Uncommon trap: reason=unstable_if action=reinterpret pc=0x000001dc9a50c0dc method=java.net.URI.match(CJJ)Z @ 45 c2
Event: 5.713 Thread 0x000001dcac345800 DEOPT PACKING pc=0x000001dc9a50c0dc sp=0x000000a3f2af8880
Event: 5.713 Thread 0x000001dcac345800 DEOPT UNPACKING pc=0x000001dc92a3a1af sp=0x000000a3f2af87b8 mode 2
Event: 5.713 Thread 0x000001dcac345800 Uncommon trap: trap_request=0xffffff4d fr.pc=0x000001dc9a4d12e8 relative=0x0000000000000048
Event: 5.713 Thread 0x000001dcac345800 Uncommon trap: reason=unstable_if action=reinterpret pc=0x000001dc9a4d12e8 method=java.net.URI.match(CJJ)Z @ 19 c2
Event: 5.713 Thread 0x000001dcac345800 DEOPT PACKING pc=0x000001dc9a4d12e8 sp=0x000000a3f2af8890
Event: 5.713 Thread 0x000001dcac345800 DEOPT UNPACKING pc=0x000001dc92a3a1af sp=0x000000a3f2af8840 mode 2
Event: 6.313 Thread 0x000001dcacf09800 Uncommon trap: trap_request=0xffffff4d fr.pc=0x000001dc9a69df38 relative=0x0000000000000ef8
Event: 6.313 Thread 0x000001dcacf09800 Uncommon trap: reason=unstable_if action=reinterpret pc=0x000001dc9a69df38 method=java.util.concurrent.ConcurrentHashMap.addCount(JI)V @ 34 c2
Event: 6.313 Thread 0x000001dcacf09800 DEOPT PACKING pc=0x000001dc9a69df38 sp=0x000000a3f42feb40
Event: 6.313 Thread 0x000001dcacf09800 DEOPT UNPACKING pc=0x000001dc92a3a1af sp=0x000000a3f42fea10 mode 2
Event: 6.314 Thread 0x000001dcacf12800 Uncommon trap: trap_request=0xffffff4d fr.pc=0x000001dc9a5bc0a8 relative=0x0000000000000148
Event: 6.314 Thread 0x000001dcacf12800 Uncommon trap: reason=unstable_if action=reinterpret pc=0x000001dc9a5bc0a8 method=java.util.concurrent.ConcurrentHashMap.addCount(JI)V @ 7 c2
Event: 6.314 Thread 0x000001dcacf12800 DEOPT PACKING pc=0x000001dc9a5bc0a8 sp=0x000000a3f47feec0
Event: 6.314 Thread 0x000001dcacf12800 DEOPT UNPACKING pc=0x000001dc92a3a1af sp=0x000000a3f47fee20 mode 2

Classes redefined (0 events):
No events

Internal exceptions (20 events):
Event: 5.496 Thread 0x000001dcac345800 Implicit null exception at 0x000001dc9a5df374 to 0x000001dc9a5df584
Event: 5.496 Thread 0x000001dcac345800 Implicit null exception at 0x000001dc9a4d9ff8 to 0x000001dc9a4da08a
Event: 5.620 Thread 0x000001dcac345800 Exception <a 'java/lang/ClassNotFoundException'{0x0000000085b94e38}: build_bpm928uyg5kxzi7y1g7wav5heBeanInfo> (0x0000000085b94e38) thrown at [src/hotspot/share/classfile/systemDictionary.cpp, line 230]
Event: 5.621 Thread 0x000001dcac345800 Exception <a 'java/lang/ClassNotFoundException'{0x0000000085bacaf8}: org/gradle/api/internal/project/ProjectScriptBeanInfo> (0x0000000085bacaf8) thrown at [src/hotspot/share/classfile/systemDictionary.cpp, line 230]
Event: 5.621 Thread 0x000001dcac345800 Exception <a 'java/lang/ClassNotFoundException'{0x0000000085bc4748}: org/gradle/api/internal/project/ProjectScriptCustomizer> (0x0000000085bc4748) thrown at [src/hotspot/share/classfile/systemDictionary.cpp, line 230]
Event: 5.621 Thread 0x000001dcac345800 Exception <a 'java/lang/ClassNotFoundException'{0x0000000085be0a70}: build_bpm928uyg5kxzi7y1g7wav5heCustomizer> (0x0000000085be0a70) thrown at [src/hotspot/share/classfile/systemDictionary.cpp, line 230]
Event: 5.628 Thread 0x000001dcac345800 Exception <a 'java/lang/ClassNotFoundException'{0x0000000085a773c0}: org/gradle/plugin/use/internal/PluginRequestCollector$PluginDependenciesSpecImplBeanInfo> (0x0000000085a773c0) thrown at [src/hotspot/share/classfile/systemDictionary.cpp, line 230]
Event: 5.628 Thread 0x000001dcac345800 Exception <a 'java/lang/ClassNotFoundException'{0x0000000085aa7978}: org/gradle/plugin/use/internal/PluginRequestCollector$PluginDependenciesSpecImplCustomizer> (0x0000000085aa7978) thrown at [src/hotspot/share/classfile/systemDictionary.cpp, line 230]
Event: 5.634 Thread 0x000001dcac345800 Exception <a 'java/lang/ClassNotFoundException'{0x0000000085912b30}: org/gradle/plugin/use/internal/PluginRequestCollector$PluginDependencySpecImplBeanInfo> (0x0000000085912b30) thrown at [src/hotspot/share/classfile/systemDictionary.cpp, line 230]
Event: 5.635 Thread 0x000001dcac345800 Exception <a 'java/lang/ClassNotFoundException'{0x0000000085942070}: org/gradle/plugin/use/internal/PluginRequestCollector$PluginDependencySpecImplCustomizer> (0x0000000085942070) thrown at [src/hotspot/share/classfile/systemDictionary.cpp, line 230]
Event: 5.742 Thread 0x000001dcac345800 Exception <a 'java/lang/NoSuchMethodError'{0x0000000088321c38}: 'java.lang.Object java.lang.invoke.DirectMethodHandle$Holder.invokeStatic(java.lang.Object, int, java.lang.Object)'> (0x0000000088321c38) thrown at [src/hotspot/share/interpreter/linkResolver.cpp, line 773]
Event: 5.841 Thread 0x000001dcac345800 Exception <a 'java/lang/IncompatibleClassChangeError'{0x0000000087511240}: Found class java.lang.Object, but interface was expected> (0x0000000087511240) thrown at [src/hotspot/share/interpreter/linkResolver.cpp, line 839]
Event: 5.921 Thread 0x000001dcac345800 Exception <a 'java/lang/NoSuchMethodError'{0x0000000086d9a828}: 'int java.lang.invoke.DirectMethodHandle$Holder.invokeStaticInit(java.lang.Object)'> (0x0000000086d9a828) thrown at [src/hotspot/share/interpreter/linkResolver.cpp, line 773]
Event: 5.942 Thread 0x000001dcac345800 Exception <a 'java/lang/NoSuchMethodError'{0x0000000086bba348}: 'void java.lang.invoke.DirectMethodHandle$Holder.invokeStatic(java.lang.Object, java.lang.Object, java.lang.Object, int, java.lang.Object)'> (0x0000000086bba348) thrown at [src/hotspot/share/interpreter/linkResolver.cpp, line 773]
Event: 6.011 Thread 0x000001dcac345800 Exception <a 'java/lang/NoSuchMethodError'{0x0000000086573148}: 'java.lang.Object java.lang.invoke.DelegatingMethodHandle$Holder.reinvoke_L(java.lang.Object, java.lang.Object, java.lang.Object, java.lang.Object, java.lang.Object, java.lang.Object, java.lang.Object, java.lang.Object, java.lang.Object, java.lang.Object, java.lang.Object, java.lang.Object, java.lang.Object, java.lang.Object, java.lang.Object, java.lang.Object, java.lang.Object, java.lang.Object, java.lang.Object, java.lang.Object, java.lang.O
Event: 6.011 Thread 0x000001dcac345800 Exception <a 'java/lang/NoSuchMethodError'{0x000000008657eda8}: 'java.lang.Object java.lang.invoke.Invokers$Holder.invoker(java.lang.Object, java.lang.Object, java.lang.Object, java.lang.Object, java.lang.Object, java.lang.Object, java.lang.Object, java.lang.Object, java.lang.Object, java.lang.Object, java.lang.Object, java.lang.Object, java.lang.Object, java.lang.Object, java.lang.Object, java.lang.Object, java.lang.Object, java.lang.Object, java.lang.Object, java.lang.Object, java.lang.Object)'> (0x00000
Event: 6.012 Thread 0x000001dcac345800 Exception <a 'java/lang/NoSuchMethodError'{0x00000000865a6168}: 'java.lang.Object java.lang.invoke.DelegatingMethodHandle$Holder.delegate(java.lang.Object, java.lang.Object, java.lang.Object, java.lang.Object, java.lang.Object, java.lang.Object, java.lang.Object, java.lang.Object, java.lang.Object, java.lang.Object, java.lang.Object, java.lang.Object, java.lang.Object, java.lang.Object, java.lang.Object, java.lang.Object, java.lang.Object, java.lang.Object, java.lang.Object, java.lang.Object, java.lang.Obj
Event: 6.016 Thread 0x000001dcac345800 Exception <a 'java/lang/NoSuchMethodError'{0x00000000865eeea8}: 'java.lang.Object java.lang.invoke.DirectMethodHandle$Holder.invokeStatic(java.lang.Object, java.lang.Object, java.lang.Object, java.lang.Object, java.lang.Object, java.lang.Object, java.lang.Object, java.lang.Object, java.lang.Object, java.lang.Object, java.lang.Object, java.lang.Object, java.lang.Object, java.lang.Object, java.lang.Object)'> (0x00000000865eeea8) thrown at [src/hotspot/share/interpreter/linkResolver.cpp, line 773]
Event: 6.018 Thread 0x000001dcac345800 Exception <a 'java/lang/NoSuchMethodError'{0x00000000865ff788}: 'java.lang.Object java.lang.invoke.DirectMethodHandle$Holder.invokeStatic(java.lang.Object, java.lang.Object, java.lang.Object, java.lang.Object, java.lang.Object, java.lang.Object, java.lang.Object, java.lang.Object, java.lang.Object, java.lang.Object, java.lang.Object, java.lang.Object, java.lang.Object, java.lang.Object, java.lang.Object, java.lang.Object)'> (0x00000000865ff788) thrown at [src/hotspot/share/interpreter/linkResolver.cpp, lin
Event: 6.020 Thread 0x000001dcac345800 Exception <a 'java/lang/NoSuchMethodError'{0x00000000864104b0}: 'java.lang.Object java.lang.invoke.DelegatingMethodHandle$Holder.reinvoke_L(java.lang.Object, java.lang.Object, java.lang.Object, java.lang.Object, java.lang.Object, java.lang.Object, java.lang.Object, java.lang.Object, java.lang.Object, java.lang.Object, java.lang.Object, java.lang.Object, java.lang.Object, java.lang.Object, java.lang.Object, java.lang.Object, java.lang.Object, java.lang.Object, java.lang.Object, java.lang.Object)'> (0x000000

Events (20 events):
Event: 6.314 loading class org/gradle/internal/operations/BuildOperation
Event: 6.314 loading class org/gradle/internal/operations/BuildOperation done
Event: 6.314 loading class org/gradle/internal/operations/DefaultBuildOperationQueue$WorkerRunnable
Event: 6.314 loading class org/gradle/internal/operations/DefaultBuildOperationQueue$WorkerRunnable done
Event: 6.314 loading class org/gradle/internal/operations/DefaultBuildOperationQueue$WorkerRunnable
Event: 6.314 loading class org/gradle/internal/operations/DefaultBuildOperationQueue$WorkerRunnable done
Event: 6.314 loading class org/gradle/internal/operations/DefaultBuildOperationQueue$WorkerRunnable
Event: 6.314 loading class org/gradle/internal/operations/DefaultBuildOperationQueue$WorkerRunnable done
Event: 6.314 Thread 0x000001dcaf091000 Thread added: 0x000001dcaf091000
Event: 6.314 Thread 0x000001dcaf094800 Thread added: 0x000001dcaf094800
Event: 6.314 Thread 0x000001dcaf097800 Thread added: 0x000001dcaf097800
Event: 6.314 Executing VM operation: RevokeBias
Event: 6.315 Executing coalesced safepoint VM operation: RevokeBias
Event: 6.315 Executing coalesced safepoint VM operation: RevokeBias done
Event: 6.315 Executing VM operation: RevokeBias done
Event: 6.315 loading class org/gradle/api/internal/artifacts/DownloadArtifactBuildOperationType$DetailsImpl
Event: 6.315 loading class org/gradle/api/internal/artifacts/DownloadArtifactBuildOperationType$DetailsImpl done
Event: 6.315 Executing VM operation: G1CollectForAllocation
Event: 6.315 Thread 0x000001dcaf092000 Thread added: 0x000001dcaf092000
Event: 6.315 Thread 0x000001dcaf098800 Thread added: 0x000001dcaf098800


Dynamic libraries:
0x00007ff77bac0000 - 0x00007ff77baca000 	D:\program files\Android\AS\jbr\bin\java.exe
0x00007ff876b10000 - 0x00007ff876d08000 	C:\WINDOWS\SYSTEM32\ntdll.dll
0x00007ff876200000 - 0x00007ff8762c2000 	C:\WINDOWS\System32\KERNEL32.DLL
0x00007ff874410000 - 0x00007ff874706000 	C:\WINDOWS\System32\KERNELBASE.dll
0x00007ff8747f0000 - 0x00007ff8748f0000 	C:\WINDOWS\System32\ucrtbase.dll
0x00007ff8637a0000 - 0x00007ff8637bb000 	D:\program files\Android\AS\jbr\bin\VCRUNTIME140.dll
0x00007ff863780000 - 0x00007ff863797000 	D:\program files\Android\AS\jbr\bin\jli.dll
0x00007ff874b30000 - 0x00007ff874ccd000 	C:\WINDOWS\System32\USER32.dll
0x00007ff874330000 - 0x00007ff874352000 	C:\WINDOWS\System32\win32u.dll
0x00007ff85bee0000 - 0x00007ff85c17a000 	C:\WINDOWS\WinSxS\amd64_microsoft.windows.common-controls_6595b64144ccf1df_6.0.19041.4355_none_60b8b9eb71f62e16\COMCTL32.dll
0x00007ff875190000 - 0x00007ff8751bb000 	C:\WINDOWS\System32\GDI32.dll
0x00007ff875450000 - 0x00007ff8754ee000 	C:\WINDOWS\System32\msvcrt.dll
0x00007ff8748f0000 - 0x00007ff874a0a000 	C:\WINDOWS\System32\gdi32full.dll
0x00007ff874a10000 - 0x00007ff874aad000 	C:\WINDOWS\System32\msvcp_win.dll
0x00007ff875380000 - 0x00007ff8753af000 	C:\WINDOWS\System32\IMM32.DLL
0x00007ff86e860000 - 0x00007ff86e86c000 	D:\program files\Android\AS\jbr\bin\vcruntime140_1.dll
0x00007ff851b90000 - 0x00007ff851c1d000 	D:\program files\Android\AS\jbr\bin\msvcp140.dll
0x00007ff83d6a0000 - 0x00007ff83e25c000 	D:\program files\Android\AS\jbr\bin\server\jvm.dll
0x00007ff874f40000 - 0x00007ff874fef000 	C:\WINDOWS\System32\ADVAPI32.dll
0x00007ff8753b0000 - 0x00007ff87544f000 	C:\WINDOWS\System32\sechost.dll
0x00007ff874cd0000 - 0x00007ff874df3000 	C:\WINDOWS\System32\RPCRT4.dll
0x00007ff8741a0000 - 0x00007ff8741c7000 	C:\WINDOWS\System32\bcrypt.dll
0x00007ff876130000 - 0x00007ff876138000 	C:\WINDOWS\System32\PSAPI.DLL
0x00007ff86e750000 - 0x00007ff86e759000 	C:\WINDOWS\SYSTEM32\WSOCK32.dll
0x00007ff8696e0000 - 0x00007ff869707000 	C:\WINDOWS\SYSTEM32\WINMM.dll
0x00007ff875580000 - 0x00007ff8755eb000 	C:\WINDOWS\System32\WS2_32.dll
0x00007ff869710000 - 0x00007ff86971a000 	C:\WINDOWS\SYSTEM32\VERSION.dll
0x00007ff872000000 - 0x00007ff872012000 	C:\WINDOWS\SYSTEM32\kernel.appcore.dll
0x00007ff86e7c0000 - 0x00007ff86e7d0000 	D:\program files\Android\AS\jbr\bin\verify.dll
0x00007ff86ab50000 - 0x00007ff86ad34000 	C:\WINDOWS\SYSTEM32\DBGHELP.DLL
0x00007ff868f60000 - 0x00007ff868f94000 	C:\WINDOWS\SYSTEM32\dbgcore.DLL
0x00007ff874760000 - 0x00007ff8747e2000 	C:\WINDOWS\System32\bcryptPrimitives.dll
0x00007ff85f160000 - 0x00007ff85f188000 	D:\program files\Android\AS\jbr\bin\java.dll
0x00007ff86e760000 - 0x00007ff86e76a000 	D:\program files\Android\AS\jbr\bin\jimage.dll
0x00007ff862810000 - 0x00007ff862828000 	D:\program files\Android\AS\jbr\bin\zip.dll
0x00007ff8755f0000 - 0x00007ff875d5f000 	C:\WINDOWS\System32\SHELL32.dll
0x00007ff872220000 - 0x00007ff8729c3000 	C:\WINDOWS\SYSTEM32\windows.storage.dll
0x00007ff8762d0000 - 0x00007ff876625000 	C:\WINDOWS\System32\combase.dll
0x00007ff873b50000 - 0x00007ff873b7b000 	C:\WINDOWS\SYSTEM32\Wldp.dll
0x00007ff8752b0000 - 0x00007ff87537d000 	C:\WINDOWS\System32\OLEAUT32.dll
0x00007ff876020000 - 0x00007ff8760cd000 	C:\WINDOWS\System32\SHCORE.dll
0x00007ff875fc0000 - 0x00007ff876015000 	C:\WINDOWS\System32\shlwapi.dll
0x00007ff8740d0000 - 0x00007ff8740f5000 	C:\WINDOWS\SYSTEM32\profapi.dll
0x00007ff85b7e0000 - 0x00007ff85b7f9000 	D:\program files\Android\AS\jbr\bin\net.dll
0x00007ff8709d0000 - 0x00007ff870ada000 	C:\WINDOWS\SYSTEM32\WINHTTP.dll
0x00007ff8738c0000 - 0x00007ff87392c000 	C:\WINDOWS\system32\mswsock.dll
0x00007ff8577c0000 - 0x00007ff8577d3000 	D:\program files\Android\AS\jbr\bin\nio.dll
0x00007ff863930000 - 0x00007ff863957000 	C:\Users\HP\.gradle\native\e1d6ef7f7dcc3fd88c89a11ec53ec762bb8ba0a96d01ffa2cd45eb1d1d8dd5c5\windows-amd64\native-platform.dll
0x00007ff850b90000 - 0x00007ff850cd4000 	C:\Users\HP\.gradle\native\0d407fdbe67a94daf76414ababcb853783967236a71b16ec16e742cd7a986fd3\windows-amd64\native-platform-file-events.dll
0x00007ff86e480000 - 0x00007ff86e48a000 	D:\program files\Android\AS\jbr\bin\management.dll
0x00007ff86d0d0000 - 0x00007ff86d0db000 	D:\program files\Android\AS\jbr\bin\management_ext.dll
0x00007ff873ab0000 - 0x00007ff873ac8000 	C:\WINDOWS\SYSTEM32\CRYPTSP.dll
0x00007ff873180000 - 0x00007ff8731b8000 	C:\WINDOWS\system32\rsaenh.dll
0x00007ff874090000 - 0x00007ff8740be000 	C:\WINDOWS\SYSTEM32\USERENV.dll
0x00007ff873b80000 - 0x00007ff873b8c000 	C:\WINDOWS\SYSTEM32\CRYPTBASE.dll
0x00007ff873540000 - 0x00007ff87357b000 	C:\WINDOWS\SYSTEM32\IPHLPAPI.DLL
0x00007ff8752a0000 - 0x00007ff8752a8000 	C:\WINDOWS\System32\NSI.dll
0x00007ff8675b0000 - 0x00007ff8675c7000 	C:\WINDOWS\SYSTEM32\dhcpcsvc6.DLL
0x00007ff86a2f0000 - 0x00007ff86a30d000 	C:\WINDOWS\SYSTEM32\dhcpcsvc.DLL
0x00007ff8735e0000 - 0x00007ff8736aa000 	C:\WINDOWS\SYSTEM32\DNSAPI.dll

dbghelp: loaded successfully - version: 4.0.5 - missing functions: none
symbol engine: initialized successfully - sym options: 0x614 - pdb path: .;D:\program files\Android\AS\jbr\bin;C:\WINDOWS\SYSTEM32;C:\WINDOWS\WinSxS\amd64_microsoft.windows.common-controls_6595b64144ccf1df_6.0.19041.4355_none_60b8b9eb71f62e16;D:\program files\Android\AS\jbr\bin\server;C:\Users\HP\.gradle\native\e1d6ef7f7dcc3fd88c89a11ec53ec762bb8ba0a96d01ffa2cd45eb1d1d8dd5c5\windows-amd64;C:\Users\HP\.gradle\native\0d407fdbe67a94daf76414ababcb853783967236a71b16ec16e742cd7a986fd3\windows-amd64

VM Arguments:
jvm_args: --add-opens=java.base/java.util=ALL-UNNAMED --add-opens=java.base/java.lang=ALL-UNNAMED --add-opens=java.base/java.lang.invoke=ALL-UNNAMED --add-opens=java.base/java.util=ALL-UNNAMED --add-opens=java.prefs/java.util.prefs=ALL-UNNAMED --add-opens=java.prefs/java.util.prefs=ALL-UNNAMED --add-opens=java.base/java.nio.charset=ALL-UNNAMED --add-opens=java.base/java.net=ALL-UNNAMED --add-opens=java.base/java.util.concurrent.atomic=ALL-UNNAMED -Xmx2048m -Dfile.encoding=UTF-8 -Duser.country=RU -Duser.language=ru -Duser.variant 
java_command: org.gradle.launcher.daemon.bootstrap.GradleDaemon 7.5
java_class_path (initial): C:\Users\HP\.gradle\wrapper\dists\gradle-7.5-bin\f1w0cc9nuo0eivz97x2xlu9sv\gradle-7.5\lib\gradle-launcher-7.5.jar
Launcher Type: SUN_STANDARD

[Global flags]
     intx CICompilerCount                          = 3                                         {product} {ergonomic}
     uint ConcGCThreads                            = 1                                         {product} {ergonomic}
     uint G1ConcRefinementThreads                  = 4                                         {product} {ergonomic}
   size_t G1HeapRegionSize                         = 1048576                                   {product} {ergonomic}
    uintx GCDrainStackTargetSize                   = 64                                        {product} {ergonomic}
   size_t InitialHeapSize                          = 123731968                                 {product} {ergonomic}
   size_t MarkStackSize                            = 4194304                                   {product} {ergonomic}
   size_t MaxHeapSize                              = 2147483648                                {product} {command line}
   size_t MaxNewSize                               = 1287651328                                {product} {ergonomic}
   size_t MinHeapDeltaBytes                        = 1048576                                   {product} {ergonomic}
    uintx NonNMethodCodeHeapSize                   = 5830732                                {pd product} {ergonomic}
    uintx NonProfiledCodeHeapSize                  = 122913754                              {pd product} {ergonomic}
    uintx ProfiledCodeHeapSize                     = 122913754                              {pd product} {ergonomic}
    uintx ReservedCodeCacheSize                    = 251658240                              {pd product} {ergonomic}
     bool SegmentedCodeCache                       = true                                      {product} {ergonomic}
     bool UseCompressedClassPointers               = true                                 {lp64_product} {ergonomic}
     bool UseCompressedOops                        = true                                 {lp64_product} {ergonomic}
     bool UseG1GC                                  = true                                      {product} {ergonomic}
     bool UseLargePagesIndividualAllocation        = false                                  {pd product} {ergonomic}

Logging:
Log output configuration:
 #0: stdout all=warning uptime,level,tags
 #1: stderr all=off uptime,level,tags

Environment Variables:
JAVA_HOME=C:\Program Files\Java\jdk1.8.0_241
PATH=C:\Program Files (x86)\Common Files\Oracle\Java\javapath;C:\WINDOWS\system32;C:\WINDOWS;C:\WINDOWS\System32\Wbem;C:\WINDOWS\System32\WindowsPowerShell\v1.0\;C:\WINDOWS\System32\OpenSSH\;C:\Program Files\Java\jdk1.8.0_241\bin;C:\Program Files\Git\cmd;C:\Users\HP\AppData\Local\Microsoft\WindowsApps;C:\Program Files\Java\jdk1.8.0_241\bin;
USERNAME=HP
OS=Windows_NT
PROCESSOR_IDENTIFIER=AMD64 Family 23 Model 96 Stepping 1, AuthenticAMD



---------------  S Y S T E M  ---------------

OS: Windows 10 , 64 bit Build 19041 (10.0.19041.5678)
OS uptime: 14 days 4:42 hours

CPU:total 4 (initial active 4) (4 cores per cpu, 1 threads per core) family 23 model 96 stepping 1 microcode 0x0, cmov, cx8, fxsr, mmx, sse, sse2, sse3, ssse3, sse4.1, sse4.2, popcnt, avx, avx2, aes, clmul, mmxext, 3dnowpref, lzcnt, sse4a, tsc, tscinvbit, tscinv, bmi1, bmi2, adx, sha, fma

Memory: 4k page, system-wide physical 7541M (692M free)
TotalPageFile size 17735M (AvailPageFile size 27M)
current process WorkingSet (physical memory assigned to process): 274M, peak: 274M
current process commit charge ("private bytes"): 331M, peak: 360M

vm_info: OpenJDK 64-Bit Server VM (11.0.15+0-b2043.56-9505619) for windows-amd64 JRE (11.0.15+0-b2043.56-9505619), built on Jan 19 2023 02:48:00 by "builduser" with unknown MS VC++:1929

END.
