#
# There is insufficient memory for the Java Runtime Environment to continue.
# Native memory allocation (malloc) failed to allocate 1324176 bytes for Chunk::new
# Possible reasons:
#   The system is out of physical RAM or swap space
#   The process is running with CompressedOops enabled, and the Java Heap may be blocking the growth of the native heap
# Possible solutions:
#   Reduce memory load on the system
#   Increase physical memory or swap space
#   Check if swap backing store is full
#   Decrease Java heap size (-Xmx/-Xms)
#   Decrease number of Java threads
#   Decrease Java thread stack sizes (-Xss)
#   Set larger code cache with -XX:ReservedCodeCacheSize=
#   JVM is running with Unscaled Compressed Oops mode in which the Java heap is
#     placed in the first 4GB address space. The Java Heap base address is the
#     maximum limit for the native heap growth. Please use -XX:HeapBaseMinAddress
#     to set the Java Heap base and to place the Java Heap above 4GB virtual address.
# This output file may be truncated or incomplete.
#
#  Out of Memory Error (src/hotspot/share/memory/arena.cpp:197), pid=7760, tid=23368
#
# JRE version: OpenJDK Runtime Environment (11.0.15) (build 11.0.15+0-b2043.56-9505619)
# Java VM: OpenJDK 64-Bit Server VM (11.0.15+0-b2043.56-9505619, mixed mode, tiered, compressed oops, g1 gc, windows-amd64)
# No core dump will be written. Minidumps are not enabled by default on client versions of Windows
#

---------------  S U M M A R Y ------------

Command Line: --add-opens=java.base/java.util=ALL-UNNAMED --add-opens=java.base/java.lang=ALL-UNNAMED --add-opens=java.base/java.lang.invoke=ALL-UNNAMED --add-opens=java.base/java.util=ALL-UNNAMED --add-opens=java.prefs/java.util.prefs=ALL-UNNAMED --add-opens=java.prefs/java.util.prefs=ALL-UNNAMED --add-opens=java.base/java.nio.charset=ALL-UNNAMED --add-opens=java.base/java.net=ALL-UNNAMED --add-opens=java.base/java.util.concurrent.atomic=ALL-UNNAMED -Xmx2048m -Dfile.encoding=UTF-8 -Duser.country=RU -Duser.language=ru -Duser.variant org.gradle.launcher.daemon.bootstrap.GradleDaemon 7.5

Host: AMD Ryzen 3 4300U with Radeon Graphics         , 4 cores, 7G,  Windows 10 , 64 bit Build 19041 (10.0.19041.5678)
Time: Thu May  8 09:37:49 2025 RTZ 2 (s 10 , 64 bit Build 19041 (10.0.19041.5678) elapsed time: 4.881286 seconds (0d 0h 0m 4s)

---------------  T H R E A D  ---------------

Current thread (0x0000029f4feac800):  JavaThread "C2 CompilerThread0" daemon [_thread_in_native, id=23368, stack(0x000000ba35b00000,0x000000ba35c00000)]


Current CompileTask:
C2:   4881 3590       4       groovy.lang.MetaClassImpl$1MOPIter::methodNameAction (325 bytes)

Stack: [0x000000ba35b00000,0x000000ba35c00000]
Native frames: (J=compiled Java code, j=interpreted, Vv=VM code, C=native code)
V  [jvm.dll+0x64135a]
V  [jvm.dll+0x7d39f9]
V  [jvm.dll+0x7d51b9]
V  [jvm.dll+0x7d58a3]
V  [jvm.dll+0x2691c5]
V  [jvm.dll+0xc1a5c]
V  [jvm.dll+0xc200c]
V  [jvm.dll+0x3774a7]
V  [jvm.dll+0x1b3914]
V  [jvm.dll+0x22163e]
V  [jvm.dll+0x220498]
V  [jvm.dll+0x19e851]
V  [jvm.dll+0x230479]
V  [jvm.dll+0x22e5ef]
V  [jvm.dll+0x794de1]
V  [jvm.dll+0x78dc24]
V  [jvm.dll+0x6400f6]
C  [ucrtbase.dll+0x21bb2]
C  [KERNEL32.DLL+0x17374]
C  [ntdll.dll+0x4cc91]


---------------  P R O C E S S  ---------------

Threads class SMR info:
_java_thread_list=0x0000029f55861ba0, length=37, elements={
0x0000029f34329800, 0x0000029f4fe88000, 0x0000029f4fe92000, 0x0000029f4fea8800,
0x0000029f4fea9800, 0x0000029f4feab000, 0x0000029f4feac800, 0x0000029f50864000,
0x0000029f4feb0000, 0x0000029f50990000, 0x0000029f519a6800, 0x0000029f519a3800,
0x0000029f519a7800, 0x0000029f519a8000, 0x0000029f519a9000, 0x0000029f519a5800,
0x0000029f519aa000, 0x0000029f519a4000, 0x0000029f519a5000, 0x0000029f52348800,
0x0000029f52349800, 0x0000029f52348000, 0x0000029f5234b000, 0x0000029f5317a800,
0x0000029f5234a800, 0x0000029f5234c000, 0x0000029f5234c800, 0x0000029f52347000,
0x0000029f52351800, 0x0000029f52353800, 0x0000029f52352800, 0x0000029f5234e800,
0x0000029f5234d800, 0x0000029f52350000, 0x0000029f55b0e000, 0x0000029f55b08800,
0x0000029f55b0f000
}

Java Threads: ( => current thread )
  0x0000029f34329800 JavaThread "main" [_thread_blocked, id=25100, stack(0x000000ba34f00000,0x000000ba35000000)]
  0x0000029f4fe88000 JavaThread "Reference Handler" daemon [_thread_blocked, id=30416, stack(0x000000ba35600000,0x000000ba35700000)]
  0x0000029f4fe92000 JavaThread "Finalizer" daemon [_thread_blocked, id=38840, stack(0x000000ba35700000,0x000000ba35800000)]
  0x0000029f4fea8800 JavaThread "Signal Dispatcher" daemon [_thread_blocked, id=38212, stack(0x000000ba35800000,0x000000ba35900000)]
  0x0000029f4fea9800 JavaThread "Attach Listener" daemon [_thread_blocked, id=20052, stack(0x000000ba35900000,0x000000ba35a00000)]
  0x0000029f4feab000 JavaThread "Service Thread" daemon [_thread_blocked, id=20776, stack(0x000000ba35a00000,0x000000ba35b00000)]
=>0x0000029f4feac800 JavaThread "C2 CompilerThread0" daemon [_thread_in_native, id=23368, stack(0x000000ba35b00000,0x000000ba35c00000)]
  0x0000029f50864000 JavaThread "C1 CompilerThread0" daemon [_thread_blocked, id=38312, stack(0x000000ba35c00000,0x000000ba35d00000)]
  0x0000029f4feb0000 JavaThread "Sweeper thread" daemon [_thread_blocked, id=35608, stack(0x000000ba35d00000,0x000000ba35e00000)]
  0x0000029f50990000 JavaThread "Common-Cleaner" daemon [_thread_blocked, id=27564, stack(0x000000ba35e00000,0x000000ba35f00000)]
  0x0000029f519a6800 JavaThread "Daemon health stats" [_thread_blocked, id=23120, stack(0x000000ba36200000,0x000000ba36300000)]
  0x0000029f519a3800 JavaThread "Incoming local TCP Connector on port 62091" [_thread_in_native, id=28908, stack(0x000000ba36000000,0x000000ba36100000)]
  0x0000029f519a7800 JavaThread "Daemon periodic checks" [_thread_blocked, id=41712, stack(0x000000ba36300000,0x000000ba36400000)]
  0x0000029f519a8000 JavaThread "Daemon" [_thread_blocked, id=34868, stack(0x000000ba36400000,0x000000ba36500000)]
  0x0000029f519a9000 JavaThread "Handler for socket connection from /127.0.0.1:62091 to /127.0.0.1:62092" [_thread_in_native, id=30668, stack(0x000000ba36500000,0x000000ba36600000)]
  0x0000029f519a5800 JavaThread "Cancel handler" [_thread_blocked, id=36264, stack(0x000000ba36600000,0x000000ba36700000)]
  0x0000029f519aa000 JavaThread "Daemon worker" [_thread_in_vm, id=38980, stack(0x000000ba36700000,0x000000ba36800000)]
  0x0000029f519a4000 JavaThread "Asynchronous log dispatcher for DefaultDaemonConnection: socket connection from /127.0.0.1:62091 to /127.0.0.1:62092" [_thread_blocked, id=36924, stack(0x000000ba36800000,0x000000ba36900000)]
  0x0000029f519a5000 JavaThread "Stdin handler" [_thread_blocked, id=32420, stack(0x000000ba36900000,0x000000ba36a00000)]
  0x0000029f52348800 JavaThread "Daemon client event forwarder" [_thread_blocked, id=38492, stack(0x000000ba36a00000,0x000000ba36b00000)]
  0x0000029f52349800 JavaThread "Cache worker for journal cache (C:\Users\HP\.gradle\caches\journal-1)" [_thread_blocked, id=40436, stack(0x000000ba36b00000,0x000000ba36c00000)]
  0x0000029f52348000 JavaThread "File lock request listener" [_thread_in_native, id=38824, stack(0x000000ba36c00000,0x000000ba36d00000)]
  0x0000029f5234b000 JavaThread "Cache worker for file hash cache (C:\Users\HP\.gradle\caches\7.5\fileHashes)" [_thread_blocked, id=35544, stack(0x000000ba36f00000,0x000000ba37000000)]
  0x0000029f5317a800 JavaThread "C2 CompilerThread1" daemon [_thread_in_native, id=9736, stack(0x000000ba37000000,0x000000ba37100000)]
  0x0000029f5234a800 JavaThread "File watcher server" daemon [_thread_in_native, id=28968, stack(0x000000ba37100000,0x000000ba37200000)]
  0x0000029f5234c000 JavaThread "File watcher consumer" daemon [_thread_blocked, id=41700, stack(0x000000ba37200000,0x000000ba37300000)]
  0x0000029f5234c800 JavaThread "Cache worker for checksums cache (F:\JavaAndriod\RoadToHeaven\.gradle\7.5\checksums)" [_thread_blocked, id=34564, stack(0x000000ba37300000,0x000000ba37400000)]
  0x0000029f52347000 JavaThread "Cache worker for cache directory md-rule (C:\Users\HP\.gradle\caches\7.5\md-rule)" [_thread_blocked, id=35936, stack(0x000000ba37400000,0x000000ba37500000)]
  0x0000029f52351800 JavaThread "Cache worker for file content cache (C:\Users\HP\.gradle\caches\7.5\fileContent)" [_thread_blocked, id=22568, stack(0x000000ba37500000,0x000000ba37600000)]
  0x0000029f52353800 JavaThread "Cache worker for file hash cache (F:\JavaAndriod\RoadToHeaven\.gradle\7.5\fileHashes)" [_thread_blocked, id=25804, stack(0x000000ba37600000,0x000000ba37700000)]
  0x0000029f52352800 JavaThread "Cache worker for cache directory md-supplier (C:\Users\HP\.gradle\caches\7.5\md-supplier)" [_thread_blocked, id=25740, stack(0x000000ba37700000,0x000000ba37800000)]
  0x0000029f5234e800 JavaThread "Cache worker for execution history cache (C:\Users\HP\.gradle\caches\7.5\executionHistory)" [_thread_blocked, id=7680, stack(0x000000ba37800000,0x000000ba37900000)]
  0x0000029f5234d800 JavaThread "jar transforms" [_thread_blocked, id=41484, stack(0x000000ba37900000,0x000000ba37a00000)]
  0x0000029f52350000 JavaThread "jar transforms Thread 2" [_thread_blocked, id=17484, stack(0x000000ba37a00000,0x000000ba37b00000)]
  0x0000029f55b0e000 JavaThread "jar transforms Thread 3" [_thread_blocked, id=33356, stack(0x000000ba37b00000,0x000000ba37c00000)]
  0x0000029f55b08800 JavaThread "jar transforms Thread 4" [_thread_blocked, id=34940, stack(0x000000ba37c00000,0x000000ba37d00000)]
  0x0000029f55b0f000 JavaThread "Cache worker for dependencies-accessors (F:\JavaAndriod\RoadToHeaven\.gradle\7.5\dependencies-accessors)" [_thread_blocked, id=27348, stack(0x000000ba37d00000,0x000000ba37e00000)]

Other Threads:
  0x0000029f4fe85800 VMThread "VM Thread" [stack: 0x000000ba35500000,0x000000ba35600000] [id=36020]
  0x0000029f50998000 WatcherThread [stack: 0x000000ba35f00000,0x000000ba36000000] [id=22516]
  0x0000029f34343000 GCTaskThread "GC Thread#0" [stack: 0x000000ba35000000,0x000000ba35100000] [id=10016]
  0x0000029f50de4800 GCTaskThread "GC Thread#1" [stack: 0x000000ba36100000,0x000000ba36200000] [id=40832]
  0x0000029f528d5000 GCTaskThread "GC Thread#2" [stack: 0x000000ba36d00000,0x000000ba36e00000] [id=14836]
  0x0000029f50c73800 GCTaskThread "GC Thread#3" [stack: 0x000000ba36e00000,0x000000ba36f00000] [id=29928]
  0x0000029f34372800 ConcurrentGCThread "G1 Main Marker" [stack: 0x000000ba35100000,0x000000ba35200000] [id=15664]
  0x0000029f34375000 ConcurrentGCThread "G1 Conc#0" [stack: 0x000000ba35200000,0x000000ba35300000] [id=26120]
  0x0000029f343ef000 ConcurrentGCThread "G1 Refine#0" [stack: 0x000000ba35300000,0x000000ba35400000] [id=41964]
  0x0000029f343f0000 ConcurrentGCThread "G1 Young RemSet Sampling" [stack: 0x000000ba35400000,0x000000ba35500000] [id=30704]

Threads with active compile tasks:
C2 CompilerThread0     4902 3590       4       groovy.lang.MetaClassImpl$1MOPIter::methodNameAction (325 bytes)
C2 CompilerThread1     4902 3677       4       java.util.Arrays::binarySearch0 (95 bytes)

VM state:not at safepoint (normal execution)

VM Mutex/Monitor currently owned by a thread: None

Heap address: 0x0000000080000000, size: 2048 MB, Compressed Oops mode: 32-bit
Narrow klass base: 0x0000000000000000, Narrow klass shift: 3
Compressed class space size: 1073741824 Address: 0x0000000100000000

Heap:
 garbage-first heap   total 145408K, used 30184K [0x0000000080000000, 0x0000000100000000)
  region size 1024K, 13 young (13312K), 11 survivors (11264K)
 Metaspace       used 41714K, capacity 42695K, committed 43036K, reserved 1087488K
  class space    used 5292K, capacity 5645K, committed 5784K, reserved 1048576K
Heap Regions: E=young(eden), S=young(survivor), O=old, HS=humongous(starts), HC=humongous(continues), CS=collection set, F=free, A=archive, TAMS=top-at-mark-start (previous, next)
|   0|0x0000000080000000, 0x0000000080100000, 0x0000000080100000|100%|HS|  |TAMS 0x0000000080100000, 0x0000000080000000| Complete 
|   1|0x0000000080100000, 0x0000000080200000, 0x0000000080200000|100%|HC|  |TAMS 0x0000000080200000, 0x0000000080100000| Complete 
|   2|0x0000000080200000, 0x0000000080300000, 0x0000000080300000|100%|HC|  |TAMS 0x0000000080300000, 0x0000000080200000| Complete 
|   3|0x0000000080300000, 0x0000000080400000, 0x0000000080400000|100%| O|  |TAMS 0x0000000080400000, 0x0000000080300000| Untracked 
|   4|0x0000000080400000, 0x0000000080500000, 0x0000000080500000|100%| O|  |TAMS 0x0000000080500000, 0x0000000080400000| Untracked 
|   5|0x0000000080500000, 0x0000000080600000, 0x0000000080600000|100%| O|  |TAMS 0x0000000080600000, 0x0000000080500000| Untracked 
|   6|0x0000000080600000, 0x0000000080700000, 0x0000000080700000|100%| O|  |TAMS 0x0000000080700000, 0x0000000080600000| Untracked 
|   7|0x0000000080700000, 0x0000000080800000, 0x0000000080800000|100%| O|  |TAMS 0x0000000080800000, 0x0000000080700000| Untracked 
|   8|0x0000000080800000, 0x0000000080900000, 0x0000000080900000|100%| O|  |TAMS 0x0000000080900000, 0x0000000080800000| Untracked 
|   9|0x0000000080900000, 0x0000000080a00000, 0x0000000080a00000|100%| O|  |TAMS 0x0000000080a00000, 0x0000000080900000| Untracked 
|  10|0x0000000080a00000, 0x0000000080b00000, 0x0000000080b00000|100%| O|  |TAMS 0x0000000080b00000, 0x0000000080a00000| Untracked 
|  11|0x0000000080b00000, 0x0000000080c00000, 0x0000000080c00000|100%| O|  |TAMS 0x0000000080c00000, 0x0000000080b00000| Untracked 
|  12|0x0000000080c00000, 0x0000000080d00000, 0x0000000080d00000|100%| O|  |TAMS 0x0000000080d00000, 0x0000000080c00000| Untracked 
|  13|0x0000000080d00000, 0x0000000080e00000, 0x0000000080e00000|100%| O|  |TAMS 0x0000000080e00000, 0x0000000080d00000| Untracked 
|  14|0x0000000080e00000, 0x0000000080e00000, 0x0000000080f00000|  0%| F|  |TAMS 0x0000000080e00000, 0x0000000080e00000| Untracked 
|  15|0x0000000080f00000, 0x0000000080f00000, 0x0000000081000000|  0%| F|  |TAMS 0x0000000080f00000, 0x0000000080f00000| Untracked 
|  16|0x0000000081000000, 0x0000000081000000, 0x0000000081100000|  0%| F|  |TAMS 0x0000000081000000, 0x0000000081000000| Untracked 
|  17|0x0000000081100000, 0x0000000081200000, 0x0000000081200000|100%| O|  |TAMS 0x0000000081200000, 0x0000000081100000| Untracked 
|  18|0x0000000081200000, 0x0000000081300000, 0x0000000081300000|100%| O|  |TAMS 0x0000000081300000, 0x0000000081200000| Untracked 
|  19|0x0000000081300000, 0x0000000081400000, 0x0000000081400000|100%| O|  |TAMS 0x0000000081400000, 0x0000000081300000| Untracked 
|  20|0x0000000081400000, 0x000000008147a000, 0x0000000081500000| 47%| O|  |TAMS 0x000000008147a000, 0x0000000081400000| Untracked 
|  21|0x0000000081500000, 0x0000000081500000, 0x0000000081600000|  0%| F|  |TAMS 0x0000000081500000, 0x0000000081500000| Untracked 
|  22|0x0000000081600000, 0x0000000081600000, 0x0000000081700000|  0%| F|  |TAMS 0x0000000081600000, 0x0000000081600000| Untracked 
|  23|0x0000000081700000, 0x0000000081700000, 0x0000000081800000|  0%| F|  |TAMS 0x0000000081700000, 0x0000000081700000| Untracked 
|  24|0x0000000081800000, 0x0000000081800000, 0x0000000081900000|  0%| F|  |TAMS 0x0000000081800000, 0x0000000081800000| Untracked 
|  25|0x0000000081900000, 0x0000000081900000, 0x0000000081a00000|  0%| F|  |TAMS 0x0000000081900000, 0x0000000081900000| Untracked 
|  26|0x0000000081a00000, 0x0000000081a00000, 0x0000000081b00000|  0%| F|  |TAMS 0x0000000081a00000, 0x0000000081a00000| Untracked 
|  27|0x0000000081b00000, 0x0000000081b00000, 0x0000000081c00000|  0%| F|  |TAMS 0x0000000081b00000, 0x0000000081b00000| Untracked 
|  28|0x0000000081c00000, 0x0000000081c00000, 0x0000000081d00000|  0%| F|  |TAMS 0x0000000081c00000, 0x0000000081c00000| Untracked 
|  29|0x0000000081d00000, 0x0000000081d00000, 0x0000000081e00000|  0%| F|  |TAMS 0x0000000081d00000, 0x0000000081d00000| Untracked 
|  30|0x0000000081e00000, 0x0000000081e00000, 0x0000000081f00000|  0%| F|  |TAMS 0x0000000081e00000, 0x0000000081e00000| Untracked 
|  31|0x0000000081f00000, 0x0000000081f00000, 0x0000000082000000|  0%| F|  |TAMS 0x0000000081f00000, 0x0000000081f00000| Untracked 
|  32|0x0000000082000000, 0x0000000082000000, 0x0000000082100000|  0%| F|  |TAMS 0x0000000082000000, 0x0000000082000000| Untracked 
|  33|0x0000000082100000, 0x0000000082100000, 0x0000000082200000|  0%| F|  |TAMS 0x0000000082100000, 0x0000000082100000| Untracked 
|  34|0x0000000082200000, 0x0000000082200000, 0x0000000082300000|  0%| F|  |TAMS 0x0000000082200000, 0x0000000082200000| Untracked 
|  35|0x0000000082300000, 0x0000000082300000, 0x0000000082400000|  0%| F|  |TAMS 0x0000000082300000, 0x0000000082300000| Untracked 
|  36|0x0000000082400000, 0x0000000082400000, 0x0000000082500000|  0%| F|  |TAMS 0x0000000082400000, 0x0000000082400000| Untracked 
|  37|0x0000000082500000, 0x0000000082500000, 0x0000000082600000|  0%| F|  |TAMS 0x0000000082500000, 0x0000000082500000| Untracked 
|  38|0x0000000082600000, 0x0000000082600000, 0x0000000082700000|  0%| F|  |TAMS 0x0000000082600000, 0x0000000082600000| Untracked 
|  39|0x0000000082700000, 0x0000000082700000, 0x0000000082800000|  0%| F|  |TAMS 0x0000000082700000, 0x0000000082700000| Untracked 
|  40|0x0000000082800000, 0x0000000082800000, 0x0000000082900000|  0%| F|  |TAMS 0x0000000082800000, 0x0000000082800000| Untracked 
|  41|0x0000000082900000, 0x0000000082900000, 0x0000000082a00000|  0%| F|  |TAMS 0x0000000082900000, 0x0000000082900000| Untracked 
|  42|0x0000000082a00000, 0x0000000082a00000, 0x0000000082b00000|  0%| F|  |TAMS 0x0000000082a00000, 0x0000000082a00000| Untracked 
|  43|0x0000000082b00000, 0x0000000082b00000, 0x0000000082c00000|  0%| F|  |TAMS 0x0000000082b00000, 0x0000000082b00000| Untracked 
|  44|0x0000000082c00000, 0x0000000082c00000, 0x0000000082d00000|  0%| F|  |TAMS 0x0000000082c00000, 0x0000000082c00000| Untracked 
|  45|0x0000000082d00000, 0x0000000082d00000, 0x0000000082e00000|  0%| F|  |TAMS 0x0000000082d00000, 0x0000000082d00000| Untracked 
|  46|0x0000000082e00000, 0x0000000082e00000, 0x0000000082f00000|  0%| F|  |TAMS 0x0000000082e00000, 0x0000000082e00000| Untracked 
|  47|0x0000000082f00000, 0x0000000082f00000, 0x0000000083000000|  0%| F|  |TAMS 0x0000000082f00000, 0x0000000082f00000| Untracked 
|  48|0x0000000083000000, 0x0000000083000000, 0x0000000083100000|  0%| F|  |TAMS 0x0000000083000000, 0x0000000083000000| Untracked 
|  49|0x0000000083100000, 0x0000000083100000, 0x0000000083200000|  0%| F|  |TAMS 0x0000000083100000, 0x0000000083100000| Untracked 
|  50|0x0000000083200000, 0x0000000083300000, 0x0000000083300000|100%| S|CS|TAMS 0x0000000083200000, 0x0000000083200000| Complete 
|  51|0x0000000083300000, 0x0000000083400000, 0x0000000083400000|100%| S|CS|TAMS 0x0000000083300000, 0x0000000083300000| Complete 
|  52|0x0000000083400000, 0x0000000083500000, 0x0000000083500000|100%| S|CS|TAMS 0x0000000083400000, 0x0000000083400000| Complete 
|  53|0x0000000083500000, 0x0000000083600000, 0x0000000083600000|100%| S|CS|TAMS 0x0000000083500000, 0x0000000083500000| Complete 
|  54|0x0000000083600000, 0x0000000083700000, 0x0000000083700000|100%| S|CS|TAMS 0x0000000083600000, 0x0000000083600000| Complete 
|  55|0x0000000083700000, 0x0000000083800000, 0x0000000083800000|100%| S|CS|TAMS 0x0000000083700000, 0x0000000083700000| Complete 
|  56|0x0000000083800000, 0x0000000083900000, 0x0000000083900000|100%| S|CS|TAMS 0x0000000083800000, 0x0000000083800000| Complete 
|  57|0x0000000083900000, 0x0000000083a00000, 0x0000000083a00000|100%| S|CS|TAMS 0x0000000083900000, 0x0000000083900000| Complete 
|  58|0x0000000083a00000, 0x0000000083b00000, 0x0000000083b00000|100%| S|CS|TAMS 0x0000000083a00000, 0x0000000083a00000| Complete 
|  59|0x0000000083b00000, 0x0000000083c00000, 0x0000000083c00000|100%| S|CS|TAMS 0x0000000083b00000, 0x0000000083b00000| Complete 
|  60|0x0000000083c00000, 0x0000000083d00000, 0x0000000083d00000|100%| S|CS|TAMS 0x0000000083c00000, 0x0000000083c00000| Complete 
|  61|0x0000000083d00000, 0x0000000083d00000, 0x0000000083e00000|  0%| F|  |TAMS 0x0000000083d00000, 0x0000000083d00000| Untracked 
|  62|0x0000000083e00000, 0x0000000083e00000, 0x0000000083f00000|  0%| F|  |TAMS 0x0000000083e00000, 0x0000000083e00000| Untracked 
|  63|0x0000000083f00000, 0x0000000083f00000, 0x0000000084000000|  0%| F|  |TAMS 0x0000000083f00000, 0x0000000083f00000| Untracked 
|  64|0x0000000084000000, 0x0000000084000000, 0x0000000084100000|  0%| F|  |TAMS 0x0000000084000000, 0x0000000084000000| Untracked 
|  65|0x0000000084100000, 0x0000000084100000, 0x0000000084200000|  0%| F|  |TAMS 0x0000000084100000, 0x0000000084100000| Untracked 
|  66|0x0000000084200000, 0x0000000084200000, 0x0000000084300000|  0%| F|  |TAMS 0x0000000084200000, 0x0000000084200000| Untracked 
|  67|0x0000000084300000, 0x0000000084300000, 0x0000000084400000|  0%| F|  |TAMS 0x0000000084300000, 0x0000000084300000| Untracked 
|  68|0x0000000084400000, 0x0000000084400000, 0x0000000084500000|  0%| F|  |TAMS 0x0000000084400000, 0x0000000084400000| Untracked 
|  69|0x0000000084500000, 0x0000000084500000, 0x0000000084600000|  0%| F|  |TAMS 0x0000000084500000, 0x0000000084500000| Untracked 
|  70|0x0000000084600000, 0x0000000084600000, 0x0000000084700000|  0%| F|  |TAMS 0x0000000084600000, 0x0000000084600000| Untracked 
|  71|0x0000000084700000, 0x0000000084700000, 0x0000000084800000|  0%| F|  |TAMS 0x0000000084700000, 0x0000000084700000| Untracked 
|  72|0x0000000084800000, 0x0000000084800000, 0x0000000084900000|  0%| F|  |TAMS 0x0000000084800000, 0x0000000084800000| Untracked 
|  73|0x0000000084900000, 0x0000000084900000, 0x0000000084a00000|  0%| F|  |TAMS 0x0000000084900000, 0x0000000084900000| Untracked 
|  74|0x0000000084a00000, 0x0000000084a00000, 0x0000000084b00000|  0%| F|  |TAMS 0x0000000084a00000, 0x0000000084a00000| Untracked 
|  75|0x0000000084b00000, 0x0000000084b00000, 0x0000000084c00000|  0%| F|  |TAMS 0x0000000084b00000, 0x0000000084b00000| Untracked 
|  76|0x0000000084c00000, 0x0000000084c00000, 0x0000000084d00000|  0%| F|  |TAMS 0x0000000084c00000, 0x0000000084c00000| Untracked 
|  77|0x0000000084d00000, 0x0000000084d00000, 0x0000000084e00000|  0%| F|  |TAMS 0x0000000084d00000, 0x0000000084d00000| Untracked 
|  78|0x0000000084e00000, 0x0000000084e00000, 0x0000000084f00000|  0%| F|  |TAMS 0x0000000084e00000, 0x0000000084e00000| Untracked 
|  79|0x0000000084f00000, 0x0000000084f00000, 0x0000000085000000|  0%| F|  |TAMS 0x0000000084f00000, 0x0000000084f00000| Untracked 
|  80|0x0000000085000000, 0x0000000085000000, 0x0000000085100000|  0%| F|  |TAMS 0x0000000085000000, 0x0000000085000000| Untracked 
|  81|0x0000000085100000, 0x0000000085100000, 0x0000000085200000|  0%| F|  |TAMS 0x0000000085100000, 0x0000000085100000| Untracked 
|  82|0x0000000085200000, 0x0000000085200000, 0x0000000085300000|  0%| F|  |TAMS 0x0000000085200000, 0x0000000085200000| Untracked 
|  83|0x0000000085300000, 0x0000000085300000, 0x0000000085400000|  0%| F|  |TAMS 0x0000000085300000, 0x0000000085300000| Untracked 
|  84|0x0000000085400000, 0x0000000085400000, 0x0000000085500000|  0%| F|  |TAMS 0x0000000085400000, 0x0000000085400000| Untracked 
|  85|0x0000000085500000, 0x0000000085500000, 0x0000000085600000|  0%| F|  |TAMS 0x0000000085500000, 0x0000000085500000| Untracked 
|  86|0x0000000085600000, 0x0000000085600000, 0x0000000085700000|  0%| F|  |TAMS 0x0000000085600000, 0x0000000085600000| Untracked 
|  87|0x0000000085700000, 0x0000000085700000, 0x0000000085800000|  0%| F|  |TAMS 0x0000000085700000, 0x0000000085700000| Untracked 
|  88|0x0000000085800000, 0x0000000085800000, 0x0000000085900000|  0%| F|  |TAMS 0x0000000085800000, 0x0000000085800000| Untracked 
|  89|0x0000000085900000, 0x0000000085900000, 0x0000000085a00000|  0%| F|  |TAMS 0x0000000085900000, 0x0000000085900000| Untracked 
|  90|0x0000000085a00000, 0x0000000085a00000, 0x0000000085b00000|  0%| F|  |TAMS 0x0000000085a00000, 0x0000000085a00000| Untracked 
|  91|0x0000000085b00000, 0x0000000085b00000, 0x0000000085c00000|  0%| F|  |TAMS 0x0000000085b00000, 0x0000000085b00000| Untracked 
|  92|0x0000000085c00000, 0x0000000085c00000, 0x0000000085d00000|  0%| F|  |TAMS 0x0000000085c00000, 0x0000000085c00000| Untracked 
|  93|0x0000000085d00000, 0x0000000085d00000, 0x0000000085e00000|  0%| F|  |TAMS 0x0000000085d00000, 0x0000000085d00000| Untracked 
|  94|0x0000000085e00000, 0x0000000085e00000, 0x0000000085f00000|  0%| F|  |TAMS 0x0000000085e00000, 0x0000000085e00000| Untracked 
|  95|0x0000000085f00000, 0x0000000085f00000, 0x0000000086000000|  0%| F|  |TAMS 0x0000000085f00000, 0x0000000085f00000| Untracked 
|  96|0x0000000086000000, 0x0000000086000000, 0x0000000086100000|  0%| F|  |TAMS 0x0000000086000000, 0x0000000086000000| Untracked 
|  97|0x0000000086100000, 0x0000000086100000, 0x0000000086200000|  0%| F|  |TAMS 0x0000000086100000, 0x0000000086100000| Untracked 
|  98|0x0000000086200000, 0x0000000086200000, 0x0000000086300000|  0%| F|  |TAMS 0x0000000086200000, 0x0000000086200000| Untracked 
|  99|0x0000000086300000, 0x0000000086300000, 0x0000000086400000|  0%| F|  |TAMS 0x0000000086300000, 0x0000000086300000| Untracked 
| 100|0x0000000086400000, 0x0000000086400000, 0x0000000086500000|  0%| F|  |TAMS 0x0000000086400000, 0x0000000086400000| Untracked 
| 101|0x0000000086500000, 0x0000000086500000, 0x0000000086600000|  0%| F|  |TAMS 0x0000000086500000, 0x0000000086500000| Untracked 
| 102|0x0000000086600000, 0x0000000086600000, 0x0000000086700000|  0%| F|  |TAMS 0x0000000086600000, 0x0000000086600000| Untracked 
| 103|0x0000000086700000, 0x0000000086700000, 0x0000000086800000|  0%| F|  |TAMS 0x0000000086700000, 0x0000000086700000| Untracked 
| 104|0x0000000086800000, 0x0000000086800000, 0x0000000086900000|  0%| F|  |TAMS 0x0000000086800000, 0x0000000086800000| Untracked 
| 105|0x0000000086900000, 0x0000000086900000, 0x0000000086a00000|  0%| F|  |TAMS 0x0000000086900000, 0x0000000086900000| Untracked 
| 106|0x0000000086a00000, 0x0000000086a00000, 0x0000000086b00000|  0%| F|  |TAMS 0x0000000086a00000, 0x0000000086a00000| Untracked 
| 107|0x0000000086b00000, 0x0000000086b00000, 0x0000000086c00000|  0%| F|  |TAMS 0x0000000086b00000, 0x0000000086b00000| Untracked 
| 108|0x0000000086c00000, 0x0000000086c00000, 0x0000000086d00000|  0%| F|  |TAMS 0x0000000086c00000, 0x0000000086c00000| Untracked 
| 109|0x0000000086d00000, 0x0000000086d00000, 0x0000000086e00000|  0%| F|  |TAMS 0x0000000086d00000, 0x0000000086d00000| Untracked 
| 110|0x0000000086e00000, 0x0000000086e00000, 0x0000000086f00000|  0%| F|  |TAMS 0x0000000086e00000, 0x0000000086e00000| Untracked 
| 111|0x0000000086f00000, 0x0000000086f00000, 0x0000000087000000|  0%| F|  |TAMS 0x0000000086f00000, 0x0000000086f00000| Untracked 
| 112|0x0000000087000000, 0x0000000087000000, 0x0000000087100000|  0%| F|  |TAMS 0x0000000087000000, 0x0000000087000000| Untracked 
| 113|0x0000000087100000, 0x0000000087100000, 0x0000000087200000|  0%| F|  |TAMS 0x0000000087100000, 0x0000000087100000| Untracked 
| 114|0x0000000087200000, 0x0000000087200000, 0x0000000087300000|  0%| F|  |TAMS 0x0000000087200000, 0x0000000087200000| Untracked 
| 115|0x0000000087300000, 0x0000000087300000, 0x0000000087400000|  0%| F|  |TAMS 0x0000000087300000, 0x0000000087300000| Untracked 
| 116|0x0000000087400000, 0x0000000087400000, 0x0000000087500000|  0%| F|  |TAMS 0x0000000087400000, 0x0000000087400000| Untracked 
| 117|0x0000000087500000, 0x0000000087500000, 0x0000000087600000|  0%| F|  |TAMS 0x0000000087500000, 0x0000000087500000| Untracked 
| 118|0x0000000087600000, 0x0000000087600000, 0x0000000087700000|  0%| F|  |TAMS 0x0000000087600000, 0x0000000087600000| Untracked 
| 119|0x0000000087700000, 0x0000000087700000, 0x0000000087800000|  0%| F|  |TAMS 0x0000000087700000, 0x0000000087700000| Untracked 
| 120|0x0000000087800000, 0x0000000087800000, 0x0000000087900000|  0%| F|  |TAMS 0x0000000087800000, 0x0000000087800000| Untracked 
| 121|0x0000000087900000, 0x0000000087900000, 0x0000000087a00000|  0%| F|  |TAMS 0x0000000087900000, 0x0000000087900000| Untracked 
| 122|0x0000000087a00000, 0x0000000087a00000, 0x0000000087b00000|  0%| F|  |TAMS 0x0000000087a00000, 0x0000000087a00000| Untracked 
| 123|0x0000000087b00000, 0x0000000087b00000, 0x0000000087c00000|  0%| F|  |TAMS 0x0000000087b00000, 0x0000000087b00000| Untracked 
| 124|0x0000000087c00000, 0x0000000087c00000, 0x0000000087d00000|  0%| F|  |TAMS 0x0000000087c00000, 0x0000000087c00000| Untracked 
| 125|0x0000000087d00000, 0x0000000087d00000, 0x0000000087e00000|  0%| F|  |TAMS 0x0000000087d00000, 0x0000000087d00000| Untracked 
| 126|0x0000000087e00000, 0x0000000087e00000, 0x0000000087f00000|  0%| F|  |TAMS 0x0000000087e00000, 0x0000000087e00000| Untracked 
| 127|0x0000000087f00000, 0x0000000087f00000, 0x0000000088000000|  0%| F|  |TAMS 0x0000000087f00000, 0x0000000087f00000| Untracked 
| 128|0x0000000088000000, 0x0000000088000000, 0x0000000088100000|  0%| F|  |TAMS 0x0000000088000000, 0x0000000088000000| Untracked 
| 129|0x0000000088100000, 0x0000000088100000, 0x0000000088200000|  0%| F|  |TAMS 0x0000000088100000, 0x0000000088100000| Untracked 
| 130|0x0000000088200000, 0x0000000088200000, 0x0000000088300000|  0%| F|  |TAMS 0x0000000088200000, 0x0000000088200000| Untracked 
| 131|0x0000000088300000, 0x0000000088300000, 0x0000000088400000|  0%| F|  |TAMS 0x0000000088300000, 0x0000000088300000| Untracked 
| 132|0x0000000088400000, 0x0000000088400000, 0x0000000088500000|  0%| F|  |TAMS 0x0000000088400000, 0x0000000088400000| Untracked 
| 133|0x0000000088500000, 0x0000000088500000, 0x0000000088600000|  0%| F|  |TAMS 0x0000000088500000, 0x0000000088500000| Untracked 
| 134|0x0000000088600000, 0x0000000088600000, 0x0000000088700000|  0%| F|  |TAMS 0x0000000088600000, 0x0000000088600000| Untracked 
| 135|0x0000000088700000, 0x0000000088700000, 0x0000000088800000|  0%| F|  |TAMS 0x0000000088700000, 0x0000000088700000| Untracked 
| 136|0x0000000088800000, 0x0000000088800000, 0x0000000088900000|  0%| F|  |TAMS 0x0000000088800000, 0x0000000088800000| Untracked 
| 137|0x0000000088900000, 0x0000000088900000, 0x0000000088a00000|  0%| F|  |TAMS 0x0000000088900000, 0x0000000088900000| Untracked 
| 138|0x0000000088a00000, 0x0000000088a00000, 0x0000000088b00000|  0%| F|  |TAMS 0x0000000088a00000, 0x0000000088a00000| Untracked 
| 139|0x0000000088b00000, 0x0000000088b80800, 0x0000000088c00000| 50%| E|  |TAMS 0x0000000088b00000, 0x0000000088b00000| Complete 
| 140|0x0000000088c00000, 0x0000000088d00000, 0x0000000088d00000|100%| E|CS|TAMS 0x0000000088c00000, 0x0000000088c00000| Complete 
| 141|0x0000000088d00000, 0x0000000088e00000, 0x0000000088e00000|100%| E|CS|TAMS 0x0000000088d00000, 0x0000000088d00000| Complete 

Card table byte_map: [0x0000029f49050000,0x0000029f49450000] _byte_map_base: 0x0000029f48c50000

Marking Bits (Prev, Next): (CMBitMap*) 0x0000029f34369d60, (CMBitMap*) 0x0000029f34369d28
 Prev Bits: [0x0000029f4b850000, 0x0000029f4d850000)
 Next Bits: [0x0000029f49850000, 0x0000029f4b850000)

Polling page: 0x0000029f34400000

Metaspace:

Usage:
  Non-class:     36.18 MB capacity,    35.58 MB ( 98%) used,   514.86 KB (  1%) free+waste,   102.94 KB ( <1%) overhead. 
      Class:      5.54 MB capacity,     5.17 MB ( 93%) used,   331.23 KB (  6%) free+waste,    49.75 KB ( <1%) overhead. 
       Both:     41.73 MB capacity,    40.75 MB ( 98%) used,   846.09 KB (  2%) free+waste,   152.69 KB ( <1%) overhead. 

Virtual space:
  Non-class space:       38.00 MB reserved,      36.38 MB ( 96%) committed 
      Class space:        1.00 GB reserved,       5.65 MB ( <1%) committed 
             Both:        1.04 GB reserved,      42.03 MB (  4%) committed 

Chunk freelists:
   Non-Class:  10.00 KB
       Class:  19.00 KB
        Both:  29.00 KB

MaxMetaspaceSize: 17179869184.00 GB
CompressedClassSpaceSize: 1.00 GB
Initial GC threshold: 20.80 MB
Current GC threshold: 70.05 MB
CDS: off

CodeHeap 'non-profiled nmethods': size=120064Kb used=2040Kb max_used=2040Kb free=118023Kb
 bounds [0x0000029f410f0000, 0x0000029f41360000, 0x0000029f48630000]
CodeHeap 'profiled nmethods': size=120000Kb used=7879Kb max_used=7879Kb free=112120Kb
 bounds [0x0000029f39bc0000, 0x0000029f3a380000, 0x0000029f410f0000]
CodeHeap 'non-nmethods': size=5696Kb used=2277Kb max_used=2312Kb free=3418Kb
 bounds [0x0000029f39630000, 0x0000029f398a0000, 0x0000029f39bc0000]
 total_blobs=4520 nmethods=3747 adapters=685
 compilation: enabled
              stopped_count=0, restarted_count=0
 full_count=0

Compilation events (20 events):
Event: 4.821 Thread 0x0000029f50864000 3738       1       org.gradle.internal.operations.BuildOperationDescriptor::getId (5 bytes)
Event: 4.821 Thread 0x0000029f50864000 nmethod 3738 0x0000029f412e4d90 code [0x0000029f412e4f40, 0x0000029f412e4ff8]
Event: 4.821 Thread 0x0000029f50864000 3739       3       org.gradle.internal.logging.slf4j.OutputEventListenerBackedLogger::isLevelAtMost (20 bytes)
Event: 4.821 Thread 0x0000029f50864000 nmethod 3739 0x0000029f3a361a90 code [0x0000029f3a361c60, 0x0000029f3a361f88]
Event: 4.821 Thread 0x0000029f50864000 3740       3       org.gradle.internal.logging.slf4j.OutputEventListenerBackedLoggerContext::getLevel (11 bytes)
Event: 4.821 Thread 0x0000029f50864000 nmethod 3740 0x0000029f3a362110 code [0x0000029f3a3622c0, 0x0000029f3a3624d8]
Event: 4.837 Thread 0x0000029f50864000 3741       3       java.util.HashMap::removeNode (291 bytes)
Event: 4.838 Thread 0x0000029f50864000 nmethod 3741 0x0000029f3a362590 code [0x0000029f3a362820, 0x0000029f3a363a98]
Event: 4.842 Thread 0x0000029f50864000 3742       3       java.io.File::getName (42 bytes)
Event: 4.842 Thread 0x0000029f50864000 nmethod 3742 0x0000029f3a363f10 code [0x0000029f3a364140, 0x0000029f3a364678]
Event: 4.876 Thread 0x0000029f50864000 3743       3       java.util.TreeMap::rotateLeft (96 bytes)
Event: 4.876 Thread 0x0000029f50864000 nmethod 3743 0x0000029f3a364890 code [0x0000029f3a364a80, 0x0000029f3a364f98]
Event: 4.876 Thread 0x0000029f50864000 3744       3       java.util.TreeMap::rotateRight (96 bytes)
Event: 4.876 Thread 0x0000029f50864000 nmethod 3744 0x0000029f3a365110 code [0x0000029f3a365300, 0x0000029f3a365818]
Event: 4.877 Thread 0x0000029f50864000 3745       3       java.lang.Class::copyFields (36 bytes)
Event: 4.877 Thread 0x0000029f50864000 nmethod 3745 0x0000029f3a365990 code [0x0000029f3a365be0, 0x0000029f3a366598]
Event: 4.878 Thread 0x0000029f50864000 3746       3       java.util.ArrayDeque::removeFirst (19 bytes)
Event: 4.878 Thread 0x0000029f50864000 nmethod 3746 0x0000029f3a366910 code [0x0000029f3a366ae0, 0x0000029f3a366d18]
Event: 4.878 Thread 0x0000029f50864000 3747       3       org.gradle.internal.instantiation.generator.AbstractClassGenerator$PropertyMetadata::<init> (65 bytes)
Event: 4.878 Thread 0x0000029f50864000 nmethod 3747 0x0000029f3a366e10 code [0x0000029f3a3670c0, 0x0000029f3a367f78]

GC Heap History (16 events):
Event: 0.501 GC heap before
{Heap before GC invocations=0 (full 0):
 garbage-first heap   total 120832K, used 16384K [0x0000000080000000, 0x0000000100000000)
  region size 1024K, 14 young (14336K), 0 survivors (0K)
 Metaspace       used 6764K, capacity 7001K, committed 7168K, reserved 1056768K
  class space    used 573K, capacity 650K, committed 768K, reserved 1048576K
}
Event: 0.504 GC heap after
{Heap after GC invocations=1 (full 0):
 garbage-first heap   total 120832K, used 4094K [0x0000000080000000, 0x0000000100000000)
  region size 1024K, 2 young (2048K), 2 survivors (2048K)
 Metaspace       used 6764K, capacity 7001K, committed 7168K, reserved 1056768K
  class space    used 573K, capacity 650K, committed 768K, reserved 1048576K
}
Event: 0.946 GC heap before
{Heap before GC invocations=1 (full 0):
 garbage-first heap   total 120832K, used 29694K [0x0000000080000000, 0x0000000100000000)
  region size 1024K, 24 young (24576K), 2 survivors (2048K)
 Metaspace       used 11219K, capacity 11456K, committed 11520K, reserved 1058816K
  class space    used 1153K, capacity 1244K, committed 1280K, reserved 1048576K
}
Event: 0.950 GC heap after
{Heap after GC invocations=2 (full 0):
 garbage-first heap   total 120832K, used 10147K [0x0000000080000000, 0x0000000100000000)
  region size 1024K, 3 young (3072K), 3 survivors (3072K)
 Metaspace       used 11219K, capacity 11456K, committed 11520K, reserved 1058816K
  class space    used 1153K, capacity 1244K, committed 1280K, reserved 1048576K
}
Event: 1.162 GC heap before
{Heap before GC invocations=2 (full 0):
 garbage-first heap   total 120832K, used 37795K [0x0000000080000000, 0x0000000100000000)
  region size 1024K, 30 young (30720K), 3 survivors (3072K)
 Metaspace       used 11467K, capacity 11832K, committed 12160K, reserved 1060864K
  class space    used 1188K, capacity 1284K, committed 1408K, reserved 1048576K
}
Event: 1.166 GC heap after
{Heap after GC invocations=3 (full 0):
 garbage-first heap   total 120832K, used 14236K [0x0000000080000000, 0x0000000100000000)
  region size 1024K, 4 young (4096K), 4 survivors (4096K)
 Metaspace       used 11467K, capacity 11832K, committed 12160K, reserved 1060864K
  class space    used 1188K, capacity 1284K, committed 1408K, reserved 1048576K
}
Event: 2.250 GC heap before
{Heap before GC invocations=3 (full 0):
 garbage-first heap   total 120832K, used 53148K [0x0000000080000000, 0x0000000100000000)
  region size 1024K, 42 young (43008K), 4 survivors (4096K)
 Metaspace       used 19045K, capacity 19461K, committed 19584K, reserved 1067008K
  class space    used 2239K, capacity 2385K, committed 2432K, reserved 1048576K
}
Event: 2.255 GC heap after
{Heap after GC invocations=4 (full 0):
 garbage-first heap   total 120832K, used 16993K [0x0000000080000000, 0x0000000100000000)
  region size 1024K, 3 young (3072K), 3 survivors (3072K)
 Metaspace       used 19045K, capacity 19461K, committed 19584K, reserved 1067008K
  class space    used 2239K, capacity 2385K, committed 2432K, reserved 1048576K
}
Event: 2.398 GC heap before
{Heap before GC invocations=4 (full 0):
 garbage-first heap   total 120832K, used 35425K [0x0000000080000000, 0x0000000100000000)
  region size 1024K, 22 young (22528K), 3 survivors (3072K)
 Metaspace       used 20791K, capacity 21195K, committed 21296K, reserved 1069056K
  class space    used 2523K, capacity 2685K, committed 2688K, reserved 1048576K
}
Event: 2.402 GC heap after
{Heap after GC invocations=5 (full 0):
 garbage-first heap   total 145408K, used 17477K [0x0000000080000000, 0x0000000100000000)
  region size 1024K, 4 young (4096K), 4 survivors (4096K)
 Metaspace       used 20791K, capacity 21195K, committed 21296K, reserved 1069056K
  class space    used 2523K, capacity 2685K, committed 2688K, reserved 1048576K
}
Event: 3.122 GC heap before
{Heap before GC invocations=6 (full 0):
 garbage-first heap   total 145408K, used 70725K [0x0000000080000000, 0x0000000100000000)
  region size 1024K, 56 young (57344K), 4 survivors (4096K)
 Metaspace       used 26512K, capacity 27203K, committed 27516K, reserved 1073152K
  class space    used 3456K, capacity 3723K, committed 3788K, reserved 1048576K
}
Event: 3.127 GC heap after
{Heap after GC invocations=7 (full 0):
 garbage-first heap   total 145408K, used 19411K [0x0000000080000000, 0x0000000100000000)
  region size 1024K, 5 young (5120K), 5 survivors (5120K)
 Metaspace       used 26512K, capacity 27203K, committed 27516K, reserved 1073152K
  class space    used 3456K, capacity 3723K, committed 3788K, reserved 1048576K
}
Event: 3.984 GC heap before
{Heap before GC invocations=7 (full 0):
 garbage-first heap   total 145408K, used 86995K [0x0000000080000000, 0x0000000100000000)
  region size 1024K, 72 young (73728K), 5 survivors (5120K)
 Metaspace       used 35100K, capacity 35958K, committed 36048K, reserved 1081344K
  class space    used 4571K, capacity 4921K, committed 4940K, reserved 1048576K
}
Event: 3.995 GC heap after
{Heap after GC invocations=8 (full 0):
 garbage-first heap   total 145408K, used 23143K [0x0000000080000000, 0x0000000100000000)
  region size 1024K, 9 young (9216K), 9 survivors (9216K)
 Metaspace       used 35100K, capacity 35958K, committed 36048K, reserved 1081344K
  class space    used 4571K, capacity 4921K, committed 4940K, reserved 1048576K
}
Event: 4.852 GC heap before
{Heap before GC invocations=9 (full 0):
 garbage-first heap   total 145408K, used 99943K [0x0000000080000000, 0x0000000100000000)
  region size 1024K, 81 young (82944K), 9 survivors (9216K)
 Metaspace       used 41629K, capacity 42628K, committed 42780K, reserved 1087488K
  class space    used 5275K, capacity 5644K, committed 5784K, reserved 1048576K
}
Event: 4.872 GC heap after
{Heap after GC invocations=10 (full 0):
 garbage-first heap   total 145408K, used 29160K [0x0000000080000000, 0x0000000100000000)
  region size 1024K, 11 young (11264K), 11 survivors (11264K)
 Metaspace       used 41629K, capacity 42628K, committed 42780K, reserved 1087488K
  class space    used 5275K, capacity 5644K, committed 5784K, reserved 1048576K
}

Deoptimization events (20 events):
Event: 4.445 Thread 0x0000029f519aa000 DEOPT PACKING pc=0x0000029f412938a8 sp=0x000000ba367f7ba0
Event: 4.445 Thread 0x0000029f519aa000 DEOPT UNPACKING pc=0x0000029f3967a1af sp=0x000000ba367f7ad0 mode 2
Event: 4.445 Thread 0x0000029f519aa000 Uncommon trap: trap_request=0xffffffde fr.pc=0x0000029f412938a8 relative=0x0000000000000428
Event: 4.445 Thread 0x0000029f519aa000 Uncommon trap: reason=class_check action=maybe_recompile pc=0x0000029f412938a8 method=java.util.regex.Pattern$Start.match(Ljava/util/regex/Matcher;ILjava/lang/CharSequence;)Z @ 44 c2
Event: 4.445 Thread 0x0000029f519aa000 DEOPT PACKING pc=0x0000029f412938a8 sp=0x000000ba367f7ba0
Event: 4.445 Thread 0x0000029f519aa000 DEOPT UNPACKING pc=0x0000029f3967a1af sp=0x000000ba367f7ad0 mode 2
Event: 4.445 Thread 0x0000029f519aa000 Uncommon trap: trap_request=0xffffffde fr.pc=0x0000029f412958cc relative=0x00000000000002ec
Event: 4.445 Thread 0x0000029f519aa000 Uncommon trap: reason=class_check action=maybe_recompile pc=0x0000029f412958cc method=java.util.regex.Pattern$Start.match(Ljava/util/regex/Matcher;ILjava/lang/CharSequence;)Z @ 44 c2
Event: 4.445 Thread 0x0000029f519aa000 DEOPT PACKING pc=0x0000029f412958cc sp=0x000000ba367f7b00
Event: 4.445 Thread 0x0000029f519aa000 DEOPT UNPACKING pc=0x0000029f3967a1af sp=0x000000ba367f7ac0 mode 2
Event: 4.532 Thread 0x0000029f519aa000 Uncommon trap: trap_request=0xffffff4d fr.pc=0x0000029f411fc618 relative=0x00000000000001b8
Event: 4.532 Thread 0x0000029f519aa000 Uncommon trap: reason=unstable_if action=reinterpret pc=0x0000029f411fc618 method=java.util.HashMap.putVal(ILjava/lang/Object;Ljava/lang/Object;ZZ)Ljava/lang/Object; @ 162 c2
Event: 4.532 Thread 0x0000029f519aa000 DEOPT PACKING pc=0x0000029f411fc618 sp=0x000000ba367fa810
Event: 4.532 Thread 0x0000029f519aa000 DEOPT UNPACKING pc=0x0000029f3967a1af sp=0x000000ba367fa790 mode 2
Event: 4.657 Thread 0x0000029f519aa000 DEOPT PACKING pc=0x0000029f3a204eaf sp=0x000000ba367f0960
Event: 4.657 Thread 0x0000029f519aa000 DEOPT UNPACKING pc=0x0000029f3967a95e sp=0x000000ba367efde8 mode 0
Event: 4.789 Thread 0x0000029f519aa000 Uncommon trap: trap_request=0xffffff4d fr.pc=0x0000029f412adcb0 relative=0x0000000000000110
Event: 4.789 Thread 0x0000029f519aa000 Uncommon trap: reason=unstable_if action=reinterpret pc=0x0000029f412adcb0 method=java.util.Arrays.hashCode([Ljava/lang/Object;)I @ 34 c2
Event: 4.789 Thread 0x0000029f519aa000 DEOPT PACKING pc=0x0000029f412adcb0 sp=0x000000ba367f9120
Event: 4.789 Thread 0x0000029f519aa000 DEOPT UNPACKING pc=0x0000029f3967a1af sp=0x000000ba367f9098 mode 2

Classes redefined (0 events):
No events

Internal exceptions (20 events):
Event: 4.734 Thread 0x0000029f519aa000 Exception <a 'java/lang/NoSuchMethodError'{0x0000000084ec6290}: 'void java.lang.invoke.DirectMethodHandle$Holder.invokeInterface(java.lang.Object, java.lang.Object)'> (0x0000000084ec6290) thrown at [src/hotspot/share/interpreter/linkResolver.cpp, line 773]
Event: 4.749 Thread 0x0000029f519aa000 Exception <a 'java/lang/ClassNotFoundException'{0x0000000084d94ba0}: settings_enpnzaspugzro1immqahoohdmBeanInfo> (0x0000000084d94ba0) thrown at [src/hotspot/share/classfile/systemDictionary.cpp, line 230]
Event: 4.749 Thread 0x0000029f519aa000 Exception <a 'java/lang/ClassNotFoundException'{0x0000000084da06d0}: settings_enpnzaspugzro1immqahoohdmCustomizer> (0x0000000084da06d0) thrown at [src/hotspot/share/classfile/systemDictionary.cpp, line 230]
Event: 4.755 Thread 0x0000029f519aa000 Exception <a 'java/lang/ClassNotFoundException'{0x0000000084c3a0f0}: org/gradle/internal/management/DefaultDependencyResolutionManagement_DecoratedBeanInfo> (0x0000000084c3a0f0) thrown at [src/hotspot/share/classfile/systemDictionary.cpp, line 230]
Event: 4.755 Thread 0x0000029f519aa000 Exception <a 'java/lang/ClassNotFoundException'{0x0000000084c75910}: org/gradle/internal/management/DefaultDependencyResolutionManagementBeanInfo> (0x0000000084c75910) thrown at [src/hotspot/share/classfile/systemDictionary.cpp, line 230]
Event: 4.756 Thread 0x0000029f519aa000 Exception <a 'java/lang/ClassNotFoundException'{0x0000000084cb1558}: org/gradle/internal/management/DefaultDependencyResolutionManagementCustomizer> (0x0000000084cb1558) thrown at [src/hotspot/share/classfile/systemDictionary.cpp, line 230]
Event: 4.758 Thread 0x0000029f519aa000 Exception <a 'java/lang/ClassNotFoundException'{0x0000000084b02af8}: org/gradle/internal/management/DefaultDependencyResolutionManagement_DecoratedCustomizer> (0x0000000084b02af8) thrown at [src/hotspot/share/classfile/systemDictionary.cpp, line 230]
Event: 4.766 Thread 0x0000029f519aa000 Exception <a 'java/lang/ClassNotFoundException'{0x0000000084b90e68}: org/gradle/api/initialization/resolve/RepositoriesModeBeanInfo> (0x0000000084b90e68) thrown at [src/hotspot/share/classfile/systemDictionary.cpp, line 230]
Event: 4.766 Thread 0x0000029f519aa000 Exception <a 'java/lang/ClassNotFoundException'{0x0000000084b95d30}: java/lang/EnumBeanInfo> (0x0000000084b95d30) thrown at [src/hotspot/share/classfile/systemDictionary.cpp, line 230]
Event: 4.766 Thread 0x0000029f519aa000 Exception <a 'java/lang/ClassNotFoundException'{0x0000000084b9ac18}: java/lang/EnumCustomizer> (0x0000000084b9ac18) thrown at [src/hotspot/share/classfile/systemDictionary.cpp, line 230]
Event: 4.767 Thread 0x0000029f519aa000 Exception <a 'java/lang/ClassNotFoundException'{0x0000000084bca608}: org/gradle/api/initialization/resolve/RepositoriesModeCustomizer> (0x0000000084bca608) thrown at [src/hotspot/share/classfile/systemDictionary.cpp, line 230]
Event: 4.772 Thread 0x0000029f519aa000 Exception <a 'java/lang/ClassNotFoundException'{0x0000000084a57e38}: org/gradle/api/internal/provider/DefaultPropertyBeanInfo> (0x0000000084a57e38) thrown at [src/hotspot/share/classfile/systemDictionary.cpp, line 230]
Event: 4.772 Thread 0x0000029f519aa000 Exception <a 'java/lang/ClassNotFoundException'{0x0000000084a7f050}: org/gradle/api/internal/provider/AbstractPropertyBeanInfo> (0x0000000084a7f050) thrown at [src/hotspot/share/classfile/systemDictionary.cpp, line 230]
Event: 4.773 Thread 0x0000029f519aa000 Exception <a 'java/lang/ClassNotFoundException'{0x0000000084aa8f98}: org/gradle/api/internal/provider/AbstractMinimalProviderBeanInfo> (0x0000000084aa8f98) thrown at [src/hotspot/share/classfile/systemDictionary.cpp, line 230]
Event: 4.773 Thread 0x0000029f519aa000 Exception <a 'java/lang/ClassNotFoundException'{0x0000000084ad2fa0}: org/gradle/api/internal/provider/AbstractMinimalProviderCustomizer> (0x0000000084ad2fa0) thrown at [src/hotspot/share/classfile/systemDictionary.cpp, line 230]
Event: 4.778 Thread 0x0000029f519aa000 Exception <a 'java/lang/ClassNotFoundException'{0x0000000084936ad0}: org/gradle/api/internal/provider/AbstractPropertyCustomizer> (0x0000000084936ad0) thrown at [src/hotspot/share/classfile/systemDictionary.cpp, line 230]
Event: 4.779 Thread 0x0000029f519aa000 Exception <a 'java/lang/ClassNotFoundException'{0x000000008496a400}: org/gradle/api/internal/provider/DefaultPropertyCustomizer> (0x000000008496a400) thrown at [src/hotspot/share/classfile/systemDictionary.cpp, line 230]
Event: 4.786 Thread 0x0000029f519aa000 Exception <a 'java/lang/ClassNotFoundException'{0x00000000849ff3d8}: org/gradle/initialization/DefaultProjectDescriptorBeanInfo> (0x00000000849ff3d8) thrown at [src/hotspot/share/classfile/systemDictionary.cpp, line 230]
Event: 4.787 Thread 0x0000029f519aa000 Exception <a 'java/lang/ClassNotFoundException'{0x0000000084826818}: org/gradle/initialization/DefaultProjectDescriptorCustomizer> (0x0000000084826818) thrown at [src/hotspot/share/classfile/systemDictionary.cpp, line 230]
Event: 4.789 Thread 0x0000029f519aa000 Implicit null exception at 0x0000029f412adbec to 0x0000029f412adc94

Events (20 events):
Event: 4.846 loading class org/gradle/internal/model/StateTransitionController$State
Event: 4.846 loading class org/gradle/internal/model/StateTransitionController$State done
Event: 4.846 loading class org/gradle/internal/model/StateTransitionController
Event: 4.846 loading class org/gradle/internal/model/StateTransitionController done
Event: 4.847 loading class org/gradle/api/internal/project/DefaultProject
Event: 4.847 loading class org/gradle/api/internal/project/DefaultProject done
Event: 4.849 loading class org/gradle/internal/service/scopes/GradleScopeServices$1
Event: 4.849 loading class org/gradle/internal/service/scopes/GradleScopeServices$1 done
Event: 4.850 loading class org/gradle/api/CircularReferenceException
Event: 4.850 loading class org/gradle/api/CircularReferenceException done
Event: 4.851 loading class org/gradle/api/internal/file/DefaultProjectLayout
Event: 4.851 loading class org/gradle/api/internal/file/DefaultProjectLayout done
Event: 4.851 loading class org/gradle/api/internal/file/TaskFileVarFactory
Event: 4.851 loading class org/gradle/api/internal/file/TaskFileVarFactory done
Event: 4.852 loading class org/gradle/api/internal/project/DeferredProjectConfiguration
Event: 4.852 loading class org/gradle/api/internal/project/DeferredProjectConfiguration done
Event: 4.852 Executing VM operation: G1CollectForAllocation
Event: 4.872 Executing VM operation: G1CollectForAllocation done
Event: 4.875 Executing VM operation: RevokeBias
Event: 4.875 Executing VM operation: RevokeBias done


Dynamic libraries:
0x00007ff77bac0000 - 0x00007ff77baca000 	D:\program files\Android\AS\jbr\bin\java.exe
0x00007ff876b10000 - 0x00007ff876d08000 	C:\WINDOWS\SYSTEM32\ntdll.dll
0x00007ff876200000 - 0x00007ff8762c2000 	C:\WINDOWS\System32\KERNEL32.DLL
0x00007ff874410000 - 0x00007ff874706000 	C:\WINDOWS\System32\KERNELBASE.dll
0x00007ff8747f0000 - 0x00007ff8748f0000 	C:\WINDOWS\System32\ucrtbase.dll
0x00007ff8637a0000 - 0x00007ff8637bb000 	D:\program files\Android\AS\jbr\bin\VCRUNTIME140.dll
0x00007ff863780000 - 0x00007ff863797000 	D:\program files\Android\AS\jbr\bin\jli.dll
0x00007ff874b30000 - 0x00007ff874ccd000 	C:\WINDOWS\System32\USER32.dll
0x00007ff85bee0000 - 0x00007ff85c17a000 	C:\WINDOWS\WinSxS\amd64_microsoft.windows.common-controls_6595b64144ccf1df_6.0.19041.4355_none_60b8b9eb71f62e16\COMCTL32.dll
0x00007ff874330000 - 0x00007ff874352000 	C:\WINDOWS\System32\win32u.dll
0x00007ff875450000 - 0x00007ff8754ee000 	C:\WINDOWS\System32\msvcrt.dll
0x00007ff875190000 - 0x00007ff8751bb000 	C:\WINDOWS\System32\GDI32.dll
0x00007ff8748f0000 - 0x00007ff874a0a000 	C:\WINDOWS\System32\gdi32full.dll
0x00007ff874a10000 - 0x00007ff874aad000 	C:\WINDOWS\System32\msvcp_win.dll
0x00007ff875380000 - 0x00007ff8753af000 	C:\WINDOWS\System32\IMM32.DLL
0x00007ff86e860000 - 0x00007ff86e86c000 	D:\program files\Android\AS\jbr\bin\vcruntime140_1.dll
0x00007ff851b90000 - 0x00007ff851c1d000 	D:\program files\Android\AS\jbr\bin\msvcp140.dll
0x00007ff83d6a0000 - 0x00007ff83e25c000 	D:\program files\Android\AS\jbr\bin\server\jvm.dll
0x00007ff874f40000 - 0x00007ff874fef000 	C:\WINDOWS\System32\ADVAPI32.dll
0x00007ff8753b0000 - 0x00007ff87544f000 	C:\WINDOWS\System32\sechost.dll
0x00007ff874cd0000 - 0x00007ff874df3000 	C:\WINDOWS\System32\RPCRT4.dll
0x00007ff8741a0000 - 0x00007ff8741c7000 	C:\WINDOWS\System32\bcrypt.dll
0x00007ff876130000 - 0x00007ff876138000 	C:\WINDOWS\System32\PSAPI.DLL
0x00007ff86e750000 - 0x00007ff86e759000 	C:\WINDOWS\SYSTEM32\WSOCK32.dll
0x00007ff875580000 - 0x00007ff8755eb000 	C:\WINDOWS\System32\WS2_32.dll
0x00007ff8696e0000 - 0x00007ff869707000 	C:\WINDOWS\SYSTEM32\WINMM.dll
0x00007ff869710000 - 0x00007ff86971a000 	C:\WINDOWS\SYSTEM32\VERSION.dll
0x00007ff872000000 - 0x00007ff872012000 	C:\WINDOWS\SYSTEM32\kernel.appcore.dll
0x00007ff86e7c0000 - 0x00007ff86e7d0000 	D:\program files\Android\AS\jbr\bin\verify.dll
0x00007ff86ab50000 - 0x00007ff86ad34000 	C:\WINDOWS\SYSTEM32\DBGHELP.DLL
0x00007ff868f60000 - 0x00007ff868f94000 	C:\WINDOWS\SYSTEM32\dbgcore.DLL
0x00007ff874760000 - 0x00007ff8747e2000 	C:\WINDOWS\System32\bcryptPrimitives.dll
0x00007ff85f160000 - 0x00007ff85f188000 	D:\program files\Android\AS\jbr\bin\java.dll
0x00007ff86e760000 - 0x00007ff86e76a000 	D:\program files\Android\AS\jbr\bin\jimage.dll
0x00007ff862810000 - 0x00007ff862828000 	D:\program files\Android\AS\jbr\bin\zip.dll
0x00007ff8755f0000 - 0x00007ff875d5f000 	C:\WINDOWS\System32\SHELL32.dll
0x00007ff872220000 - 0x00007ff8729c3000 	C:\WINDOWS\SYSTEM32\windows.storage.dll
0x00007ff8762d0000 - 0x00007ff876625000 	C:\WINDOWS\System32\combase.dll
0x00007ff873b50000 - 0x00007ff873b7b000 	C:\WINDOWS\SYSTEM32\Wldp.dll
0x00007ff8752b0000 - 0x00007ff87537d000 	C:\WINDOWS\System32\OLEAUT32.dll
0x00007ff876020000 - 0x00007ff8760cd000 	C:\WINDOWS\System32\SHCORE.dll
0x00007ff875fc0000 - 0x00007ff876015000 	C:\WINDOWS\System32\shlwapi.dll
0x00007ff8740d0000 - 0x00007ff8740f5000 	C:\WINDOWS\SYSTEM32\profapi.dll
0x00007ff85b7e0000 - 0x00007ff85b7f9000 	D:\program files\Android\AS\jbr\bin\net.dll
0x00007ff8709d0000 - 0x00007ff870ada000 	C:\WINDOWS\SYSTEM32\WINHTTP.dll
0x00007ff8738c0000 - 0x00007ff87392c000 	C:\WINDOWS\system32\mswsock.dll
0x00007ff8577c0000 - 0x00007ff8577d3000 	D:\program files\Android\AS\jbr\bin\nio.dll
0x00007ff863930000 - 0x00007ff863957000 	C:\Users\HP\.gradle\native\e1d6ef7f7dcc3fd88c89a11ec53ec762bb8ba0a96d01ffa2cd45eb1d1d8dd5c5\windows-amd64\native-platform.dll
0x00007ff850b90000 - 0x00007ff850cd4000 	C:\Users\HP\.gradle\native\0d407fdbe67a94daf76414ababcb853783967236a71b16ec16e742cd7a986fd3\windows-amd64\native-platform-file-events.dll
0x00007ff86e480000 - 0x00007ff86e48a000 	D:\program files\Android\AS\jbr\bin\management.dll
0x00007ff86d0d0000 - 0x00007ff86d0db000 	D:\program files\Android\AS\jbr\bin\management_ext.dll
0x00007ff873ab0000 - 0x00007ff873ac8000 	C:\WINDOWS\SYSTEM32\CRYPTSP.dll
0x00007ff873180000 - 0x00007ff8731b8000 	C:\WINDOWS\system32\rsaenh.dll
0x00007ff874090000 - 0x00007ff8740be000 	C:\WINDOWS\SYSTEM32\USERENV.dll
0x00007ff873b80000 - 0x00007ff873b8c000 	C:\WINDOWS\SYSTEM32\CRYPTBASE.dll
0x00007ff873540000 - 0x00007ff87357b000 	C:\WINDOWS\SYSTEM32\IPHLPAPI.DLL
0x00007ff8752a0000 - 0x00007ff8752a8000 	C:\WINDOWS\System32\NSI.dll
0x00007ff8675b0000 - 0x00007ff8675c7000 	C:\WINDOWS\SYSTEM32\dhcpcsvc6.DLL
0x00007ff86a2f0000 - 0x00007ff86a30d000 	C:\WINDOWS\SYSTEM32\dhcpcsvc.DLL
0x00007ff8735e0000 - 0x00007ff8736aa000 	C:\WINDOWS\SYSTEM32\DNSAPI.dll

dbghelp: loaded successfully - version: 4.0.5 - missing functions: none
symbol engine: initialized successfully - sym options: 0x614 - pdb path: .;D:\program files\Android\AS\jbr\bin;C:\WINDOWS\SYSTEM32;C:\WINDOWS\WinSxS\amd64_microsoft.windows.common-controls_6595b64144ccf1df_6.0.19041.4355_none_60b8b9eb71f62e16;D:\program files\Android\AS\jbr\bin\server;C:\Users\HP\.gradle\native\e1d6ef7f7dcc3fd88c89a11ec53ec762bb8ba0a96d01ffa2cd45eb1d1d8dd5c5\windows-amd64;C:\Users\HP\.gradle\native\0d407fdbe67a94daf76414ababcb853783967236a71b16ec16e742cd7a986fd3\windows-amd64

VM Arguments:
jvm_args: --add-opens=java.base/java.util=ALL-UNNAMED --add-opens=java.base/java.lang=ALL-UNNAMED --add-opens=java.base/java.lang.invoke=ALL-UNNAMED --add-opens=java.base/java.util=ALL-UNNAMED --add-opens=java.prefs/java.util.prefs=ALL-UNNAMED --add-opens=java.prefs/java.util.prefs=ALL-UNNAMED --add-opens=java.base/java.nio.charset=ALL-UNNAMED --add-opens=java.base/java.net=ALL-UNNAMED --add-opens=java.base/java.util.concurrent.atomic=ALL-UNNAMED -Xmx2048m -Dfile.encoding=UTF-8 -Duser.country=RU -Duser.language=ru -Duser.variant 
java_command: org.gradle.launcher.daemon.bootstrap.GradleDaemon 7.5
java_class_path (initial): C:\Users\HP\.gradle\wrapper\dists\gradle-7.5-bin\f1w0cc9nuo0eivz97x2xlu9sv\gradle-7.5\lib\gradle-launcher-7.5.jar
Launcher Type: SUN_STANDARD

[Global flags]
     intx CICompilerCount                          = 3                                         {product} {ergonomic}
     uint ConcGCThreads                            = 1                                         {product} {ergonomic}
     uint G1ConcRefinementThreads                  = 4                                         {product} {ergonomic}
   size_t G1HeapRegionSize                         = 1048576                                   {product} {ergonomic}
    uintx GCDrainStackTargetSize                   = 64                                        {product} {ergonomic}
   size_t InitialHeapSize                          = 123731968                                 {product} {ergonomic}
   size_t MarkStackSize                            = 4194304                                   {product} {ergonomic}
   size_t MaxHeapSize                              = 2147483648                                {product} {command line}
   size_t MaxNewSize                               = 1287651328                                {product} {ergonomic}
   size_t MinHeapDeltaBytes                        = 1048576                                   {product} {ergonomic}
    uintx NonNMethodCodeHeapSize                   = 5830732                                {pd product} {ergonomic}
    uintx NonProfiledCodeHeapSize                  = 122913754                              {pd product} {ergonomic}
    uintx ProfiledCodeHeapSize                     = 122913754                              {pd product} {ergonomic}
    uintx ReservedCodeCacheSize                    = 251658240                              {pd product} {ergonomic}
     bool SegmentedCodeCache                       = true                                      {product} {ergonomic}
     bool UseCompressedClassPointers               = true                                 {lp64_product} {ergonomic}
     bool UseCompressedOops                        = true                                 {lp64_product} {ergonomic}
     bool UseG1GC                                  = true                                      {product} {ergonomic}
     bool UseLargePagesIndividualAllocation        = false                                  {pd product} {ergonomic}

Logging:
Log output configuration:
 #0: stdout all=warning uptime,level,tags
 #1: stderr all=off uptime,level,tags

Environment Variables:
JAVA_HOME=C:\Program Files\Java\jdk1.8.0_241
PATH=C:\Program Files (x86)\Common Files\Oracle\Java\javapath;C:\WINDOWS\system32;C:\WINDOWS;C:\WINDOWS\System32\Wbem;C:\WINDOWS\System32\WindowsPowerShell\v1.0\;C:\WINDOWS\System32\OpenSSH\;C:\Program Files\Java\jdk1.8.0_241\bin;C:\Program Files\Git\cmd;C:\Users\HP\AppData\Local\Microsoft\WindowsApps;C:\Program Files\Java\jdk1.8.0_241\bin;
USERNAME=HP
OS=Windows_NT
PROCESSOR_IDENTIFIER=AMD64 Family 23 Model 96 Stepping 1, AuthenticAMD



---------------  S Y S T E M  ---------------

OS: Windows 10 , 64 bit Build 19041 (10.0.19041.5678)
OS uptime: 14 days 4:44 hours

CPU:total 4 (initial active 4) (4 cores per cpu, 1 threads per core) family 23 model 96 stepping 1 microcode 0x0, cmov, cx8, fxsr, mmx, sse, sse2, sse3, ssse3, sse4.1, sse4.2, popcnt, avx, avx2, aes, clmul, mmxext, 3dnowpref, lzcnt, sse4a, tsc, tscinvbit, tscinv, bmi1, bmi2, adx, sha, fma

Memory: 4k page, system-wide physical 7541M (628M free)
TotalPageFile size 17735M (AvailPageFile size 7M)
current process WorkingSet (physical memory assigned to process): 272M, peak: 274M
current process commit charge ("private bytes"): 330M, peak: 332M

vm_info: OpenJDK 64-Bit Server VM (11.0.15+0-b2043.56-9505619) for windows-amd64 JRE (11.0.15+0-b2043.56-9505619), built on Jan 19 2023 02:48:00 by "builduser" with unknown MS VC++:1929

END.
